Student 1 arrived at 08:00 AM and started service at 08:00 AM in counter 1

Counters were idle for 3 min, total idle time = 3 min

Student 2 arrived at 08:03 AM and started service at 08:03 AM in counter 2
Student 2 departed at 08:04 AM
Student 1 departed at 08:05 AM

Counters were idle for 1 min, total idle time = 4 min

Student 3 arrived at 08:06 AM and started service at 08:06 AM in counter 1
Student 3 departed at 08:08 AM

Counters were idle for 25 min, total idle time = 29 min

Student 4 arrived at 08:33 AM and started service at 08:33 AM in counter 1
Student 5 arrived at 08:34 AM and started service at 08:34 AM in counter 2
Student 5 departed at 08:36 AM

Counters were idle for 1 min, total idle time = 30 min

Student 4 departed at 08:37 AM
Student 6 arrived at 08:37 AM and started service at 08:37 AM in counter 1

Counters were idle for 1 min, total idle time = 31 min

Student 7 arrived at 08:38 AM and started service at 08:38 AM in counter 2
Student 6 departed at 08:40 AM
Student 7 departed at 08:42 AM

Counters were idle for 4 min, total idle time = 35 min

Student 8 arrived at 08:46 AM and started service at 08:46 AM in counter 1
Student 9 arrived at 08:48 AM and started service at 08:48 AM in counter 2
Student 8 departed at 08:48 AM
Student 9 departed at 08:52 AM

Counters were idle for 4 min, total idle time = 39 min

Student 10 arrived at 08:56 AM and started service at 08:56 AM in counter 1
Student 10 departed at 08:58 AM

Counters were idle for 1 min, total idle time = 40 min

Student 11 arrived at 08:59 AM and started service at 08:59 AM in counter 1
Student 11 departed at 09:04 AM

Counters were idle for 2 min, total idle time = 42 min

Student 12 arrived at 09:06 AM and started service at 09:06 AM in counter 1
Student 12 departed at 09:07 AM

Counters were idle for 4 min, total idle time = 46 min

Student 13 arrived at 09:11 AM and started service at 09:11 AM in counter 1
Student 13 departed at 09:15 AM

Counters were idle for 2 min, total idle time = 48 min

Student 14 arrived at 09:17 AM and started service at 09:17 AM in counter 1
Student 14 departed at 09:22 AM

Counters were idle for 6 min, total idle time = 54 min

Student 15 arrived at 09:28 AM and started service at 09:28 AM in counter 1
Student 15 departed at 09:31 AM

Counters were idle for 2 min, total idle time = 56 min

Student 16 arrived at 09:33 AM and started service at 09:33 AM in counter 1
Student 17 arrived at 09:35 AM and started service at 09:35 AM in counter 2
Student 16 departed at 09:35 AM

Counters were idle for 1 min, total idle time = 57 min

Student 18 arrived at 09:36 AM and started service at 09:36 AM in counter 2
Student 17 departed at 09:40 AM
Student 19 arrived at 09:39 AM and started service at 09:40 AM in counter 2
Student 18 departed at 09:41 AM

Counters were idle for 2 min, total idle time = 59 min

Student 20 arrived at 09:43 AM and started service at 09:43 AM in counter 2
Student 19 departed at 09:43 AM
Student 20 departed at 09:48 AM

Counters were idle for 18 min, total idle time = 77 min

Student 21 arrived at 10:06 AM and started service at 10:06 AM in counter 1
Student 22 arrived at 10:07 AM and started service at 10:07 AM in counter 2
Student 21 departed at 10:08 AM

Counters were idle for 4 min, total idle time = 81 min

Student 23 arrived at 10:12 AM and started service at 10:12 AM in counter 2
Student 22 departed at 10:12 AM

Counters were idle for 2 min, total idle time = 83 min

Student 24 arrived at 10:14 AM and started service at 10:14 AM in counter 2
Student 23 departed at 10:14 AM

Counters were idle for 1 min, total idle time = 84 min

Student 25 arrived at 10:15 AM and started service at 10:15 AM in counter 2
Student 25 departed at 10:17 AM
Student 26 arrived at 10:16 AM and started service at 10:17 AM in counter 2
Student 24 departed at 10:18 AM
Student 26 departed at 10:20 AM

Counters were idle for 3 min, total idle time = 87 min

Student 27 arrived at 10:23 AM and started service at 10:23 AM in counter 1
Student 28 arrived at 10:25 AM and started service at 10:25 AM in counter 2
Student 28 departed at 10:27 AM

Counters were idle for 1 min, total idle time = 88 min

Student 27 departed at 10:28 AM
Student 29 arrived at 10:28 AM and started service at 10:28 AM in counter 1
Student 29 departed at 10:29 AM

Counters were idle for 8 min, total idle time = 96 min

Student 30 arrived at 10:37 AM and started service at 10:37 AM in counter 1
Student 30 departed at 10:40 AM

Counters were idle for 3 min, total idle time = 99 min

Student 31 arrived at 10:43 AM and started service at 10:43 AM in counter 1
Student 31 departed at 10:44 AM

Counters were idle for 7 min, total idle time = 106 min

Student 32 arrived at 10:51 AM and started service at 10:51 AM in counter 1
Student 33 arrived at 10:54 AM and started service at 10:54 AM in counter 2
Student 32 departed at 10:55 AM

Counters were idle for 4 min, total idle time = 110 min

Student 34 arrived at 10:59 AM and started service at 10:59 AM in counter 2
Student 33 departed at 10:59 AM

Counters were idle for 4 min, total idle time = 114 min

Student 35 arrived at 11:03 AM and started service at 11:03 AM in counter 2
Student 34 departed at 11:04 AM

Counters were idle for 2 min, total idle time = 116 min

Student 36 arrived at 11:06 AM and started service at 11:06 AM in counter 2
Student 35 departed at 11:08 AM
Student 36 departed at 11:10 AM

Counters were idle for 3 min, total idle time = 119 min

Student 37 arrived at 11:13 AM and started service at 11:13 AM in counter 1
Student 37 departed at 11:14 AM

Counters were idle for 7 min, total idle time = 126 min

Student 38 arrived at 11:21 AM and started service at 11:21 AM in counter 1
Student 38 departed at 11:24 AM

Counters were idle for 5 min, total idle time = 131 min

Student 39 arrived at 11:29 AM and started service at 11:29 AM in counter 1
Student 40 arrived at 11:30 AM and started service at 11:30 AM in counter 2
Student 40 departed at 11:33 AM
Student 39 departed at 11:34 AM

Counters were idle for 3 min, total idle time = 134 min

Student 41 arrived at 11:37 AM and started service at 11:37 AM in counter 1
Student 41 departed at 11:38 AM

Counters were idle for 4 min, total idle time = 138 min

Student 42 arrived at 11:42 AM and started service at 11:42 AM in counter 1
Student 43 arrived at 11:43 AM and started service at 11:43 AM in counter 2
Student 42 departed at 11:43 AM

Counters were idle for 2 min, total idle time = 140 min

Student 44 arrived at 11:45 AM and started service at 11:45 AM in counter 2
Student 43 departed at 11:47 AM
Student 44 departed at 11:48 AM

Counters were idle for 12 min, total idle time = 152 min

Student 45 arrived at 12:00 PM and started service at 12:00 PM in counter 1
Student 45 departed at 12:02 PM

Counters were idle for 6 min, total idle time = 158 min

Student 46 arrived at 12:08 PM and started service at 12:08 PM in counter 1
Student 47 arrived at 12:10 PM and started service at 12:10 PM in counter 2
Student 46 departed at 12:10 PM
Student 47 departed at 12:11 PM

Counters were idle for 1 min, total idle time = 159 min

Student 48 arrived at 12:12 PM and started service at 12:12 PM in counter 1
Student 48 departed at 12:16 PM

Counters were idle for 1 min, total idle time = 160 min

Student 49 arrived at 12:17 PM and started service at 12:17 PM in counter 1
Student 50 arrived at 12:19 PM and started service at 12:19 PM in counter 2
Student 49 departed at 12:21 PM
Student 51 arrived at 12:20 PM and started service at 12:21 PM in counter 2
Student 50 departed at 12:22 PM
Student 52 arrived at 12:21 PM and started service at 12:22 PM in counter 2
Student 51 departed at 12:26 PM
Student 52 departed at 12:26 PM

Counters were idle for 1 min, total idle time = 161 min

Student 53 arrived at 12:27 PM and started service at 12:27 PM in counter 1
Student 54 arrived at 12:31 PM and started service at 12:31 PM in counter 2
Student 53 departed at 12:32 PM
Student 54 departed at 12:32 PM

Counters were idle for 1 min, total idle time = 162 min

Student 55 arrived at 12:33 PM and started service at 12:33 PM in counter 1
Student 55 departed at 12:35 PM

Counters were idle for 3 min, total idle time = 165 min

Student 56 arrived at 12:38 PM and started service at 12:38 PM in counter 1
Student 57 arrived at 12:42 PM and started service at 12:42 PM in counter 2
Student 56 departed at 12:42 PM

Counters were idle for 2 min, total idle time = 167 min

Student 58 arrived at 12:44 PM and started service at 12:44 PM in counter 2
Student 57 departed at 12:45 PM

Counters were idle for 2 min, total idle time = 169 min

Student 59 arrived at 12:47 PM and started service at 12:47 PM in counter 2
Student 58 departed at 12:49 PM
Student 60 arrived at 12:48 PM and started service at 12:49 PM in counter 2

Counters were idle for 1 min, total idle time = 170 min

Student 59 departed at 12:52 PM
Student 61 arrived at 12:50 PM and started service at 12:52 PM in counter 2

Counters were idle for 2 min, total idle time = 172 min

Student 60 departed at 12:54 PM
Student 62 arrived at 12:54 PM and started service at 12:54 PM in counter 2
Student 62 departed at 12:55 PM
Student 61 departed at 12:56 PM

Counters were idle for 1 min, total idle time = 173 min

Student 63 arrived at 12:57 PM and started service at 12:57 PM in counter 1
Student 64 arrived at 12:58 PM and started service at 12:58 PM in counter 2
Student 63 departed at 01:02 PM
Student 65 arrived at 12:59 PM and started service at 01:02 PM in counter 2
Student 64 departed at 01:03 PM

Counters were idle for 1 min, total idle time = 174 min

Student 66 arrived at 01:04 PM and started service at 01:04 PM in counter 2
Student 66 departed at 01:05 PM

Counters were idle for 1 min, total idle time = 175 min

Student 67 arrived at 01:06 PM and started service at 01:06 PM in counter 2
Student 65 departed at 01:07 PM
Student 68 arrived at 01:07 PM and started service at 01:07 PM in counter 2

Counters were idle for 2 min, total idle time = 177 min

Student 67 departed at 01:10 PM
Student 68 departed at 01:10 PM
Student 69 arrived at 01:09 PM and started service at 01:10 PM in counter 1

Counters were idle for 2 min, total idle time = 179 min

Student 70 arrived at 01:12 PM and started service at 01:12 PM in counter 2
Student 69 departed at 01:14 PM
Student 71 arrived at 01:13 PM and started service at 01:14 PM in counter 2

Counters were idle for 1 min, total idle time = 180 min

Student 70 departed at 01:16 PM
Student 72 arrived at 01:15 PM and started service at 01:16 PM in counter 2

Counters were idle for 1 min, total idle time = 181 min

Student 71 departed at 01:18 PM
Student 73 arrived at 01:16 PM and started service at 01:18 PM in counter 2

Counters were idle for 1 min, total idle time = 182 min

Student 72 departed at 01:20 PM
Student 74 arrived at 01:17 PM and started service at 01:20 PM in counter 2

Counters were idle for 1 min, total idle time = 183 min

Student 74 departed at 01:22 PM
Student 75 arrived at 01:18 PM and started service at 01:22 PM in counter 2
Student 73 departed at 01:23 PM
Student 76 arrived at 01:19 PM and started service at 01:23 PM in counter 2

Counters were idle for 3 min, total idle time = 186 min

Student 75 departed at 01:27 PM
Student 76 departed at 01:27 PM
Student 77 arrived at 01:21 PM and started service at 01:27 PM in counter 2
Student 78 arrived at 01:26 PM and started service at 01:27 PM in counter 2

Counters were idle for 1 min, total idle time = 187 min

Student 78 departed at 01:29 PM
Student 79 arrived at 01:27 PM and started service at 01:29 PM in counter 2

Counters were idle for 2 min, total idle time = 189 min

Student 77 departed at 01:32 PM
Student 79 departed at 01:32 PM
Student 80 arrived at 01:28 PM and started service at 01:32 PM in counter 2
Student 81 arrived at 01:29 PM and started service at 01:32 PM in counter 2

Counters were idle for 1 min, total idle time = 190 min

Student 81 departed at 01:34 PM
Student 82 arrived at 01:31 PM and started service at 01:34 PM in counter 2

Counters were idle for 1 min, total idle time = 191 min

Student 80 departed at 01:36 PM
Student 83 arrived at 01:32 PM and started service at 01:36 PM in counter 2

Counters were idle for 2 min, total idle time = 193 min

Student 82 departed at 01:38 PM
Student 84 arrived at 01:33 PM and started service at 01:38 PM in counter 2

Counters were idle for 1 min, total idle time = 194 min

Student 83 departed at 01:40 PM
Student 85 arrived at 01:34 PM and started service at 01:40 PM in counter 2
Student 85 departed at 01:41 PM
Student 86 arrived at 01:35 PM and started service at 01:41 PM in counter 2

Counters were idle for 1 min, total idle time = 195 min

Student 86 departed at 01:42 PM
Student 87 arrived at 01:36 PM and started service at 01:42 PM in counter 2
Student 84 departed at 01:43 PM
Student 88 arrived at 01:38 PM and started service at 01:43 PM in counter 2

Counters were idle for 1 min, total idle time = 196 min

Student 87 departed at 01:46 PM
Student 89 arrived at 01:39 PM and started service at 01:46 PM in counter 2
Student 88 departed at 01:47 PM
Student 90 arrived at 01:40 PM and started service at 01:47 PM in counter 2

Counters were idle for 2 min, total idle time = 198 min

Student 89 departed at 01:49 PM
Student 90 departed at 01:49 PM
Student 91 arrived at 01:42 PM and started service at 01:49 PM in counter 2
Student 92 arrived at 01:44 PM and started service at 01:49 PM in counter 2

Counters were idle for 4 min, total idle time = 202 min

Student 91 departed at 01:53 PM
Student 92 departed at 01:53 PM
Student 93 arrived at 01:46 PM and started service at 01:53 PM in counter 2
Student 94 arrived at 01:49 PM and started service at 01:53 PM in counter 2

Counters were idle for 1 min, total idle time = 203 min

Student 93 departed at 01:54 PM
Student 95 arrived at 01:53 PM and started service at 01:54 PM in counter 2

Counters were idle for 1 min, total idle time = 204 min

Student 94 departed at 01:57 PM
Student 96 arrived at 01:54 PM and started service at 01:57 PM in counter 2

Counters were idle for 1 min, total idle time = 205 min

Student 95 departed at 01:58 PM
Student 97 arrived at 01:55 PM and started service at 01:58 PM in counter 2

Counters were idle for 1 min, total idle time = 206 min

Student 96 departed at 02:00 PM
Student 97 departed at 02:00 PM
Student 98 arrived at 01:56 PM and started service at 02:00 PM in counter 2
Student 99 arrived at 01:58 PM and started service at 02:00 PM in counter 2
Student 98 departed at 02:02 PM
Student 100 arrived at 01:59 PM and started service at 02:02 PM in counter 2

Counters were idle for 1 min, total idle time = 207 min

Student 99 departed at 02:03 PM
Student 100 departed at 02:03 PM
Student 101 arrived at 02:03 PM and started service at 02:03 PM in counter 1
Student 101 departed at 02:05 PM

Counters were idle for 4 min, total idle time = 211 min

Student 102 arrived at 02:09 PM and started service at 02:09 PM in counter 1
Student 102 departed at 02:10 PM

Counters were idle for 2 min, total idle time = 213 min

Student 103 arrived at 02:12 PM and started service at 02:12 PM in counter 1
Student 103 departed at 02:13 PM

Counters were idle for 3 min, total idle time = 216 min

Student 104 arrived at 02:16 PM and started service at 02:16 PM in counter 1
Student 104 departed at 02:17 PM

Counters were idle for 11 min, total idle time = 227 min

Student 105 arrived at 02:28 PM and started service at 02:28 PM in counter 1
Student 105 departed at 02:29 PM

Counters were idle for 1 min, total idle time = 228 min

Student 106 arrived at 02:30 PM and started service at 02:30 PM in counter 1
Student 107 arrived at 02:31 PM and started service at 02:31 PM in counter 2
Student 106 departed at 02:33 PM
Student 108 arrived at 02:33 PM and started service at 02:33 PM in counter 2

Counters were idle for 2 min, total idle time = 230 min

Student 107 departed at 02:35 PM
Student 109 arrived at 02:35 PM and started service at 02:35 PM in counter 2
Student 108 departed at 02:38 PM

Counters were idle for 1 min, total idle time = 231 min

Student 110 arrived at 02:39 PM and started service at 02:39 PM in counter 2
Student 109 departed at 02:40 PM

Counters were idle for 4 min, total idle time = 235 min

Student 111 arrived at 02:44 PM and started service at 02:44 PM in counter 2
Student 110 departed at 02:44 PM

Counters were idle for 2 min, total idle time = 237 min

Student 112 arrived at 02:46 PM and started service at 02:46 PM in counter 2
Student 111 departed at 02:49 PM
Student 112 departed at 02:49 PM
Student 113 arrived at 02:48 PM and started service at 02:49 PM in counter 1

Counters were idle for 2 min, total idle time = 239 min

Student 114 arrived at 02:51 PM and started service at 02:51 PM in counter 2
Student 113 departed at 02:51 PM

Counters were idle for 2 min, total idle time = 241 min

Student 115 arrived at 02:53 PM and started service at 02:53 PM in counter 2
Student 114 departed at 02:54 PM

Counters were idle for 2 min, total idle time = 243 min

Student 116 arrived at 02:56 PM and started service at 02:56 PM in counter 2
Student 115 departed at 02:57 PM

Counters were idle for 4 min, total idle time = 247 min

Student 117 arrived at 03:01 PM and started service at 03:01 PM in counter 2
Student 116 departed at 03:01 PM

Counters were idle for 2 min, total idle time = 249 min

Student 118 arrived at 03:03 PM and started service at 03:03 PM in counter 2
Student 117 departed at 03:06 PM

Counters were idle for 2 min, total idle time = 251 min

Student 119 arrived at 03:08 PM and started service at 03:08 PM in counter 2
Student 118 departed at 03:08 PM

Counters were idle for 1 min, total idle time = 252 min

Student 120 arrived at 03:09 PM and started service at 03:09 PM in counter 2
Student 120 departed at 03:10 PM
Student 119 departed at 03:12 PM

Counters were idle for 2 min, total idle time = 254 min

Student 121 arrived at 03:14 PM and started service at 03:14 PM in counter 1
Student 122 arrived at 03:15 PM and started service at 03:15 PM in counter 2
Student 121 departed at 03:15 PM

Counters were idle for 2 min, total idle time = 256 min

Student 123 arrived at 03:17 PM and started service at 03:17 PM in counter 2
Student 122 departed at 03:17 PM

Counters were idle for 1 min, total idle time = 257 min

Student 124 arrived at 03:18 PM and started service at 03:18 PM in counter 2
Student 123 departed at 03:22 PM
Student 124 departed at 03:22 PM
Student 125 arrived at 03:19 PM and started service at 03:22 PM in counter 1

Counters were idle for 4 min, total idle time = 261 min

Student 126 arrived at 03:26 PM and started service at 03:26 PM in counter 2
Student 125 departed at 03:27 PM

Counters were idle for 1 min, total idle time = 262 min

Student 127 arrived at 03:28 PM and started service at 03:28 PM in counter 2
Student 126 departed at 03:30 PM
Student 128 arrived at 03:29 PM and started service at 03:30 PM in counter 2
Student 128 departed at 03:31 PM

Counters were idle for 2 min, total idle time = 264 min

Student 127 departed at 03:33 PM
Student 129 arrived at 03:33 PM and started service at 03:33 PM in counter 1

Counters were idle for 3 min, total idle time = 267 min

Student 130 arrived at 03:36 PM and started service at 03:36 PM in counter 2
Student 129 departed at 03:38 PM
Student 130 departed at 03:39 PM

Counters were idle for 3 min, total idle time = 270 min

Student 131 arrived at 03:42 PM and started service at 03:42 PM in counter 1
Student 132 arrived at 03:44 PM and started service at 03:44 PM in counter 2
Student 131 departed at 03:45 PM
Student 132 departed at 03:48 PM

Counters were idle for 1 min, total idle time = 271 min

Student 133 arrived at 03:49 PM and started service at 03:49 PM in counter 1
Student 134 arrived at 03:52 PM and started service at 03:52 PM in counter 2
Student 133 departed at 03:52 PM

Counters were idle for 1 min, total idle time = 272 min

Student 135 arrived at 03:53 PM and started service at 03:53 PM in counter 2
Student 134 departed at 03:53 PM

Counters were idle for 1 min, total idle time = 273 min

Student 136 arrived at 03:54 PM and started service at 03:54 PM in counter 2
Student 135 departed at 03:54 PM
Student 136 departed at 03:55 PM

Counters were idle for 1 min, total idle time = 274 min

Student 137 arrived at 03:56 PM and started service at 03:56 PM in counter 1
Student 138 arrived at 03:57 PM and started service at 03:57 PM in counter 2
Student 137 departed at 03:59 PM
Student 139 arrived at 03:59 PM and started service at 03:59 PM in counter 2
Student 139 departed at 04:00 PM
Student 138 departed at 04:01 PM

Counters were idle for 4 min, total idle time = 278 min

Student 140 arrived at 04:05 PM and started service at 04:05 PM in counter 1
Student 140 departed at 04:08 PM

Counters were idle for 4 min, total idle time = 282 min

Student 141 arrived at 04:12 PM and started service at 04:12 PM in counter 1
Student 141 departed at 04:16 PM

Counters were idle for 4 min, total idle time = 286 min

Student 142 arrived at 04:20 PM and started service at 04:20 PM in counter 1
Student 142 departed at 04:22 PM

Counters were idle for 2 min, total idle time = 288 min

Student 143 arrived at 04:24 PM and started service at 04:24 PM in counter 1
Student 143 departed at 04:27 PM

Counters were idle for 1 min, total idle time = 289 min

Student 144 arrived at 04:28 PM and started service at 04:28 PM in counter 1
Student 144 departed at 04:29 PM

Counters were idle for 17 min, total idle time = 306 min

Student 145 arrived at 04:46 PM and started service at 04:46 PM in counter 1
Student 145 departed at 04:50 PM

Counters were idle for 27 min, total idle time = 333 min

Student 146 arrived at 05:17 PM and started service at 05:17 PM in counter 1
Student 147 arrived at 05:18 PM and started service at 05:18 PM in counter 2
Student 146 departed at 05:21 PM

Counters were idle for 1 min, total idle time = 334 min

Student 148 arrived at 05:22 PM and started service at 05:22 PM in counter 2
Student 147 departed at 05:22 PM
Student 148 departed at 05:25 PM

Counters were idle for 1 min, total idle time = 335 min

Student 149 arrived at 05:26 PM and started service at 05:26 PM in counter 1
Student 150 arrived at 05:28 PM and started service at 05:28 PM in counter 2
Student 150 departed at 05:30 PM
Student 151 arrived at 05:30 PM and started service at 05:30 PM in counter 2
Student 149 departed at 05:31 PM
Student 151 departed at 05:31 PM

Counters were idle for 2 min, total idle time = 337 min

Student 152 arrived at 05:33 PM and started service at 05:33 PM in counter 1
Student 153 arrived at 05:35 PM and started service at 05:35 PM in counter 2
Student 152 departed at 05:38 PM
Student 153 departed at 05:40 PM

Counters were idle for 14 min, total idle time = 351 min

Student 154 arrived at 05:54 PM and started service at 05:54 PM in counter 1
Student 155 arrived at 05:56 PM and started service at 05:56 PM in counter 2
Student 155 departed at 05:58 PM
Student 156 arrived at 05:57 PM and started service at 05:58 PM in counter 2

Counters were idle for 1 min, total idle time = 352 min

Student 154 departed at 05:59 PM
Student 157 arrived at 05:58 PM and started service at 05:59 PM in counter 2
Student 156 departed at 06:00 PM
Student 158 arrived at 05:59 PM and started service at 06:00 PM in counter 2

Counters were idle for 1 min, total idle time = 353 min

Student 157 departed at 06:04 PM
Student 158 departed at 06:04 PM
Student 159 arrived at 06:01 PM and started service at 06:04 PM in counter 1

Counters were idle for 3 min, total idle time = 356 min

Student 160 arrived at 06:07 PM and started service at 06:07 PM in counter 2
Student 159 departed at 06:09 PM
Student 160 departed at 06:11 PM

Counters were idle for 7 min, total idle time = 363 min

Student 161 arrived at 06:18 PM and started service at 06:18 PM in counter 1
Student 161 departed at 06:19 PM

Counters were idle for 10 min, total idle time = 373 min

Student 162 arrived at 06:29 PM and started service at 06:29 PM in counter 1
Student 162 departed at 06:30 PM

Counters were idle for 1 min, total idle time = 374 min

Student 163 arrived at 06:31 PM and started service at 06:31 PM in counter 1
Student 163 departed at 06:34 PM

Counters were idle for 10 min, total idle time = 384 min

Student 164 arrived at 06:44 PM and started service at 06:44 PM in counter 1
Student 165 arrived at 06:45 PM and started service at 06:45 PM in counter 2
Student 164 departed at 06:46 PM
Student 165 departed at 06:46 PM
Student 166 arrived at 06:46 PM and started service at 06:46 PM in counter 1
Student 166 departed at 06:50 PM

Counters were idle for 3 min, total idle time = 387 min

Student 167 arrived at 06:53 PM and started service at 06:53 PM in counter 1
Student 167 departed at 06:54 PM

Counters were idle for 1 min, total idle time = 388 min

Student 168 arrived at 06:55 PM and started service at 06:55 PM in counter 1
Student 168 departed at 06:59 PM

Counters were idle for 1 min, total idle time = 389 min

Student 169 arrived at 07:00 PM and started service at 07:00 PM in counter 1
Student 169 departed at 07:04 PM

Counters were idle for 4 min, total idle time = 393 min

Student 170 arrived at 07:08 PM and started service at 07:08 PM in counter 1
Student 171 arrived at 07:10 PM and started service at 07:10 PM in counter 2
Student 170 departed at 07:12 PM
Student 171 departed at 07:12 PM

Counters were idle for 1 min, total idle time = 394 min

Student 172 arrived at 07:13 PM and started service at 07:13 PM in counter 1
Student 172 departed at 07:15 PM

Counters were idle for 9 min, total idle time = 403 min

Student 173 arrived at 07:24 PM and started service at 07:24 PM in counter 1
Student 173 departed at 07:28 PM

Counters were idle for 5 min, total idle time = 408 min

Student 174 arrived at 07:33 PM and started service at 07:33 PM in counter 1
Student 174 departed at 07:36 PM

Counters were idle for 4 min, total idle time = 412 min

Student 175 arrived at 07:40 PM and started service at 07:40 PM in counter 1
Student 175 departed at 07:43 PM

Counters were idle for 1 min, total idle time = 413 min

Student 176 arrived at 07:44 PM and started service at 07:44 PM in counter 1
Student 177 arrived at 07:46 PM and started service at 07:46 PM in counter 2
Student 176 departed at 07:47 PM
Student 177 departed at 07:47 PM

Counters were idle for 2 min, total idle time = 415 min

Student 178 arrived at 07:49 PM and started service at 07:49 PM in counter 1
Student 178 departed at 07:54 PM

Counters were idle for 18 min, total idle time = 433 min

Student 179 arrived at 08:12 PM and started service at 08:12 PM in counter 1
Student 179 departed at 08:14 PM

Counters were idle for 1 min, total idle time = 434 min

Student 180 arrived at 08:15 PM and started service at 08:15 PM in counter 1
Student 180 departed at 08:18 PM

Counters were idle for 7 min, total idle time = 441 min

Student 181 arrived at 08:25 PM and started service at 08:25 PM in counter 1
Student 181 departed at 08:29 PM

Counters were idle for 22 min, total idle time = 463 min

Student 182 arrived at 08:51 PM and started service at 08:51 PM in counter 1
Student 182 departed at 08:52 PM

Counters were idle for 1 min, total idle time = 464 min

Student 183 arrived at 08:53 PM and started service at 08:53 PM in counter 1
Student 183 departed at 08:56 PM

Counters were idle for 10 min, total idle time = 474 min

Student 184 arrived at 09:06 PM and started service at 09:06 PM in counter 1
Student 184 departed at 09:08 PM

Counters were idle for 4 min, total idle time = 478 min

Student 185 arrived at 09:12 PM and started service at 09:12 PM in counter 1
Student 185 departed at 09:16 PM

Counters were idle for 14 min, total idle time = 492 min

Student 186 arrived at 09:30 PM and started service at 09:30 PM in counter 1
Student 186 departed at 09:33 PM

Counters were idle for 17 min, total idle time = 509 min

Student 187 arrived at 09:50 PM and started service at 09:50 PM in counter 1
Student 187 departed at 09:54 PM

Counters were idle for 3 min, total idle time = 512 min

Student 188 arrived at 09:57 PM and started service at 09:57 PM in counter 1
