Student 1 arrived at 08:00 AM and started service at 08:00 AM in counter 1
Student 1 departed at 08:05 AM

Counters were idle for 9 min, total idle time = 9 min

Student 2 arrived at 08:14 AM and started service at 08:14 AM in counter 1
Student 2 departed at 08:15 AM

Counters were idle for 2 min, total idle time = 11 min

Student 3 arrived at 08:17 AM and started service at 08:17 AM in counter 1
Student 3 departed at 08:18 AM

Counters were idle for 28 min, total idle time = 39 min

Student 4 arrived at 08:46 AM and started service at 08:46 AM in counter 1
Student 5 arrived at 08:49 AM and started service at 08:49 AM in counter 2
Student 4 departed at 08:49 AM
Student 5 departed at 08:52 AM

Counters were idle for 3 min, total idle time = 42 min

Student 6 arrived at 08:55 AM and started service at 08:55 AM in counter 1
Student 7 arrived at 08:57 AM and started service at 08:57 AM in counter 2
Student 6 departed at 09:00 AM
Student 7 departed at 09:00 AM
Student 8 arrived at 08:58 AM and started service at 09:00 AM in counter 1

Counters were idle for 2 min, total idle time = 44 min

Student 9 arrived at 09:02 AM and started service at 09:02 AM in counter 2
Student 8 departed at 09:05 AM
Student 10 arrived at 09:05 AM and started service at 09:05 AM in counter 2

Counters were idle for 2 min, total idle time = 46 min

Student 9 departed at 09:07 AM
Student 11 arrived at 09:07 AM and started service at 09:07 AM in counter 2

Counters were idle for 2 min, total idle time = 48 min

Student 10 departed at 09:09 AM
Student 11 departed at 09:09 AM
Student 12 arrived at 09:09 AM and started service at 09:09 AM in counter 1

Counters were idle for 4 min, total idle time = 52 min

Student 13 arrived at 09:13 AM and started service at 09:13 AM in counter 2
Student 12 departed at 09:14 AM

Counters were idle for 3 min, total idle time = 55 min

Student 14 arrived at 09:17 AM and started service at 09:17 AM in counter 2
Student 13 departed at 09:17 AM

Counters were idle for 1 min, total idle time = 56 min

Student 15 arrived at 09:18 AM and started service at 09:18 AM in counter 2
Student 14 departed at 09:20 AM
Student 15 departed at 09:21 AM

Counters were idle for 11 min, total idle time = 67 min

Student 16 arrived at 09:32 AM and started service at 09:32 AM in counter 1
Student 16 departed at 09:33 AM

Counters were idle for 17 min, total idle time = 84 min

Student 17 arrived at 09:50 AM and started service at 09:50 AM in counter 1
Student 17 departed at 09:53 AM

Counters were idle for 7 min, total idle time = 91 min

Student 18 arrived at 10:00 AM and started service at 10:00 AM in counter 1
Student 18 departed at 10:01 AM

Counters were idle for 2 min, total idle time = 93 min

Student 19 arrived at 10:03 AM and started service at 10:03 AM in counter 1
Student 20 arrived at 10:06 AM and started service at 10:06 AM in counter 2
Student 20 departed at 10:07 AM
Student 19 departed at 10:08 AM

Counters were idle for 3 min, total idle time = 96 min

Student 21 arrived at 10:11 AM and started service at 10:11 AM in counter 1
Student 21 departed at 10:13 AM

Counters were idle for 3 min, total idle time = 99 min

Student 22 arrived at 10:16 AM and started service at 10:16 AM in counter 1
Student 22 departed at 10:18 AM

Counters were idle for 11 min, total idle time = 110 min

Student 23 arrived at 10:29 AM and started service at 10:29 AM in counter 1
Student 24 arrived at 10:30 AM and started service at 10:30 AM in counter 2
Student 23 departed at 10:31 AM
Student 24 departed at 10:31 AM
Student 25 arrived at 10:31 AM and started service at 10:31 AM in counter 1
Student 25 departed at 10:32 AM

Counters were idle for 3 min, total idle time = 113 min

Student 26 arrived at 10:35 AM and started service at 10:35 AM in counter 1
Student 26 departed at 10:40 AM

Counters were idle for 5 min, total idle time = 118 min

Student 27 arrived at 10:45 AM and started service at 10:45 AM in counter 1
Student 28 arrived at 10:47 AM and started service at 10:47 AM in counter 2
Student 27 departed at 10:47 AM

Counters were idle for 2 min, total idle time = 120 min

Student 29 arrived at 10:49 AM and started service at 10:49 AM in counter 2
Student 29 departed at 10:50 AM
Student 28 departed at 10:52 AM

Counters were idle for 5 min, total idle time = 125 min

Student 30 arrived at 10:57 AM and started service at 10:57 AM in counter 1
Student 31 arrived at 10:59 AM and started service at 10:59 AM in counter 2
Student 31 departed at 11:00 AM

Counters were idle for 1 min, total idle time = 126 min

Student 32 arrived at 11:01 AM and started service at 11:01 AM in counter 2
Student 30 departed at 11:02 AM
Student 33 arrived at 11:02 AM and started service at 11:02 AM in counter 2

Counters were idle for 2 min, total idle time = 128 min

Student 32 departed at 11:06 AM
Student 34 arrived at 11:04 AM and started service at 11:06 AM in counter 2
Student 33 departed at 11:07 AM
Student 34 departed at 11:07 AM

Counters were idle for 9 min, total idle time = 137 min

Student 35 arrived at 11:16 AM and started service at 11:16 AM in counter 1
Student 36 arrived at 11:18 AM and started service at 11:18 AM in counter 2
Student 35 departed at 11:20 AM
Student 36 departed at 11:20 AM

Counters were idle for 10 min, total idle time = 147 min

Student 37 arrived at 11:30 AM and started service at 11:30 AM in counter 1
Student 38 arrived at 11:31 AM and started service at 11:31 AM in counter 2
Student 38 departed at 11:32 AM

Counters were idle for 1 min, total idle time = 148 min

Student 39 arrived at 11:33 AM and started service at 11:33 AM in counter 2
Student 37 departed at 11:35 AM
Student 39 departed at 11:37 AM

Counters were idle for 3 min, total idle time = 151 min

Student 40 arrived at 11:40 AM and started service at 11:40 AM in counter 1
Student 40 departed at 11:41 AM

Counters were idle for 1 min, total idle time = 152 min

Student 41 arrived at 11:42 AM and started service at 11:42 AM in counter 1
Student 42 arrived at 11:44 AM and started service at 11:44 AM in counter 2
Student 41 departed at 11:45 AM
Student 42 departed at 11:45 AM

Counters were idle for 3 min, total idle time = 155 min

Student 43 arrived at 11:48 AM and started service at 11:48 AM in counter 1
Student 43 departed at 11:49 AM

Counters were idle for 1 min, total idle time = 156 min

Student 44 arrived at 11:50 AM and started service at 11:50 AM in counter 1
Student 44 departed at 11:51 AM

Counters were idle for 5 min, total idle time = 161 min

Student 45 arrived at 11:56 AM and started service at 11:56 AM in counter 1
Student 46 arrived at 11:57 AM and started service at 11:57 AM in counter 2
Student 45 departed at 11:58 AM
Student 46 departed at 11:59 AM

Counters were idle for 2 min, total idle time = 163 min

Student 47 arrived at 12:01 PM and started service at 12:01 PM in counter 1
Student 48 arrived at 12:02 PM and started service at 12:02 PM in counter 2
Student 47 departed at 12:04 PM
Student 48 departed at 12:04 PM
Student 49 arrived at 12:04 PM and started service at 12:04 PM in counter 1

Counters were idle for 1 min, total idle time = 164 min

Student 50 arrived at 12:05 PM and started service at 12:05 PM in counter 2
Student 49 departed at 12:08 PM
Student 51 arrived at 12:06 PM and started service at 12:08 PM in counter 2
Student 50 departed at 12:09 PM

Counters were idle for 1 min, total idle time = 165 min

Student 52 arrived at 12:10 PM and started service at 12:10 PM in counter 2
Student 51 departed at 12:10 PM

Counters were idle for 2 min, total idle time = 167 min

Student 53 arrived at 12:12 PM and started service at 12:12 PM in counter 2
Student 52 departed at 12:13 PM
Student 54 arrived at 12:13 PM and started service at 12:13 PM in counter 2

Counters were idle for 1 min, total idle time = 168 min

Student 53 departed at 12:15 PM
Student 54 departed at 12:15 PM
Student 55 arrived at 12:14 PM and started service at 12:15 PM in counter 1
Student 55 departed at 12:18 PM

Counters were idle for 1 min, total idle time = 169 min

Student 56 arrived at 12:19 PM and started service at 12:19 PM in counter 1
Student 57 arrived at 12:20 PM and started service at 12:20 PM in counter 2
Student 56 departed at 12:22 PM
Student 58 arrived at 12:21 PM and started service at 12:22 PM in counter 2

Counters were idle for 1 min, total idle time = 170 min

Student 58 departed at 12:23 PM
Student 59 arrived at 12:23 PM and started service at 12:23 PM in counter 2

Counters were idle for 1 min, total idle time = 171 min

Student 57 departed at 12:25 PM
Student 60 arrived at 12:24 PM and started service at 12:25 PM in counter 2
Student 59 departed at 12:27 PM
Student 60 departed at 12:27 PM

Counters were idle for 2 min, total idle time = 173 min

Student 61 arrived at 12:29 PM and started service at 12:29 PM in counter 1
Student 61 departed at 12:34 PM

Counters were idle for 2 min, total idle time = 175 min

Student 62 arrived at 12:36 PM and started service at 12:36 PM in counter 1
Student 63 arrived at 12:37 PM and started service at 12:37 PM in counter 2
Student 62 departed at 12:41 PM
Student 63 departed at 12:41 PM
Student 64 arrived at 12:40 PM and started service at 12:41 PM in counter 2
Student 65 arrived at 12:41 PM and started service at 12:41 PM in counter 2

Counters were idle for 2 min, total idle time = 177 min

Student 65 departed at 12:44 PM
Student 66 arrived at 12:43 PM and started service at 12:44 PM in counter 2
Student 64 departed at 12:46 PM
Student 66 departed at 12:48 PM

Counters were idle for 4 min, total idle time = 181 min

Student 67 arrived at 12:52 PM and started service at 12:52 PM in counter 1
Student 67 departed at 12:53 PM

Counters were idle for 7 min, total idle time = 188 min

Student 68 arrived at 01:00 PM and started service at 01:00 PM in counter 1
Student 69 arrived at 01:01 PM and started service at 01:01 PM in counter 2
Student 68 departed at 01:03 PM
Student 69 departed at 01:05 PM

Counters were idle for 2 min, total idle time = 190 min

Student 70 arrived at 01:07 PM and started service at 01:07 PM in counter 1
Student 70 departed at 01:08 PM

Counters were idle for 1 min, total idle time = 191 min

Student 71 arrived at 01:09 PM and started service at 01:09 PM in counter 1
Student 71 departed at 01:13 PM

Counters were idle for 2 min, total idle time = 193 min

Student 72 arrived at 01:15 PM and started service at 01:15 PM in counter 1
Student 73 arrived at 01:18 PM and started service at 01:18 PM in counter 2
Student 72 departed at 01:18 PM
Student 73 departed at 01:20 PM

Counters were idle for 1 min, total idle time = 194 min

Student 74 arrived at 01:21 PM and started service at 01:21 PM in counter 1
Student 75 arrived at 01:22 PM and started service at 01:22 PM in counter 2
Student 74 departed at 01:22 PM

Counters were idle for 1 min, total idle time = 195 min

Student 76 arrived at 01:23 PM and started service at 01:23 PM in counter 2
Student 75 departed at 01:24 PM
Student 77 arrived at 01:24 PM and started service at 01:24 PM in counter 2

Counters were idle for 1 min, total idle time = 196 min

Student 76 departed at 01:25 PM
Student 78 arrived at 01:25 PM and started service at 01:25 PM in counter 2

Counters were idle for 2 min, total idle time = 198 min

Student 78 departed at 01:27 PM
Student 79 arrived at 01:27 PM and started service at 01:27 PM in counter 2
Student 77 departed at 01:29 PM
Student 79 departed at 01:30 PM

Counters were idle for 2 min, total idle time = 200 min

Student 80 arrived at 01:32 PM and started service at 01:32 PM in counter 1
Student 80 departed at 01:34 PM

Counters were idle for 1 min, total idle time = 201 min

Student 81 arrived at 01:35 PM and started service at 01:35 PM in counter 1
Student 82 arrived at 01:36 PM and started service at 01:36 PM in counter 2
Student 81 departed at 01:38 PM
Student 82 departed at 01:39 PM

Counters were idle for 3 min, total idle time = 204 min

Student 83 arrived at 01:42 PM and started service at 01:42 PM in counter 1
Student 84 arrived at 01:46 PM and started service at 01:46 PM in counter 2
Student 83 departed at 01:47 PM

Counters were idle for 1 min, total idle time = 205 min

Student 85 arrived at 01:48 PM and started service at 01:48 PM in counter 2
Student 84 departed at 01:51 PM
Student 86 arrived at 01:50 PM and started service at 01:51 PM in counter 2

Counters were idle for 1 min, total idle time = 206 min

Student 86 departed at 01:52 PM
Student 87 arrived at 01:51 PM and started service at 01:52 PM in counter 2

Counters were idle for 1 min, total idle time = 207 min

Student 85 departed at 01:53 PM
Student 88 arrived at 01:52 PM and started service at 01:53 PM in counter 2
Student 88 departed at 01:55 PM
Student 89 arrived at 01:53 PM and started service at 01:55 PM in counter 2

Counters were idle for 1 min, total idle time = 208 min

Student 89 departed at 01:56 PM
Student 90 arrived at 01:56 PM and started service at 01:56 PM in counter 2

Counters were idle for 1 min, total idle time = 209 min

Student 87 departed at 01:57 PM
Student 91 arrived at 01:57 PM and started service at 01:57 PM in counter 2

Counters were idle for 1 min, total idle time = 210 min

Student 91 departed at 01:58 PM
Student 92 arrived at 01:58 PM and started service at 01:58 PM in counter 2

Counters were idle for 1 min, total idle time = 211 min

Student 90 departed at 02:01 PM
Student 92 departed at 02:01 PM
Student 93 arrived at 01:59 PM and started service at 02:01 PM in counter 2
Student 94 arrived at 02:00 PM and started service at 02:01 PM in counter 2
Student 94 departed at 02:02 PM
Student 95 arrived at 02:01 PM and started service at 02:02 PM in counter 2

Counters were idle for 1 min, total idle time = 212 min

Student 93 departed at 02:03 PM
Student 96 arrived at 02:03 PM and started service at 02:03 PM in counter 2

Counters were idle for 1 min, total idle time = 213 min

Student 96 departed at 02:05 PM
Student 97 arrived at 02:04 PM and started service at 02:05 PM in counter 2
Student 95 departed at 02:07 PM
Student 97 departed at 02:09 PM

Counters were idle for 3 min, total idle time = 216 min

Student 98 arrived at 02:12 PM and started service at 02:12 PM in counter 1
Student 98 departed at 02:13 PM

Counters were idle for 2 min, total idle time = 218 min

Student 99 arrived at 02:15 PM and started service at 02:15 PM in counter 1
Student 99 departed at 02:20 PM

Counters were idle for 5 min, total idle time = 223 min

Student 100 arrived at 02:25 PM and started service at 02:25 PM in counter 1
Student 101 arrived at 02:27 PM and started service at 02:27 PM in counter 2
Student 101 departed at 02:29 PM
Student 102 arrived at 02:28 PM and started service at 02:29 PM in counter 2
Student 100 departed at 02:30 PM
Student 102 departed at 02:30 PM
Student 103 arrived at 02:29 PM and started service at 02:30 PM in counter 1

Counters were idle for 1 min, total idle time = 224 min

Student 104 arrived at 02:31 PM and started service at 02:31 PM in counter 2
Student 103 departed at 02:34 PM
Student 105 arrived at 02:33 PM and started service at 02:34 PM in counter 2
Student 104 departed at 02:35 PM
Student 105 departed at 02:35 PM
Student 106 arrived at 02:34 PM and started service at 02:35 PM in counter 1
Student 106 departed at 02:36 PM

Counters were idle for 1 min, total idle time = 225 min

Student 107 arrived at 02:37 PM and started service at 02:37 PM in counter 1
Student 108 arrived at 02:38 PM and started service at 02:38 PM in counter 2
Student 108 departed at 02:41 PM
Student 109 arrived at 02:40 PM and started service at 02:41 PM in counter 2

Counters were idle for 1 min, total idle time = 226 min

Student 107 departed at 02:42 PM
Student 110 arrived at 02:42 PM and started service at 02:42 PM in counter 2

Counters were idle for 2 min, total idle time = 228 min

Student 110 departed at 02:44 PM
Student 111 arrived at 02:44 PM and started service at 02:44 PM in counter 2
Student 109 departed at 02:45 PM

Counters were idle for 2 min, total idle time = 230 min

Student 112 arrived at 02:47 PM and started service at 02:47 PM in counter 2
Student 111 departed at 02:48 PM
Student 113 arrived at 02:48 PM and started service at 02:48 PM in counter 2
Student 112 departed at 02:49 PM

Counters were idle for 1 min, total idle time = 231 min

Student 114 arrived at 02:50 PM and started service at 02:50 PM in counter 2
Student 113 departed at 02:51 PM
Student 115 arrived at 02:51 PM and started service at 02:51 PM in counter 2

Counters were idle for 2 min, total idle time = 233 min

Student 114 departed at 02:54 PM
Student 116 arrived at 02:53 PM and started service at 02:54 PM in counter 2
Student 115 departed at 02:55 PM
Student 116 departed at 02:55 PM
Student 117 arrived at 02:54 PM and started service at 02:55 PM in counter 1

Counters were idle for 1 min, total idle time = 234 min

Student 118 arrived at 02:56 PM and started service at 02:56 PM in counter 2
Student 118 departed at 02:59 PM
Student 119 arrived at 02:57 PM and started service at 02:59 PM in counter 2
Student 117 departed at 03:00 PM
Student 120 arrived at 02:58 PM and started service at 03:00 PM in counter 2

Counters were idle for 1 min, total idle time = 235 min

Student 119 departed at 03:03 PM
Student 120 departed at 03:03 PM
Student 121 arrived at 03:01 PM and started service at 03:03 PM in counter 2
Student 122 arrived at 03:02 PM and started service at 03:03 PM in counter 2

Counters were idle for 2 min, total idle time = 237 min

Student 122 departed at 03:05 PM
Student 123 arrived at 03:05 PM and started service at 03:05 PM in counter 2
Student 123 departed at 03:06 PM

Counters were idle for 1 min, total idle time = 238 min

Student 124 arrived at 03:07 PM and started service at 03:07 PM in counter 2
Student 121 departed at 03:08 PM
Student 124 departed at 03:09 PM

Counters were idle for 3 min, total idle time = 241 min

Student 125 arrived at 03:12 PM and started service at 03:12 PM in counter 1
Student 126 arrived at 03:13 PM and started service at 03:13 PM in counter 2
Student 125 departed at 03:14 PM
Student 127 arrived at 03:14 PM and started service at 03:14 PM in counter 2

Counters were idle for 1 min, total idle time = 242 min

Student 126 departed at 03:18 PM
Student 128 arrived at 03:15 PM and started service at 03:18 PM in counter 2
Student 127 departed at 03:19 PM
Student 129 arrived at 03:16 PM and started service at 03:19 PM in counter 2

Counters were idle for 2 min, total idle time = 244 min

Student 128 departed at 03:21 PM
Student 130 arrived at 03:17 PM and started service at 03:21 PM in counter 2
Student 129 departed at 03:23 PM
Student 130 departed at 03:23 PM
Student 131 arrived at 03:21 PM and started service at 03:23 PM in counter 1

Counters were idle for 2 min, total idle time = 246 min

Student 132 arrived at 03:25 PM and started service at 03:25 PM in counter 2
Student 131 departed at 03:26 PM

Counters were idle for 1 min, total idle time = 247 min

Student 133 arrived at 03:27 PM and started service at 03:27 PM in counter 2
Student 132 departed at 03:27 PM

Counters were idle for 1 min, total idle time = 248 min

Student 134 arrived at 03:28 PM and started service at 03:28 PM in counter 2
Student 133 departed at 03:28 PM

Counters were idle for 1 min, total idle time = 249 min

Student 135 arrived at 03:29 PM and started service at 03:29 PM in counter 2
Student 134 departed at 03:30 PM
Student 136 arrived at 03:30 PM and started service at 03:30 PM in counter 2
Student 136 departed at 03:31 PM
Student 135 departed at 03:34 PM

Counters were idle for 2 min, total idle time = 251 min

Student 137 arrived at 03:36 PM and started service at 03:36 PM in counter 1
Student 137 departed at 03:38 PM

Counters were idle for 3 min, total idle time = 254 min

Student 138 arrived at 03:41 PM and started service at 03:41 PM in counter 1
Student 139 arrived at 03:42 PM and started service at 03:42 PM in counter 2
Student 138 departed at 03:43 PM
Student 139 departed at 03:43 PM

Counters were idle for 1 min, total idle time = 255 min

Student 140 arrived at 03:44 PM and started service at 03:44 PM in counter 1
Student 141 arrived at 03:45 PM and started service at 03:45 PM in counter 2
Student 141 departed at 03:47 PM
Student 142 arrived at 03:46 PM and started service at 03:47 PM in counter 2
Student 140 departed at 03:48 PM

Counters were idle for 1 min, total idle time = 256 min

Student 143 arrived at 03:49 PM and started service at 03:49 PM in counter 2
Student 142 departed at 03:51 PM
Student 144 arrived at 03:50 PM and started service at 03:51 PM in counter 2
Student 143 departed at 03:53 PM
Student 144 departed at 03:53 PM

Counters were idle for 1 min, total idle time = 257 min

Student 145 arrived at 03:54 PM and started service at 03:54 PM in counter 1
Student 146 arrived at 03:55 PM and started service at 03:55 PM in counter 2
Student 145 departed at 03:59 PM
Student 146 departed at 03:59 PM
Student 147 arrived at 03:57 PM and started service at 03:59 PM in counter 2
Student 148 arrived at 03:58 PM and started service at 03:59 PM in counter 2
Student 147 departed at 04:00 PM
Student 148 departed at 04:00 PM

Counters were idle for 4 min, total idle time = 261 min

Student 149 arrived at 04:04 PM and started service at 04:04 PM in counter 1
Student 149 departed at 04:05 PM

Counters were idle for 1 min, total idle time = 262 min

Student 150 arrived at 04:06 PM and started service at 04:06 PM in counter 1
Student 150 departed at 04:10 PM

Counters were idle for 6 min, total idle time = 268 min

Student 151 arrived at 04:16 PM and started service at 04:16 PM in counter 1
Student 152 arrived at 04:17 PM and started service at 04:17 PM in counter 2
Student 152 departed at 04:18 PM

Counters were idle for 1 min, total idle time = 269 min

Student 151 departed at 04:19 PM
Student 153 arrived at 04:19 PM and started service at 04:19 PM in counter 1
Student 153 departed at 04:21 PM

Counters were idle for 3 min, total idle time = 272 min

Student 154 arrived at 04:24 PM and started service at 04:24 PM in counter 1
Student 154 departed at 04:28 PM

Counters were idle for 1 min, total idle time = 273 min

Student 155 arrived at 04:29 PM and started service at 04:29 PM in counter 1
Student 156 arrived at 04:32 PM and started service at 04:32 PM in counter 2
Student 155 departed at 04:33 PM

Counters were idle for 1 min, total idle time = 274 min

Student 157 arrived at 04:34 PM and started service at 04:34 PM in counter 2
Student 156 departed at 04:37 PM

Counters were idle for 1 min, total idle time = 275 min

Student 158 arrived at 04:38 PM and started service at 04:38 PM in counter 2
Student 157 departed at 04:38 PM
Student 158 departed at 04:41 PM

Counters were idle for 11 min, total idle time = 286 min

Student 159 arrived at 04:52 PM and started service at 04:52 PM in counter 1
Student 160 arrived at 04:53 PM and started service at 04:53 PM in counter 2
Student 159 departed at 04:57 PM
Student 161 arrived at 04:54 PM and started service at 04:57 PM in counter 2

Counters were idle for 1 min, total idle time = 287 min

Student 160 departed at 04:58 PM
Student 162 arrived at 04:58 PM and started service at 04:58 PM in counter 2

Counters were idle for 1 min, total idle time = 288 min

Student 162 departed at 05:01 PM
Student 163 arrived at 04:59 PM and started service at 05:01 PM in counter 2
Student 161 departed at 05:02 PM
Student 163 departed at 05:02 PM

Counters were idle for 4 min, total idle time = 292 min

Student 164 arrived at 05:06 PM and started service at 05:06 PM in counter 1
Student 165 arrived at 05:07 PM and started service at 05:07 PM in counter 2
Student 165 departed at 05:09 PM
Student 166 arrived at 05:08 PM and started service at 05:09 PM in counter 2
Student 164 departed at 05:11 PM
Student 166 departed at 05:11 PM

Counters were idle for 15 min, total idle time = 307 min

Student 167 arrived at 05:26 PM and started service at 05:26 PM in counter 1
Student 167 departed at 05:27 PM

Counters were idle for 14 min, total idle time = 321 min

Student 168 arrived at 05:41 PM and started service at 05:41 PM in counter 1
Student 169 arrived at 05:43 PM and started service at 05:43 PM in counter 2
Student 168 departed at 05:46 PM
Student 170 arrived at 05:44 PM and started service at 05:46 PM in counter 2
Student 170 departed at 05:47 PM

Counters were idle for 1 min, total idle time = 322 min

Student 169 departed at 05:48 PM
Student 171 arrived at 05:48 PM and started service at 05:48 PM in counter 1
Student 171 departed at 05:51 PM

Counters were idle for 26 min, total idle time = 348 min

Student 172 arrived at 06:17 PM and started service at 06:17 PM in counter 1
Student 173 arrived at 06:18 PM and started service at 06:18 PM in counter 2
Student 172 departed at 06:19 PM
Student 173 departed at 06:21 PM

Counters were idle for 5 min, total idle time = 353 min

Student 174 arrived at 06:26 PM and started service at 06:26 PM in counter 1
Student 174 departed at 06:29 PM

Counters were idle for 4 min, total idle time = 357 min

Student 175 arrived at 06:33 PM and started service at 06:33 PM in counter 1
Student 176 arrived at 06:34 PM and started service at 06:34 PM in counter 2
Student 175 departed at 06:34 PM
Student 176 departed at 06:35 PM

Counters were idle for 25 min, total idle time = 382 min

Student 177 arrived at 07:00 PM and started service at 07:00 PM in counter 1
Student 177 departed at 07:02 PM

Counters were idle for 7 min, total idle time = 389 min

Student 178 arrived at 07:09 PM and started service at 07:09 PM in counter 1
Student 178 departed at 07:10 PM

Counters were idle for 8 min, total idle time = 397 min

Student 179 arrived at 07:18 PM and started service at 07:18 PM in counter 1
Student 179 departed at 07:21 PM

Counters were idle for 14 min, total idle time = 411 min

Student 180 arrived at 07:35 PM and started service at 07:35 PM in counter 1
Student 180 departed at 07:36 PM

Counters were idle for 1 min, total idle time = 412 min

Student 181 arrived at 07:37 PM and started service at 07:37 PM in counter 1
Student 182 arrived at 07:38 PM and started service at 07:38 PM in counter 2
Student 181 departed at 07:41 PM

Counters were idle for 2 min, total idle time = 414 min

Student 183 arrived at 07:43 PM and started service at 07:43 PM in counter 2
Student 182 departed at 07:43 PM
Student 183 departed at 07:46 PM

Counters were idle for 3 min, total idle time = 417 min

Student 184 arrived at 07:49 PM and started service at 07:49 PM in counter 1
Student 185 arrived at 07:51 PM and started service at 07:51 PM in counter 2
Student 185 departed at 07:52 PM
Student 184 departed at 07:53 PM

Counters were idle for 6 min, total idle time = 423 min

Student 186 arrived at 07:59 PM and started service at 07:59 PM in counter 1
Student 186 departed at 08:02 PM

Counters were idle for 6 min, total idle time = 429 min

Student 187 arrived at 08:08 PM and started service at 08:08 PM in counter 1
Student 187 departed at 08:11 PM

Counters were idle for 5 min, total idle time = 434 min

Student 188 arrived at 08:16 PM and started service at 08:16 PM in counter 1
Student 188 departed at 08:17 PM

Counters were idle for 10 min, total idle time = 444 min

Student 189 arrived at 08:27 PM and started service at 08:27 PM in counter 1
Student 190 arrived at 08:29 PM and started service at 08:29 PM in counter 2
Student 189 departed at 08:31 PM
Student 190 departed at 08:33 PM

Counters were idle for 13 min, total idle time = 457 min

Student 191 arrived at 08:46 PM and started service at 08:46 PM in counter 1
Student 191 departed at 08:49 PM

Counters were idle for 1 min, total idle time = 458 min

Student 192 arrived at 08:50 PM and started service at 08:50 PM in counter 1
Student 192 departed at 08:53 PM

Counters were idle for 7 min, total idle time = 465 min

Student 193 arrived at 09:00 PM and started service at 09:00 PM in counter 1
Student 193 departed at 09:03 PM

Counters were idle for 4 min, total idle time = 469 min

Student 194 arrived at 09:07 PM and started service at 09:07 PM in counter 1
Student 195 arrived at 09:08 PM and started service at 09:08 PM in counter 2
Student 194 departed at 09:08 PM
Student 195 departed at 09:09 PM

Counters were idle for 1 min, total idle time = 470 min

Student 196 arrived at 09:10 PM and started service at 09:10 PM in counter 1
Student 197 arrived at 09:12 PM and started service at 09:12 PM in counter 2
Student 197 departed at 09:14 PM
Student 196 departed at 09:15 PM

Counters were idle for 9 min, total idle time = 479 min

Student 198 arrived at 09:24 PM and started service at 09:24 PM in counter 1
Student 198 departed at 09:29 PM

Counters were idle for 20 min, total idle time = 499 min

Student 199 arrived at 09:49 PM and started service at 09:49 PM in counter 1
Student 200 arrived at 09:50 PM and started service at 09:50 PM in counter 2
Student 199 departed at 09:53 PM
Student 200 departed at 09:53 PM
