Student 1 arrived at 08:00 AM and started service at 08:00 AM in counter 1

Counters were idle for 3 min, total idle time = 3 min

Student 2 arrived at 08:03 AM and started service at 08:03 AM in counter 2
Student 1 departed at 08:03 AM
Student 2 departed at 08:06 AM

Counters were idle for 3 min, total idle time = 6 min

Student 3 arrived at 08:09 AM and started service at 08:09 AM in counter 1
Student 3 departed at 08:10 AM

Counters were idle for 3 min, total idle time = 9 min

Student 4 arrived at 08:13 AM and started service at 08:13 AM in counter 1
Student 5 arrived at 08:16 AM and started service at 08:16 AM in counter 2
Student 4 departed at 08:17 AM
Student 5 departed at 08:18 AM

Counters were idle for 4 min, total idle time = 13 min

Student 6 arrived at 08:22 AM and started service at 08:22 AM in counter 1
Student 6 departed at 08:24 AM

Counters were idle for 3 min, total idle time = 16 min

Student 7 arrived at 08:27 AM and started service at 08:27 AM in counter 1
Student 8 arrived at 08:28 AM and started service at 08:28 AM in counter 2
Student 8 departed at 08:30 AM

Counters were idle for 1 min, total idle time = 17 min

Student 9 arrived at 08:31 AM and started service at 08:31 AM in counter 2
Student 7 departed at 08:32 AM
Student 9 departed at 08:35 AM

Counters were idle for 30 min, total idle time = 47 min

Student 10 arrived at 09:05 AM and started service at 09:05 AM in counter 1
Student 10 departed at 09:08 AM

Counters were idle for 3 min, total idle time = 50 min

Student 11 arrived at 09:11 AM and started service at 09:11 AM in counter 1
Student 11 departed at 09:13 AM

Counters were idle for 2 min, total idle time = 52 min

Student 12 arrived at 09:15 AM and started service at 09:15 AM in counter 1
Student 13 arrived at 09:16 AM and started service at 09:16 AM in counter 2
Student 12 departed at 09:16 AM
Student 13 departed at 09:19 AM

Counters were idle for 3 min, total idle time = 55 min

Student 14 arrived at 09:22 AM and started service at 09:22 AM in counter 1
Student 15 arrived at 09:23 AM and started service at 09:23 AM in counter 2
Student 14 departed at 09:27 AM
Student 16 arrived at 09:27 AM and started service at 09:27 AM in counter 2
Student 15 departed at 09:28 AM
Student 16 departed at 09:28 AM

Counters were idle for 1 min, total idle time = 56 min

Student 17 arrived at 09:29 AM and started service at 09:29 AM in counter 1
Student 17 departed at 09:34 AM

Counters were idle for 1 min, total idle time = 57 min

Student 18 arrived at 09:35 AM and started service at 09:35 AM in counter 1
Student 19 arrived at 09:36 AM and started service at 09:36 AM in counter 2
Student 19 departed at 09:37 AM
Student 18 departed at 09:38 AM

Counters were idle for 6 min, total idle time = 63 min

Student 20 arrived at 09:44 AM and started service at 09:44 AM in counter 1
Student 21 arrived at 09:46 AM and started service at 09:46 AM in counter 2
Student 20 departed at 09:46 AM
Student 21 departed at 09:47 AM

Counters were idle for 6 min, total idle time = 69 min

Student 22 arrived at 09:53 AM and started service at 09:53 AM in counter 1
Student 22 departed at 09:55 AM

Counters were idle for 1 min, total idle time = 70 min

Student 23 arrived at 09:56 AM and started service at 09:56 AM in counter 1
Student 24 arrived at 09:57 AM and started service at 09:57 AM in counter 2
Student 23 departed at 09:58 AM
Student 24 departed at 10:02 AM

Counters were idle for 5 min, total idle time = 75 min

Student 25 arrived at 10:07 AM and started service at 10:07 AM in counter 1
Student 25 departed at 10:09 AM

Counters were idle for 4 min, total idle time = 79 min

Student 26 arrived at 10:13 AM and started service at 10:13 AM in counter 1
Student 26 departed at 10:14 AM

Counters were idle for 4 min, total idle time = 83 min

Student 27 arrived at 10:18 AM and started service at 10:18 AM in counter 1
Student 28 arrived at 10:22 AM and started service at 10:22 AM in counter 2
Student 27 departed at 10:22 AM

Counters were idle for 2 min, total idle time = 85 min

Student 29 arrived at 10:24 AM and started service at 10:24 AM in counter 2
Student 28 departed at 10:24 AM

Counters were idle for 1 min, total idle time = 86 min

Student 30 arrived at 10:25 AM and started service at 10:25 AM in counter 2
Student 29 departed at 10:27 AM
Student 31 arrived at 10:27 AM and started service at 10:27 AM in counter 2
Student 30 departed at 10:28 AM
Student 31 departed at 10:28 AM

Counters were idle for 1 min, total idle time = 87 min

Student 32 arrived at 10:29 AM and started service at 10:29 AM in counter 1
Student 33 arrived at 10:30 AM and started service at 10:30 AM in counter 2
Student 33 departed at 10:32 AM
Student 34 arrived at 10:32 AM and started service at 10:32 AM in counter 2
Student 34 departed at 10:33 AM
Student 32 departed at 10:34 AM

Counters were idle for 3 min, total idle time = 90 min

Student 35 arrived at 10:37 AM and started service at 10:37 AM in counter 1
Student 36 arrived at 10:38 AM and started service at 10:38 AM in counter 2
Student 35 departed at 10:39 AM
Student 36 departed at 10:39 AM
Student 37 arrived at 10:39 AM and started service at 10:39 AM in counter 1
Student 37 departed at 10:40 AM

Counters were idle for 6 min, total idle time = 96 min

Student 38 arrived at 10:46 AM and started service at 10:46 AM in counter 1
Student 38 departed at 10:50 AM

Counters were idle for 4 min, total idle time = 100 min

Student 39 arrived at 10:54 AM and started service at 10:54 AM in counter 1
Student 39 departed at 10:58 AM

Counters were idle for 8 min, total idle time = 108 min

Student 40 arrived at 11:06 AM and started service at 11:06 AM in counter 1
Student 41 arrived at 11:10 AM and started service at 11:10 AM in counter 2
Student 40 departed at 11:10 AM

Counters were idle for 1 min, total idle time = 109 min

Student 42 arrived at 11:11 AM and started service at 11:11 AM in counter 2
Student 41 departed at 11:13 AM
Student 42 departed at 11:13 AM

Counters were idle for 2 min, total idle time = 111 min

Student 43 arrived at 11:15 AM and started service at 11:15 AM in counter 1
Student 44 arrived at 11:19 AM and started service at 11:19 AM in counter 2
Student 43 departed at 11:20 AM
Student 44 departed at 11:20 AM

Counters were idle for 3 min, total idle time = 114 min

Student 45 arrived at 11:23 AM and started service at 11:23 AM in counter 1
Student 46 arrived at 11:25 AM and started service at 11:25 AM in counter 2
Student 45 departed at 11:26 AM

Counters were idle for 4 min, total idle time = 118 min

Student 47 arrived at 11:30 AM and started service at 11:30 AM in counter 2
Student 46 departed at 11:30 AM
Student 47 departed at 11:31 AM

Counters were idle for 1 min, total idle time = 119 min

Student 48 arrived at 11:32 AM and started service at 11:32 AM in counter 1
Student 48 departed at 11:34 AM

Counters were idle for 3 min, total idle time = 122 min

Student 49 arrived at 11:37 AM and started service at 11:37 AM in counter 1
Student 49 departed at 11:41 AM

Counters were idle for 1 min, total idle time = 123 min

Student 50 arrived at 11:42 AM and started service at 11:42 AM in counter 1
Student 51 arrived at 11:44 AM and started service at 11:44 AM in counter 2
Student 50 departed at 11:45 AM
Student 52 arrived at 11:45 AM and started service at 11:45 AM in counter 2

Counters were idle for 1 min, total idle time = 124 min

Student 51 departed at 11:46 AM
Student 52 departed at 11:46 AM
Student 53 arrived at 11:46 AM and started service at 11:46 AM in counter 1

Counters were idle for 4 min, total idle time = 128 min

Student 54 arrived at 11:50 AM and started service at 11:50 AM in counter 2
Student 53 departed at 11:50 AM
Student 54 departed at 11:51 AM

Counters were idle for 1 min, total idle time = 129 min

Student 55 arrived at 11:52 AM and started service at 11:52 AM in counter 1
Student 55 departed at 11:57 AM

Counters were idle for 3 min, total idle time = 132 min

Student 56 arrived at 12:00 PM and started service at 12:00 PM in counter 1
Student 56 departed at 12:01 PM

Counters were idle for 3 min, total idle time = 135 min

Student 57 arrived at 12:04 PM and started service at 12:04 PM in counter 1
Student 58 arrived at 12:07 PM and started service at 12:07 PM in counter 2
Student 57 departed at 12:08 PM
Student 58 departed at 12:08 PM

Counters were idle for 2 min, total idle time = 137 min

Student 59 arrived at 12:10 PM and started service at 12:10 PM in counter 1
Student 60 arrived at 12:12 PM and started service at 12:12 PM in counter 2
Student 60 departed at 12:13 PM
Student 59 departed at 12:14 PM

Counters were idle for 1 min, total idle time = 138 min

Student 61 arrived at 12:15 PM and started service at 12:15 PM in counter 1
Student 62 arrived at 12:16 PM and started service at 12:16 PM in counter 2
Student 61 departed at 12:20 PM
Student 62 departed at 12:20 PM
Student 63 arrived at 12:20 PM and started service at 12:20 PM in counter 1
Student 63 departed at 12:22 PM

Counters were idle for 2 min, total idle time = 140 min

Student 64 arrived at 12:24 PM and started service at 12:24 PM in counter 1
Student 64 departed at 12:25 PM

Counters were idle for 3 min, total idle time = 143 min

Student 65 arrived at 12:28 PM and started service at 12:28 PM in counter 1
Student 65 departed at 12:29 PM

Counters were idle for 3 min, total idle time = 146 min

Student 66 arrived at 12:32 PM and started service at 12:32 PM in counter 1
Student 67 arrived at 12:35 PM and started service at 12:35 PM in counter 2
Student 66 departed at 12:36 PM
Student 67 departed at 12:36 PM
Student 68 arrived at 12:36 PM and started service at 12:36 PM in counter 1

Counters were idle for 2 min, total idle time = 148 min

Student 69 arrived at 12:38 PM and started service at 12:38 PM in counter 2
Student 68 departed at 12:38 PM

Counters were idle for 5 min, total idle time = 153 min

Student 70 arrived at 12:43 PM and started service at 12:43 PM in counter 2
Student 69 departed at 12:43 PM

Counters were idle for 1 min, total idle time = 154 min

Student 71 arrived at 12:44 PM and started service at 12:44 PM in counter 2
Student 70 departed at 12:47 PM
Student 71 departed at 12:47 PM
Student 72 arrived at 12:46 PM and started service at 12:47 PM in counter 2
Student 73 arrived at 12:47 PM and started service at 12:47 PM in counter 2

Counters were idle for 2 min, total idle time = 156 min

Student 73 departed at 12:50 PM
Student 74 arrived at 12:49 PM and started service at 12:50 PM in counter 2

Counters were idle for 2 min, total idle time = 158 min

Student 72 departed at 12:52 PM
Student 74 departed at 12:52 PM
Student 75 arrived at 12:50 PM and started service at 12:52 PM in counter 2
Student 76 arrived at 12:52 PM and started service at 12:52 PM in counter 2

Counters were idle for 2 min, total idle time = 160 min

Student 76 departed at 12:55 PM
Student 77 arrived at 12:54 PM and started service at 12:55 PM in counter 2

Counters were idle for 1 min, total idle time = 161 min

Student 75 departed at 12:57 PM
Student 78 arrived at 12:55 PM and started service at 12:57 PM in counter 2

Counters were idle for 3 min, total idle time = 164 min

Student 77 departed at 01:00 PM
Student 79 arrived at 12:56 PM and started service at 01:00 PM in counter 2
Student 78 departed at 01:01 PM
Student 80 arrived at 01:00 PM and started service at 01:01 PM in counter 2

Counters were idle for 2 min, total idle time = 166 min

Student 79 departed at 01:03 PM
Student 81 arrived at 01:03 PM and started service at 01:03 PM in counter 2
Student 80 departed at 01:05 PM
Student 81 departed at 01:06 PM

Counters were idle for 3 min, total idle time = 169 min

Student 82 arrived at 01:09 PM and started service at 01:09 PM in counter 1
Student 83 arrived at 01:10 PM and started service at 01:10 PM in counter 2
Student 82 departed at 01:13 PM
Student 83 departed at 01:13 PM
Student 84 arrived at 01:11 PM and started service at 01:13 PM in counter 2
Student 85 arrived at 01:13 PM and started service at 01:13 PM in counter 2

Counters were idle for 1 min, total idle time = 170 min

Student 84 departed at 01:17 PM
Student 85 departed at 01:17 PM
Student 86 arrived at 01:14 PM and started service at 01:17 PM in counter 2
Student 87 arrived at 01:15 PM and started service at 01:17 PM in counter 2

Counters were idle for 1 min, total idle time = 171 min

Student 86 departed at 01:18 PM
Student 88 arrived at 01:16 PM and started service at 01:18 PM in counter 2

Counters were idle for 1 min, total idle time = 172 min

Student 87 departed at 01:21 PM
Student 89 arrived at 01:17 PM and started service at 01:21 PM in counter 2
Student 89 departed at 01:22 PM
Student 90 arrived at 01:18 PM and started service at 01:22 PM in counter 2
Student 88 departed at 01:23 PM
Student 91 arrived at 01:19 PM and started service at 01:23 PM in counter 2

Counters were idle for 1 min, total idle time = 173 min

Student 91 departed at 01:24 PM
Student 92 arrived at 01:24 PM and started service at 01:24 PM in counter 2

Counters were idle for 2 min, total idle time = 175 min

Student 90 departed at 01:26 PM
Student 93 arrived at 01:26 PM and started service at 01:26 PM in counter 2

Counters were idle for 1 min, total idle time = 176 min

Student 93 departed at 01:27 PM
Student 94 arrived at 01:27 PM and started service at 01:27 PM in counter 2
Student 92 departed at 01:29 PM
Student 94 departed at 01:30 PM

Counters were idle for 1 min, total idle time = 177 min

Student 95 arrived at 01:31 PM and started service at 01:31 PM in counter 1
Student 95 departed at 01:33 PM

Counters were idle for 4 min, total idle time = 181 min

Student 96 arrived at 01:37 PM and started service at 01:37 PM in counter 1
Student 97 arrived at 01:38 PM and started service at 01:38 PM in counter 2
Student 96 departed at 01:39 PM
Student 98 arrived at 01:39 PM and started service at 01:39 PM in counter 2

Counters were idle for 1 min, total idle time = 182 min

Student 97 departed at 01:43 PM
Student 98 departed at 01:43 PM
Student 99 arrived at 01:40 PM and started service at 01:43 PM in counter 2
Student 100 arrived at 01:41 PM and started service at 01:43 PM in counter 2
Student 99 departed at 01:46 PM

Counters were idle for 2 min, total idle time = 184 min

Student 101 arrived at 01:48 PM and started service at 01:48 PM in counter 2
Student 100 departed at 01:48 PM

Counters were idle for 2 min, total idle time = 186 min

Student 102 arrived at 01:50 PM and started service at 01:50 PM in counter 2
Student 101 departed at 01:52 PM
Student 103 arrived at 01:52 PM and started service at 01:52 PM in counter 2

Counters were idle for 1 min, total idle time = 187 min

Student 102 departed at 01:53 PM
Student 103 departed at 01:53 PM
Student 104 arrived at 01:53 PM and started service at 01:53 PM in counter 1

Counters were idle for 2 min, total idle time = 189 min

Student 105 arrived at 01:55 PM and started service at 01:55 PM in counter 2
Student 104 departed at 01:57 PM
Student 106 arrived at 01:57 PM and started service at 01:57 PM in counter 2

Counters were idle for 1 min, total idle time = 190 min

Student 106 departed at 01:58 PM
Student 107 arrived at 01:58 PM and started service at 01:58 PM in counter 2

Counters were idle for 1 min, total idle time = 191 min

Student 105 departed at 02:00 PM
Student 108 arrived at 01:59 PM and started service at 02:00 PM in counter 2
Student 107 departed at 02:01 PM
Student 109 arrived at 02:00 PM and started service at 02:01 PM in counter 2
Student 108 departed at 02:02 PM

Counters were idle for 1 min, total idle time = 192 min

Student 110 arrived at 02:03 PM and started service at 02:03 PM in counter 2
Student 109 departed at 02:03 PM
Student 110 departed at 02:05 PM

Counters were idle for 4 min, total idle time = 196 min

Student 111 arrived at 02:09 PM and started service at 02:09 PM in counter 1
Student 111 departed at 02:10 PM

Counters were idle for 2 min, total idle time = 198 min

Student 112 arrived at 02:12 PM and started service at 02:12 PM in counter 1
Student 113 arrived at 02:16 PM and started service at 02:16 PM in counter 2
Student 112 departed at 02:16 PM

Counters were idle for 1 min, total idle time = 199 min

Student 114 arrived at 02:17 PM and started service at 02:17 PM in counter 2
Student 114 departed at 02:18 PM

Counters were idle for 2 min, total idle time = 201 min

Student 113 departed at 02:20 PM
Student 115 arrived at 02:20 PM and started service at 02:20 PM in counter 1

Counters were idle for 3 min, total idle time = 204 min

Student 116 arrived at 02:23 PM and started service at 02:23 PM in counter 2
Student 115 departed at 02:23 PM

Counters were idle for 2 min, total idle time = 206 min

Student 117 arrived at 02:25 PM and started service at 02:25 PM in counter 2
Student 117 departed at 02:27 PM
Student 116 departed at 02:28 PM

Counters were idle for 2 min, total idle time = 208 min

Student 118 arrived at 02:30 PM and started service at 02:30 PM in counter 1
Student 119 arrived at 02:31 PM and started service at 02:31 PM in counter 2
Student 118 departed at 02:31 PM
Student 119 departed at 02:35 PM

Counters were idle for 2 min, total idle time = 210 min

Student 120 arrived at 02:37 PM and started service at 02:37 PM in counter 1
Student 121 arrived at 02:40 PM and started service at 02:40 PM in counter 2
Student 120 departed at 02:40 PM

Counters were idle for 2 min, total idle time = 212 min

Student 122 arrived at 02:42 PM and started service at 02:42 PM in counter 2
Student 121 departed at 02:44 PM
Student 123 arrived at 02:44 PM and started service at 02:44 PM in counter 2
Student 122 departed at 02:46 PM

Counters were idle for 1 min, total idle time = 213 min

Student 124 arrived at 02:47 PM and started service at 02:47 PM in counter 2
Student 123 departed at 02:48 PM
Student 125 arrived at 02:48 PM and started service at 02:48 PM in counter 2
Student 125 departed at 02:49 PM
Student 124 departed at 02:51 PM

Counters were idle for 1 min, total idle time = 214 min

Student 126 arrived at 02:52 PM and started service at 02:52 PM in counter 1
Student 126 departed at 02:56 PM

Counters were idle for 4 min, total idle time = 218 min

Student 127 arrived at 03:00 PM and started service at 03:00 PM in counter 1
Student 128 arrived at 03:01 PM and started service at 03:01 PM in counter 2
Student 128 departed at 03:02 PM
Student 129 arrived at 03:02 PM and started service at 03:02 PM in counter 2

Counters were idle for 1 min, total idle time = 219 min

Student 127 departed at 03:03 PM
Student 129 departed at 03:03 PM
Student 130 arrived at 03:03 PM and started service at 03:03 PM in counter 1

Counters were idle for 1 min, total idle time = 220 min

Student 131 arrived at 03:04 PM and started service at 03:04 PM in counter 2
Student 130 departed at 03:04 PM

Counters were idle for 2 min, total idle time = 222 min

Student 132 arrived at 03:06 PM and started service at 03:06 PM in counter 2
Student 131 departed at 03:08 PM
Student 133 arrived at 03:08 PM and started service at 03:08 PM in counter 2

Counters were idle for 1 min, total idle time = 223 min

Student 132 departed at 03:09 PM
Student 133 departed at 03:09 PM
Student 134 arrived at 03:09 PM and started service at 03:09 PM in counter 1

Counters were idle for 1 min, total idle time = 224 min

Student 135 arrived at 03:10 PM and started service at 03:10 PM in counter 2
Student 134 departed at 03:10 PM

Counters were idle for 1 min, total idle time = 225 min

Student 136 arrived at 03:11 PM and started service at 03:11 PM in counter 2
Student 136 departed at 03:12 PM

Counters were idle for 1 min, total idle time = 226 min

Student 137 arrived at 03:13 PM and started service at 03:13 PM in counter 2
Student 135 departed at 03:15 PM
Student 137 departed at 03:16 PM

Counters were idle for 4 min, total idle time = 230 min

Student 138 arrived at 03:20 PM and started service at 03:20 PM in counter 1
Student 138 departed at 03:24 PM

Counters were idle for 9 min, total idle time = 239 min

Student 139 arrived at 03:33 PM and started service at 03:33 PM in counter 1
Student 139 departed at 03:38 PM

Counters were idle for 3 min, total idle time = 242 min

Student 140 arrived at 03:41 PM and started service at 03:41 PM in counter 1
Student 141 arrived at 03:42 PM and started service at 03:42 PM in counter 2
Student 141 departed at 03:45 PM
Student 140 departed at 03:46 PM

Counters were idle for 3 min, total idle time = 245 min

Student 142 arrived at 03:49 PM and started service at 03:49 PM in counter 1
Student 143 arrived at 03:50 PM and started service at 03:50 PM in counter 2
Student 142 departed at 03:54 PM
Student 144 arrived at 03:51 PM and started service at 03:54 PM in counter 2
Student 143 departed at 03:55 PM
Student 145 arrived at 03:52 PM and started service at 03:55 PM in counter 2
Student 145 departed at 03:56 PM
Student 144 departed at 03:59 PM

Counters were idle for 3 min, total idle time = 248 min

Student 146 arrived at 04:02 PM and started service at 04:02 PM in counter 1
Student 146 departed at 04:04 PM

Counters were idle for 3 min, total idle time = 251 min

Student 147 arrived at 04:07 PM and started service at 04:07 PM in counter 1
Student 147 departed at 04:11 PM

Counters were idle for 12 min, total idle time = 263 min

Student 148 arrived at 04:23 PM and started service at 04:23 PM in counter 1
Student 149 arrived at 04:24 PM and started service at 04:24 PM in counter 2
Student 148 departed at 04:28 PM
Student 150 arrived at 04:25 PM and started service at 04:28 PM in counter 2
Student 149 departed at 04:29 PM
Student 151 arrived at 04:26 PM and started service at 04:29 PM in counter 2

Counters were idle for 1 min, total idle time = 264 min

Student 150 departed at 04:32 PM
Student 152 arrived at 04:30 PM and started service at 04:32 PM in counter 2
Student 151 departed at 04:33 PM
Student 152 departed at 04:33 PM

Counters were idle for 19 min, total idle time = 283 min

Student 153 arrived at 04:52 PM and started service at 04:52 PM in counter 1
Student 154 arrived at 04:55 PM and started service at 04:55 PM in counter 2
Student 153 departed at 04:55 PM
Student 154 departed at 04:57 PM

Counters were idle for 3 min, total idle time = 286 min

Student 155 arrived at 05:00 PM and started service at 05:00 PM in counter 1
Student 156 arrived at 05:02 PM and started service at 05:02 PM in counter 2
Student 156 departed at 05:03 PM
Student 155 departed at 05:05 PM

Counters were idle for 1 min, total idle time = 287 min

Student 157 arrived at 05:06 PM and started service at 05:06 PM in counter 1
Student 158 arrived at 05:08 PM and started service at 05:08 PM in counter 2
Student 157 departed at 05:10 PM
Student 158 departed at 05:13 PM

Counters were idle for 4 min, total idle time = 291 min

Student 159 arrived at 05:17 PM and started service at 05:17 PM in counter 1
Student 160 arrived at 05:21 PM and started service at 05:21 PM in counter 2
Student 159 departed at 05:22 PM
Student 160 departed at 05:26 PM

Counters were idle for 4 min, total idle time = 295 min

Student 161 arrived at 05:30 PM and started service at 05:30 PM in counter 1
Student 161 departed at 05:33 PM

Counters were idle for 1 min, total idle time = 296 min

Student 162 arrived at 05:34 PM and started service at 05:34 PM in counter 1
Student 162 departed at 05:36 PM

Counters were idle for 5 min, total idle time = 301 min

Student 163 arrived at 05:41 PM and started service at 05:41 PM in counter 1
Student 164 arrived at 05:42 PM and started service at 05:42 PM in counter 2
Student 163 departed at 05:44 PM
Student 164 departed at 05:44 PM

Counters were idle for 2 min, total idle time = 303 min

Student 165 arrived at 05:46 PM and started service at 05:46 PM in counter 1
Student 165 departed at 05:47 PM

Counters were idle for 4 min, total idle time = 307 min

Student 166 arrived at 05:51 PM and started service at 05:51 PM in counter 1
Student 167 arrived at 05:54 PM and started service at 05:54 PM in counter 2
Student 167 departed at 05:55 PM
Student 166 departed at 05:56 PM

Counters were idle for 9 min, total idle time = 316 min

Student 168 arrived at 06:05 PM and started service at 06:05 PM in counter 1
Student 168 departed at 06:07 PM

Counters were idle for 1 min, total idle time = 317 min

Student 169 arrived at 06:08 PM and started service at 06:08 PM in counter 1
Student 169 departed at 06:10 PM

Counters were idle for 3 min, total idle time = 320 min

Student 170 arrived at 06:13 PM and started service at 06:13 PM in counter 1
Student 171 arrived at 06:16 PM and started service at 06:16 PM in counter 2
Student 170 departed at 06:18 PM

Counters were idle for 2 min, total idle time = 322 min

Student 172 arrived at 06:20 PM and started service at 06:20 PM in counter 2
Student 171 departed at 06:20 PM

Counters were idle for 1 min, total idle time = 323 min

Student 173 arrived at 06:21 PM and started service at 06:21 PM in counter 2
Student 172 departed at 06:23 PM

Counters were idle for 2 min, total idle time = 325 min

Student 174 arrived at 06:25 PM and started service at 06:25 PM in counter 2
Student 173 departed at 06:26 PM
Student 174 departed at 06:29 PM

Counters were idle for 11 min, total idle time = 336 min

Student 175 arrived at 06:40 PM and started service at 06:40 PM in counter 1
Student 175 departed at 06:42 PM

Counters were idle for 16 min, total idle time = 352 min

Student 176 arrived at 06:58 PM and started service at 06:58 PM in counter 1
Student 177 arrived at 07:00 PM and started service at 07:00 PM in counter 2
Student 176 departed at 07:01 PM
Student 177 departed at 07:03 PM

Counters were idle for 2 min, total idle time = 354 min

Student 178 arrived at 07:05 PM and started service at 07:05 PM in counter 1
Student 178 departed at 07:10 PM

Counters were idle for 5 min, total idle time = 359 min

Student 179 arrived at 07:15 PM and started service at 07:15 PM in counter 1
Student 179 departed at 07:16 PM

Counters were idle for 4 min, total idle time = 363 min

Student 180 arrived at 07:20 PM and started service at 07:20 PM in counter 1
Student 180 departed at 07:24 PM

Counters were idle for 1 min, total idle time = 364 min

Student 181 arrived at 07:25 PM and started service at 07:25 PM in counter 1
Student 182 arrived at 07:27 PM and started service at 07:27 PM in counter 2
Student 181 departed at 07:30 PM
Student 182 departed at 07:30 PM

Counters were idle for 6 min, total idle time = 370 min

Student 183 arrived at 07:36 PM and started service at 07:36 PM in counter 1
Student 183 departed at 07:38 PM

Counters were idle for 7 min, total idle time = 377 min

Student 184 arrived at 07:45 PM and started service at 07:45 PM in counter 1
Student 185 arrived at 07:47 PM and started service at 07:47 PM in counter 2
Student 184 departed at 07:48 PM
Student 186 arrived at 07:48 PM and started service at 07:48 PM in counter 2
Student 185 departed at 07:49 PM
Student 186 departed at 07:49 PM

Counters were idle for 3 min, total idle time = 380 min

Student 187 arrived at 07:52 PM and started service at 07:52 PM in counter 1
Student 187 departed at 07:57 PM

Counters were idle for 2 min, total idle time = 382 min

Student 188 arrived at 07:59 PM and started service at 07:59 PM in counter 1
Student 188 departed at 08:02 PM

Counters were idle for 1 min, total idle time = 383 min

Student 189 arrived at 08:03 PM and started service at 08:03 PM in counter 1
Student 189 departed at 08:05 PM

Counters were idle for 8 min, total idle time = 391 min

Student 190 arrived at 08:13 PM and started service at 08:13 PM in counter 1
Student 190 departed at 08:15 PM

Counters were idle for 2 min, total idle time = 393 min

Student 191 arrived at 08:17 PM and started service at 08:17 PM in counter 1
Student 191 departed at 08:22 PM

Counters were idle for 8 min, total idle time = 401 min

Student 192 arrived at 08:30 PM and started service at 08:30 PM in counter 1
Student 193 arrived at 08:34 PM and started service at 08:34 PM in counter 2
Student 192 departed at 08:35 PM
Student 193 departed at 08:35 PM

Counters were idle for 14 min, total idle time = 415 min

Student 194 arrived at 08:49 PM and started service at 08:49 PM in counter 1
Student 195 arrived at 08:53 PM and started service at 08:53 PM in counter 2
Student 194 departed at 08:54 PM
Student 195 departed at 08:54 PM

Counters were idle for 5 min, total idle time = 420 min

Student 196 arrived at 08:59 PM and started service at 08:59 PM in counter 1
Student 196 departed at 09:00 PM

Counters were idle for 4 min, total idle time = 424 min

Student 197 arrived at 09:04 PM and started service at 09:04 PM in counter 1
Student 197 departed at 09:08 PM

Counters were idle for 12 min, total idle time = 436 min

Student 198 arrived at 09:20 PM and started service at 09:20 PM in counter 1
Student 198 departed at 09:25 PM

Counters were idle for 9 min, total idle time = 445 min

Student 199 arrived at 09:34 PM and started service at 09:34 PM in counter 1
Student 199 departed at 09:37 PM

Counters were idle for 4 min, total idle time = 449 min

Student 200 arrived at 09:41 PM and started service at 09:41 PM in counter 1
Student 201 arrived at 09:46 PM and started service at 09:46 PM in counter 2
Student 200 departed at 09:46 PM
Student 201 departed at 09:48 PM

Counters were idle for 3 min, total idle time = 452 min

Student 202 arrived at 09:51 PM and started service at 09:51 PM in counter 1
Student 202 departed at 09:56 PM
