Student 1 arrived at 08:00 AM and started service at 08:00 AM in counter 1

Counters were idle for 1 min, total idle time = 1 min

Student 2 arrived at 08:01 AM and started service at 08:01 AM in counter 2
Student 1 departed at 08:02 AM

Counters were idle for 3 min, total idle time = 4 min

Student 3 arrived at 08:05 AM and started service at 08:05 AM in counter 2
Student 2 departed at 08:06 AM
Student 3 departed at 08:06 AM

Counters were idle for 1 min, total idle time = 5 min

Student 4 arrived at 08:07 AM and started service at 08:07 AM in counter 1
Student 5 arrived at 08:08 AM and started service at 08:08 AM in counter 2
Student 4 departed at 08:09 AM
Student 5 departed at 08:10 AM

Counters were idle for 2 min, total idle time = 7 min

Student 6 arrived at 08:12 AM and started service at 08:12 AM in counter 1
Student 6 departed at 08:13 AM

Counters were idle for 3 min, total idle time = 10 min

Student 7 arrived at 08:16 AM and started service at 08:16 AM in counter 1
Student 7 departed at 08:19 AM

Counters were idle for 3 min, total idle time = 13 min

Student 8 arrived at 08:22 AM and started service at 08:22 AM in counter 1
Student 8 departed at 08:23 AM

Counters were idle for 4 min, total idle time = 17 min

Student 9 arrived at 08:27 AM and started service at 08:27 AM in counter 1
Student 10 arrived at 08:30 AM and started service at 08:30 AM in counter 2
Student 9 departed at 08:31 AM
Student 11 arrived at 08:31 AM and started service at 08:31 AM in counter 2
Student 11 departed at 08:32 AM
Student 10 departed at 08:33 AM

Counters were idle for 1 min, total idle time = 18 min

Student 12 arrived at 08:34 AM and started service at 08:34 AM in counter 1
Student 12 departed at 08:38 AM

Counters were idle for 10 min, total idle time = 28 min

Student 13 arrived at 08:48 AM and started service at 08:48 AM in counter 1
Student 13 departed at 08:53 AM

Counters were idle for 1 min, total idle time = 29 min

Student 14 arrived at 08:54 AM and started service at 08:54 AM in counter 1
Student 14 departed at 08:58 AM

Counters were idle for 21 min, total idle time = 50 min

Student 15 arrived at 09:19 AM and started service at 09:19 AM in counter 1
Student 15 departed at 09:20 AM

Counters were idle for 6 min, total idle time = 56 min

Student 16 arrived at 09:26 AM and started service at 09:26 AM in counter 1
Student 16 departed at 09:27 AM

Counters were idle for 2 min, total idle time = 58 min

Student 17 arrived at 09:29 AM and started service at 09:29 AM in counter 1
Student 18 arrived at 09:33 AM and started service at 09:33 AM in counter 2
Student 17 departed at 09:33 AM
Student 18 departed at 09:35 AM

Counters were idle for 13 min, total idle time = 71 min

Student 19 arrived at 09:48 AM and started service at 09:48 AM in counter 1
Student 20 arrived at 09:49 AM and started service at 09:49 AM in counter 2
Student 19 departed at 09:50 AM

Counters were idle for 1 min, total idle time = 72 min

Student 21 arrived at 09:51 AM and started service at 09:51 AM in counter 2
Student 20 departed at 09:54 AM
Student 22 arrived at 09:54 AM and started service at 09:54 AM in counter 2

Counters were idle for 1 min, total idle time = 73 min

Student 21 departed at 09:55 AM
Student 23 arrived at 09:55 AM and started service at 09:55 AM in counter 2
Student 22 departed at 09:59 AM
Student 23 departed at 09:59 AM

Counters were idle for 1 min, total idle time = 74 min

Student 24 arrived at 10:00 AM and started service at 10:00 AM in counter 1
Student 24 departed at 10:01 AM

Counters were idle for 29 min, total idle time = 103 min

Student 25 arrived at 10:30 AM and started service at 10:30 AM in counter 1
Student 26 arrived at 10:31 AM and started service at 10:31 AM in counter 2
Student 25 departed at 10:34 AM
Student 26 departed at 10:35 AM

Counters were idle for 6 min, total idle time = 109 min

Student 27 arrived at 10:41 AM and started service at 10:41 AM in counter 1
Student 28 arrived at 10:42 AM and started service at 10:42 AM in counter 2
Student 27 departed at 10:42 AM

Counters were idle for 2 min, total idle time = 111 min

Student 29 arrived at 10:44 AM and started service at 10:44 AM in counter 2
Student 28 departed at 10:44 AM

Counters were idle for 2 min, total idle time = 113 min

Student 30 arrived at 10:46 AM and started service at 10:46 AM in counter 2
Student 29 departed at 10:46 AM
Student 30 departed at 10:49 AM

Counters were idle for 7 min, total idle time = 120 min

Student 31 arrived at 10:56 AM and started service at 10:56 AM in counter 1
Student 32 arrived at 11:00 AM and started service at 11:00 AM in counter 2
Student 31 departed at 11:00 AM
Student 32 departed at 11:01 AM

Counters were idle for 1 min, total idle time = 121 min

Student 33 arrived at 11:02 AM and started service at 11:02 AM in counter 1
Student 34 arrived at 11:05 AM and started service at 11:05 AM in counter 2
Student 33 departed at 11:07 AM
Student 34 departed at 11:10 AM

Counters were idle for 3 min, total idle time = 124 min

Student 35 arrived at 11:13 AM and started service at 11:13 AM in counter 1
Student 35 departed at 11:14 AM

Counters were idle for 8 min, total idle time = 132 min

Student 36 arrived at 11:22 AM and started service at 11:22 AM in counter 1
Student 37 arrived at 11:23 AM and started service at 11:23 AM in counter 2
Student 36 departed at 11:25 AM
Student 37 departed at 11:25 AM
Student 38 arrived at 11:25 AM and started service at 11:25 AM in counter 1

Counters were idle for 2 min, total idle time = 134 min

Student 39 arrived at 11:27 AM and started service at 11:27 AM in counter 2
Student 38 departed at 11:28 AM
Student 39 departed at 11:29 AM

Counters were idle for 6 min, total idle time = 140 min

Student 40 arrived at 11:35 AM and started service at 11:35 AM in counter 1
Student 40 departed at 11:37 AM

Counters were idle for 3 min, total idle time = 143 min

Student 41 arrived at 11:40 AM and started service at 11:40 AM in counter 1
Student 41 departed at 11:44 AM

Counters were idle for 2 min, total idle time = 145 min

Student 42 arrived at 11:46 AM and started service at 11:46 AM in counter 1
Student 42 departed at 11:48 AM

Counters were idle for 1 min, total idle time = 146 min

Student 43 arrived at 11:49 AM and started service at 11:49 AM in counter 1
Student 43 departed at 11:51 AM

Counters were idle for 6 min, total idle time = 152 min

Student 44 arrived at 11:57 AM and started service at 11:57 AM in counter 1
Student 45 arrived at 12:00 PM and started service at 12:00 PM in counter 2
Student 44 departed at 12:02 PM
Student 46 arrived at 12:02 PM and started service at 12:02 PM in counter 2

Counters were idle for 1 min, total idle time = 153 min

Student 45 departed at 12:04 PM
Student 47 arrived at 12:03 PM and started service at 12:04 PM in counter 2
Student 46 departed at 12:05 PM
Student 48 arrived at 12:04 PM and started service at 12:05 PM in counter 2
Student 47 departed at 12:07 PM

Counters were idle for 1 min, total idle time = 154 min

Student 49 arrived at 12:08 PM and started service at 12:08 PM in counter 2
Student 48 departed at 12:10 PM
Student 50 arrived at 12:10 PM and started service at 12:10 PM in counter 2
Student 49 departed at 12:12 PM

Counters were idle for 1 min, total idle time = 155 min

Student 51 arrived at 12:13 PM and started service at 12:13 PM in counter 2
Student 50 departed at 12:13 PM

Counters were idle for 1 min, total idle time = 156 min

Student 52 arrived at 12:14 PM and started service at 12:14 PM in counter 2
Student 52 departed at 12:15 PM

Counters were idle for 1 min, total idle time = 157 min

Student 53 arrived at 12:16 PM and started service at 12:16 PM in counter 2
Student 51 departed at 12:17 PM
Student 53 departed at 12:20 PM

Counters were idle for 1 min, total idle time = 158 min

Student 54 arrived at 12:21 PM and started service at 12:21 PM in counter 1
Student 55 arrived at 12:22 PM and started service at 12:22 PM in counter 2
Student 54 departed at 12:23 PM
Student 55 departed at 12:23 PM
Student 56 arrived at 12:23 PM and started service at 12:23 PM in counter 1

Counters were idle for 1 min, total idle time = 159 min

Student 57 arrived at 12:24 PM and started service at 12:24 PM in counter 2
Student 56 departed at 12:27 PM
Student 58 arrived at 12:26 PM and started service at 12:27 PM in counter 2
Student 57 departed at 12:29 PM
Student 59 arrived at 12:27 PM and started service at 12:29 PM in counter 2
Student 58 departed at 12:32 PM

Counters were idle for 1 min, total idle time = 160 min

Student 60 arrived at 12:33 PM and started service at 12:33 PM in counter 2
Student 59 departed at 12:33 PM
Student 60 departed at 12:34 PM

Counters were idle for 1 min, total idle time = 161 min

Student 61 arrived at 12:35 PM and started service at 12:35 PM in counter 1
Student 62 arrived at 12:36 PM and started service at 12:36 PM in counter 2
Student 61 departed at 12:37 PM
Student 62 departed at 12:38 PM

Counters were idle for 1 min, total idle time = 162 min

Student 63 arrived at 12:39 PM and started service at 12:39 PM in counter 1
Student 63 departed at 12:43 PM

Counters were idle for 1 min, total idle time = 163 min

Student 64 arrived at 12:44 PM and started service at 12:44 PM in counter 1
Student 65 arrived at 12:49 PM and started service at 12:49 PM in counter 2
Student 64 departed at 12:49 PM

Counters were idle for 1 min, total idle time = 164 min

Student 66 arrived at 12:50 PM and started service at 12:50 PM in counter 2
Student 66 departed at 12:51 PM
Student 65 departed at 12:53 PM

Counters were idle for 4 min, total idle time = 168 min

Student 67 arrived at 12:57 PM and started service at 12:57 PM in counter 1
Student 67 departed at 12:59 PM

Counters were idle for 1 min, total idle time = 169 min

Student 68 arrived at 01:00 PM and started service at 01:00 PM in counter 1
Student 68 departed at 01:02 PM

Counters were idle for 2 min, total idle time = 171 min

Student 69 arrived at 01:04 PM and started service at 01:04 PM in counter 1
Student 69 departed at 01:06 PM

Counters were idle for 5 min, total idle time = 176 min

Student 70 arrived at 01:11 PM and started service at 01:11 PM in counter 1
Student 70 departed at 01:12 PM

Counters were idle for 1 min, total idle time = 177 min

Student 71 arrived at 01:13 PM and started service at 01:13 PM in counter 1
Student 72 arrived at 01:16 PM and started service at 01:16 PM in counter 2
Student 71 departed at 01:17 PM
Student 72 departed at 01:21 PM

Counters were idle for 3 min, total idle time = 180 min

Student 73 arrived at 01:24 PM and started service at 01:24 PM in counter 1
Student 73 departed at 01:25 PM

Counters were idle for 5 min, total idle time = 185 min

Student 74 arrived at 01:30 PM and started service at 01:30 PM in counter 1
Student 75 arrived at 01:31 PM and started service at 01:31 PM in counter 2
Student 74 departed at 01:33 PM

Counters were idle for 1 min, total idle time = 186 min

Student 76 arrived at 01:34 PM and started service at 01:34 PM in counter 2
Student 75 departed at 01:35 PM
Student 77 arrived at 01:35 PM and started service at 01:35 PM in counter 2
Student 76 departed at 01:36 PM
Student 77 departed at 01:37 PM

Counters were idle for 1 min, total idle time = 187 min

Student 78 arrived at 01:38 PM and started service at 01:38 PM in counter 1
Student 79 arrived at 01:42 PM and started service at 01:42 PM in counter 2
Student 78 departed at 01:42 PM
Student 79 departed at 01:43 PM

Counters were idle for 1 min, total idle time = 188 min

Student 80 arrived at 01:44 PM and started service at 01:44 PM in counter 1
Student 81 arrived at 01:46 PM and started service at 01:46 PM in counter 2
Student 80 departed at 01:49 PM
Student 81 departed at 01:49 PM
Student 82 arrived at 01:47 PM and started service at 01:49 PM in counter 2
Student 83 arrived at 01:48 PM and started service at 01:49 PM in counter 2

Counters were idle for 1 min, total idle time = 189 min

Student 83 departed at 01:52 PM
Student 84 arrived at 01:50 PM and started service at 01:52 PM in counter 2
Student 82 departed at 01:54 PM
Student 85 arrived at 01:51 PM and started service at 01:54 PM in counter 2
Student 84 departed at 01:56 PM
Student 85 departed at 01:56 PM
Student 86 arrived at 01:52 PM and started service at 01:56 PM in counter 1

Counters were idle for 1 min, total idle time = 190 min

Student 87 arrived at 01:57 PM and started service at 01:57 PM in counter 2
Student 86 departed at 01:58 PM

Counters were idle for 1 min, total idle time = 191 min

Student 88 arrived at 01:59 PM and started service at 01:59 PM in counter 2
Student 87 departed at 02:01 PM
Student 88 departed at 02:01 PM

Counters were idle for 1 min, total idle time = 192 min

Student 89 arrived at 02:02 PM and started service at 02:02 PM in counter 1
Student 89 departed at 02:03 PM

Counters were idle for 6 min, total idle time = 198 min

Student 90 arrived at 02:09 PM and started service at 02:09 PM in counter 1
Student 91 arrived at 02:10 PM and started service at 02:10 PM in counter 2
Student 90 departed at 02:11 PM

Counters were idle for 1 min, total idle time = 199 min

Student 92 arrived at 02:12 PM and started service at 02:12 PM in counter 2
Student 91 departed at 02:12 PM

Counters were idle for 1 min, total idle time = 200 min

Student 93 arrived at 02:13 PM and started service at 02:13 PM in counter 2
Student 92 departed at 02:15 PM
Student 94 arrived at 02:15 PM and started service at 02:15 PM in counter 2

Counters were idle for 2 min, total idle time = 202 min

Student 93 departed at 02:17 PM
Student 95 arrived at 02:17 PM and started service at 02:17 PM in counter 2

Counters were idle for 1 min, total idle time = 203 min

Student 94 departed at 02:20 PM
Student 95 departed at 02:20 PM
Student 96 arrived at 02:18 PM and started service at 02:20 PM in counter 1
Student 96 departed at 02:21 PM

Counters were idle for 2 min, total idle time = 205 min

Student 97 arrived at 02:23 PM and started service at 02:23 PM in counter 1
Student 97 departed at 02:27 PM

Counters were idle for 1 min, total idle time = 206 min

Student 98 arrived at 02:28 PM and started service at 02:28 PM in counter 1
Student 99 arrived at 02:30 PM and started service at 02:30 PM in counter 2
Student 98 departed at 02:30 PM
Student 99 departed at 02:31 PM

Counters were idle for 4 min, total idle time = 210 min

Student 100 arrived at 02:35 PM and started service at 02:35 PM in counter 1
Student 101 arrived at 02:37 PM and started service at 02:37 PM in counter 2
Student 101 departed at 02:39 PM
Student 102 arrived at 02:38 PM and started service at 02:39 PM in counter 2
Student 100 departed at 02:40 PM

Counters were idle for 1 min, total idle time = 211 min

Student 103 arrived at 02:41 PM and started service at 02:41 PM in counter 2
Student 102 departed at 02:43 PM
Student 104 arrived at 02:43 PM and started service at 02:43 PM in counter 2
Student 104 departed at 02:44 PM

Counters were idle for 1 min, total idle time = 212 min

Student 103 departed at 02:45 PM
Student 105 arrived at 02:45 PM and started service at 02:45 PM in counter 1

Counters were idle for 2 min, total idle time = 214 min

Student 106 arrived at 02:47 PM and started service at 02:47 PM in counter 2
Student 105 departed at 02:49 PM
Student 106 departed at 02:49 PM

Counters were idle for 6 min, total idle time = 220 min

Student 107 arrived at 02:55 PM and started service at 02:55 PM in counter 1
Student 108 arrived at 02:57 PM and started service at 02:57 PM in counter 2
Student 107 departed at 03:00 PM
Student 108 departed at 03:00 PM
Student 109 arrived at 02:58 PM and started service at 03:00 PM in counter 2
Student 110 arrived at 02:59 PM and started service at 03:00 PM in counter 2

Counters were idle for 4 min, total idle time = 224 min

Student 109 departed at 03:04 PM
Student 110 departed at 03:04 PM
Student 111 arrived at 03:00 PM and started service at 03:04 PM in counter 2
Student 112 arrived at 03:04 PM and started service at 03:04 PM in counter 2
Student 112 departed at 03:05 PM

Counters were idle for 3 min, total idle time = 227 min

Student 113 arrived at 03:08 PM and started service at 03:08 PM in counter 2
Student 111 departed at 03:08 PM

Counters were idle for 1 min, total idle time = 228 min

Student 114 arrived at 03:09 PM and started service at 03:09 PM in counter 2
Student 113 departed at 03:11 PM
Student 114 departed at 03:12 PM

Counters were idle for 3 min, total idle time = 231 min

Student 115 arrived at 03:15 PM and started service at 03:15 PM in counter 1
Student 116 arrived at 03:16 PM and started service at 03:16 PM in counter 2
Student 116 departed at 03:17 PM
Student 117 arrived at 03:17 PM and started service at 03:17 PM in counter 2

Counters were idle for 3 min, total idle time = 234 min

Student 115 departed at 03:20 PM
Student 118 arrived at 03:20 PM and started service at 03:20 PM in counter 2
Student 117 departed at 03:22 PM

Counters were idle for 2 min, total idle time = 236 min

Student 119 arrived at 03:24 PM and started service at 03:24 PM in counter 2
Student 118 departed at 03:24 PM

Counters were idle for 2 min, total idle time = 238 min

Student 120 arrived at 03:26 PM and started service at 03:26 PM in counter 2
Student 119 departed at 03:28 PM
Student 121 arrived at 03:28 PM and started service at 03:28 PM in counter 2
Student 120 departed at 03:30 PM

Counters were idle for 2 min, total idle time = 240 min

Student 122 arrived at 03:32 PM and started service at 03:32 PM in counter 2
Student 121 departed at 03:33 PM
Student 123 arrived at 03:33 PM and started service at 03:33 PM in counter 2
Student 123 departed at 03:34 PM
Student 122 departed at 03:35 PM

Counters were idle for 5 min, total idle time = 245 min

Student 124 arrived at 03:40 PM and started service at 03:40 PM in counter 1
Student 125 arrived at 03:41 PM and started service at 03:41 PM in counter 2
Student 124 departed at 03:41 PM

Counters were idle for 1 min, total idle time = 246 min

Student 126 arrived at 03:42 PM and started service at 03:42 PM in counter 2
Student 125 departed at 03:45 PM
Student 126 departed at 03:47 PM

Counters were idle for 3 min, total idle time = 249 min

Student 127 arrived at 03:50 PM and started service at 03:50 PM in counter 1
Student 128 arrived at 03:52 PM and started service at 03:52 PM in counter 2
Student 128 departed at 03:53 PM

Counters were idle for 2 min, total idle time = 251 min

Student 127 departed at 03:55 PM
Student 129 arrived at 03:55 PM and started service at 03:55 PM in counter 1
Student 129 departed at 03:58 PM

Counters were idle for 1 min, total idle time = 252 min

Student 130 arrived at 03:59 PM and started service at 03:59 PM in counter 1
Student 131 arrived at 04:02 PM and started service at 04:02 PM in counter 2
Student 130 departed at 04:04 PM
Student 131 departed at 04:04 PM
Student 132 arrived at 04:03 PM and started service at 04:04 PM in counter 1

Counters were idle for 2 min, total idle time = 254 min

Student 133 arrived at 04:06 PM and started service at 04:06 PM in counter 2
Student 133 departed at 04:07 PM
Student 134 arrived at 04:07 PM and started service at 04:07 PM in counter 2

Counters were idle for 1 min, total idle time = 255 min

Student 134 departed at 04:08 PM
Student 135 arrived at 04:08 PM and started service at 04:08 PM in counter 2

Counters were idle for 1 min, total idle time = 256 min

Student 132 departed at 04:09 PM
Student 136 arrived at 04:09 PM and started service at 04:09 PM in counter 2
Student 135 departed at 04:12 PM

Counters were idle for 1 min, total idle time = 257 min

Student 137 arrived at 04:13 PM and started service at 04:13 PM in counter 2
Student 136 departed at 04:13 PM
Student 137 departed at 04:14 PM

Counters were idle for 6 min, total idle time = 263 min

Student 138 arrived at 04:20 PM and started service at 04:20 PM in counter 1
Student 138 departed at 04:21 PM

Counters were idle for 21 min, total idle time = 284 min

Student 139 arrived at 04:42 PM and started service at 04:42 PM in counter 1
Student 139 departed at 04:45 PM

Counters were idle for 6 min, total idle time = 290 min

Student 140 arrived at 04:51 PM and started service at 04:51 PM in counter 1
Student 141 arrived at 04:53 PM and started service at 04:53 PM in counter 2
Student 140 departed at 04:56 PM
Student 141 departed at 04:56 PM

Counters were idle for 8 min, total idle time = 298 min

Student 142 arrived at 05:04 PM and started service at 05:04 PM in counter 1
Student 143 arrived at 05:05 PM and started service at 05:05 PM in counter 2
Student 142 departed at 05:06 PM
Student 143 departed at 05:09 PM

Counters were idle for 1 min, total idle time = 299 min

Student 144 arrived at 05:10 PM and started service at 05:10 PM in counter 1
Student 145 arrived at 05:15 PM and started service at 05:15 PM in counter 2
Student 144 departed at 05:15 PM
Student 145 departed at 05:16 PM

Counters were idle for 14 min, total idle time = 313 min

Student 146 arrived at 05:30 PM and started service at 05:30 PM in counter 1
Student 146 departed at 05:33 PM

Counters were idle for 5 min, total idle time = 318 min

Student 147 arrived at 05:38 PM and started service at 05:38 PM in counter 1
Student 148 arrived at 05:39 PM and started service at 05:39 PM in counter 2
Student 148 departed at 05:42 PM

Counters were idle for 1 min, total idle time = 319 min

Student 147 departed at 05:43 PM
Student 149 arrived at 05:43 PM and started service at 05:43 PM in counter 1
Student 149 departed at 05:45 PM

Counters were idle for 1 min, total idle time = 320 min

Student 150 arrived at 05:46 PM and started service at 05:46 PM in counter 1
Student 150 departed at 05:50 PM

Counters were idle for 12 min, total idle time = 332 min

Student 151 arrived at 06:02 PM and started service at 06:02 PM in counter 1
Student 151 departed at 06:03 PM

Counters were idle for 3 min, total idle time = 335 min

Student 152 arrived at 06:06 PM and started service at 06:06 PM in counter 1
Student 152 departed at 06:07 PM

Counters were idle for 10 min, total idle time = 345 min

Student 153 arrived at 06:17 PM and started service at 06:17 PM in counter 1
Student 154 arrived at 06:21 PM and started service at 06:21 PM in counter 2
Student 153 departed at 06:21 PM

Counters were idle for 2 min, total idle time = 347 min

Student 155 arrived at 06:23 PM and started service at 06:23 PM in counter 2
Student 154 departed at 06:24 PM
Student 156 arrived at 06:24 PM and started service at 06:24 PM in counter 2
Student 155 departed at 06:26 PM
Student 156 departed at 06:26 PM

Counters were idle for 17 min, total idle time = 364 min

Student 157 arrived at 06:43 PM and started service at 06:43 PM in counter 1
Student 158 arrived at 06:45 PM and started service at 06:45 PM in counter 2
Student 157 departed at 06:48 PM
Student 158 departed at 06:48 PM

Counters were idle for 9 min, total idle time = 373 min

Student 159 arrived at 06:57 PM and started service at 06:57 PM in counter 1
Student 159 departed at 07:00 PM

Counters were idle for 3 min, total idle time = 376 min

Student 160 arrived at 07:03 PM and started service at 07:03 PM in counter 1
Student 160 departed at 07:05 PM

Counters were idle for 5 min, total idle time = 381 min

Student 161 arrived at 07:10 PM and started service at 07:10 PM in counter 1
Student 161 departed at 07:15 PM

Counters were idle for 1 min, total idle time = 382 min

Student 162 arrived at 07:16 PM and started service at 07:16 PM in counter 1
Student 162 departed at 07:19 PM

Counters were idle for 7 min, total idle time = 389 min

Student 163 arrived at 07:26 PM and started service at 07:26 PM in counter 1
Student 163 departed at 07:31 PM

Counters were idle for 3 min, total idle time = 392 min

Student 164 arrived at 07:34 PM and started service at 07:34 PM in counter 1
Student 164 departed at 07:39 PM

Counters were idle for 8 min, total idle time = 400 min

Student 165 arrived at 07:47 PM and started service at 07:47 PM in counter 1
Student 165 departed at 07:50 PM

Counters were idle for 7 min, total idle time = 407 min

Student 166 arrived at 07:57 PM and started service at 07:57 PM in counter 1
Student 166 departed at 08:01 PM

Counters were idle for 7 min, total idle time = 414 min

Student 167 arrived at 08:08 PM and started service at 08:08 PM in counter 1
Student 167 departed at 08:11 PM

Counters were idle for 25 min, total idle time = 439 min

Student 168 arrived at 08:36 PM and started service at 08:36 PM in counter 1
Student 168 departed at 08:37 PM

Counters were idle for 7 min, total idle time = 446 min

Student 169 arrived at 08:44 PM and started service at 08:44 PM in counter 1
Student 169 departed at 08:46 PM

Counters were idle for 1 min, total idle time = 447 min

Student 170 arrived at 08:47 PM and started service at 08:47 PM in counter 1
Student 170 departed at 08:51 PM

Counters were idle for 3 min, total idle time = 450 min

Student 171 arrived at 08:54 PM and started service at 08:54 PM in counter 1
Student 171 departed at 08:58 PM

Counters were idle for 2 min, total idle time = 452 min

Student 172 arrived at 09:00 PM and started service at 09:00 PM in counter 1
Student 173 arrived at 09:01 PM and started service at 09:01 PM in counter 2
Student 172 departed at 09:02 PM

Counters were idle for 4 min, total idle time = 456 min

Student 174 arrived at 09:06 PM and started service at 09:06 PM in counter 2
Student 173 departed at 09:06 PM
Student 174 departed at 09:08 PM

Counters were idle for 7 min, total idle time = 463 min

Student 175 arrived at 09:15 PM and started service at 09:15 PM in counter 1
Student 175 departed at 09:18 PM

Counters were idle for 5 min, total idle time = 468 min

Student 176 arrived at 09:23 PM and started service at 09:23 PM in counter 1
Student 176 departed at 09:24 PM

Counters were idle for 11 min, total idle time = 479 min

Student 177 arrived at 09:35 PM and started service at 09:35 PM in counter 1
Student 177 departed at 09:36 PM

Counters were idle for 1 min, total idle time = 480 min

Student 178 arrived at 09:37 PM and started service at 09:37 PM in counter 1
Student 178 departed at 09:39 PM

Counters were idle for 2 min, total idle time = 482 min

Student 179 arrived at 09:41 PM and started service at 09:41 PM in counter 1
Student 179 departed at 09:43 PM

Counters were idle for 7 min, total idle time = 489 min

Student 180 arrived at 09:50 PM and started service at 09:50 PM in counter 1
Student 180 departed at 09:51 PM

Counters were idle for 7 min, total idle time = 496 min

Student 181 arrived at 09:58 PM and started service at 09:58 PM in counter 1
