Student 1 arrived at 08:00 AM and started service at 08:00 AM in counter 1
Student 1 departed at 08:01 AM

Counters were idle for 5 min, total idle time = 5 min

Student 2 arrived at 08:06 AM and started service at 08:06 AM in counter 1
Student 2 departed at 08:08 AM

Counters were idle for 2 min, total idle time = 7 min

Student 3 arrived at 08:10 AM and started service at 08:10 AM in counter 1
Student 3 departed at 08:14 AM

Counters were idle for 8 min, total idle time = 15 min

Student 4 arrived at 08:22 AM and started service at 08:22 AM in counter 1
Student 5 arrived at 08:27 AM and started service at 08:27 AM in counter 2
Student 4 departed at 08:27 AM
Student 5 departed at 08:29 AM

Counters were idle for 3 min, total idle time = 18 min

Student 6 arrived at 08:32 AM and started service at 08:32 AM in counter 1
Student 7 arrived at 08:33 AM and started service at 08:33 AM in counter 2
Student 6 departed at 08:34 AM

Counters were idle for 4 min, total idle time = 22 min

Student 8 arrived at 08:38 AM and started service at 08:38 AM in counter 2
Student 7 departed at 08:38 AM
Student 8 departed at 08:41 AM

Counters were idle for 14 min, total idle time = 36 min

Student 9 arrived at 08:55 AM and started service at 08:55 AM in counter 1
Student 9 departed at 08:59 AM

Counters were idle for 1 min, total idle time = 37 min

Student 10 arrived at 09:00 AM and started service at 09:00 AM in counter 1
Student 10 departed at 09:01 AM

Counters were idle for 9 min, total idle time = 46 min

Student 11 arrived at 09:10 AM and started service at 09:10 AM in counter 1
Student 11 departed at 09:12 AM

Counters were idle for 6 min, total idle time = 52 min

Student 12 arrived at 09:18 AM and started service at 09:18 AM in counter 1
Student 12 departed at 09:19 AM

Counters were idle for 10 min, total idle time = 62 min

Student 13 arrived at 09:29 AM and started service at 09:29 AM in counter 1
Student 14 arrived at 09:31 AM and started service at 09:31 AM in counter 2
Student 13 departed at 09:33 AM
Student 15 arrived at 09:33 AM and started service at 09:33 AM in counter 2
Student 15 departed at 09:34 AM
Student 14 departed at 09:35 AM

Counters were idle for 3 min, total idle time = 65 min

Student 16 arrived at 09:38 AM and started service at 09:38 AM in counter 1
Student 17 arrived at 09:40 AM and started service at 09:40 AM in counter 2
Student 16 departed at 09:40 AM
Student 17 departed at 09:44 AM

Counters were idle for 14 min, total idle time = 79 min

Student 18 arrived at 09:58 AM and started service at 09:58 AM in counter 1
Student 19 arrived at 09:59 AM and started service at 09:59 AM in counter 2
Student 18 departed at 10:02 AM
Student 19 departed at 10:02 AM

Counters were idle for 3 min, total idle time = 82 min

Student 20 arrived at 10:05 AM and started service at 10:05 AM in counter 1
Student 21 arrived at 10:06 AM and started service at 10:06 AM in counter 2
Student 21 departed at 10:07 AM

Counters were idle for 1 min, total idle time = 83 min

Student 22 arrived at 10:08 AM and started service at 10:08 AM in counter 2
Student 20 departed at 10:09 AM
Student 22 departed at 10:13 AM

Counters were idle for 2 min, total idle time = 85 min

Student 23 arrived at 10:15 AM and started service at 10:15 AM in counter 1
Student 24 arrived at 10:16 AM and started service at 10:16 AM in counter 2
Student 23 departed at 10:19 AM
Student 24 departed at 10:19 AM
Student 25 arrived at 10:19 AM and started service at 10:19 AM in counter 1

Counters were idle for 2 min, total idle time = 87 min

Student 26 arrived at 10:21 AM and started service at 10:21 AM in counter 2
Student 25 departed at 10:22 AM
Student 27 arrived at 10:22 AM and started service at 10:22 AM in counter 2
Student 27 departed at 10:23 AM

Counters were idle for 2 min, total idle time = 89 min

Student 26 departed at 10:25 AM
Student 28 arrived at 10:25 AM and started service at 10:25 AM in counter 1
Student 28 departed at 10:27 AM

Counters were idle for 3 min, total idle time = 92 min

Student 29 arrived at 10:30 AM and started service at 10:30 AM in counter 1
Student 29 departed at 10:32 AM

Counters were idle for 6 min, total idle time = 98 min

Student 30 arrived at 10:38 AM and started service at 10:38 AM in counter 1
Student 31 arrived at 10:39 AM and started service at 10:39 AM in counter 2
Student 30 departed at 10:41 AM
Student 31 departed at 10:42 AM

Counters were idle for 5 min, total idle time = 103 min

Student 32 arrived at 10:47 AM and started service at 10:47 AM in counter 1
Student 33 arrived at 10:48 AM and started service at 10:48 AM in counter 2
Student 32 departed at 10:48 AM

Counters were idle for 1 min, total idle time = 104 min

Student 34 arrived at 10:49 AM and started service at 10:49 AM in counter 2
Student 33 departed at 10:49 AM

Counters were idle for 4 min, total idle time = 108 min

Student 35 arrived at 10:53 AM and started service at 10:53 AM in counter 2
Student 34 departed at 10:54 AM
Student 35 departed at 10:54 AM

Counters were idle for 9 min, total idle time = 117 min

Student 36 arrived at 11:03 AM and started service at 11:03 AM in counter 1
Student 37 arrived at 11:04 AM and started service at 11:04 AM in counter 2
Student 36 departed at 11:05 AM
Student 37 departed at 11:05 AM

Counters were idle for 1 min, total idle time = 118 min

Student 38 arrived at 11:06 AM and started service at 11:06 AM in counter 1
Student 38 departed at 11:07 AM

Counters were idle for 7 min, total idle time = 125 min

Student 39 arrived at 11:14 AM and started service at 11:14 AM in counter 1
Student 40 arrived at 11:15 AM and started service at 11:15 AM in counter 2
Student 40 departed at 11:16 AM
Student 39 departed at 11:18 AM

Counters were idle for 7 min, total idle time = 132 min

Student 41 arrived at 11:25 AM and started service at 11:25 AM in counter 1
Student 41 departed at 11:26 AM

Counters were idle for 2 min, total idle time = 134 min

Student 42 arrived at 11:28 AM and started service at 11:28 AM in counter 1
Student 43 arrived at 11:31 AM and started service at 11:31 AM in counter 2
Student 42 departed at 11:32 AM
Student 43 departed at 11:32 AM

Counters were idle for 4 min, total idle time = 138 min

Student 44 arrived at 11:36 AM and started service at 11:36 AM in counter 1
Student 45 arrived at 11:37 AM and started service at 11:37 AM in counter 2
Student 44 departed at 11:38 AM

Counters were idle for 1 min, total idle time = 139 min

Student 46 arrived at 11:39 AM and started service at 11:39 AM in counter 2
Student 45 departed at 11:40 AM
Student 46 departed at 11:43 AM

Counters were idle for 1 min, total idle time = 140 min

Student 47 arrived at 11:44 AM and started service at 11:44 AM in counter 1
Student 47 departed at 11:47 AM

Counters were idle for 10 min, total idle time = 150 min

Student 48 arrived at 11:57 AM and started service at 11:57 AM in counter 1
Student 49 arrived at 11:58 AM and started service at 11:58 AM in counter 2
Student 48 departed at 12:00 PM

Counters were idle for 1 min, total idle time = 151 min

Student 50 arrived at 12:01 PM and started service at 12:01 PM in counter 2
Student 49 departed at 12:03 PM
Student 50 departed at 12:03 PM
Student 51 arrived at 12:03 PM and started service at 12:03 PM in counter 1

Counters were idle for 1 min, total idle time = 152 min

Student 52 arrived at 12:04 PM and started service at 12:04 PM in counter 2
Student 51 departed at 12:04 PM

Counters were idle for 2 min, total idle time = 154 min

Student 53 arrived at 12:06 PM and started service at 12:06 PM in counter 2
Student 52 departed at 12:07 PM

Counters were idle for 2 min, total idle time = 156 min

Student 54 arrived at 12:09 PM and started service at 12:09 PM in counter 2
Student 53 departed at 12:11 PM
Student 54 departed at 12:12 PM

Counters were idle for 5 min, total idle time = 161 min

Student 55 arrived at 12:17 PM and started service at 12:17 PM in counter 1
Student 56 arrived at 12:18 PM and started service at 12:18 PM in counter 2
Student 55 departed at 12:19 PM
Student 57 arrived at 12:19 PM and started service at 12:19 PM in counter 2
Student 56 departed at 12:23 PM
Student 57 departed at 12:24 PM

Counters were idle for 3 min, total idle time = 164 min

Student 58 arrived at 12:27 PM and started service at 12:27 PM in counter 1
Student 59 arrived at 12:28 PM and started service at 12:28 PM in counter 2
Student 59 departed at 12:29 PM
Student 58 departed at 12:31 PM

Counters were idle for 6 min, total idle time = 170 min

Student 60 arrived at 12:37 PM and started service at 12:37 PM in counter 1
Student 61 arrived at 12:39 PM and started service at 12:39 PM in counter 2
Student 60 departed at 12:39 PM
Student 61 departed at 12:41 PM

Counters were idle for 2 min, total idle time = 172 min

Student 62 arrived at 12:43 PM and started service at 12:43 PM in counter 1
Student 63 arrived at 12:44 PM and started service at 12:44 PM in counter 2
Student 62 departed at 12:44 PM

Counters were idle for 3 min, total idle time = 175 min

Student 64 arrived at 12:47 PM and started service at 12:47 PM in counter 2
Student 63 departed at 12:47 PM
Student 64 departed at 12:48 PM

Counters were idle for 2 min, total idle time = 177 min

Student 65 arrived at 12:50 PM and started service at 12:50 PM in counter 1
Student 66 arrived at 12:52 PM and started service at 12:52 PM in counter 2
Student 66 departed at 12:53 PM

Counters were idle for 1 min, total idle time = 178 min

Student 67 arrived at 12:54 PM and started service at 12:54 PM in counter 2
Student 65 departed at 12:55 PM

Counters were idle for 2 min, total idle time = 180 min

Student 68 arrived at 12:57 PM and started service at 12:57 PM in counter 2
Student 67 departed at 12:58 PM

Counters were idle for 2 min, total idle time = 182 min

Student 69 arrived at 01:00 PM and started service at 01:00 PM in counter 2
Student 68 departed at 01:01 PM

Counters were idle for 1 min, total idle time = 183 min

Student 70 arrived at 01:02 PM and started service at 01:02 PM in counter 2
Student 70 departed at 01:03 PM

Counters were idle for 1 min, total idle time = 184 min

Student 71 arrived at 01:04 PM and started service at 01:04 PM in counter 2
Student 69 departed at 01:05 PM

Counters were idle for 1 min, total idle time = 185 min

Student 72 arrived at 01:06 PM and started service at 01:06 PM in counter 2
Student 71 departed at 01:06 PM
Student 72 departed at 01:08 PM

Counters were idle for 1 min, total idle time = 186 min

Student 73 arrived at 01:09 PM and started service at 01:09 PM in counter 1
Student 74 arrived at 01:10 PM and started service at 01:10 PM in counter 2
Student 73 departed at 01:14 PM
Student 75 arrived at 01:12 PM and started service at 01:14 PM in counter 2
Student 74 departed at 01:15 PM
Student 75 departed at 01:18 PM

Counters were idle for 6 min, total idle time = 192 min

Student 76 arrived at 01:24 PM and started service at 01:24 PM in counter 1
Student 77 arrived at 01:26 PM and started service at 01:26 PM in counter 2
Student 76 departed at 01:29 PM
Student 78 arrived at 01:28 PM and started service at 01:29 PM in counter 2

Counters were idle for 1 min, total idle time = 193 min

Student 77 departed at 01:30 PM
Student 79 arrived at 01:29 PM and started service at 01:30 PM in counter 2

Counters were idle for 1 min, total idle time = 194 min

Student 78 departed at 01:32 PM
Student 80 arrived at 01:30 PM and started service at 01:32 PM in counter 2

Counters were idle for 1 min, total idle time = 195 min

Student 79 departed at 01:33 PM
Student 80 departed at 01:33 PM
Student 81 arrived at 01:31 PM and started service at 01:33 PM in counter 2
Student 82 arrived at 01:33 PM and started service at 01:33 PM in counter 2

Counters were idle for 3 min, total idle time = 198 min

Student 82 departed at 01:36 PM
Student 83 arrived at 01:36 PM and started service at 01:36 PM in counter 2

Counters were idle for 2 min, total idle time = 200 min

Student 81 departed at 01:38 PM
Student 84 arrived at 01:38 PM and started service at 01:38 PM in counter 2
Student 83 departed at 01:39 PM
Student 84 departed at 01:39 PM

Counters were idle for 2 min, total idle time = 202 min

Student 85 arrived at 01:41 PM and started service at 01:41 PM in counter 1
Student 85 departed at 01:44 PM

Counters were idle for 5 min, total idle time = 207 min

Student 86 arrived at 01:49 PM and started service at 01:49 PM in counter 1
Student 87 arrived at 01:51 PM and started service at 01:51 PM in counter 2
Student 86 departed at 01:51 PM

Counters were idle for 3 min, total idle time = 210 min

Student 88 arrived at 01:54 PM and started service at 01:54 PM in counter 2
Student 87 departed at 01:55 PM
Student 89 arrived at 01:55 PM and started service at 01:55 PM in counter 2
Student 88 departed at 01:56 PM

Counters were idle for 2 min, total idle time = 212 min

Student 90 arrived at 01:58 PM and started service at 01:58 PM in counter 2
Student 89 departed at 01:58 PM
Student 90 departed at 02:01 PM

Counters were idle for 9 min, total idle time = 221 min

Student 91 arrived at 02:10 PM and started service at 02:10 PM in counter 1
Student 92 arrived at 02:12 PM and started service at 02:12 PM in counter 2
Student 91 departed at 02:12 PM

Counters were idle for 1 min, total idle time = 222 min

Student 93 arrived at 02:13 PM and started service at 02:13 PM in counter 2
Student 92 departed at 02:14 PM
Student 93 departed at 02:14 PM

Counters were idle for 2 min, total idle time = 224 min

Student 94 arrived at 02:16 PM and started service at 02:16 PM in counter 1
Student 95 arrived at 02:17 PM and started service at 02:17 PM in counter 2
Student 94 departed at 02:21 PM
Student 96 arrived at 02:19 PM and started service at 02:21 PM in counter 2
Student 95 departed at 02:22 PM
Student 97 arrived at 02:20 PM and started service at 02:22 PM in counter 2

Counters were idle for 2 min, total idle time = 226 min

Student 96 departed at 02:25 PM
Student 97 departed at 02:25 PM
Student 98 arrived at 02:24 PM and started service at 02:25 PM in counter 1

Counters were idle for 1 min, total idle time = 227 min

Student 99 arrived at 02:26 PM and started service at 02:26 PM in counter 2
Student 98 departed at 02:29 PM
Student 100 arrived at 02:29 PM and started service at 02:29 PM in counter 2

Counters were idle for 1 min, total idle time = 228 min

Student 100 departed at 02:30 PM
Student 101 arrived at 02:30 PM and started service at 02:30 PM in counter 2

Counters were idle for 1 min, total idle time = 229 min

Student 99 departed at 02:31 PM
Student 102 arrived at 02:31 PM and started service at 02:31 PM in counter 2

Counters were idle for 2 min, total idle time = 231 min

Student 101 departed at 02:35 PM
Student 103 arrived at 02:33 PM and started service at 02:35 PM in counter 2

Counters were idle for 1 min, total idle time = 232 min

Student 102 departed at 02:36 PM
Student 104 arrived at 02:36 PM and started service at 02:36 PM in counter 2
Student 104 departed at 02:37 PM

Counters were idle for 2 min, total idle time = 234 min

Student 103 departed at 02:39 PM
Student 105 arrived at 02:39 PM and started service at 02:39 PM in counter 1

Counters were idle for 3 min, total idle time = 237 min

Student 106 arrived at 02:42 PM and started service at 02:42 PM in counter 2
Student 105 departed at 02:43 PM
Student 107 arrived at 02:43 PM and started service at 02:43 PM in counter 2
Student 107 departed at 02:44 PM
Student 106 departed at 02:45 PM

Counters were idle for 2 min, total idle time = 239 min

Student 108 arrived at 02:47 PM and started service at 02:47 PM in counter 1
Student 109 arrived at 02:48 PM and started service at 02:48 PM in counter 2
Student 108 departed at 02:50 PM
Student 109 departed at 02:50 PM

Counters were idle for 3 min, total idle time = 242 min

Student 110 arrived at 02:53 PM and started service at 02:53 PM in counter 1
Student 111 arrived at 02:54 PM and started service at 02:54 PM in counter 2
Student 110 departed at 02:54 PM
Student 111 departed at 02:56 PM

Counters were idle for 1 min, total idle time = 243 min

Student 112 arrived at 02:57 PM and started service at 02:57 PM in counter 1
Student 113 arrived at 02:58 PM and started service at 02:58 PM in counter 2
Student 112 departed at 03:02 PM
Student 113 departed at 03:02 PM
Student 114 arrived at 03:02 PM and started service at 03:02 PM in counter 1

Counters were idle for 1 min, total idle time = 244 min

Student 115 arrived at 03:03 PM and started service at 03:03 PM in counter 2
Student 114 departed at 03:06 PM
Student 116 arrived at 03:06 PM and started service at 03:06 PM in counter 2

Counters were idle for 1 min, total idle time = 245 min

Student 115 departed at 03:07 PM
Student 116 departed at 03:07 PM
Student 117 arrived at 03:07 PM and started service at 03:07 PM in counter 1
Student 117 departed at 03:09 PM

Counters were idle for 4 min, total idle time = 249 min

Student 118 arrived at 03:13 PM and started service at 03:13 PM in counter 1
Student 118 departed at 03:15 PM

Counters were idle for 2 min, total idle time = 251 min

Student 119 arrived at 03:17 PM and started service at 03:17 PM in counter 1
Student 120 arrived at 03:19 PM and started service at 03:19 PM in counter 2
Student 120 departed at 03:20 PM
Student 119 departed at 03:21 PM

Counters were idle for 1 min, total idle time = 252 min

Student 121 arrived at 03:22 PM and started service at 03:22 PM in counter 1
Student 122 arrived at 03:23 PM and started service at 03:23 PM in counter 2
Student 122 departed at 03:24 PM

Counters were idle for 1 min, total idle time = 253 min

Student 123 arrived at 03:25 PM and started service at 03:25 PM in counter 2
Student 121 departed at 03:26 PM
Student 123 departed at 03:26 PM

Counters were idle for 9 min, total idle time = 262 min

Student 124 arrived at 03:35 PM and started service at 03:35 PM in counter 1
Student 124 departed at 03:38 PM

Counters were idle for 2 min, total idle time = 264 min

Student 125 arrived at 03:40 PM and started service at 03:40 PM in counter 1
Student 126 arrived at 03:41 PM and started service at 03:41 PM in counter 2
Student 125 departed at 03:42 PM
Student 126 departed at 03:46 PM

Counters were idle for 3 min, total idle time = 267 min

Student 127 arrived at 03:49 PM and started service at 03:49 PM in counter 1
Student 127 departed at 03:50 PM

Counters were idle for 1 min, total idle time = 268 min

Student 128 arrived at 03:51 PM and started service at 03:51 PM in counter 1
Student 129 arrived at 03:53 PM and started service at 03:53 PM in counter 2
Student 128 departed at 03:53 PM

Counters were idle for 1 min, total idle time = 269 min

Student 130 arrived at 03:54 PM and started service at 03:54 PM in counter 2
Student 129 departed at 03:57 PM
Student 130 departed at 03:57 PM
Student 131 arrived at 03:56 PM and started service at 03:57 PM in counter 1

Counters were idle for 1 min, total idle time = 270 min

Student 132 arrived at 03:58 PM and started service at 03:58 PM in counter 2
Student 131 departed at 04:00 PM
Student 132 departed at 04:01 PM

Counters were idle for 1 min, total idle time = 271 min

Student 133 arrived at 04:02 PM and started service at 04:02 PM in counter 1
Student 134 arrived at 04:03 PM and started service at 04:03 PM in counter 2
Student 133 departed at 04:06 PM
Student 134 departed at 04:07 PM

Counters were idle for 2 min, total idle time = 273 min

Student 135 arrived at 04:09 PM and started service at 04:09 PM in counter 1
Student 135 departed at 04:14 PM

Counters were idle for 3 min, total idle time = 276 min

Student 136 arrived at 04:17 PM and started service at 04:17 PM in counter 1
Student 136 departed at 04:18 PM

Counters were idle for 3 min, total idle time = 279 min

Student 137 arrived at 04:21 PM and started service at 04:21 PM in counter 1
Student 138 arrived at 04:22 PM and started service at 04:22 PM in counter 2
Student 138 departed at 04:24 PM
Student 139 arrived at 04:23 PM and started service at 04:24 PM in counter 2
Student 139 departed at 04:25 PM
Student 137 departed at 04:26 PM

Counters were idle for 1 min, total idle time = 280 min

Student 140 arrived at 04:27 PM and started service at 04:27 PM in counter 1
Student 140 departed at 04:30 PM

Counters were idle for 2 min, total idle time = 282 min

Student 141 arrived at 04:32 PM and started service at 04:32 PM in counter 1
Student 142 arrived at 04:33 PM and started service at 04:33 PM in counter 2
Student 141 departed at 04:33 PM
Student 142 departed at 04:34 PM

Counters were idle for 4 min, total idle time = 286 min

Student 143 arrived at 04:38 PM and started service at 04:38 PM in counter 1
Student 143 departed at 04:40 PM

Counters were idle for 3 min, total idle time = 289 min

Student 144 arrived at 04:43 PM and started service at 04:43 PM in counter 1
Student 144 departed at 04:45 PM

Counters were idle for 7 min, total idle time = 296 min

Student 145 arrived at 04:52 PM and started service at 04:52 PM in counter 1
Student 145 departed at 04:54 PM

Counters were idle for 4 min, total idle time = 300 min

Student 146 arrived at 04:58 PM and started service at 04:58 PM in counter 1
Student 146 departed at 04:59 PM

Counters were idle for 4 min, total idle time = 304 min

Student 147 arrived at 05:03 PM and started service at 05:03 PM in counter 1
Student 148 arrived at 05:06 PM and started service at 05:06 PM in counter 2
Student 147 departed at 05:07 PM
Student 148 departed at 05:11 PM

Counters were idle for 12 min, total idle time = 316 min

Student 149 arrived at 05:23 PM and started service at 05:23 PM in counter 1
Student 149 departed at 05:25 PM

Counters were idle for 1 min, total idle time = 317 min

Student 150 arrived at 05:26 PM and started service at 05:26 PM in counter 1
Student 150 departed at 05:28 PM

Counters were idle for 1 min, total idle time = 318 min

Student 151 arrived at 05:29 PM and started service at 05:29 PM in counter 1
Student 151 departed at 05:30 PM

Counters were idle for 5 min, total idle time = 323 min

Student 152 arrived at 05:35 PM and started service at 05:35 PM in counter 1
Student 153 arrived at 05:36 PM and started service at 05:36 PM in counter 2
Student 153 departed at 05:38 PM
Student 152 departed at 05:40 PM

Counters were idle for 7 min, total idle time = 330 min

Student 154 arrived at 05:47 PM and started service at 05:47 PM in counter 1
Student 154 departed at 05:48 PM

Counters were idle for 4 min, total idle time = 334 min

Student 155 arrived at 05:52 PM and started service at 05:52 PM in counter 1
Student 156 arrived at 05:54 PM and started service at 05:54 PM in counter 2
Student 155 departed at 05:54 PM
Student 156 departed at 05:58 PM

Counters were idle for 7 min, total idle time = 341 min

Student 157 arrived at 06:05 PM and started service at 06:05 PM in counter 1
Student 158 arrived at 06:06 PM and started service at 06:06 PM in counter 2
Student 157 departed at 06:09 PM
Student 158 departed at 06:10 PM

Counters were idle for 3 min, total idle time = 344 min

Student 159 arrived at 06:13 PM and started service at 06:13 PM in counter 1
Student 160 arrived at 06:16 PM and started service at 06:16 PM in counter 2
Student 160 departed at 06:17 PM
Student 159 departed at 06:18 PM

Counters were idle for 2 min, total idle time = 346 min

Student 161 arrived at 06:20 PM and started service at 06:20 PM in counter 1
Student 162 arrived at 06:22 PM and started service at 06:22 PM in counter 2
Student 161 departed at 06:22 PM
Student 162 departed at 06:27 PM

Counters were idle for 4 min, total idle time = 350 min

Student 163 arrived at 06:31 PM and started service at 06:31 PM in counter 1
Student 163 departed at 06:32 PM

Counters were idle for 5 min, total idle time = 355 min

Student 164 arrived at 06:37 PM and started service at 06:37 PM in counter 1
Student 164 departed at 06:38 PM

Counters were idle for 1 min, total idle time = 356 min

Student 165 arrived at 06:39 PM and started service at 06:39 PM in counter 1
Student 165 departed at 06:42 PM

Counters were idle for 9 min, total idle time = 365 min

Student 166 arrived at 06:51 PM and started service at 06:51 PM in counter 1
Student 166 departed at 06:52 PM

Counters were idle for 2 min, total idle time = 367 min

Student 167 arrived at 06:54 PM and started service at 06:54 PM in counter 1
Student 168 arrived at 06:56 PM and started service at 06:56 PM in counter 2
Student 167 departed at 06:56 PM

Counters were idle for 3 min, total idle time = 370 min

Student 169 arrived at 06:59 PM and started service at 06:59 PM in counter 2
Student 168 departed at 07:01 PM
Student 170 arrived at 07:01 PM and started service at 07:01 PM in counter 2
Student 169 departed at 07:03 PM
Student 170 departed at 07:04 PM

Counters were idle for 19 min, total idle time = 389 min

Student 171 arrived at 07:23 PM and started service at 07:23 PM in counter 1
Student 171 departed at 07:26 PM

Counters were idle for 9 min, total idle time = 398 min

Student 172 arrived at 07:35 PM and started service at 07:35 PM in counter 1
Student 172 departed at 07:39 PM

Counters were idle for 4 min, total idle time = 402 min

Student 173 arrived at 07:43 PM and started service at 07:43 PM in counter 1
Student 174 arrived at 07:45 PM and started service at 07:45 PM in counter 2
Student 173 departed at 07:48 PM
Student 175 arrived at 07:48 PM and started service at 07:48 PM in counter 2
Student 174 departed at 07:49 PM
Student 175 departed at 07:53 PM

Counters were idle for 4 min, total idle time = 406 min

Student 176 arrived at 07:57 PM and started service at 07:57 PM in counter 1
Student 176 departed at 07:58 PM

Counters were idle for 4 min, total idle time = 410 min

Student 177 arrived at 08:02 PM and started service at 08:02 PM in counter 1
Student 178 arrived at 08:04 PM and started service at 08:04 PM in counter 2
Student 177 departed at 08:06 PM

Counters were idle for 1 min, total idle time = 411 min

Student 179 arrived at 08:07 PM and started service at 08:07 PM in counter 2
Student 178 departed at 08:07 PM
Student 179 departed at 08:11 PM

Counters were idle for 1 min, total idle time = 412 min

Student 180 arrived at 08:12 PM and started service at 08:12 PM in counter 1
Student 180 departed at 08:14 PM

Counters were idle for 34 min, total idle time = 446 min

Student 181 arrived at 08:48 PM and started service at 08:48 PM in counter 1
Student 182 arrived at 08:49 PM and started service at 08:49 PM in counter 2
Student 181 departed at 08:49 PM

Counters were idle for 4 min, total idle time = 450 min

Student 183 arrived at 08:53 PM and started service at 08:53 PM in counter 2
Student 182 departed at 08:54 PM
Student 183 departed at 08:56 PM

Counters were idle for 6 min, total idle time = 456 min

Student 184 arrived at 09:02 PM and started service at 09:02 PM in counter 1
Student 184 departed at 09:03 PM

Counters were idle for 38 min, total idle time = 494 min

Student 185 arrived at 09:41 PM and started service at 09:41 PM in counter 1
Student 185 departed at 09:45 PM

Counters were idle for 2 min, total idle time = 496 min

Student 186 arrived at 09:47 PM and started service at 09:47 PM in counter 1
Student 187 arrived at 09:49 PM and started service at 09:49 PM in counter 2
Student 186 departed at 09:52 PM
Student 187 departed at 09:53 PM
