Student 1 arrived at 08:00 AM and started service at 08:00 AM in counter 1
Student 1 departed at 08:01 AM

Counters were idle for 5 min, total idle time = 5 min

Student 2 arrived at 08:06 AM and started service at 08:06 AM in counter 1
Student 3 arrived at 08:07 AM and started service at 08:07 AM in counter 2
Student 2 departed at 08:07 AM
Student 3 departed at 08:09 AM

Counters were idle for 1 min, total idle time = 6 min

Student 4 arrived at 08:10 AM and started service at 08:10 AM in counter 1
Student 5 arrived at 08:11 AM and started service at 08:11 AM in counter 2
Student 4 departed at 08:14 AM
Student 6 arrived at 08:13 AM and started service at 08:14 AM in counter 2
Student 5 departed at 08:16 AM
Student 6 departed at 08:17 AM

Counters were idle for 7 min, total idle time = 13 min

Student 7 arrived at 08:24 AM and started service at 08:24 AM in counter 1
Student 7 departed at 08:25 AM

Counters were idle for 9 min, total idle time = 22 min

Student 8 arrived at 08:34 AM and started service at 08:34 AM in counter 1
Student 8 departed at 08:35 AM

Counters were idle for 1 min, total idle time = 23 min

Student 9 arrived at 08:36 AM and started service at 08:36 AM in counter 1
Student 10 arrived at 08:37 AM and started service at 08:37 AM in counter 2
Student 9 departed at 08:38 AM
Student 10 departed at 08:41 AM

Counters were idle for 3 min, total idle time = 26 min

Student 11 arrived at 08:44 AM and started service at 08:44 AM in counter 1
Student 11 departed at 08:45 AM

Counters were idle for 14 min, total idle time = 40 min

Student 12 arrived at 08:59 AM and started service at 08:59 AM in counter 1
Student 12 departed at 09:00 AM

Counters were idle for 1 min, total idle time = 41 min

Student 13 arrived at 09:01 AM and started service at 09:01 AM in counter 1
Student 14 arrived at 09:02 AM and started service at 09:02 AM in counter 2
Student 14 departed at 09:04 AM

Counters were idle for 2 min, total idle time = 43 min

Student 13 departed at 09:06 AM
Student 15 arrived at 09:06 AM and started service at 09:06 AM in counter 1
Student 15 departed at 09:09 AM

Counters were idle for 3 min, total idle time = 46 min

Student 16 arrived at 09:12 AM and started service at 09:12 AM in counter 1
Student 16 departed at 09:16 AM

Counters were idle for 8 min, total idle time = 54 min

Student 17 arrived at 09:24 AM and started service at 09:24 AM in counter 1
Student 18 arrived at 09:25 AM and started service at 09:25 AM in counter 2
Student 17 departed at 09:27 AM
Student 18 departed at 09:27 AM
Student 19 arrived at 09:26 AM and started service at 09:27 AM in counter 2
Student 20 arrived at 09:27 AM and started service at 09:27 AM in counter 2
Student 20 departed at 09:30 AM

Counters were idle for 1 min, total idle time = 55 min

Student 21 arrived at 09:31 AM and started service at 09:31 AM in counter 2
Student 19 departed at 09:32 AM
Student 21 departed at 09:34 AM

Counters were idle for 2 min, total idle time = 57 min

Student 22 arrived at 09:36 AM and started service at 09:36 AM in counter 1
Student 22 departed at 09:41 AM

Counters were idle for 8 min, total idle time = 65 min

Student 23 arrived at 09:49 AM and started service at 09:49 AM in counter 1
Student 23 departed at 09:52 AM

Counters were idle for 14 min, total idle time = 79 min

Student 24 arrived at 10:06 AM and started service at 10:06 AM in counter 1
Student 25 arrived at 10:08 AM and started service at 10:08 AM in counter 2
Student 25 departed at 10:10 AM
Student 26 arrived at 10:09 AM and started service at 10:10 AM in counter 2
Student 24 departed at 10:11 AM

Counters were idle for 2 min, total idle time = 81 min

Student 27 arrived at 10:13 AM and started service at 10:13 AM in counter 2
Student 26 departed at 10:14 AM

Counters were idle for 2 min, total idle time = 83 min

Student 28 arrived at 10:16 AM and started service at 10:16 AM in counter 2
Student 27 departed at 10:17 AM
Student 28 departed at 10:20 AM

Counters were idle for 1 min, total idle time = 84 min

Student 29 arrived at 10:21 AM and started service at 10:21 AM in counter 1
Student 29 departed at 10:22 AM

Counters were idle for 1 min, total idle time = 85 min

Student 30 arrived at 10:23 AM and started service at 10:23 AM in counter 1
Student 31 arrived at 10:27 AM and started service at 10:27 AM in counter 2
Student 30 departed at 10:28 AM
Student 31 departed at 10:31 AM

Counters were idle for 3 min, total idle time = 88 min

Student 32 arrived at 10:34 AM and started service at 10:34 AM in counter 1
Student 33 arrived at 10:36 AM and started service at 10:36 AM in counter 2
Student 32 departed at 10:36 AM

Counters were idle for 1 min, total idle time = 89 min

Student 34 arrived at 10:37 AM and started service at 10:37 AM in counter 2
Student 33 departed at 10:37 AM

Counters were idle for 1 min, total idle time = 90 min

Student 35 arrived at 10:38 AM and started service at 10:38 AM in counter 2
Student 34 departed at 10:39 AM
Student 35 departed at 10:39 AM

Counters were idle for 3 min, total idle time = 93 min

Student 36 arrived at 10:42 AM and started service at 10:42 AM in counter 1
Student 37 arrived at 10:43 AM and started service at 10:43 AM in counter 2
Student 36 departed at 10:45 AM
Student 37 departed at 10:48 AM

Counters were idle for 8 min, total idle time = 101 min

Student 38 arrived at 10:56 AM and started service at 10:56 AM in counter 1
Student 38 departed at 10:57 AM

Counters were idle for 4 min, total idle time = 105 min

Student 39 arrived at 11:01 AM and started service at 11:01 AM in counter 1
Student 39 departed at 11:03 AM

Counters were idle for 1 min, total idle time = 106 min

Student 40 arrived at 11:04 AM and started service at 11:04 AM in counter 1
Student 41 arrived at 11:05 AM and started service at 11:05 AM in counter 2
Student 40 departed at 11:06 AM
Student 41 departed at 11:07 AM

Counters were idle for 2 min, total idle time = 108 min

Student 42 arrived at 11:09 AM and started service at 11:09 AM in counter 1
Student 42 departed at 11:12 AM

Counters were idle for 4 min, total idle time = 112 min

Student 43 arrived at 11:16 AM and started service at 11:16 AM in counter 1
Student 43 departed at 11:18 AM

Counters were idle for 3 min, total idle time = 115 min

Student 44 arrived at 11:21 AM and started service at 11:21 AM in counter 1
Student 44 departed at 11:22 AM

Counters were idle for 3 min, total idle time = 118 min

Student 45 arrived at 11:25 AM and started service at 11:25 AM in counter 1
Student 46 arrived at 11:26 AM and started service at 11:26 AM in counter 2
Student 45 departed at 11:29 AM
Student 46 departed at 11:31 AM

Counters were idle for 1 min, total idle time = 119 min

Student 47 arrived at 11:32 AM and started service at 11:32 AM in counter 1
Student 47 departed at 11:36 AM

Counters were idle for 1 min, total idle time = 120 min

Student 48 arrived at 11:37 AM and started service at 11:37 AM in counter 1
Student 49 arrived at 11:38 AM and started service at 11:38 AM in counter 2
Student 48 departed at 11:38 AM
Student 49 departed at 11:43 AM

Counters were idle for 2 min, total idle time = 122 min

Student 50 arrived at 11:45 AM and started service at 11:45 AM in counter 1
Student 50 departed at 11:48 AM

Counters were idle for 1 min, total idle time = 123 min

Student 51 arrived at 11:49 AM and started service at 11:49 AM in counter 1
Student 52 arrived at 11:50 AM and started service at 11:50 AM in counter 2
Student 51 departed at 11:52 AM
Student 52 departed at 11:55 AM

Counters were idle for 3 min, total idle time = 126 min

Student 53 arrived at 11:58 AM and started service at 11:58 AM in counter 1
Student 54 arrived at 11:59 AM and started service at 11:59 AM in counter 2
Student 54 departed at 12:00 PM
Student 55 arrived at 12:00 PM and started service at 12:00 PM in counter 2

Counters were idle for 3 min, total idle time = 129 min

Student 53 departed at 12:03 PM
Student 56 arrived at 12:03 PM and started service at 12:03 PM in counter 2
Student 55 departed at 12:04 PM
Student 56 departed at 12:05 PM

Counters were idle for 3 min, total idle time = 132 min

Student 57 arrived at 12:08 PM and started service at 12:08 PM in counter 1
Student 57 departed at 12:09 PM

Counters were idle for 2 min, total idle time = 134 min

Student 58 arrived at 12:11 PM and started service at 12:11 PM in counter 1
Student 59 arrived at 12:12 PM and started service at 12:12 PM in counter 2
Student 58 departed at 12:14 PM
Student 59 departed at 12:14 PM

Counters were idle for 1 min, total idle time = 135 min

Student 60 arrived at 12:15 PM and started service at 12:15 PM in counter 1
Student 60 departed at 12:16 PM

Counters were idle for 2 min, total idle time = 137 min

Student 61 arrived at 12:18 PM and started service at 12:18 PM in counter 1
Student 62 arrived at 12:21 PM and started service at 12:21 PM in counter 2
Student 61 departed at 12:23 PM

Counters were idle for 2 min, total idle time = 139 min

Student 63 arrived at 12:25 PM and started service at 12:25 PM in counter 2
Student 62 departed at 12:25 PM

Counters were idle for 1 min, total idle time = 140 min

Student 64 arrived at 12:26 PM and started service at 12:26 PM in counter 2
Student 63 departed at 12:28 PM
Student 65 arrived at 12:28 PM and started service at 12:28 PM in counter 2

Counters were idle for 1 min, total idle time = 141 min

Student 64 departed at 12:31 PM
Student 66 arrived at 12:29 PM and started service at 12:31 PM in counter 2

Counters were idle for 1 min, total idle time = 142 min

Student 65 departed at 12:33 PM
Student 67 arrived at 12:32 PM and started service at 12:33 PM in counter 2
Student 66 departed at 12:35 PM
Student 68 arrived at 12:33 PM and started service at 12:35 PM in counter 2

Counters were idle for 3 min, total idle time = 145 min

Student 67 departed at 12:38 PM
Student 68 departed at 12:38 PM
Student 69 arrived at 12:38 PM and started service at 12:38 PM in counter 1

Counters were idle for 4 min, total idle time = 149 min

Student 70 arrived at 12:42 PM and started service at 12:42 PM in counter 2
Student 69 departed at 12:43 PM
Student 70 departed at 12:43 PM

Counters were idle for 1 min, total idle time = 150 min

Student 71 arrived at 12:44 PM and started service at 12:44 PM in counter 1
Student 72 arrived at 12:47 PM and started service at 12:47 PM in counter 2
Student 71 departed at 12:48 PM

Counters were idle for 2 min, total idle time = 152 min

Student 73 arrived at 12:50 PM and started service at 12:50 PM in counter 2
Student 72 departed at 12:50 PM
Student 73 departed at 12:51 PM

Counters were idle for 2 min, total idle time = 154 min

Student 74 arrived at 12:53 PM and started service at 12:53 PM in counter 1
Student 74 departed at 12:54 PM

Counters were idle for 8 min, total idle time = 162 min

Student 75 arrived at 01:02 PM and started service at 01:02 PM in counter 1
Student 76 arrived at 01:04 PM and started service at 01:04 PM in counter 2
Student 75 departed at 01:05 PM
Student 77 arrived at 01:05 PM and started service at 01:05 PM in counter 2

Counters were idle for 2 min, total idle time = 164 min

Student 76 departed at 01:09 PM
Student 77 departed at 01:09 PM
Student 78 arrived at 01:07 PM and started service at 01:09 PM in counter 2
Student 79 arrived at 01:08 PM and started service at 01:09 PM in counter 2

Counters were idle for 2 min, total idle time = 166 min

Student 78 departed at 01:13 PM
Student 80 arrived at 01:09 PM and started service at 01:13 PM in counter 2
Student 79 departed at 01:14 PM
Student 81 arrived at 01:11 PM and started service at 01:14 PM in counter 2

Counters were idle for 1 min, total idle time = 167 min

Student 80 departed at 01:17 PM
Student 82 arrived at 01:13 PM and started service at 01:17 PM in counter 2

Counters were idle for 1 min, total idle time = 168 min

Student 81 departed at 01:19 PM
Student 82 departed at 01:19 PM
Student 83 arrived at 01:15 PM and started service at 01:19 PM in counter 2
Student 84 arrived at 01:16 PM and started service at 01:19 PM in counter 2
Student 83 departed at 01:22 PM
Student 85 arrived at 01:17 PM and started service at 01:22 PM in counter 2

Counters were idle for 1 min, total idle time = 169 min

Student 84 departed at 01:24 PM
Student 86 arrived at 01:18 PM and started service at 01:24 PM in counter 2

Counters were idle for 1 min, total idle time = 170 min

Student 85 departed at 01:25 PM
Student 87 arrived at 01:23 PM and started service at 01:25 PM in counter 2

Counters were idle for 2 min, total idle time = 172 min

Student 86 departed at 01:29 PM
Student 88 arrived at 01:24 PM and started service at 01:29 PM in counter 2
Student 87 departed at 01:30 PM
Student 89 arrived at 01:25 PM and started service at 01:30 PM in counter 2

Counters were idle for 2 min, total idle time = 174 min

Student 89 departed at 01:33 PM
Student 90 arrived at 01:27 PM and started service at 01:33 PM in counter 2

Counters were idle for 1 min, total idle time = 175 min

Student 88 departed at 01:34 PM
Student 91 arrived at 01:32 PM and started service at 01:34 PM in counter 2

Counters were idle for 1 min, total idle time = 176 min

Student 91 departed at 01:37 PM
Student 92 arrived at 01:33 PM and started service at 01:37 PM in counter 2

Counters were idle for 1 min, total idle time = 177 min

Student 90 departed at 01:38 PM
Student 93 arrived at 01:34 PM and started service at 01:38 PM in counter 2

Counters were idle for 1 min, total idle time = 178 min

Student 92 departed at 01:39 PM
Student 94 arrived at 01:35 PM and started service at 01:39 PM in counter 2
Student 93 departed at 01:40 PM
Student 94 departed at 01:40 PM
Student 95 arrived at 01:37 PM and started service at 01:40 PM in counter 2
Student 96 arrived at 01:38 PM and started service at 01:40 PM in counter 2
Student 95 departed at 01:42 PM
Student 96 departed at 01:42 PM
Student 97 arrived at 01:39 PM and started service at 01:42 PM in counter 1

Counters were idle for 2 min, total idle time = 180 min

Student 98 arrived at 01:44 PM and started service at 01:44 PM in counter 2
Student 98 departed at 01:45 PM
Student 99 arrived at 01:45 PM and started service at 01:45 PM in counter 2
Student 99 departed at 01:46 PM
Student 97 departed at 01:47 PM

Counters were idle for 3 min, total idle time = 183 min

Student 100 arrived at 01:50 PM and started service at 01:50 PM in counter 1
Student 100 departed at 01:51 PM

Counters were idle for 1 min, total idle time = 184 min

Student 101 arrived at 01:52 PM and started service at 01:52 PM in counter 1
Student 102 arrived at 01:54 PM and started service at 01:54 PM in counter 2
Student 101 departed at 01:55 PM

Counters were idle for 2 min, total idle time = 186 min

Student 103 arrived at 01:57 PM and started service at 01:57 PM in counter 2
Student 102 departed at 01:58 PM
Student 103 departed at 01:58 PM

Counters were idle for 1 min, total idle time = 187 min

Student 104 arrived at 01:59 PM and started service at 01:59 PM in counter 1
Student 105 arrived at 02:01 PM and started service at 02:01 PM in counter 2
Student 104 departed at 02:04 PM
Student 105 departed at 02:06 PM

Counters were idle for 3 min, total idle time = 190 min

Student 106 arrived at 02:09 PM and started service at 02:09 PM in counter 1
Student 106 departed at 02:12 PM

Counters were idle for 1 min, total idle time = 191 min

Student 107 arrived at 02:13 PM and started service at 02:13 PM in counter 1
Student 108 arrived at 02:15 PM and started service at 02:15 PM in counter 2
Student 108 departed at 02:17 PM
Student 109 arrived at 02:17 PM and started service at 02:17 PM in counter 2
Student 107 departed at 02:18 PM

Counters were idle for 3 min, total idle time = 194 min

Student 110 arrived at 02:21 PM and started service at 02:21 PM in counter 2
Student 109 departed at 02:21 PM

Counters were idle for 2 min, total idle time = 196 min

Student 111 arrived at 02:23 PM and started service at 02:23 PM in counter 2
Student 110 departed at 02:25 PM
Student 112 arrived at 02:24 PM and started service at 02:25 PM in counter 2

Counters were idle for 1 min, total idle time = 197 min

Student 112 departed at 02:27 PM
Student 113 arrived at 02:26 PM and started service at 02:27 PM in counter 2
Student 111 departed at 02:28 PM

Counters were idle for 4 min, total idle time = 201 min

Student 114 arrived at 02:32 PM and started service at 02:32 PM in counter 2
Student 113 departed at 02:32 PM
Student 114 departed at 02:33 PM

Counters were idle for 4 min, total idle time = 205 min

Student 115 arrived at 02:37 PM and started service at 02:37 PM in counter 1
Student 116 arrived at 02:38 PM and started service at 02:38 PM in counter 2
Student 115 departed at 02:39 PM
Student 117 arrived at 02:39 PM and started service at 02:39 PM in counter 2

Counters were idle for 2 min, total idle time = 207 min

Student 117 departed at 02:41 PM
Student 118 arrived at 02:41 PM and started service at 02:41 PM in counter 2
Student 116 departed at 02:42 PM
Student 118 departed at 02:45 PM

Counters were idle for 1 min, total idle time = 208 min

Student 119 arrived at 02:46 PM and started service at 02:46 PM in counter 1
Student 120 arrived at 02:47 PM and started service at 02:47 PM in counter 2
Student 119 departed at 02:48 PM

Counters were idle for 1 min, total idle time = 209 min

Student 121 arrived at 02:49 PM and started service at 02:49 PM in counter 2
Student 121 departed at 02:50 PM
Student 120 departed at 02:51 PM

Counters were idle for 1 min, total idle time = 210 min

Student 122 arrived at 02:52 PM and started service at 02:52 PM in counter 1
Student 123 arrived at 02:56 PM and started service at 02:56 PM in counter 2
Student 122 departed at 02:56 PM
Student 123 departed at 02:59 PM

Counters were idle for 2 min, total idle time = 212 min

Student 124 arrived at 03:01 PM and started service at 03:01 PM in counter 1
Student 124 departed at 03:02 PM

Counters were idle for 1 min, total idle time = 213 min

Student 125 arrived at 03:03 PM and started service at 03:03 PM in counter 1
Student 126 arrived at 03:06 PM and started service at 03:06 PM in counter 2
Student 125 departed at 03:06 PM

Counters were idle for 1 min, total idle time = 214 min

Student 127 arrived at 03:07 PM and started service at 03:07 PM in counter 2
Student 127 departed at 03:10 PM
Student 128 arrived at 03:09 PM and started service at 03:10 PM in counter 2
Student 126 departed at 03:11 PM
Student 128 departed at 03:13 PM

Counters were idle for 1 min, total idle time = 215 min

Student 129 arrived at 03:14 PM and started service at 03:14 PM in counter 1
Student 129 departed at 03:19 PM

Counters were idle for 3 min, total idle time = 218 min

Student 130 arrived at 03:22 PM and started service at 03:22 PM in counter 1
Student 130 departed at 03:24 PM

Counters were idle for 1 min, total idle time = 219 min

Student 131 arrived at 03:25 PM and started service at 03:25 PM in counter 1
Student 132 arrived at 03:26 PM and started service at 03:26 PM in counter 2
Student 131 departed at 03:28 PM
Student 133 arrived at 03:28 PM and started service at 03:28 PM in counter 2
Student 133 departed at 03:29 PM
Student 132 departed at 03:30 PM

Counters were idle for 2 min, total idle time = 221 min

Student 134 arrived at 03:32 PM and started service at 03:32 PM in counter 1
Student 135 arrived at 03:33 PM and started service at 03:33 PM in counter 2
Student 134 departed at 03:37 PM
Student 135 departed at 03:37 PM
Student 136 arrived at 03:37 PM and started service at 03:37 PM in counter 1

Counters were idle for 1 min, total idle time = 222 min

Student 137 arrived at 03:38 PM and started service at 03:38 PM in counter 2
Student 136 departed at 03:38 PM

Counters were idle for 2 min, total idle time = 224 min

Student 138 arrived at 03:40 PM and started service at 03:40 PM in counter 2
Student 137 departed at 03:42 PM
Student 139 arrived at 03:41 PM and started service at 03:42 PM in counter 2

Counters were idle for 1 min, total idle time = 225 min

Student 138 departed at 03:43 PM
Student 140 arrived at 03:43 PM and started service at 03:43 PM in counter 2
Student 139 departed at 03:46 PM

Counters were idle for 1 min, total idle time = 226 min

Student 141 arrived at 03:47 PM and started service at 03:47 PM in counter 2
Student 140 departed at 03:47 PM

Counters were idle for 4 min, total idle time = 230 min

Student 142 arrived at 03:51 PM and started service at 03:51 PM in counter 2
Student 141 departed at 03:51 PM
Student 142 departed at 03:52 PM

Counters were idle for 1 min, total idle time = 231 min

Student 143 arrived at 03:53 PM and started service at 03:53 PM in counter 1
Student 144 arrived at 03:54 PM and started service at 03:54 PM in counter 2
Student 143 departed at 03:54 PM
Student 144 departed at 03:59 PM

Counters were idle for 5 min, total idle time = 236 min

Student 145 arrived at 04:04 PM and started service at 04:04 PM in counter 1
Student 145 departed at 04:07 PM

Counters were idle for 3 min, total idle time = 239 min

Student 146 arrived at 04:10 PM and started service at 04:10 PM in counter 1
Student 146 departed at 04:11 PM

Counters were idle for 12 min, total idle time = 251 min

Student 147 arrived at 04:23 PM and started service at 04:23 PM in counter 1
Student 147 departed at 04:28 PM

Counters were idle for 5 min, total idle time = 256 min

Student 148 arrived at 04:33 PM and started service at 04:33 PM in counter 1
Student 149 arrived at 04:34 PM and started service at 04:34 PM in counter 2
Student 149 departed at 04:37 PM
Student 150 arrived at 04:35 PM and started service at 04:37 PM in counter 2
Student 148 departed at 04:38 PM

Counters were idle for 1 min, total idle time = 257 min

Student 151 arrived at 04:39 PM and started service at 04:39 PM in counter 2
Student 150 departed at 04:39 PM

Counters were idle for 2 min, total idle time = 259 min

Student 152 arrived at 04:41 PM and started service at 04:41 PM in counter 2
Student 151 departed at 04:42 PM
Student 152 departed at 04:43 PM

Counters were idle for 9 min, total idle time = 268 min

Student 153 arrived at 04:52 PM and started service at 04:52 PM in counter 1
Student 153 departed at 04:56 PM

Counters were idle for 5 min, total idle time = 273 min

Student 154 arrived at 05:01 PM and started service at 05:01 PM in counter 1
Student 154 departed at 05:02 PM

Counters were idle for 6 min, total idle time = 279 min

Student 155 arrived at 05:08 PM and started service at 05:08 PM in counter 1
Student 155 departed at 05:12 PM

Counters were idle for 3 min, total idle time = 282 min

Student 156 arrived at 05:15 PM and started service at 05:15 PM in counter 1
Student 156 departed at 05:17 PM

Counters were idle for 15 min, total idle time = 297 min

Student 157 arrived at 05:32 PM and started service at 05:32 PM in counter 1
Student 158 arrived at 05:33 PM and started service at 05:33 PM in counter 2
Student 157 departed at 05:34 PM
Student 158 departed at 05:36 PM

Counters were idle for 2 min, total idle time = 299 min

Student 159 arrived at 05:38 PM and started service at 05:38 PM in counter 1
Student 160 arrived at 05:39 PM and started service at 05:39 PM in counter 2
Student 159 departed at 05:40 PM
Student 160 departed at 05:42 PM

Counters were idle for 8 min, total idle time = 307 min

Student 161 arrived at 05:50 PM and started service at 05:50 PM in counter 1
Student 162 arrived at 05:54 PM and started service at 05:54 PM in counter 2
Student 161 departed at 05:54 PM

Counters were idle for 1 min, total idle time = 308 min

Student 163 arrived at 05:55 PM and started service at 05:55 PM in counter 2
Student 162 departed at 05:55 PM
Student 163 departed at 05:58 PM

Counters were idle for 6 min, total idle time = 314 min

Student 164 arrived at 06:04 PM and started service at 06:04 PM in counter 1
Student 165 arrived at 06:06 PM and started service at 06:06 PM in counter 2
Student 164 departed at 06:08 PM
Student 165 departed at 06:10 PM

Counters were idle for 6 min, total idle time = 320 min

Student 166 arrived at 06:16 PM and started service at 06:16 PM in counter 1
Student 166 departed at 06:18 PM

Counters were idle for 5 min, total idle time = 325 min

Student 167 arrived at 06:23 PM and started service at 06:23 PM in counter 1
Student 167 departed at 06:27 PM

Counters were idle for 34 min, total idle time = 359 min

Student 168 arrived at 07:01 PM and started service at 07:01 PM in counter 1
Student 169 arrived at 07:02 PM and started service at 07:02 PM in counter 2
Student 169 departed at 07:04 PM
Student 170 arrived at 07:04 PM and started service at 07:04 PM in counter 2
Student 168 departed at 07:05 PM
Student 170 departed at 07:07 PM

Counters were idle for 2 min, total idle time = 361 min

Student 171 arrived at 07:09 PM and started service at 07:09 PM in counter 1
Student 171 departed at 07:11 PM

Counters were idle for 5 min, total idle time = 366 min

Student 172 arrived at 07:16 PM and started service at 07:16 PM in counter 1
Student 173 arrived at 07:17 PM and started service at 07:17 PM in counter 2
Student 173 departed at 07:20 PM
Student 172 departed at 07:21 PM

Counters were idle for 7 min, total idle time = 373 min

Student 174 arrived at 07:28 PM and started service at 07:28 PM in counter 1
Student 174 departed at 07:33 PM

Counters were idle for 4 min, total idle time = 377 min

Student 175 arrived at 07:37 PM and started service at 07:37 PM in counter 1
Student 175 departed at 07:40 PM

Counters were idle for 1 min, total idle time = 378 min

Student 176 arrived at 07:41 PM and started service at 07:41 PM in counter 1
Student 176 departed at 07:43 PM

Counters were idle for 5 min, total idle time = 383 min

Student 177 arrived at 07:48 PM and started service at 07:48 PM in counter 1
Student 178 arrived at 07:49 PM and started service at 07:49 PM in counter 2
Student 177 departed at 07:51 PM

Counters were idle for 3 min, total idle time = 386 min

Student 179 arrived at 07:54 PM and started service at 07:54 PM in counter 2
Student 178 departed at 07:54 PM
Student 179 departed at 07:56 PM

Counters were idle for 1 min, total idle time = 387 min

Student 180 arrived at 07:57 PM and started service at 07:57 PM in counter 1
Student 180 departed at 08:02 PM

Counters were idle for 2 min, total idle time = 389 min

Student 181 arrived at 08:04 PM and started service at 08:04 PM in counter 1
Student 181 departed at 08:09 PM

Counters were idle for 4 min, total idle time = 393 min

Student 182 arrived at 08:13 PM and started service at 08:13 PM in counter 1
Student 182 departed at 08:17 PM

Counters were idle for 9 min, total idle time = 402 min

Student 183 arrived at 08:26 PM and started service at 08:26 PM in counter 1
Student 183 departed at 08:29 PM

Counters were idle for 10 min, total idle time = 412 min

Student 184 arrived at 08:39 PM and started service at 08:39 PM in counter 1
Student 184 departed at 08:40 PM

Counters were idle for 32 min, total idle time = 444 min

Student 185 arrived at 09:12 PM and started service at 09:12 PM in counter 1
Student 185 departed at 09:16 PM

Counters were idle for 11 min, total idle time = 455 min

Student 186 arrived at 09:27 PM and started service at 09:27 PM in counter 1
Student 187 arrived at 09:30 PM and started service at 09:30 PM in counter 2
Student 187 departed at 09:31 PM
Student 186 departed at 09:32 PM

Counters were idle for 4 min, total idle time = 459 min

Student 188 arrived at 09:36 PM and started service at 09:36 PM in counter 1
Student 188 departed at 09:37 PM

Counters were idle for 10 min, total idle time = 469 min

Student 189 arrived at 09:47 PM and started service at 09:47 PM in counter 1
Student 189 departed at 09:50 PM

Counters were idle for 5 min, total idle time = 474 min

Student 190 arrived at 09:55 PM and started service at 09:55 PM in counter 1
Student 190 departed at 09:58 PM

Counters were idle for 1 min, total idle time = 475 min

Student 191 arrived at 09:59 PM and started service at 09:59 PM in counter 1
