Student 1 arrived at 08:00 AM and started service at 08:00 AM in counter 1
Student 1 departed at 08:01 AM

Counters were idle for 1 min, total idle time = 1 min

Student 2 arrived at 08:02 AM and started service at 08:02 AM in counter 1
Student 2 departed at 08:06 AM

Counters were idle for 25 min, total idle time = 26 min

Student 3 arrived at 08:31 AM and started service at 08:31 AM in counter 1
Student 3 departed at 08:33 AM

Counters were idle for 2 min, total idle time = 28 min

Student 4 arrived at 08:35 AM and started service at 08:35 AM in counter 1
Student 4 departed at 08:38 AM

Counters were idle for 9 min, total idle time = 37 min

Student 5 arrived at 08:47 AM and started service at 08:47 AM in counter 1
Student 5 departed at 08:52 AM

Counters were idle for 1 min, total idle time = 38 min

Student 6 arrived at 08:53 AM and started service at 08:53 AM in counter 1
Student 7 arrived at 08:57 AM and started service at 08:57 AM in counter 2
Student 6 departed at 08:58 AM
Student 7 departed at 08:58 AM

Counters were idle for 11 min, total idle time = 49 min

Student 8 arrived at 09:09 AM and started service at 09:09 AM in counter 1
Student 8 departed at 09:12 AM

Counters were idle for 4 min, total idle time = 53 min

Student 9 arrived at 09:16 AM and started service at 09:16 AM in counter 1
Student 9 departed at 09:17 AM

Counters were idle for 8 min, total idle time = 61 min

Student 10 arrived at 09:25 AM and started service at 09:25 AM in counter 1
Student 10 departed at 09:26 AM

Counters were idle for 7 min, total idle time = 68 min

Student 11 arrived at 09:33 AM and started service at 09:33 AM in counter 1
Student 11 departed at 09:38 AM

Counters were idle for 2 min, total idle time = 70 min

Student 12 arrived at 09:40 AM and started service at 09:40 AM in counter 1
Student 12 departed at 09:41 AM

Counters were idle for 10 min, total idle time = 80 min

Student 13 arrived at 09:51 AM and started service at 09:51 AM in counter 1
Student 13 departed at 09:52 AM

Counters were idle for 2 min, total idle time = 82 min

Student 14 arrived at 09:54 AM and started service at 09:54 AM in counter 1
Student 14 departed at 09:55 AM

Counters were idle for 6 min, total idle time = 88 min

Student 15 arrived at 10:01 AM and started service at 10:01 AM in counter 1
Student 15 departed at 10:03 AM

Counters were idle for 11 min, total idle time = 99 min

Student 16 arrived at 10:14 AM and started service at 10:14 AM in counter 1
Student 17 arrived at 10:17 AM and started service at 10:17 AM in counter 2
Student 16 departed at 10:17 AM

Counters were idle for 2 min, total idle time = 101 min

Student 18 arrived at 10:19 AM and started service at 10:19 AM in counter 2
Student 17 departed at 10:21 AM
Student 18 departed at 10:21 AM

Counters were idle for 1 min, total idle time = 102 min

Student 19 arrived at 10:22 AM and started service at 10:22 AM in counter 1
Student 19 departed at 10:24 AM

Counters were idle for 7 min, total idle time = 109 min

Student 20 arrived at 10:31 AM and started service at 10:31 AM in counter 1
Student 21 arrived at 10:33 AM and started service at 10:33 AM in counter 2
Student 20 departed at 10:33 AM
Student 21 departed at 10:37 AM

Counters were idle for 2 min, total idle time = 111 min

Student 22 arrived at 10:39 AM and started service at 10:39 AM in counter 1
Student 23 arrived at 10:41 AM and started service at 10:41 AM in counter 2
Student 22 departed at 10:43 AM
Student 24 arrived at 10:42 AM and started service at 10:43 AM in counter 2
Student 23 departed at 10:46 AM
Student 25 arrived at 10:43 AM and started service at 10:46 AM in counter 2
Student 24 departed at 10:47 AM

Counters were idle for 2 min, total idle time = 113 min

Student 26 arrived at 10:49 AM and started service at 10:49 AM in counter 2
Student 25 departed at 10:50 AM

Counters were idle for 1 min, total idle time = 114 min

Student 27 arrived at 10:51 AM and started service at 10:51 AM in counter 2
Student 26 departed at 10:54 AM
Student 28 arrived at 10:52 AM and started service at 10:54 AM in counter 2

Counters were idle for 2 min, total idle time = 116 min

Student 27 departed at 10:56 AM
Student 29 arrived at 10:56 AM and started service at 10:56 AM in counter 2
Student 28 departed at 10:57 AM

Counters were idle for 2 min, total idle time = 118 min

Student 30 arrived at 10:59 AM and started service at 10:59 AM in counter 2
Student 29 departed at 11:01 AM
Student 31 arrived at 11:01 AM and started service at 11:01 AM in counter 2

Counters were idle for 1 min, total idle time = 119 min

Student 30 departed at 11:02 AM
Student 32 arrived at 11:02 AM and started service at 11:02 AM in counter 2
Student 31 departed at 11:03 AM
Student 32 departed at 11:03 AM

Counters were idle for 3 min, total idle time = 122 min

Student 33 arrived at 11:06 AM and started service at 11:06 AM in counter 1
Student 33 departed at 11:07 AM

Counters were idle for 7 min, total idle time = 129 min

Student 34 arrived at 11:14 AM and started service at 11:14 AM in counter 1
Student 34 departed at 11:16 AM

Counters were idle for 1 min, total idle time = 130 min

Student 35 arrived at 11:17 AM and started service at 11:17 AM in counter 1
Student 35 departed at 11:18 AM

Counters were idle for 1 min, total idle time = 131 min

Student 36 arrived at 11:19 AM and started service at 11:19 AM in counter 1
Student 36 departed at 11:23 AM

Counters were idle for 9 min, total idle time = 140 min

Student 37 arrived at 11:32 AM and started service at 11:32 AM in counter 1
Student 38 arrived at 11:34 AM and started service at 11:34 AM in counter 2
Student 37 departed at 11:35 AM
Student 38 departed at 11:39 AM

Counters were idle for 1 min, total idle time = 141 min

Student 39 arrived at 11:40 AM and started service at 11:40 AM in counter 1
Student 40 arrived at 11:43 AM and started service at 11:43 AM in counter 2
Student 39 departed at 11:43 AM
Student 40 departed at 11:45 AM

Counters were idle for 5 min, total idle time = 146 min

Student 41 arrived at 11:50 AM and started service at 11:50 AM in counter 1
Student 42 arrived at 11:53 AM and started service at 11:53 AM in counter 2
Student 41 departed at 11:54 AM

Counters were idle for 1 min, total idle time = 147 min

Student 43 arrived at 11:55 AM and started service at 11:55 AM in counter 2
Student 42 departed at 11:55 AM

Counters were idle for 2 min, total idle time = 149 min

Student 44 arrived at 11:57 AM and started service at 11:57 AM in counter 2
Student 43 departed at 12:00 PM
Student 45 arrived at 11:58 AM and started service at 12:00 PM in counter 2

Counters were idle for 1 min, total idle time = 150 min

Student 44 departed at 12:02 PM
Student 46 arrived at 12:00 PM and started service at 12:02 PM in counter 2
Student 45 departed at 12:03 PM
Student 46 departed at 12:03 PM
Student 47 arrived at 12:01 PM and started service at 12:03 PM in counter 1
Student 47 departed at 12:04 PM

Counters were idle for 1 min, total idle time = 151 min

Student 48 arrived at 12:05 PM and started service at 12:05 PM in counter 1
Student 48 departed at 12:08 PM

Counters were idle for 4 min, total idle time = 155 min

Student 49 arrived at 12:12 PM and started service at 12:12 PM in counter 1
Student 50 arrived at 12:13 PM and started service at 12:13 PM in counter 2
Student 50 departed at 12:16 PM

Counters were idle for 1 min, total idle time = 156 min

Student 49 departed at 12:17 PM
Student 51 arrived at 12:17 PM and started service at 12:17 PM in counter 1

Counters were idle for 2 min, total idle time = 158 min

Student 52 arrived at 12:19 PM and started service at 12:19 PM in counter 2
Student 51 departed at 12:21 PM
Student 53 arrived at 12:21 PM and started service at 12:21 PM in counter 2

Counters were idle for 1 min, total idle time = 159 min

Student 52 departed at 12:23 PM
Student 54 arrived at 12:22 PM and started service at 12:23 PM in counter 2

Counters were idle for 1 min, total idle time = 160 min

Student 53 departed at 12:24 PM
Student 55 arrived at 12:24 PM and started service at 12:24 PM in counter 2
Student 54 departed at 12:26 PM
Student 55 departed at 12:26 PM

Counters were idle for 1 min, total idle time = 161 min

Student 56 arrived at 12:27 PM and started service at 12:27 PM in counter 1
Student 56 departed at 12:28 PM

Counters were idle for 1 min, total idle time = 162 min

Student 57 arrived at 12:29 PM and started service at 12:29 PM in counter 1
Student 58 arrived at 12:32 PM and started service at 12:32 PM in counter 2
Student 57 departed at 12:32 PM

Counters were idle for 1 min, total idle time = 163 min

Student 59 arrived at 12:33 PM and started service at 12:33 PM in counter 2
Student 58 departed at 12:34 PM

Counters were idle for 2 min, total idle time = 165 min

Student 60 arrived at 12:36 PM and started service at 12:36 PM in counter 2
Student 59 departed at 12:38 PM
Student 60 departed at 12:39 PM

Counters were idle for 2 min, total idle time = 167 min

Student 61 arrived at 12:41 PM and started service at 12:41 PM in counter 1
Student 62 arrived at 12:42 PM and started service at 12:42 PM in counter 2
Student 61 departed at 12:43 PM
Student 62 departed at 12:43 PM
Student 63 arrived at 12:43 PM and started service at 12:43 PM in counter 1

Counters were idle for 1 min, total idle time = 168 min

Student 64 arrived at 12:44 PM and started service at 12:44 PM in counter 2
Student 63 departed at 12:45 PM
Student 64 departed at 12:46 PM

Counters were idle for 1 min, total idle time = 169 min

Student 65 arrived at 12:47 PM and started service at 12:47 PM in counter 1
Student 66 arrived at 12:49 PM and started service at 12:49 PM in counter 2
Student 65 departed at 12:52 PM
Student 66 departed at 12:53 PM

Counters were idle for 3 min, total idle time = 172 min

Student 67 arrived at 12:56 PM and started service at 12:56 PM in counter 1
Student 67 departed at 12:57 PM

Counters were idle for 4 min, total idle time = 176 min

Student 68 arrived at 01:01 PM and started service at 01:01 PM in counter 1
Student 69 arrived at 01:03 PM and started service at 01:03 PM in counter 2
Student 68 departed at 01:04 PM

Counters were idle for 1 min, total idle time = 177 min

Student 70 arrived at 01:05 PM and started service at 01:05 PM in counter 2
Student 69 departed at 01:08 PM
Student 71 arrived at 01:07 PM and started service at 01:08 PM in counter 2

Counters were idle for 2 min, total idle time = 179 min

Student 70 departed at 01:10 PM
Student 72 arrived at 01:10 PM and started service at 01:10 PM in counter 2

Counters were idle for 2 min, total idle time = 181 min

Student 71 departed at 01:12 PM
Student 73 arrived at 01:12 PM and started service at 01:12 PM in counter 2

Counters were idle for 2 min, total idle time = 183 min

Student 72 departed at 01:14 PM
Student 74 arrived at 01:14 PM and started service at 01:14 PM in counter 2
Student 73 departed at 01:15 PM

Counters were idle for 4 min, total idle time = 187 min

Student 75 arrived at 01:19 PM and started service at 01:19 PM in counter 2
Student 74 departed at 01:19 PM

Counters were idle for 2 min, total idle time = 189 min

Student 76 arrived at 01:21 PM and started service at 01:21 PM in counter 2
Student 75 departed at 01:23 PM

Counters were idle for 3 min, total idle time = 192 min

Student 77 arrived at 01:26 PM and started service at 01:26 PM in counter 2
Student 76 departed at 01:26 PM
Student 77 departed at 01:27 PM

Counters were idle for 1 min, total idle time = 193 min

Student 78 arrived at 01:28 PM and started service at 01:28 PM in counter 1
Student 79 arrived at 01:29 PM and started service at 01:29 PM in counter 2
Student 78 departed at 01:31 PM

Counters were idle for 1 min, total idle time = 194 min

Student 80 arrived at 01:32 PM and started service at 01:32 PM in counter 2
Student 79 departed at 01:34 PM

Counters were idle for 1 min, total idle time = 195 min

Student 81 arrived at 01:35 PM and started service at 01:35 PM in counter 2
Student 80 departed at 01:36 PM
Student 81 departed at 01:36 PM

Counters were idle for 2 min, total idle time = 197 min

Student 82 arrived at 01:38 PM and started service at 01:38 PM in counter 1
Student 83 arrived at 01:39 PM and started service at 01:39 PM in counter 2
Student 82 departed at 01:39 PM
Student 83 departed at 01:41 PM

Counters were idle for 3 min, total idle time = 200 min

Student 84 arrived at 01:44 PM and started service at 01:44 PM in counter 1
Student 85 arrived at 01:46 PM and started service at 01:46 PM in counter 2
Student 84 departed at 01:47 PM

Counters were idle for 2 min, total idle time = 202 min

Student 86 arrived at 01:49 PM and started service at 01:49 PM in counter 2
Student 85 departed at 01:51 PM

Counters were idle for 1 min, total idle time = 203 min

Student 87 arrived at 01:52 PM and started service at 01:52 PM in counter 2
Student 86 departed at 01:52 PM

Counters were idle for 3 min, total idle time = 206 min

Student 88 arrived at 01:55 PM and started service at 01:55 PM in counter 2
Student 87 departed at 01:57 PM
Student 88 departed at 01:57 PM
Student 89 arrived at 01:56 PM and started service at 01:57 PM in counter 1

Counters were idle for 3 min, total idle time = 209 min

Student 90 arrived at 02:00 PM and started service at 02:00 PM in counter 2
Student 89 departed at 02:02 PM

Counters were idle for 2 min, total idle time = 211 min

Student 91 arrived at 02:04 PM and started service at 02:04 PM in counter 2
Student 90 departed at 02:05 PM
Student 91 departed at 02:05 PM

Counters were idle for 11 min, total idle time = 222 min

Student 92 arrived at 02:16 PM and started service at 02:16 PM in counter 1
Student 93 arrived at 02:17 PM and started service at 02:17 PM in counter 2
Student 92 departed at 02:20 PM
Student 93 departed at 02:20 PM

Counters were idle for 1 min, total idle time = 223 min

Student 94 arrived at 02:21 PM and started service at 02:21 PM in counter 1
Student 95 arrived at 02:23 PM and started service at 02:23 PM in counter 2
Student 94 departed at 02:26 PM
Student 95 departed at 02:26 PM
Student 96 arrived at 02:25 PM and started service at 02:26 PM in counter 1

Counters were idle for 2 min, total idle time = 225 min

Student 97 arrived at 02:28 PM and started service at 02:28 PM in counter 2
Student 96 departed at 02:29 PM
Student 97 departed at 02:29 PM
Student 98 arrived at 02:29 PM and started service at 02:29 PM in counter 1
Student 98 departed at 02:30 PM

Counters were idle for 2 min, total idle time = 227 min

Student 99 arrived at 02:32 PM and started service at 02:32 PM in counter 1
Student 99 departed at 02:34 PM

Counters were idle for 1 min, total idle time = 228 min

Student 100 arrived at 02:35 PM and started service at 02:35 PM in counter 1
Student 100 departed at 02:36 PM

Counters were idle for 2 min, total idle time = 230 min

Student 101 arrived at 02:38 PM and started service at 02:38 PM in counter 1
Student 102 arrived at 02:40 PM and started service at 02:40 PM in counter 2
Student 101 departed at 02:41 PM
Student 102 departed at 02:45 PM

Counters were idle for 3 min, total idle time = 233 min

Student 103 arrived at 02:48 PM and started service at 02:48 PM in counter 1
Student 104 arrived at 02:52 PM and started service at 02:52 PM in counter 2
Student 103 departed at 02:52 PM

Counters were idle for 1 min, total idle time = 234 min

Student 105 arrived at 02:53 PM and started service at 02:53 PM in counter 2
Student 104 departed at 02:57 PM
Student 106 arrived at 02:56 PM and started service at 02:57 PM in counter 2
Student 105 departed at 02:58 PM

Counters were idle for 1 min, total idle time = 235 min

Student 107 arrived at 02:59 PM and started service at 02:59 PM in counter 2
Student 106 departed at 03:00 PM
Student 107 departed at 03:04 PM

Counters were idle for 2 min, total idle time = 237 min

Student 108 arrived at 03:06 PM and started service at 03:06 PM in counter 1
Student 108 departed at 03:07 PM

Counters were idle for 1 min, total idle time = 238 min

Student 109 arrived at 03:08 PM and started service at 03:08 PM in counter 1
Student 110 arrived at 03:10 PM and started service at 03:10 PM in counter 2
Student 109 departed at 03:13 PM
Student 110 departed at 03:13 PM
Student 111 arrived at 03:13 PM and started service at 03:13 PM in counter 1
Student 111 departed at 03:16 PM

Counters were idle for 2 min, total idle time = 240 min

Student 112 arrived at 03:18 PM and started service at 03:18 PM in counter 1
Student 113 arrived at 03:19 PM and started service at 03:19 PM in counter 2
Student 112 departed at 03:20 PM
Student 114 arrived at 03:20 PM and started service at 03:20 PM in counter 2
Student 114 departed at 03:22 PM

Counters were idle for 2 min, total idle time = 242 min

Student 113 departed at 03:24 PM
Student 115 arrived at 03:24 PM and started service at 03:24 PM in counter 1

Counters were idle for 1 min, total idle time = 243 min

Student 116 arrived at 03:25 PM and started service at 03:25 PM in counter 2
Student 115 departed at 03:29 PM
Student 117 arrived at 03:26 PM and started service at 03:29 PM in counter 2
Student 116 departed at 03:30 PM
Student 118 arrived at 03:27 PM and started service at 03:30 PM in counter 2

Counters were idle for 1 min, total idle time = 244 min

Student 117 departed at 03:32 PM
Student 119 arrived at 03:29 PM and started service at 03:32 PM in counter 2

Counters were idle for 2 min, total idle time = 246 min

Student 118 departed at 03:34 PM
Student 119 departed at 03:34 PM
Student 120 arrived at 03:31 PM and started service at 03:34 PM in counter 2
Student 121 arrived at 03:32 PM and started service at 03:34 PM in counter 2

Counters were idle for 3 min, total idle time = 249 min

Student 121 departed at 03:37 PM
Student 122 arrived at 03:34 PM and started service at 03:37 PM in counter 2
Student 120 departed at 03:38 PM
Student 123 arrived at 03:37 PM and started service at 03:38 PM in counter 2
Student 122 departed at 03:40 PM
Student 123 departed at 03:42 PM

Counters were idle for 2 min, total idle time = 251 min

Student 124 arrived at 03:44 PM and started service at 03:44 PM in counter 1
Student 125 arrived at 03:46 PM and started service at 03:46 PM in counter 2
Student 124 departed at 03:46 PM
Student 125 departed at 03:48 PM

Counters were idle for 4 min, total idle time = 255 min

Student 126 arrived at 03:52 PM and started service at 03:52 PM in counter 1
Student 126 departed at 03:53 PM

Counters were idle for 1 min, total idle time = 256 min

Student 127 arrived at 03:54 PM and started service at 03:54 PM in counter 1
Student 128 arrived at 03:55 PM and started service at 03:55 PM in counter 2
Student 128 departed at 03:58 PM
Student 129 arrived at 03:56 PM and started service at 03:58 PM in counter 2
Student 127 departed at 03:59 PM
Student 129 departed at 03:59 PM
Student 130 arrived at 03:57 PM and started service at 03:59 PM in counter 2
Student 131 arrived at 03:58 PM and started service at 03:59 PM in counter 2
Student 131 departed at 04:00 PM

Counters were idle for 1 min, total idle time = 257 min

Student 132 arrived at 04:01 PM and started service at 04:01 PM in counter 2
Student 132 departed at 04:02 PM
Student 130 departed at 04:03 PM

Counters were idle for 3 min, total idle time = 260 min

Student 133 arrived at 04:06 PM and started service at 04:06 PM in counter 1
Student 133 departed at 04:09 PM

Counters were idle for 3 min, total idle time = 263 min

Student 134 arrived at 04:12 PM and started service at 04:12 PM in counter 1
Student 134 departed at 04:13 PM

Counters were idle for 3 min, total idle time = 266 min

Student 135 arrived at 04:16 PM and started service at 04:16 PM in counter 1
Student 135 departed at 04:18 PM

Counters were idle for 8 min, total idle time = 274 min

Student 136 arrived at 04:26 PM and started service at 04:26 PM in counter 1
Student 136 departed at 04:27 PM

Counters were idle for 1 min, total idle time = 275 min

Student 137 arrived at 04:28 PM and started service at 04:28 PM in counter 1
Student 137 departed at 04:32 PM

Counters were idle for 6 min, total idle time = 281 min

Student 138 arrived at 04:38 PM and started service at 04:38 PM in counter 1
Student 139 arrived at 04:40 PM and started service at 04:40 PM in counter 2
Student 138 departed at 04:43 PM
Student 139 departed at 04:43 PM
Student 140 arrived at 04:42 PM and started service at 04:43 PM in counter 1
Student 140 departed at 04:48 PM

Counters were idle for 1 min, total idle time = 282 min

Student 141 arrived at 04:49 PM and started service at 04:49 PM in counter 1
Student 141 departed at 04:52 PM

Counters were idle for 2 min, total idle time = 284 min

Student 142 arrived at 04:54 PM and started service at 04:54 PM in counter 1
Student 143 arrived at 04:56 PM and started service at 04:56 PM in counter 2
Student 143 departed at 04:57 PM
Student 142 departed at 04:58 PM

Counters were idle for 3 min, total idle time = 287 min

Student 144 arrived at 05:01 PM and started service at 05:01 PM in counter 1
Student 144 departed at 05:06 PM

Counters were idle for 2 min, total idle time = 289 min

Student 145 arrived at 05:08 PM and started service at 05:08 PM in counter 1
Student 145 departed at 05:12 PM

Counters were idle for 3 min, total idle time = 292 min

Student 146 arrived at 05:15 PM and started service at 05:15 PM in counter 1
Student 146 departed at 05:19 PM

Counters were idle for 5 min, total idle time = 297 min

Student 147 arrived at 05:24 PM and started service at 05:24 PM in counter 1
Student 148 arrived at 05:29 PM and started service at 05:29 PM in counter 2
Student 147 departed at 05:29 PM
Student 148 departed at 05:32 PM

Counters were idle for 2 min, total idle time = 299 min

Student 149 arrived at 05:34 PM and started service at 05:34 PM in counter 1
Student 150 arrived at 05:35 PM and started service at 05:35 PM in counter 2
Student 149 departed at 05:36 PM
Student 150 departed at 05:37 PM

Counters were idle for 2 min, total idle time = 301 min

Student 151 arrived at 05:39 PM and started service at 05:39 PM in counter 1
Student 151 departed at 05:40 PM

Counters were idle for 10 min, total idle time = 311 min

Student 152 arrived at 05:50 PM and started service at 05:50 PM in counter 1
Student 152 departed at 05:53 PM

Counters were idle for 6 min, total idle time = 317 min

Student 153 arrived at 05:59 PM and started service at 05:59 PM in counter 1
Student 154 arrived at 06:01 PM and started service at 06:01 PM in counter 2
Student 153 departed at 06:04 PM
Student 155 arrived at 06:02 PM and started service at 06:04 PM in counter 2

Counters were idle for 1 min, total idle time = 318 min

Student 154 departed at 06:05 PM
Student 156 arrived at 06:05 PM and started service at 06:05 PM in counter 2
Student 155 departed at 06:06 PM
Student 156 departed at 06:06 PM

Counters were idle for 15 min, total idle time = 333 min

Student 157 arrived at 06:21 PM and started service at 06:21 PM in counter 1
Student 157 departed at 06:24 PM

Counters were idle for 18 min, total idle time = 351 min

Student 158 arrived at 06:42 PM and started service at 06:42 PM in counter 1
Student 159 arrived at 06:44 PM and started service at 06:44 PM in counter 2
Student 158 departed at 06:45 PM
Student 159 departed at 06:49 PM

Counters were idle for 4 min, total idle time = 355 min

Student 160 arrived at 06:53 PM and started service at 06:53 PM in counter 1
Student 160 departed at 06:57 PM

Counters were idle for 19 min, total idle time = 374 min

Student 161 arrived at 07:16 PM and started service at 07:16 PM in counter 1
Student 161 departed at 07:18 PM

Counters were idle for 9 min, total idle time = 383 min

Student 162 arrived at 07:27 PM and started service at 07:27 PM in counter 1
Student 162 departed at 07:29 PM

Counters were idle for 2 min, total idle time = 385 min

Student 163 arrived at 07:31 PM and started service at 07:31 PM in counter 1
Student 163 departed at 07:32 PM

Counters were idle for 5 min, total idle time = 390 min

Student 164 arrived at 07:37 PM and started service at 07:37 PM in counter 1
Student 165 arrived at 07:41 PM and started service at 07:41 PM in counter 2
Student 164 departed at 07:42 PM
Student 165 departed at 07:43 PM

Counters were idle for 9 min, total idle time = 399 min

Student 166 arrived at 07:52 PM and started service at 07:52 PM in counter 1
Student 166 departed at 07:56 PM

Counters were idle for 10 min, total idle time = 409 min

Student 167 arrived at 08:06 PM and started service at 08:06 PM in counter 1
Student 167 departed at 08:08 PM

Counters were idle for 24 min, total idle time = 433 min

Student 168 arrived at 08:32 PM and started service at 08:32 PM in counter 1
Student 168 departed at 08:35 PM

Counters were idle for 6 min, total idle time = 439 min

Student 169 arrived at 08:41 PM and started service at 08:41 PM in counter 1
Student 169 departed at 08:43 PM

Counters were idle for 2 min, total idle time = 441 min

Student 170 arrived at 08:45 PM and started service at 08:45 PM in counter 1
Student 170 departed at 08:47 PM

Counters were idle for 4 min, total idle time = 445 min

Student 171 arrived at 08:51 PM and started service at 08:51 PM in counter 1
Student 171 departed at 08:52 PM

Counters were idle for 20 min, total idle time = 465 min

Student 172 arrived at 09:12 PM and started service at 09:12 PM in counter 1
Student 172 departed at 09:17 PM

Counters were idle for 1 min, total idle time = 466 min

Student 173 arrived at 09:18 PM and started service at 09:18 PM in counter 1
Student 173 departed at 09:19 PM

Counters were idle for 4 min, total idle time = 470 min

Student 174 arrived at 09:23 PM and started service at 09:23 PM in counter 1
Student 174 departed at 09:27 PM

Counters were idle for 9 min, total idle time = 479 min

Student 175 arrived at 09:36 PM and started service at 09:36 PM in counter 1
Student 175 departed at 09:37 PM

Counters were idle for 1 min, total idle time = 480 min

Student 176 arrived at 09:38 PM and started service at 09:38 PM in counter 1
Student 176 departed at 09:43 PM

Counters were idle for 4 min, total idle time = 484 min

Student 177 arrived at 09:47 PM and started service at 09:47 PM in counter 1
Student 178 arrived at 09:48 PM and started service at 09:48 PM in counter 2
Student 177 departed at 09:48 PM
Student 178 departed at 09:50 PM

Counters were idle for 2 min, total idle time = 486 min

Student 179 arrived at 09:52 PM and started service at 09:52 PM in counter 1
Student 179 departed at 09:56 PM
