Student 1 arrived at 08:00 AM and started service at 08:00 AM in counter 1

Counters were idle for 2 min, total idle time = 2 min

Student 2 arrived at 08:02 AM and started service at 08:02 AM in counter 2
Student 1 departed at 08:04 AM
Student 2 departed at 08:04 AM

Counters were idle for 3 min, total idle time = 5 min

Student 3 arrived at 08:07 AM and started service at 08:07 AM in counter 1
Student 3 departed at 08:09 AM

Counters were idle for 3 min, total idle time = 8 min

Student 4 arrived at 08:12 AM and started service at 08:12 AM in counter 1
Student 5 arrived at 08:13 AM and started service at 08:13 AM in counter 2
Student 4 departed at 08:17 AM
Student 6 arrived at 08:15 AM and started service at 08:17 AM in counter 2
Student 5 departed at 08:18 AM
Student 6 departed at 08:21 AM

Counters were idle for 1 min, total idle time = 9 min

Student 7 arrived at 08:22 AM and started service at 08:22 AM in counter 1
Student 7 departed at 08:26 AM

Counters were idle for 9 min, total idle time = 18 min

Student 8 arrived at 08:35 AM and started service at 08:35 AM in counter 1
Student 8 departed at 08:39 AM

Counters were idle for 5 min, total idle time = 23 min

Student 9 arrived at 08:44 AM and started service at 08:44 AM in counter 1
Student 9 departed at 08:46 AM

Counters were idle for 19 min, total idle time = 42 min

Student 10 arrived at 09:05 AM and started service at 09:05 AM in counter 1
Student 10 departed at 09:09 AM

Counters were idle for 8 min, total idle time = 50 min

Student 11 arrived at 09:17 AM and started service at 09:17 AM in counter 1
Student 12 arrived at 09:18 AM and started service at 09:18 AM in counter 2
Student 11 departed at 09:21 AM
Student 13 arrived at 09:19 AM and started service at 09:21 AM in counter 2
Student 12 departed at 09:23 AM
Student 13 departed at 09:23 AM

Counters were idle for 11 min, total idle time = 61 min

Student 14 arrived at 09:34 AM and started service at 09:34 AM in counter 1
Student 14 departed at 09:36 AM

Counters were idle for 18 min, total idle time = 79 min

Student 15 arrived at 09:54 AM and started service at 09:54 AM in counter 1
Student 15 departed at 09:56 AM

Counters were idle for 5 min, total idle time = 84 min

Student 16 arrived at 10:01 AM and started service at 10:01 AM in counter 1
Student 16 departed at 10:05 AM

Counters were idle for 2 min, total idle time = 86 min

Student 17 arrived at 10:07 AM and started service at 10:07 AM in counter 1
Student 18 arrived at 10:12 AM and started service at 10:12 AM in counter 2
Student 17 departed at 10:12 AM
Student 18 departed at 10:14 AM

Counters were idle for 1 min, total idle time = 87 min

Student 19 arrived at 10:15 AM and started service at 10:15 AM in counter 1
Student 20 arrived at 10:16 AM and started service at 10:16 AM in counter 2
Student 20 departed at 10:17 AM
Student 19 departed at 10:18 AM

Counters were idle for 2 min, total idle time = 89 min

Student 21 arrived at 10:20 AM and started service at 10:20 AM in counter 1
Student 22 arrived at 10:23 AM and started service at 10:23 AM in counter 2
Student 21 departed at 10:24 AM
Student 22 departed at 10:24 AM

Counters were idle for 2 min, total idle time = 91 min

Student 23 arrived at 10:26 AM and started service at 10:26 AM in counter 1
Student 23 departed at 10:27 AM

Counters were idle for 1 min, total idle time = 92 min

Student 24 arrived at 10:28 AM and started service at 10:28 AM in counter 1
Student 25 arrived at 10:31 AM and started service at 10:31 AM in counter 2
Student 24 departed at 10:33 AM
Student 26 arrived at 10:32 AM and started service at 10:33 AM in counter 2
Student 25 departed at 10:34 AM

Counters were idle for 1 min, total idle time = 93 min

Student 27 arrived at 10:35 AM and started service at 10:35 AM in counter 2
Student 26 departed at 10:36 AM
Student 28 arrived at 10:36 AM and started service at 10:36 AM in counter 2

Counters were idle for 1 min, total idle time = 94 min

Student 27 departed at 10:37 AM
Student 29 arrived at 10:37 AM and started service at 10:37 AM in counter 2

Counters were idle for 2 min, total idle time = 96 min

Student 28 departed at 10:40 AM
Student 29 departed at 10:40 AM
Student 30 arrived at 10:39 AM and started service at 10:40 AM in counter 1
Student 30 departed at 10:41 AM

Counters were idle for 4 min, total idle time = 100 min

Student 31 arrived at 10:45 AM and started service at 10:45 AM in counter 1
Student 32 arrived at 10:48 AM and started service at 10:48 AM in counter 2
Student 31 departed at 10:48 AM
Student 32 departed at 10:49 AM

Counters were idle for 3 min, total idle time = 103 min

Student 33 arrived at 10:52 AM and started service at 10:52 AM in counter 1
Student 33 departed at 10:53 AM

Counters were idle for 5 min, total idle time = 108 min

Student 34 arrived at 10:58 AM and started service at 10:58 AM in counter 1
Student 35 arrived at 11:01 AM and started service at 11:01 AM in counter 2
Student 34 departed at 11:03 AM
Student 35 departed at 11:06 AM

Counters were idle for 4 min, total idle time = 112 min

Student 36 arrived at 11:10 AM and started service at 11:10 AM in counter 1
Student 36 departed at 11:14 AM

Counters were idle for 1 min, total idle time = 113 min

Student 37 arrived at 11:15 AM and started service at 11:15 AM in counter 1
Student 37 departed at 11:20 AM

Counters were idle for 2 min, total idle time = 115 min

Student 38 arrived at 11:22 AM and started service at 11:22 AM in counter 1
Student 39 arrived at 11:24 AM and started service at 11:24 AM in counter 2
Student 38 departed at 11:27 AM
Student 39 departed at 11:27 AM
Student 40 arrived at 11:26 AM and started service at 11:27 AM in counter 1
Student 40 departed at 11:28 AM

Counters were idle for 9 min, total idle time = 124 min

Student 41 arrived at 11:37 AM and started service at 11:37 AM in counter 1
Student 42 arrived at 11:39 AM and started service at 11:39 AM in counter 2
Student 41 departed at 11:40 AM
Student 43 arrived at 11:40 AM and started service at 11:40 AM in counter 2

Counters were idle for 1 min, total idle time = 125 min

Student 42 departed at 11:44 AM
Student 44 arrived at 11:41 AM and started service at 11:44 AM in counter 2

Counters were idle for 1 min, total idle time = 126 min

Student 43 departed at 11:45 AM
Student 45 arrived at 11:42 AM and started service at 11:45 AM in counter 2
Student 45 departed at 11:48 AM
Student 46 arrived at 11:43 AM and started service at 11:48 AM in counter 2

Counters were idle for 1 min, total idle time = 127 min

Student 44 departed at 11:49 AM
Student 47 arrived at 11:45 AM and started service at 11:49 AM in counter 2
Student 46 departed at 11:50 AM
Student 48 arrived at 11:49 AM and started service at 11:50 AM in counter 2
Student 48 departed at 11:51 AM

Counters were idle for 1 min, total idle time = 128 min

Student 49 arrived at 11:52 AM and started service at 11:52 AM in counter 2
Student 47 departed at 11:54 AM
Student 50 arrived at 11:54 AM and started service at 11:54 AM in counter 2

Counters were idle for 1 min, total idle time = 129 min

Student 49 departed at 11:55 AM
Student 50 departed at 11:55 AM
Student 51 arrived at 11:55 AM and started service at 11:55 AM in counter 1
Student 51 departed at 11:58 AM

Counters were idle for 9 min, total idle time = 138 min

Student 52 arrived at 12:07 PM and started service at 12:07 PM in counter 1
Student 52 departed at 12:08 PM

Counters were idle for 1 min, total idle time = 139 min

Student 53 arrived at 12:09 PM and started service at 12:09 PM in counter 1
Student 54 arrived at 12:11 PM and started service at 12:11 PM in counter 2
Student 54 departed at 12:12 PM
Student 55 arrived at 12:12 PM and started service at 12:12 PM in counter 2

Counters were idle for 1 min, total idle time = 140 min

Student 53 departed at 12:13 PM
Student 56 arrived at 12:13 PM and started service at 12:13 PM in counter 2

Counters were idle for 1 min, total idle time = 141 min

Student 56 departed at 12:15 PM
Student 57 arrived at 12:14 PM and started service at 12:15 PM in counter 2
Student 55 departed at 12:17 PM
Student 57 departed at 12:18 PM

Counters were idle for 3 min, total idle time = 144 min

Student 58 arrived at 12:21 PM and started service at 12:21 PM in counter 1
Student 59 arrived at 12:22 PM and started service at 12:22 PM in counter 2
Student 58 departed at 12:25 PM
Student 60 arrived at 12:24 PM and started service at 12:25 PM in counter 2
Student 59 departed at 12:26 PM
Student 61 arrived at 12:25 PM and started service at 12:26 PM in counter 2

Counters were idle for 1 min, total idle time = 145 min

Student 60 departed at 12:28 PM
Student 62 arrived at 12:27 PM and started service at 12:28 PM in counter 2

Counters were idle for 1 min, total idle time = 146 min

Student 62 departed at 12:29 PM
Student 63 arrived at 12:28 PM and started service at 12:29 PM in counter 2
Student 61 departed at 12:30 PM
Student 64 arrived at 12:29 PM and started service at 12:30 PM in counter 2
Student 64 departed at 12:31 PM

Counters were idle for 1 min, total idle time = 147 min

Student 65 arrived at 12:32 PM and started service at 12:32 PM in counter 2
Student 65 departed at 12:33 PM
Student 66 arrived at 12:33 PM and started service at 12:33 PM in counter 2
Student 63 departed at 12:34 PM

Counters were idle for 2 min, total idle time = 149 min

Student 67 arrived at 12:36 PM and started service at 12:36 PM in counter 2
Student 66 departed at 12:36 PM
Student 67 departed at 12:37 PM

Counters were idle for 2 min, total idle time = 151 min

Student 68 arrived at 12:39 PM and started service at 12:39 PM in counter 1
Student 69 arrived at 12:40 PM and started service at 12:40 PM in counter 2
Student 68 departed at 12:43 PM
Student 69 departed at 12:43 PM
Student 70 arrived at 12:41 PM and started service at 12:43 PM in counter 1

Counters were idle for 1 min, total idle time = 152 min

Student 71 arrived at 12:44 PM and started service at 12:44 PM in counter 2
Student 70 departed at 12:48 PM
Student 71 departed at 12:48 PM
Student 72 arrived at 12:46 PM and started service at 12:48 PM in counter 1

Counters were idle for 1 min, total idle time = 153 min

Student 73 arrived at 12:49 PM and started service at 12:49 PM in counter 2
Student 72 departed at 12:49 PM

Counters were idle for 3 min, total idle time = 156 min

Student 74 arrived at 12:52 PM and started service at 12:52 PM in counter 2
Student 73 departed at 12:52 PM

Counters were idle for 1 min, total idle time = 157 min

Student 75 arrived at 12:53 PM and started service at 12:53 PM in counter 2
Student 75 departed at 12:55 PM
Student 76 arrived at 12:54 PM and started service at 12:55 PM in counter 2
Student 74 departed at 12:57 PM

Counters were idle for 1 min, total idle time = 158 min

Student 77 arrived at 12:58 PM and started service at 12:58 PM in counter 2
Student 76 departed at 12:59 PM
Student 77 departed at 01:00 PM

Counters were idle for 1 min, total idle time = 159 min

Student 78 arrived at 01:01 PM and started service at 01:01 PM in counter 1
Student 79 arrived at 01:02 PM and started service at 01:02 PM in counter 2
Student 79 departed at 01:04 PM

Counters were idle for 1 min, total idle time = 160 min

Student 78 departed at 01:05 PM
Student 80 arrived at 01:05 PM and started service at 01:05 PM in counter 1

Counters were idle for 2 min, total idle time = 162 min

Student 81 arrived at 01:07 PM and started service at 01:07 PM in counter 2
Student 80 departed at 01:09 PM
Student 82 arrived at 01:08 PM and started service at 01:09 PM in counter 2
Student 82 departed at 01:10 PM
Student 83 arrived at 01:09 PM and started service at 01:10 PM in counter 2

Counters were idle for 2 min, total idle time = 164 min

Student 81 departed at 01:12 PM
Student 84 arrived at 01:12 PM and started service at 01:12 PM in counter 2
Student 83 departed at 01:13 PM

Counters were idle for 1 min, total idle time = 165 min

Student 85 arrived at 01:14 PM and started service at 01:14 PM in counter 2
Student 84 departed at 01:16 PM
Student 86 arrived at 01:15 PM and started service at 01:16 PM in counter 2

Counters were idle for 1 min, total idle time = 166 min

Student 85 departed at 01:18 PM
Student 87 arrived at 01:16 PM and started service at 01:18 PM in counter 2
Student 86 departed at 01:21 PM
Student 87 departed at 01:21 PM
Student 88 arrived at 01:17 PM and started service at 01:21 PM in counter 2
Student 89 arrived at 01:18 PM and started service at 01:21 PM in counter 2

Counters were idle for 2 min, total idle time = 168 min

Student 88 departed at 01:23 PM
Student 89 departed at 01:23 PM
Student 90 arrived at 01:23 PM and started service at 01:23 PM in counter 1
Student 90 departed at 01:27 PM

Counters were idle for 1 min, total idle time = 169 min

Student 91 arrived at 01:28 PM and started service at 01:28 PM in counter 1
Student 92 arrived at 01:29 PM and started service at 01:29 PM in counter 2
Student 92 departed at 01:30 PM

Counters were idle for 1 min, total idle time = 170 min

Student 91 departed at 01:31 PM
Student 93 arrived at 01:31 PM and started service at 01:31 PM in counter 1

Counters were idle for 1 min, total idle time = 171 min

Student 94 arrived at 01:32 PM and started service at 01:32 PM in counter 2
Student 93 departed at 01:34 PM
Student 94 departed at 01:34 PM

Counters were idle for 2 min, total idle time = 173 min

Student 95 arrived at 01:36 PM and started service at 01:36 PM in counter 1
Student 96 arrived at 01:38 PM and started service at 01:38 PM in counter 2
Student 95 departed at 01:41 PM
Student 96 departed at 01:41 PM
Student 97 arrived at 01:39 PM and started service at 01:41 PM in counter 1
Student 97 departed at 01:43 PM

Counters were idle for 2 min, total idle time = 175 min

Student 98 arrived at 01:45 PM and started service at 01:45 PM in counter 1
Student 99 arrived at 01:46 PM and started service at 01:46 PM in counter 2
Student 98 departed at 01:49 PM
Student 99 departed at 01:49 PM

Counters were idle for 4 min, total idle time = 179 min

Student 100 arrived at 01:53 PM and started service at 01:53 PM in counter 1
Student 100 departed at 01:54 PM

Counters were idle for 7 min, total idle time = 186 min

Student 101 arrived at 02:01 PM and started service at 02:01 PM in counter 1
Student 102 arrived at 02:02 PM and started service at 02:02 PM in counter 2
Student 101 departed at 02:03 PM

Counters were idle for 1 min, total idle time = 187 min

Student 103 arrived at 02:04 PM and started service at 02:04 PM in counter 2
Student 102 departed at 02:05 PM

Counters were idle for 1 min, total idle time = 188 min

Student 104 arrived at 02:06 PM and started service at 02:06 PM in counter 2
Student 103 departed at 02:06 PM
Student 104 departed at 02:08 PM

Counters were idle for 1 min, total idle time = 189 min

Student 105 arrived at 02:09 PM and started service at 02:09 PM in counter 1
Student 106 arrived at 02:11 PM and started service at 02:11 PM in counter 2
Student 105 departed at 02:12 PM

Counters were idle for 1 min, total idle time = 190 min

Student 107 arrived at 02:13 PM and started service at 02:13 PM in counter 2
Student 106 departed at 02:16 PM
Student 107 departed at 02:16 PM
Student 108 arrived at 02:14 PM and started service at 02:16 PM in counter 1
Student 108 departed at 02:18 PM

Counters were idle for 4 min, total idle time = 194 min

Student 109 arrived at 02:22 PM and started service at 02:22 PM in counter 1
Student 110 arrived at 02:23 PM and started service at 02:23 PM in counter 2
Student 110 departed at 02:24 PM

Counters were idle for 1 min, total idle time = 195 min

Student 109 departed at 02:25 PM
Student 111 arrived at 02:25 PM and started service at 02:25 PM in counter 1

Counters were idle for 2 min, total idle time = 197 min

Student 112 arrived at 02:27 PM and started service at 02:27 PM in counter 2
Student 111 departed at 02:28 PM

Counters were idle for 2 min, total idle time = 199 min

Student 113 arrived at 02:30 PM and started service at 02:30 PM in counter 2
Student 112 departed at 02:30 PM
Student 113 departed at 02:32 PM

Counters were idle for 6 min, total idle time = 205 min

Student 114 arrived at 02:38 PM and started service at 02:38 PM in counter 1
Student 115 arrived at 02:40 PM and started service at 02:40 PM in counter 2
Student 115 departed at 02:42 PM
Student 114 departed at 02:43 PM

Counters were idle for 7 min, total idle time = 212 min

Student 116 arrived at 02:50 PM and started service at 02:50 PM in counter 1
Student 117 arrived at 02:53 PM and started service at 02:53 PM in counter 2
Student 117 departed at 02:54 PM
Student 116 departed at 02:55 PM

Counters were idle for 2 min, total idle time = 214 min

Student 118 arrived at 02:57 PM and started service at 02:57 PM in counter 1
Student 119 arrived at 02:59 PM and started service at 02:59 PM in counter 2
Student 118 departed at 03:00 PM
Student 119 departed at 03:00 PM
Student 120 arrived at 03:00 PM and started service at 03:00 PM in counter 1

Counters were idle for 1 min, total idle time = 215 min

Student 121 arrived at 03:01 PM and started service at 03:01 PM in counter 2
Student 121 departed at 03:03 PM
Student 120 departed at 03:04 PM

Counters were idle for 2 min, total idle time = 217 min

Student 122 arrived at 03:06 PM and started service at 03:06 PM in counter 1
Student 123 arrived at 03:07 PM and started service at 03:07 PM in counter 2
Student 122 departed at 03:10 PM
Student 123 departed at 03:12 PM

Counters were idle for 1 min, total idle time = 218 min

Student 124 arrived at 03:13 PM and started service at 03:13 PM in counter 1
Student 125 arrived at 03:18 PM and started service at 03:18 PM in counter 2
Student 124 departed at 03:18 PM

Counters were idle for 2 min, total idle time = 220 min

Student 126 arrived at 03:20 PM and started service at 03:20 PM in counter 2
Student 125 departed at 03:23 PM
Student 127 arrived at 03:23 PM and started service at 03:23 PM in counter 2

Counters were idle for 1 min, total idle time = 221 min

Student 127 departed at 03:24 PM
Student 128 arrived at 03:24 PM and started service at 03:24 PM in counter 2
Student 126 departed at 03:25 PM
Student 128 departed at 03:25 PM

Counters were idle for 1 min, total idle time = 222 min

Student 129 arrived at 03:26 PM and started service at 03:26 PM in counter 1
Student 129 departed at 03:31 PM

Counters were idle for 4 min, total idle time = 226 min

Student 130 arrived at 03:35 PM and started service at 03:35 PM in counter 1
Student 130 departed at 03:36 PM

Counters were idle for 2 min, total idle time = 228 min

Student 131 arrived at 03:38 PM and started service at 03:38 PM in counter 1
Student 132 arrived at 03:39 PM and started service at 03:39 PM in counter 2
Student 131 departed at 03:40 PM
Student 133 arrived at 03:40 PM and started service at 03:40 PM in counter 2
Student 132 departed at 03:41 PM

Counters were idle for 1 min, total idle time = 229 min

Student 134 arrived at 03:42 PM and started service at 03:42 PM in counter 2
Student 133 departed at 03:45 PM
Student 135 arrived at 03:43 PM and started service at 03:45 PM in counter 2
Student 134 departed at 03:47 PM
Student 136 arrived at 03:44 PM and started service at 03:47 PM in counter 2

Counters were idle for 2 min, total idle time = 231 min

Student 135 departed at 03:49 PM
Student 137 arrived at 03:45 PM and started service at 03:49 PM in counter 2
Student 136 departed at 03:51 PM
Student 138 arrived at 03:49 PM and started service at 03:51 PM in counter 2
Student 137 departed at 03:54 PM

Counters were idle for 2 min, total idle time = 233 min

Student 139 arrived at 03:56 PM and started service at 03:56 PM in counter 2
Student 138 departed at 03:56 PM

Counters were idle for 1 min, total idle time = 234 min

Student 140 arrived at 03:57 PM and started service at 03:57 PM in counter 2
Student 139 departed at 03:59 PM
Student 141 arrived at 03:59 PM and started service at 03:59 PM in counter 2

Counters were idle for 1 min, total idle time = 235 min

Student 140 departed at 04:00 PM
Student 142 arrived at 04:00 PM and started service at 04:00 PM in counter 2
Student 141 departed at 04:02 PM
Student 142 departed at 04:03 PM

Counters were idle for 1 min, total idle time = 236 min

Student 143 arrived at 04:04 PM and started service at 04:04 PM in counter 1
Student 143 departed at 04:05 PM

Counters were idle for 18 min, total idle time = 254 min

Student 144 arrived at 04:23 PM and started service at 04:23 PM in counter 1
Student 145 arrived at 04:25 PM and started service at 04:25 PM in counter 2
Student 145 departed at 04:27 PM

Counters were idle for 1 min, total idle time = 255 min

Student 144 departed at 04:28 PM
Student 146 arrived at 04:28 PM and started service at 04:28 PM in counter 1

Counters were idle for 3 min, total idle time = 258 min

Student 147 arrived at 04:31 PM and started service at 04:31 PM in counter 2
Student 146 departed at 04:31 PM

Counters were idle for 4 min, total idle time = 262 min

Student 148 arrived at 04:35 PM and started service at 04:35 PM in counter 2
Student 147 departed at 04:35 PM

Counters were idle for 2 min, total idle time = 264 min

Student 149 arrived at 04:37 PM and started service at 04:37 PM in counter 2
Student 148 departed at 04:38 PM

Counters were idle for 2 min, total idle time = 266 min

Student 150 arrived at 04:40 PM and started service at 04:40 PM in counter 2
Student 149 departed at 04:41 PM
Student 150 departed at 04:45 PM

Counters were idle for 10 min, total idle time = 276 min

Student 151 arrived at 04:55 PM and started service at 04:55 PM in counter 1
Student 151 departed at 04:56 PM

Counters were idle for 2 min, total idle time = 278 min

Student 152 arrived at 04:58 PM and started service at 04:58 PM in counter 1
Student 153 arrived at 05:01 PM and started service at 05:01 PM in counter 2
Student 152 departed at 05:03 PM
Student 154 arrived at 05:03 PM and started service at 05:03 PM in counter 2
Student 154 departed at 05:04 PM
Student 153 departed at 05:05 PM

Counters were idle for 2 min, total idle time = 280 min

Student 155 arrived at 05:07 PM and started service at 05:07 PM in counter 1
Student 156 arrived at 05:10 PM and started service at 05:10 PM in counter 2
Student 155 departed at 05:10 PM
Student 156 departed at 05:12 PM

Counters were idle for 1 min, total idle time = 281 min

Student 157 arrived at 05:13 PM and started service at 05:13 PM in counter 1
Student 157 departed at 05:16 PM

Counters were idle for 4 min, total idle time = 285 min

Student 158 arrived at 05:20 PM and started service at 05:20 PM in counter 1
Student 158 departed at 05:24 PM

Counters were idle for 1 min, total idle time = 286 min

Student 159 arrived at 05:25 PM and started service at 05:25 PM in counter 1
Student 159 departed at 05:27 PM

Counters were idle for 8 min, total idle time = 294 min

Student 160 arrived at 05:35 PM and started service at 05:35 PM in counter 1
Student 161 arrived at 05:36 PM and started service at 05:36 PM in counter 2
Student 160 departed at 05:37 PM
Student 161 departed at 05:38 PM

Counters were idle for 7 min, total idle time = 301 min

Student 162 arrived at 05:45 PM and started service at 05:45 PM in counter 1
Student 163 arrived at 05:47 PM and started service at 05:47 PM in counter 2
Student 162 departed at 05:48 PM
Student 163 departed at 05:52 PM

Counters were idle for 5 min, total idle time = 306 min

Student 164 arrived at 05:57 PM and started service at 05:57 PM in counter 1
Student 164 departed at 05:58 PM

Counters were idle for 1 min, total idle time = 307 min

Student 165 arrived at 05:59 PM and started service at 05:59 PM in counter 1
Student 166 arrived at 06:00 PM and started service at 06:00 PM in counter 2
Student 165 departed at 06:02 PM
Student 166 departed at 06:02 PM

Counters were idle for 2 min, total idle time = 309 min

Student 167 arrived at 06:04 PM and started service at 06:04 PM in counter 1
Student 168 arrived at 06:05 PM and started service at 06:05 PM in counter 2
Student 167 departed at 06:07 PM
Student 168 departed at 06:07 PM

Counters were idle for 13 min, total idle time = 322 min

Student 169 arrived at 06:20 PM and started service at 06:20 PM in counter 1
Student 169 departed at 06:25 PM

Counters were idle for 3 min, total idle time = 325 min

Student 170 arrived at 06:28 PM and started service at 06:28 PM in counter 1
Student 170 departed at 06:33 PM

Counters were idle for 7 min, total idle time = 332 min

Student 171 arrived at 06:40 PM and started service at 06:40 PM in counter 1
Student 171 departed at 06:42 PM

Counters were idle for 8 min, total idle time = 340 min

Student 172 arrived at 06:50 PM and started service at 06:50 PM in counter 1
Student 172 departed at 06:55 PM

Counters were idle for 9 min, total idle time = 349 min

Student 173 arrived at 07:04 PM and started service at 07:04 PM in counter 1
Student 173 departed at 07:06 PM

Counters were idle for 5 min, total idle time = 354 min

Student 174 arrived at 07:11 PM and started service at 07:11 PM in counter 1
Student 175 arrived at 07:14 PM and started service at 07:14 PM in counter 2
Student 174 departed at 07:14 PM

Counters were idle for 1 min, total idle time = 355 min

Student 176 arrived at 07:15 PM and started service at 07:15 PM in counter 2
Student 175 departed at 07:17 PM
Student 176 departed at 07:17 PM

Counters were idle for 1 min, total idle time = 356 min

Student 177 arrived at 07:18 PM and started service at 07:18 PM in counter 1
Student 178 arrived at 07:20 PM and started service at 07:20 PM in counter 2
Student 177 departed at 07:21 PM
Student 178 departed at 07:24 PM

Counters were idle for 22 min, total idle time = 378 min

Student 179 arrived at 07:46 PM and started service at 07:46 PM in counter 1
Student 179 departed at 07:47 PM

Counters were idle for 20 min, total idle time = 398 min

Student 180 arrived at 08:07 PM and started service at 08:07 PM in counter 1
Student 180 departed at 08:12 PM

Counters were idle for 35 min, total idle time = 433 min

Student 181 arrived at 08:47 PM and started service at 08:47 PM in counter 1
Student 181 departed at 08:51 PM

Counters were idle for 10 min, total idle time = 443 min

Student 182 arrived at 09:01 PM and started service at 09:01 PM in counter 1
Student 183 arrived at 09:06 PM and started service at 09:06 PM in counter 2
Student 182 departed at 09:06 PM
Student 183 departed at 09:09 PM

Counters were idle for 12 min, total idle time = 455 min

Student 184 arrived at 09:21 PM and started service at 09:21 PM in counter 1
Student 184 departed at 09:24 PM

Counters were idle for 3 min, total idle time = 458 min

Student 185 arrived at 09:27 PM and started service at 09:27 PM in counter 1
Student 186 arrived at 09:28 PM and started service at 09:28 PM in counter 2
Student 186 departed at 09:30 PM
Student 185 departed at 09:32 PM

Counters were idle for 11 min, total idle time = 469 min

Student 187 arrived at 09:43 PM and started service at 09:43 PM in counter 1
Student 187 departed at 09:45 PM
