Student 1 arrived at 08:00 AM and started service at 08:00 AM in counter 1
Student 1 departed at 08:02 AM

Counters were idle for 6 min, total idle time = 6 min

Student 2 arrived at 08:08 AM and started service at 08:08 AM in counter 1
Student 3 arrived at 08:11 AM and started service at 08:11 AM in counter 2
Student 3 departed at 08:12 AM

Counters were idle for 1 min, total idle time = 7 min

Student 2 departed at 08:13 AM
Student 4 arrived at 08:13 AM and started service at 08:13 AM in counter 1
Student 4 departed at 08:15 AM

Counters were idle for 3 min, total idle time = 10 min

Student 5 arrived at 08:18 AM and started service at 08:18 AM in counter 1
Student 6 arrived at 08:20 AM and started service at 08:20 AM in counter 2
Student 5 departed at 08:20 AM

Counters were idle for 2 min, total idle time = 12 min

Student 7 arrived at 08:22 AM and started service at 08:22 AM in counter 2
Student 6 departed at 08:24 AM
Student 8 arrived at 08:24 AM and started service at 08:24 AM in counter 2
Student 7 departed at 08:26 AM
Student 8 departed at 08:27 AM

Counters were idle for 2 min, total idle time = 14 min

Student 9 arrived at 08:29 AM and started service at 08:29 AM in counter 1
Student 10 arrived at 08:32 AM and started service at 08:32 AM in counter 2
Student 9 departed at 08:32 AM

Counters were idle for 1 min, total idle time = 15 min

Student 11 arrived at 08:33 AM and started service at 08:33 AM in counter 2
Student 11 departed at 08:34 AM
Student 10 departed at 08:37 AM

Counters were idle for 6 min, total idle time = 21 min

Student 12 arrived at 08:43 AM and started service at 08:43 AM in counter 1
Student 12 departed at 08:46 AM

Counters were idle for 1 min, total idle time = 22 min

Student 13 arrived at 08:47 AM and started service at 08:47 AM in counter 1
Student 14 arrived at 08:49 AM and started service at 08:49 AM in counter 2
Student 14 departed at 08:50 AM
Student 13 departed at 08:52 AM

Counters were idle for 2 min, total idle time = 24 min

Student 15 arrived at 08:54 AM and started service at 08:54 AM in counter 1
Student 16 arrived at 08:55 AM and started service at 08:55 AM in counter 2
Student 15 departed at 08:56 AM

Counters were idle for 1 min, total idle time = 25 min

Student 17 arrived at 08:57 AM and started service at 08:57 AM in counter 2
Student 16 departed at 08:58 AM

Counters were idle for 1 min, total idle time = 26 min

Student 18 arrived at 08:59 AM and started service at 08:59 AM in counter 2
Student 17 departed at 08:59 AM
Student 18 departed at 09:00 AM

Counters were idle for 2 min, total idle time = 28 min

Student 19 arrived at 09:02 AM and started service at 09:02 AM in counter 1
Student 20 arrived at 09:05 AM and started service at 09:05 AM in counter 2
Student 19 departed at 09:06 AM
Student 20 departed at 09:10 AM

Counters were idle for 3 min, total idle time = 31 min

Student 21 arrived at 09:13 AM and started service at 09:13 AM in counter 1
Student 22 arrived at 09:14 AM and started service at 09:14 AM in counter 2
Student 21 departed at 09:14 AM
Student 22 departed at 09:19 AM

Counters were idle for 1 min, total idle time = 32 min

Student 23 arrived at 09:20 AM and started service at 09:20 AM in counter 1
Student 23 departed at 09:25 AM

Counters were idle for 1 min, total idle time = 33 min

Student 24 arrived at 09:26 AM and started service at 09:26 AM in counter 1
Student 25 arrived at 09:27 AM and started service at 09:27 AM in counter 2
Student 24 departed at 09:28 AM
Student 25 departed at 09:32 AM

Counters were idle for 4 min, total idle time = 37 min

Student 26 arrived at 09:36 AM and started service at 09:36 AM in counter 1
Student 27 arrived at 09:40 AM and started service at 09:40 AM in counter 2
Student 26 departed at 09:40 AM

Counters were idle for 3 min, total idle time = 40 min

Student 28 arrived at 09:43 AM and started service at 09:43 AM in counter 2
Student 27 departed at 09:43 AM
Student 28 departed at 09:45 AM

Counters were idle for 9 min, total idle time = 49 min

Student 29 arrived at 09:54 AM and started service at 09:54 AM in counter 1
Student 29 departed at 09:57 AM

Counters were idle for 8 min, total idle time = 57 min

Student 30 arrived at 10:05 AM and started service at 10:05 AM in counter 1
Student 30 departed at 10:07 AM

Counters were idle for 1 min, total idle time = 58 min

Student 31 arrived at 10:08 AM and started service at 10:08 AM in counter 1
Student 31 departed at 10:12 AM

Counters were idle for 4 min, total idle time = 62 min

Student 32 arrived at 10:16 AM and started service at 10:16 AM in counter 1
Student 32 departed at 10:18 AM

Counters were idle for 3 min, total idle time = 65 min

Student 33 arrived at 10:21 AM and started service at 10:21 AM in counter 1
Student 33 departed at 10:24 AM

Counters were idle for 2 min, total idle time = 67 min

Student 34 arrived at 10:26 AM and started service at 10:26 AM in counter 1
Student 35 arrived at 10:27 AM and started service at 10:27 AM in counter 2
Student 34 departed at 10:29 AM

Counters were idle for 2 min, total idle time = 69 min

Student 36 arrived at 10:31 AM and started service at 10:31 AM in counter 2
Student 35 departed at 10:31 AM
Student 36 departed at 10:32 AM

Counters were idle for 1 min, total idle time = 70 min

Student 37 arrived at 10:33 AM and started service at 10:33 AM in counter 1
Student 38 arrived at 10:38 AM and started service at 10:38 AM in counter 2
Student 37 departed at 10:38 AM
Student 38 departed at 10:40 AM

Counters were idle for 2 min, total idle time = 72 min

Student 39 arrived at 10:42 AM and started service at 10:42 AM in counter 1
Student 40 arrived at 10:43 AM and started service at 10:43 AM in counter 2
Student 40 departed at 10:45 AM
Student 41 arrived at 10:44 AM and started service at 10:45 AM in counter 2
Student 39 departed at 10:46 AM
Student 41 departed at 10:47 AM

Counters were idle for 1 min, total idle time = 73 min

Student 42 arrived at 10:48 AM and started service at 10:48 AM in counter 1
Student 43 arrived at 10:49 AM and started service at 10:49 AM in counter 2
Student 42 departed at 10:53 AM
Student 43 departed at 10:53 AM
Student 44 arrived at 10:52 AM and started service at 10:53 AM in counter 1

Counters were idle for 2 min, total idle time = 75 min

Student 45 arrived at 10:55 AM and started service at 10:55 AM in counter 2
Student 44 departed at 10:58 AM
Student 45 departed at 10:59 AM

Counters were idle for 8 min, total idle time = 83 min

Student 46 arrived at 11:07 AM and started service at 11:07 AM in counter 1
Student 46 departed at 11:11 AM

Counters were idle for 2 min, total idle time = 85 min

Student 47 arrived at 11:13 AM and started service at 11:13 AM in counter 1
Student 48 arrived at 11:16 AM and started service at 11:16 AM in counter 2
Student 47 departed at 11:17 AM
Student 48 departed at 11:19 AM

Counters were idle for 3 min, total idle time = 88 min

Student 49 arrived at 11:22 AM and started service at 11:22 AM in counter 1
Student 50 arrived at 11:25 AM and started service at 11:25 AM in counter 2
Student 49 departed at 11:26 AM
Student 51 arrived at 11:26 AM and started service at 11:26 AM in counter 2

Counters were idle for 2 min, total idle time = 90 min

Student 50 departed at 11:30 AM
Student 52 arrived at 11:28 AM and started service at 11:30 AM in counter 2

Counters were idle for 1 min, total idle time = 91 min

Student 51 departed at 11:31 AM
Student 53 arrived at 11:31 AM and started service at 11:31 AM in counter 2
Student 52 departed at 11:32 AM
Student 53 departed at 11:33 AM

Counters were idle for 4 min, total idle time = 95 min

Student 54 arrived at 11:37 AM and started service at 11:37 AM in counter 1
Student 55 arrived at 11:39 AM and started service at 11:39 AM in counter 2
Student 55 departed at 11:40 AM
Student 54 departed at 11:41 AM

Counters were idle for 3 min, total idle time = 98 min

Student 56 arrived at 11:44 AM and started service at 11:44 AM in counter 1
Student 56 departed at 11:47 AM

Counters were idle for 3 min, total idle time = 101 min

Student 57 arrived at 11:50 AM and started service at 11:50 AM in counter 1
Student 57 departed at 11:52 AM

Counters were idle for 2 min, total idle time = 103 min

Student 58 arrived at 11:54 AM and started service at 11:54 AM in counter 1
Student 59 arrived at 11:55 AM and started service at 11:55 AM in counter 2
Student 58 departed at 11:58 AM
Student 59 departed at 11:59 AM

Counters were idle for 3 min, total idle time = 106 min

Student 60 arrived at 12:02 PM and started service at 12:02 PM in counter 1
Student 61 arrived at 12:03 PM and started service at 12:03 PM in counter 2
Student 60 departed at 12:06 PM
Student 62 arrived at 12:06 PM and started service at 12:06 PM in counter 2

Counters were idle for 1 min, total idle time = 107 min

Student 61 departed at 12:07 PM
Student 63 arrived at 12:07 PM and started service at 12:07 PM in counter 2

Counters were idle for 2 min, total idle time = 109 min

Student 62 departed at 12:10 PM
Student 63 departed at 12:10 PM
Student 64 arrived at 12:09 PM and started service at 12:10 PM in counter 2
Student 65 arrived at 12:10 PM and started service at 12:10 PM in counter 2

Counters were idle for 1 min, total idle time = 110 min

Student 65 departed at 12:12 PM
Student 66 arrived at 12:11 PM and started service at 12:12 PM in counter 2
Student 64 departed at 12:13 PM
Student 66 departed at 12:13 PM
Student 67 arrived at 12:12 PM and started service at 12:13 PM in counter 1

Counters were idle for 2 min, total idle time = 112 min

Student 68 arrived at 12:15 PM and started service at 12:15 PM in counter 2
Student 67 departed at 12:16 PM
Student 69 arrived at 12:16 PM and started service at 12:16 PM in counter 2

Counters were idle for 1 min, total idle time = 113 min

Student 69 departed at 12:18 PM
Student 70 arrived at 12:17 PM and started service at 12:18 PM in counter 2

Counters were idle for 1 min, total idle time = 114 min

Student 70 departed at 12:19 PM
Student 71 arrived at 12:18 PM and started service at 12:19 PM in counter 2

Counters were idle for 1 min, total idle time = 115 min

Student 68 departed at 12:20 PM
Student 72 arrived at 12:19 PM and started service at 12:20 PM in counter 2

Counters were idle for 1 min, total idle time = 116 min

Student 71 departed at 12:23 PM
Student 72 departed at 12:23 PM
Student 73 arrived at 12:20 PM and started service at 12:23 PM in counter 2
Student 74 arrived at 12:21 PM and started service at 12:23 PM in counter 2

Counters were idle for 1 min, total idle time = 117 min

Student 74 departed at 12:25 PM
Student 75 arrived at 12:24 PM and started service at 12:25 PM in counter 2

Counters were idle for 2 min, total idle time = 119 min

Student 73 departed at 12:27 PM
Student 75 departed at 12:27 PM
Student 76 arrived at 12:27 PM and started service at 12:27 PM in counter 1

Counters were idle for 1 min, total idle time = 120 min

Student 77 arrived at 12:28 PM and started service at 12:28 PM in counter 2
Student 76 departed at 12:29 PM
Student 78 arrived at 12:29 PM and started service at 12:29 PM in counter 2

Counters were idle for 1 min, total idle time = 121 min

Student 77 departed at 12:31 PM
Student 79 arrived at 12:30 PM and started service at 12:31 PM in counter 2
Student 79 departed at 12:32 PM
Student 80 arrived at 12:31 PM and started service at 12:32 PM in counter 2

Counters were idle for 1 min, total idle time = 122 min

Student 78 departed at 12:33 PM
Student 81 arrived at 12:33 PM and started service at 12:33 PM in counter 2

Counters were idle for 1 min, total idle time = 123 min

Student 81 departed at 12:34 PM
Student 82 arrived at 12:34 PM and started service at 12:34 PM in counter 2

Counters were idle for 1 min, total idle time = 124 min

Student 82 departed at 12:36 PM
Student 83 arrived at 12:35 PM and started service at 12:36 PM in counter 2

Counters were idle for 1 min, total idle time = 125 min

Student 80 departed at 12:37 PM
Student 84 arrived at 12:37 PM and started service at 12:37 PM in counter 2

Counters were idle for 1 min, total idle time = 126 min

Student 84 departed at 12:38 PM
Student 85 arrived at 12:38 PM and started service at 12:38 PM in counter 2
Student 85 departed at 12:39 PM
Student 83 departed at 12:40 PM

Counters were idle for 1 min, total idle time = 127 min

Student 86 arrived at 12:41 PM and started service at 12:41 PM in counter 1
Student 87 arrived at 12:43 PM and started service at 12:43 PM in counter 2
Student 86 departed at 12:44 PM
Student 88 arrived at 12:44 PM and started service at 12:44 PM in counter 2

Counters were idle for 1 min, total idle time = 128 min

Student 87 departed at 12:47 PM
Student 89 arrived at 12:45 PM and started service at 12:47 PM in counter 2

Counters were idle for 1 min, total idle time = 129 min

Student 89 departed at 12:48 PM
Student 90 arrived at 12:46 PM and started service at 12:48 PM in counter 2

Counters were idle for 1 min, total idle time = 130 min

Student 88 departed at 12:49 PM
Student 91 arrived at 12:47 PM and started service at 12:49 PM in counter 2
Student 90 departed at 12:51 PM
Student 92 arrived at 12:48 PM and started service at 12:51 PM in counter 2
Student 91 departed at 12:52 PM
Student 93 arrived at 12:49 PM and started service at 12:52 PM in counter 2

Counters were idle for 3 min, total idle time = 133 min

Student 92 departed at 12:55 PM
Student 94 arrived at 12:55 PM and started service at 12:55 PM in counter 2

Counters were idle for 1 min, total idle time = 134 min

Student 93 departed at 12:56 PM
Student 95 arrived at 12:56 PM and started service at 12:56 PM in counter 2

Counters were idle for 2 min, total idle time = 136 min

Student 94 departed at 12:58 PM
Student 96 arrived at 12:58 PM and started service at 12:58 PM in counter 2
Student 95 departed at 01:01 PM

Counters were idle for 1 min, total idle time = 137 min

Student 97 arrived at 01:02 PM and started service at 01:02 PM in counter 2
Student 96 departed at 01:03 PM
Student 97 departed at 01:03 PM

Counters were idle for 2 min, total idle time = 139 min

Student 98 arrived at 01:05 PM and started service at 01:05 PM in counter 1
Student 99 arrived at 01:06 PM and started service at 01:06 PM in counter 2
Student 98 departed at 01:10 PM
Student 99 departed at 01:10 PM
Student 100 arrived at 01:08 PM and started service at 01:10 PM in counter 1
Student 100 departed at 01:11 PM

Counters were idle for 2 min, total idle time = 141 min

Student 101 arrived at 01:13 PM and started service at 01:13 PM in counter 1
Student 102 arrived at 01:14 PM and started service at 01:14 PM in counter 2
Student 101 departed at 01:16 PM
Student 103 arrived at 01:16 PM and started service at 01:16 PM in counter 2
Student 102 departed at 01:17 PM

Counters were idle for 1 min, total idle time = 142 min

Student 104 arrived at 01:18 PM and started service at 01:18 PM in counter 2
Student 103 departed at 01:21 PM
Student 105 arrived at 01:19 PM and started service at 01:21 PM in counter 2

Counters were idle for 1 min, total idle time = 143 min

Student 105 departed at 01:22 PM
Student 106 arrived at 01:21 PM and started service at 01:22 PM in counter 2
Student 104 departed at 01:23 PM
Student 106 departed at 01:23 PM
Student 107 arrived at 01:22 PM and started service at 01:23 PM in counter 1

Counters were idle for 1 min, total idle time = 144 min

Student 108 arrived at 01:24 PM and started service at 01:24 PM in counter 2
Student 107 departed at 01:27 PM
Student 108 departed at 01:28 PM

Counters were idle for 2 min, total idle time = 146 min

Student 109 arrived at 01:30 PM and started service at 01:30 PM in counter 1
Student 110 arrived at 01:32 PM and started service at 01:32 PM in counter 2
Student 109 departed at 01:33 PM
Student 111 arrived at 01:33 PM and started service at 01:33 PM in counter 2
Student 111 departed at 01:36 PM
Student 110 departed at 01:37 PM

Counters were idle for 3 min, total idle time = 149 min

Student 112 arrived at 01:40 PM and started service at 01:40 PM in counter 1
Student 113 arrived at 01:43 PM and started service at 01:43 PM in counter 2
Student 112 departed at 01:44 PM
Student 114 arrived at 01:44 PM and started service at 01:44 PM in counter 2

Counters were idle for 1 min, total idle time = 150 min

Student 113 departed at 01:45 PM
Student 115 arrived at 01:45 PM and started service at 01:45 PM in counter 2

Counters were idle for 1 min, total idle time = 151 min

Student 114 departed at 01:49 PM
Student 116 arrived at 01:46 PM and started service at 01:49 PM in counter 2

Counters were idle for 1 min, total idle time = 152 min

Student 115 departed at 01:50 PM
Student 117 arrived at 01:47 PM and started service at 01:50 PM in counter 2
Student 116 departed at 01:52 PM
Student 118 arrived at 01:50 PM and started service at 01:52 PM in counter 2

Counters were idle for 2 min, total idle time = 154 min

Student 117 departed at 01:54 PM
Student 119 arrived at 01:54 PM and started service at 01:54 PM in counter 2
Student 118 departed at 01:57 PM
Student 119 departed at 01:57 PM

Counters were idle for 3 min, total idle time = 157 min

Student 120 arrived at 02:00 PM and started service at 02:00 PM in counter 1
Student 120 departed at 02:03 PM

Counters were idle for 2 min, total idle time = 159 min

Student 121 arrived at 02:05 PM and started service at 02:05 PM in counter 1
Student 122 arrived at 02:06 PM and started service at 02:06 PM in counter 2
Student 121 departed at 02:07 PM

Counters were idle for 4 min, total idle time = 163 min

Student 123 arrived at 02:11 PM and started service at 02:11 PM in counter 2
Student 122 departed at 02:11 PM

Counters were idle for 2 min, total idle time = 165 min

Student 124 arrived at 02:13 PM and started service at 02:13 PM in counter 2
Student 124 departed at 02:14 PM
Student 125 arrived at 02:14 PM and started service at 02:14 PM in counter 2
Student 123 departed at 02:15 PM
Student 125 departed at 02:16 PM

Counters were idle for 1 min, total idle time = 166 min

Student 126 arrived at 02:17 PM and started service at 02:17 PM in counter 1
Student 127 arrived at 02:19 PM and started service at 02:19 PM in counter 2
Student 127 departed at 02:20 PM
Student 128 arrived at 02:20 PM and started service at 02:20 PM in counter 2
Student 126 departed at 02:22 PM
Student 128 departed at 02:22 PM

Counters were idle for 14 min, total idle time = 180 min

Student 129 arrived at 02:36 PM and started service at 02:36 PM in counter 1
Student 130 arrived at 02:37 PM and started service at 02:37 PM in counter 2
Student 129 departed at 02:40 PM
Student 130 departed at 02:40 PM

Counters were idle for 8 min, total idle time = 188 min

Student 131 arrived at 02:48 PM and started service at 02:48 PM in counter 1
Student 132 arrived at 02:50 PM and started service at 02:50 PM in counter 2
Student 132 departed at 02:52 PM
Student 133 arrived at 02:51 PM and started service at 02:52 PM in counter 2
Student 131 departed at 02:53 PM
Student 133 departed at 02:53 PM

Counters were idle for 1 min, total idle time = 189 min

Student 134 arrived at 02:54 PM and started service at 02:54 PM in counter 1
Student 135 arrived at 02:57 PM and started service at 02:57 PM in counter 2
Student 134 departed at 02:57 PM

Counters were idle for 5 min, total idle time = 194 min

Student 136 arrived at 03:02 PM and started service at 03:02 PM in counter 2
Student 135 departed at 03:02 PM
Student 136 departed at 03:03 PM

Counters were idle for 2 min, total idle time = 196 min

Student 137 arrived at 03:05 PM and started service at 03:05 PM in counter 1
Student 138 arrived at 03:06 PM and started service at 03:06 PM in counter 2
Student 137 departed at 03:10 PM

Counters were idle for 1 min, total idle time = 197 min

Student 139 arrived at 03:11 PM and started service at 03:11 PM in counter 2
Student 138 departed at 03:11 PM

Counters were idle for 1 min, total idle time = 198 min

Student 140 arrived at 03:12 PM and started service at 03:12 PM in counter 2
Student 139 departed at 03:16 PM
Student 141 arrived at 03:13 PM and started service at 03:16 PM in counter 2

Counters were idle for 1 min, total idle time = 199 min

Student 140 departed at 03:17 PM
Student 142 arrived at 03:14 PM and started service at 03:17 PM in counter 2

Counters were idle for 1 min, total idle time = 200 min

Student 142 departed at 03:18 PM
Student 143 arrived at 03:16 PM and started service at 03:18 PM in counter 2

Counters were idle for 1 min, total idle time = 201 min

Student 141 departed at 03:19 PM
Student 143 departed at 03:19 PM
Student 144 arrived at 03:17 PM and started service at 03:19 PM in counter 2
Student 145 arrived at 03:18 PM and started service at 03:19 PM in counter 2

Counters were idle for 2 min, total idle time = 203 min

Student 145 departed at 03:21 PM
Student 146 arrived at 03:19 PM and started service at 03:21 PM in counter 2
Student 144 departed at 03:23 PM
Student 146 departed at 03:23 PM
Student 147 arrived at 03:21 PM and started service at 03:23 PM in counter 1

Counters were idle for 1 min, total idle time = 204 min

Student 148 arrived at 03:24 PM and started service at 03:24 PM in counter 2
Student 147 departed at 03:24 PM
Student 148 departed at 03:25 PM

Counters were idle for 2 min, total idle time = 206 min

Student 149 arrived at 03:27 PM and started service at 03:27 PM in counter 1
Student 149 departed at 03:32 PM

Counters were idle for 4 min, total idle time = 210 min

Student 150 arrived at 03:36 PM and started service at 03:36 PM in counter 1
Student 151 arrived at 03:38 PM and started service at 03:38 PM in counter 2
Student 150 departed at 03:40 PM
Student 151 departed at 03:40 PM
Student 152 arrived at 03:39 PM and started service at 03:40 PM in counter 1

Counters were idle for 3 min, total idle time = 213 min

Student 153 arrived at 03:43 PM and started service at 03:43 PM in counter 2
Student 152 departed at 03:45 PM
Student 153 departed at 03:46 PM

Counters were idle for 1 min, total idle time = 214 min

Student 154 arrived at 03:47 PM and started service at 03:47 PM in counter 1
Student 155 arrived at 03:49 PM and started service at 03:49 PM in counter 2
Student 154 departed at 03:50 PM

Counters were idle for 1 min, total idle time = 215 min

Student 156 arrived at 03:51 PM and started service at 03:51 PM in counter 2
Student 155 departed at 03:54 PM
Student 157 arrived at 03:54 PM and started service at 03:54 PM in counter 2
Student 156 departed at 03:55 PM

Counters were idle for 1 min, total idle time = 216 min

Student 158 arrived at 03:56 PM and started service at 03:56 PM in counter 2
Student 157 departed at 03:56 PM
Student 158 departed at 03:58 PM

Counters were idle for 3 min, total idle time = 219 min

Student 159 arrived at 04:01 PM and started service at 04:01 PM in counter 1
Student 160 arrived at 04:03 PM and started service at 04:03 PM in counter 2
Student 159 departed at 04:04 PM
Student 160 departed at 04:06 PM

Counters were idle for 6 min, total idle time = 225 min

Student 161 arrived at 04:12 PM and started service at 04:12 PM in counter 1
Student 162 arrived at 04:13 PM and started service at 04:13 PM in counter 2
Student 161 departed at 04:16 PM
Student 162 departed at 04:16 PM
Student 163 arrived at 04:15 PM and started service at 04:16 PM in counter 1
Student 163 departed at 04:17 PM

Counters were idle for 1 min, total idle time = 226 min

Student 164 arrived at 04:18 PM and started service at 04:18 PM in counter 1
Student 165 arrived at 04:20 PM and started service at 04:20 PM in counter 2
Student 165 departed at 04:22 PM
Student 166 arrived at 04:22 PM and started service at 04:22 PM in counter 2
Student 164 departed at 04:23 PM

Counters were idle for 2 min, total idle time = 228 min

Student 167 arrived at 04:25 PM and started service at 04:25 PM in counter 2
Student 166 departed at 04:27 PM
Student 168 arrived at 04:26 PM and started service at 04:27 PM in counter 2
Student 167 departed at 04:30 PM
Student 168 departed at 04:30 PM

Counters were idle for 3 min, total idle time = 231 min

Student 169 arrived at 04:33 PM and started service at 04:33 PM in counter 1
Student 169 departed at 04:38 PM

Counters were idle for 1 min, total idle time = 232 min

Student 170 arrived at 04:39 PM and started service at 04:39 PM in counter 1
Student 170 departed at 04:41 PM

Counters were idle for 17 min, total idle time = 249 min

Student 171 arrived at 04:58 PM and started service at 04:58 PM in counter 1
Student 171 departed at 05:00 PM

Counters were idle for 12 min, total idle time = 261 min

Student 172 arrived at 05:12 PM and started service at 05:12 PM in counter 1
Student 172 departed at 05:15 PM

Counters were idle for 1 min, total idle time = 262 min

Student 173 arrived at 05:16 PM and started service at 05:16 PM in counter 1
Student 174 arrived at 05:17 PM and started service at 05:17 PM in counter 2
Student 173 departed at 05:21 PM
Student 175 arrived at 05:19 PM and started service at 05:21 PM in counter 2
Student 174 departed at 05:22 PM

Counters were idle for 2 min, total idle time = 264 min

Student 176 arrived at 05:24 PM and started service at 05:24 PM in counter 2
Student 175 departed at 05:25 PM
Student 177 arrived at 05:25 PM and started service at 05:25 PM in counter 2
Student 176 departed at 05:28 PM
Student 177 departed at 05:28 PM

Counters were idle for 3 min, total idle time = 267 min

Student 178 arrived at 05:31 PM and started service at 05:31 PM in counter 1
Student 178 departed at 05:33 PM

Counters were idle for 1 min, total idle time = 268 min

Student 179 arrived at 05:34 PM and started service at 05:34 PM in counter 1
Student 179 departed at 05:35 PM

Counters were idle for 8 min, total idle time = 276 min

Student 180 arrived at 05:43 PM and started service at 05:43 PM in counter 1
Student 180 departed at 05:45 PM

Counters were idle for 2 min, total idle time = 278 min

Student 181 arrived at 05:47 PM and started service at 05:47 PM in counter 1
Student 181 departed at 05:50 PM

Counters were idle for 1 min, total idle time = 279 min

Student 182 arrived at 05:51 PM and started service at 05:51 PM in counter 1
Student 183 arrived at 05:54 PM and started service at 05:54 PM in counter 2
Student 182 departed at 05:56 PM
Student 183 departed at 05:57 PM

Counters were idle for 3 min, total idle time = 282 min

Student 184 arrived at 06:00 PM and started service at 06:00 PM in counter 1
Student 185 arrived at 06:01 PM and started service at 06:01 PM in counter 2
Student 185 departed at 06:03 PM
Student 184 departed at 06:05 PM

Counters were idle for 3 min, total idle time = 285 min

Student 186 arrived at 06:08 PM and started service at 06:08 PM in counter 1
Student 187 arrived at 06:10 PM and started service at 06:10 PM in counter 2
Student 186 departed at 06:12 PM

Counters were idle for 3 min, total idle time = 288 min

Student 188 arrived at 06:15 PM and started service at 06:15 PM in counter 2
Student 187 departed at 06:15 PM

Counters were idle for 2 min, total idle time = 290 min

Student 189 arrived at 06:17 PM and started service at 06:17 PM in counter 2
Student 188 departed at 06:17 PM

Counters were idle for 1 min, total idle time = 291 min

Student 190 arrived at 06:18 PM and started service at 06:18 PM in counter 2
Student 189 departed at 06:19 PM

Counters were idle for 2 min, total idle time = 293 min

Student 191 arrived at 06:21 PM and started service at 06:21 PM in counter 2
Student 190 departed at 06:22 PM
Student 191 departed at 06:26 PM

Counters were idle for 5 min, total idle time = 298 min

Student 192 arrived at 06:31 PM and started service at 06:31 PM in counter 1
Student 192 departed at 06:32 PM

Counters were idle for 8 min, total idle time = 306 min

Student 193 arrived at 06:40 PM and started service at 06:40 PM in counter 1
Student 194 arrived at 06:43 PM and started service at 06:43 PM in counter 2
Student 193 departed at 06:43 PM

Counters were idle for 1 min, total idle time = 307 min

Student 195 arrived at 06:44 PM and started service at 06:44 PM in counter 2
Student 194 departed at 06:44 PM

Counters were idle for 1 min, total idle time = 308 min

Student 196 arrived at 06:45 PM and started service at 06:45 PM in counter 2
Student 195 departed at 06:46 PM
Student 196 departed at 06:46 PM

Counters were idle for 5 min, total idle time = 313 min

Student 197 arrived at 06:51 PM and started service at 06:51 PM in counter 1
Student 198 arrived at 06:54 PM and started service at 06:54 PM in counter 2
Student 197 departed at 06:54 PM

Counters were idle for 1 min, total idle time = 314 min

Student 199 arrived at 06:55 PM and started service at 06:55 PM in counter 2
Student 198 departed at 06:56 PM

Counters were idle for 3 min, total idle time = 317 min

Student 200 arrived at 06:59 PM and started service at 06:59 PM in counter 2
Student 199 departed at 06:59 PM
Student 200 departed at 07:00 PM

Counters were idle for 1 min, total idle time = 318 min

Student 201 arrived at 07:01 PM and started service at 07:01 PM in counter 1
Student 201 departed at 07:05 PM

Counters were idle for 6 min, total idle time = 324 min

Student 202 arrived at 07:11 PM and started service at 07:11 PM in counter 1
Student 202 departed at 07:12 PM

Counters were idle for 3 min, total idle time = 327 min

Student 203 arrived at 07:15 PM and started service at 07:15 PM in counter 1
Student 204 arrived at 07:17 PM and started service at 07:17 PM in counter 2
Student 203 departed at 07:19 PM
Student 205 arrived at 07:19 PM and started service at 07:19 PM in counter 2
Student 204 departed at 07:20 PM
Student 205 departed at 07:21 PM

Counters were idle for 4 min, total idle time = 331 min

Student 206 arrived at 07:25 PM and started service at 07:25 PM in counter 1
Student 206 departed at 07:26 PM

Counters were idle for 4 min, total idle time = 335 min

Student 207 arrived at 07:30 PM and started service at 07:30 PM in counter 1
Student 208 arrived at 07:32 PM and started service at 07:32 PM in counter 2
Student 207 departed at 07:33 PM

Counters were idle for 2 min, total idle time = 337 min

Student 209 arrived at 07:35 PM and started service at 07:35 PM in counter 2
Student 208 departed at 07:36 PM

Counters were idle for 1 min, total idle time = 338 min

Student 210 arrived at 07:37 PM and started service at 07:37 PM in counter 2
Student 210 departed at 07:38 PM
Student 211 arrived at 07:38 PM and started service at 07:38 PM in counter 2
Student 209 departed at 07:39 PM
Student 211 departed at 07:39 PM

Counters were idle for 6 min, total idle time = 344 min

Student 212 arrived at 07:45 PM and started service at 07:45 PM in counter 1
Student 213 arrived at 07:48 PM and started service at 07:48 PM in counter 2
Student 212 departed at 07:49 PM
Student 214 arrived at 07:49 PM and started service at 07:49 PM in counter 2

Counters were idle for 1 min, total idle time = 345 min

Student 213 departed at 07:51 PM
Student 214 departed at 07:51 PM
Student 215 arrived at 07:50 PM and started service at 07:51 PM in counter 1
Student 215 departed at 07:54 PM

Counters were idle for 14 min, total idle time = 359 min

Student 216 arrived at 08:08 PM and started service at 08:08 PM in counter 1
Student 216 departed at 08:10 PM

Counters were idle for 7 min, total idle time = 366 min

Student 217 arrived at 08:17 PM and started service at 08:17 PM in counter 1
Student 217 departed at 08:19 PM

Counters were idle for 3 min, total idle time = 369 min

Student 218 arrived at 08:22 PM and started service at 08:22 PM in counter 1
Student 218 departed at 08:26 PM

Counters were idle for 1 min, total idle time = 370 min

Student 219 arrived at 08:27 PM and started service at 08:27 PM in counter 1
Student 220 arrived at 08:28 PM and started service at 08:28 PM in counter 2
Student 219 departed at 08:30 PM
Student 221 arrived at 08:29 PM and started service at 08:30 PM in counter 2
Student 220 departed at 08:33 PM
Student 221 departed at 08:33 PM

Counters were idle for 4 min, total idle time = 374 min

Student 222 arrived at 08:37 PM and started service at 08:37 PM in counter 1
Student 222 departed at 08:38 PM

Counters were idle for 9 min, total idle time = 383 min

Student 223 arrived at 08:47 PM and started service at 08:47 PM in counter 1
Student 224 arrived at 08:49 PM and started service at 08:49 PM in counter 2
Student 223 departed at 08:50 PM
Student 224 departed at 08:50 PM

Counters were idle for 52 min, total idle time = 435 min

Student 225 arrived at 09:42 PM and started service at 09:42 PM in counter 1
Student 226 arrived at 09:47 PM and started service at 09:47 PM in counter 2
Student 225 departed at 09:47 PM
Student 226 departed at 09:49 PM
