Student 1 arrived at 08:00 AM and started service at 08:00 AM in counter 1
Student 1 departed at 08:03 AM

Counters were idle for 3 min, total idle time = 3 min

Student 2 arrived at 08:06 AM and started service at 08:06 AM in counter 1
Student 2 departed at 08:08 AM

Counters were idle for 17 min, total idle time = 20 min

Student 3 arrived at 08:25 AM and started service at 08:25 AM in counter 1
Student 3 departed at 08:28 AM

Counters were idle for 31 min, total idle time = 51 min

Student 4 arrived at 08:59 AM and started service at 08:59 AM in counter 1
Student 4 departed at 09:04 AM

Counters were idle for 1 min, total idle time = 52 min

Student 5 arrived at 09:05 AM and started service at 09:05 AM in counter 1
Student 5 departed at 09:09 AM

Counters were idle for 15 min, total idle time = 67 min

Student 6 arrived at 09:24 AM and started service at 09:24 AM in counter 1
Student 6 departed at 09:25 AM

Counters were idle for 7 min, total idle time = 74 min

Student 7 arrived at 09:32 AM and started service at 09:32 AM in counter 1
Student 7 departed at 09:36 AM

Counters were idle for 2 min, total idle time = 76 min

Student 8 arrived at 09:38 AM and started service at 09:38 AM in counter 1
Student 9 arrived at 09:41 AM and started service at 09:41 AM in counter 2
Student 9 departed at 09:42 AM
Student 8 departed at 09:43 AM

Counters were idle for 6 min, total idle time = 82 min

Student 10 arrived at 09:49 AM and started service at 09:49 AM in counter 1
Student 10 departed at 09:50 AM

Counters were idle for 16 min, total idle time = 98 min

Student 11 arrived at 10:06 AM and started service at 10:06 AM in counter 1
Student 11 departed at 10:07 AM

Counters were idle for 2 min, total idle time = 100 min

Student 12 arrived at 10:09 AM and started service at 10:09 AM in counter 1
Student 13 arrived at 10:11 AM and started service at 10:11 AM in counter 2
Student 12 departed at 10:13 AM
Student 13 departed at 10:13 AM

Counters were idle for 4 min, total idle time = 104 min

Student 14 arrived at 10:17 AM and started service at 10:17 AM in counter 1
Student 14 departed at 10:20 AM

Counters were idle for 5 min, total idle time = 109 min

Student 15 arrived at 10:25 AM and started service at 10:25 AM in counter 1
Student 16 arrived at 10:26 AM and started service at 10:26 AM in counter 2
Student 16 departed at 10:28 AM
Student 17 arrived at 10:28 AM and started service at 10:28 AM in counter 2
Student 15 departed at 10:30 AM
Student 17 departed at 10:32 AM

Counters were idle for 1 min, total idle time = 110 min

Student 18 arrived at 10:33 AM and started service at 10:33 AM in counter 1
Student 19 arrived at 10:35 AM and started service at 10:35 AM in counter 2
Student 18 departed at 10:36 AM

Counters were idle for 4 min, total idle time = 114 min

Student 20 arrived at 10:40 AM and started service at 10:40 AM in counter 2
Student 19 departed at 10:40 AM

Counters were idle for 3 min, total idle time = 117 min

Student 21 arrived at 10:43 AM and started service at 10:43 AM in counter 2
Student 20 departed at 10:43 AM
Student 21 departed at 10:47 AM

Counters were idle for 1 min, total idle time = 118 min

Student 22 arrived at 10:48 AM and started service at 10:48 AM in counter 1
Student 22 departed at 10:53 AM

Counters were idle for 3 min, total idle time = 121 min

Student 23 arrived at 10:56 AM and started service at 10:56 AM in counter 1
Student 24 arrived at 10:57 AM and started service at 10:57 AM in counter 2
Student 23 departed at 10:59 AM
Student 24 departed at 10:59 AM
Student 25 arrived at 10:58 AM and started service at 10:59 AM in counter 1

Counters were idle for 1 min, total idle time = 122 min

Student 26 arrived at 11:00 AM and started service at 11:00 AM in counter 2
Student 25 departed at 11:03 AM
Student 27 arrived at 11:01 AM and started service at 11:03 AM in counter 2
Student 26 departed at 11:05 AM

Counters were idle for 2 min, total idle time = 124 min

Student 28 arrived at 11:07 AM and started service at 11:07 AM in counter 2
Student 27 departed at 11:08 AM

Counters were idle for 1 min, total idle time = 125 min

Student 29 arrived at 11:09 AM and started service at 11:09 AM in counter 2
Student 28 departed at 11:09 AM
Student 29 departed at 11:10 AM

Counters were idle for 8 min, total idle time = 133 min

Student 30 arrived at 11:18 AM and started service at 11:18 AM in counter 1
Student 30 departed at 11:19 AM

Counters were idle for 1 min, total idle time = 134 min

Student 31 arrived at 11:20 AM and started service at 11:20 AM in counter 1
Student 32 arrived at 11:23 AM and started service at 11:23 AM in counter 2
Student 31 departed at 11:25 AM
Student 33 arrived at 11:25 AM and started service at 11:25 AM in counter 2
Student 32 departed at 11:26 AM
Student 33 departed at 11:27 AM

Counters were idle for 1 min, total idle time = 135 min

Student 34 arrived at 11:28 AM and started service at 11:28 AM in counter 1
Student 34 departed at 11:33 AM

Counters were idle for 23 min, total idle time = 158 min

Student 35 arrived at 11:56 AM and started service at 11:56 AM in counter 1
Student 35 departed at 11:57 AM

Counters were idle for 6 min, total idle time = 164 min

Student 36 arrived at 12:03 PM and started service at 12:03 PM in counter 1
Student 36 departed at 12:07 PM

Counters were idle for 1 min, total idle time = 165 min

Student 37 arrived at 12:08 PM and started service at 12:08 PM in counter 1
Student 38 arrived at 12:09 PM and started service at 12:09 PM in counter 2
Student 37 departed at 12:13 PM
Student 39 arrived at 12:11 PM and started service at 12:13 PM in counter 2

Counters were idle for 1 min, total idle time = 166 min

Student 38 departed at 12:14 PM
Student 40 arrived at 12:14 PM and started service at 12:14 PM in counter 2
Student 39 departed at 12:15 PM
Student 40 departed at 12:15 PM

Counters were idle for 3 min, total idle time = 169 min

Student 41 arrived at 12:18 PM and started service at 12:18 PM in counter 1
Student 42 arrived at 12:19 PM and started service at 12:19 PM in counter 2
Student 41 departed at 12:20 PM

Counters were idle for 1 min, total idle time = 170 min

Student 43 arrived at 12:21 PM and started service at 12:21 PM in counter 2
Student 43 departed at 12:23 PM
Student 44 arrived at 12:22 PM and started service at 12:23 PM in counter 2
Student 42 departed at 12:24 PM
Student 44 departed at 12:24 PM

Counters were idle for 3 min, total idle time = 173 min

Student 45 arrived at 12:27 PM and started service at 12:27 PM in counter 1
Student 46 arrived at 12:28 PM and started service at 12:28 PM in counter 2
Student 45 departed at 12:28 PM

Counters were idle for 1 min, total idle time = 174 min

Student 47 arrived at 12:29 PM and started service at 12:29 PM in counter 2
Student 46 departed at 12:31 PM
Student 48 arrived at 12:31 PM and started service at 12:31 PM in counter 2

Counters were idle for 1 min, total idle time = 175 min

Student 47 departed at 12:32 PM
Student 49 arrived at 12:32 PM and started service at 12:32 PM in counter 2
Student 48 departed at 12:34 PM

Counters were idle for 3 min, total idle time = 178 min

Student 50 arrived at 12:37 PM and started service at 12:37 PM in counter 2
Student 49 departed at 12:37 PM

Counters were idle for 2 min, total idle time = 180 min

Student 51 arrived at 12:39 PM and started service at 12:39 PM in counter 2
Student 50 departed at 12:40 PM

Counters were idle for 3 min, total idle time = 183 min

Student 52 arrived at 12:43 PM and started service at 12:43 PM in counter 2
Student 51 departed at 12:44 PM

Counters were idle for 3 min, total idle time = 186 min

Student 53 arrived at 12:47 PM and started service at 12:47 PM in counter 2
Student 52 departed at 12:47 PM

Counters were idle for 1 min, total idle time = 187 min

Student 54 arrived at 12:48 PM and started service at 12:48 PM in counter 2
Student 53 departed at 12:49 PM

Counters were idle for 2 min, total idle time = 189 min

Student 55 arrived at 12:51 PM and started service at 12:51 PM in counter 2
Student 54 departed at 12:52 PM
Student 55 departed at 12:52 PM

Counters were idle for 1 min, total idle time = 190 min

Student 56 arrived at 12:53 PM and started service at 12:53 PM in counter 1
Student 56 departed at 12:57 PM

Counters were idle for 1 min, total idle time = 191 min

Student 57 arrived at 12:58 PM and started service at 12:58 PM in counter 1
Student 57 departed at 12:59 PM

Counters were idle for 2 min, total idle time = 193 min

Student 58 arrived at 01:01 PM and started service at 01:01 PM in counter 1
Student 59 arrived at 01:04 PM and started service at 01:04 PM in counter 2
Student 58 departed at 01:06 PM
Student 60 arrived at 01:06 PM and started service at 01:06 PM in counter 2

Counters were idle for 1 min, total idle time = 194 min

Student 59 departed at 01:07 PM
Student 61 arrived at 01:07 PM and started service at 01:07 PM in counter 2
Student 61 departed at 01:08 PM

Counters were idle for 2 min, total idle time = 196 min

Student 60 departed at 01:10 PM
Student 62 arrived at 01:10 PM and started service at 01:10 PM in counter 1

Counters were idle for 2 min, total idle time = 198 min

Student 63 arrived at 01:12 PM and started service at 01:12 PM in counter 2
Student 62 departed at 01:13 PM
Student 64 arrived at 01:13 PM and started service at 01:13 PM in counter 2
Student 63 departed at 01:15 PM
Student 64 departed at 01:16 PM

Counters were idle for 2 min, total idle time = 200 min

Student 65 arrived at 01:18 PM and started service at 01:18 PM in counter 1
Student 66 arrived at 01:19 PM and started service at 01:19 PM in counter 2
Student 65 departed at 01:20 PM

Counters were idle for 1 min, total idle time = 201 min

Student 67 arrived at 01:21 PM and started service at 01:21 PM in counter 2
Student 66 departed at 01:21 PM

Counters were idle for 1 min, total idle time = 202 min

Student 68 arrived at 01:22 PM and started service at 01:22 PM in counter 2
Student 67 departed at 01:23 PM

Counters were idle for 1 min, total idle time = 203 min

Student 69 arrived at 01:24 PM and started service at 01:24 PM in counter 2
Student 68 departed at 01:25 PM
Student 69 departed at 01:25 PM

Counters were idle for 1 min, total idle time = 204 min

Student 70 arrived at 01:26 PM and started service at 01:26 PM in counter 1
Student 71 arrived at 01:27 PM and started service at 01:27 PM in counter 2
Student 70 departed at 01:31 PM
Student 71 departed at 01:31 PM

Counters were idle for 1 min, total idle time = 205 min

Student 72 arrived at 01:32 PM and started service at 01:32 PM in counter 1
Student 73 arrived at 01:33 PM and started service at 01:33 PM in counter 2
Student 73 departed at 01:34 PM

Counters were idle for 1 min, total idle time = 206 min

Student 72 departed at 01:35 PM
Student 74 arrived at 01:35 PM and started service at 01:35 PM in counter 1
Student 74 departed at 01:38 PM

Counters were idle for 5 min, total idle time = 211 min

Student 75 arrived at 01:43 PM and started service at 01:43 PM in counter 1
Student 76 arrived at 01:44 PM and started service at 01:44 PM in counter 2
Student 76 departed at 01:46 PM

Counters were idle for 1 min, total idle time = 212 min

Student 77 arrived at 01:47 PM and started service at 01:47 PM in counter 2
Student 75 departed at 01:48 PM
Student 77 departed at 01:48 PM

Counters were idle for 1 min, total idle time = 213 min

Student 78 arrived at 01:49 PM and started service at 01:49 PM in counter 1
Student 78 departed at 01:54 PM

Counters were idle for 3 min, total idle time = 216 min

Student 79 arrived at 01:57 PM and started service at 01:57 PM in counter 1
Student 80 arrived at 01:58 PM and started service at 01:58 PM in counter 2
Student 80 departed at 02:01 PM
Student 81 arrived at 01:59 PM and started service at 02:01 PM in counter 2

Counters were idle for 1 min, total idle time = 217 min

Student 79 departed at 02:02 PM
Student 82 arrived at 02:00 PM and started service at 02:02 PM in counter 2
Student 81 departed at 02:04 PM
Student 83 arrived at 02:02 PM and started service at 02:04 PM in counter 2
Student 82 departed at 02:06 PM

Counters were idle for 1 min, total idle time = 218 min

Student 84 arrived at 02:07 PM and started service at 02:07 PM in counter 2
Student 83 departed at 02:08 PM
Student 84 departed at 02:09 PM

Counters were idle for 1 min, total idle time = 219 min

Student 85 arrived at 02:10 PM and started service at 02:10 PM in counter 1
Student 86 arrived at 02:11 PM and started service at 02:11 PM in counter 2
Student 85 departed at 02:13 PM
Student 87 arrived at 02:13 PM and started service at 02:13 PM in counter 2
Student 86 departed at 02:15 PM
Student 87 departed at 02:15 PM

Counters were idle for 3 min, total idle time = 222 min

Student 88 arrived at 02:18 PM and started service at 02:18 PM in counter 1
Student 89 arrived at 02:20 PM and started service at 02:20 PM in counter 2
Student 88 departed at 02:21 PM
Student 89 departed at 02:21 PM

Counters were idle for 3 min, total idle time = 225 min

Student 90 arrived at 02:24 PM and started service at 02:24 PM in counter 1
Student 90 departed at 02:25 PM

Counters were idle for 2 min, total idle time = 227 min

Student 91 arrived at 02:27 PM and started service at 02:27 PM in counter 1
Student 92 arrived at 02:30 PM and started service at 02:30 PM in counter 2
Student 91 departed at 02:30 PM

Counters were idle for 2 min, total idle time = 229 min

Student 93 arrived at 02:32 PM and started service at 02:32 PM in counter 2
Student 92 departed at 02:32 PM

Counters were idle for 2 min, total idle time = 231 min

Student 94 arrived at 02:34 PM and started service at 02:34 PM in counter 2
Student 93 departed at 02:35 PM
Student 95 arrived at 02:35 PM and started service at 02:35 PM in counter 2

Counters were idle for 3 min, total idle time = 234 min

Student 94 departed at 02:38 PM
Student 95 departed at 02:38 PM
Student 96 arrived at 02:38 PM and started service at 02:38 PM in counter 1
Student 96 departed at 02:39 PM

Counters were idle for 4 min, total idle time = 238 min

Student 97 arrived at 02:43 PM and started service at 02:43 PM in counter 1
Student 97 departed at 02:45 PM

Counters were idle for 3 min, total idle time = 241 min

Student 98 arrived at 02:48 PM and started service at 02:48 PM in counter 1
Student 99 arrived at 02:51 PM and started service at 02:51 PM in counter 2
Student 98 departed at 02:53 PM
Student 99 departed at 02:54 PM

Counters were idle for 1 min, total idle time = 242 min

Student 100 arrived at 02:55 PM and started service at 02:55 PM in counter 1
Student 100 departed at 02:56 PM

Counters were idle for 2 min, total idle time = 244 min

Student 101 arrived at 02:58 PM and started service at 02:58 PM in counter 1
Student 102 arrived at 03:01 PM and started service at 03:01 PM in counter 2
Student 101 departed at 03:02 PM

Counters were idle for 1 min, total idle time = 245 min

Student 103 arrived at 03:03 PM and started service at 03:03 PM in counter 2
Student 103 departed at 03:05 PM
Student 102 departed at 03:06 PM

Counters were idle for 2 min, total idle time = 247 min

Student 104 arrived at 03:08 PM and started service at 03:08 PM in counter 1
Student 105 arrived at 03:09 PM and started service at 03:09 PM in counter 2
Student 105 departed at 03:10 PM

Counters were idle for 1 min, total idle time = 248 min

Student 104 departed at 03:11 PM
Student 106 arrived at 03:11 PM and started service at 03:11 PM in counter 1

Counters were idle for 4 min, total idle time = 252 min

Student 107 arrived at 03:15 PM and started service at 03:15 PM in counter 2
Student 106 departed at 03:16 PM

Counters were idle for 2 min, total idle time = 254 min

Student 108 arrived at 03:18 PM and started service at 03:18 PM in counter 2
Student 108 departed at 03:19 PM
Student 107 departed at 03:20 PM

Counters were idle for 1 min, total idle time = 255 min

Student 109 arrived at 03:21 PM and started service at 03:21 PM in counter 1
Student 110 arrived at 03:24 PM and started service at 03:24 PM in counter 2
Student 109 departed at 03:24 PM
Student 110 departed at 03:26 PM

Counters were idle for 1 min, total idle time = 256 min

Student 111 arrived at 03:27 PM and started service at 03:27 PM in counter 1
Student 111 departed at 03:31 PM

Counters were idle for 4 min, total idle time = 260 min

Student 112 arrived at 03:35 PM and started service at 03:35 PM in counter 1
Student 112 departed at 03:38 PM

Counters were idle for 6 min, total idle time = 266 min

Student 113 arrived at 03:44 PM and started service at 03:44 PM in counter 1
Student 113 departed at 03:46 PM

Counters were idle for 2 min, total idle time = 268 min

Student 114 arrived at 03:48 PM and started service at 03:48 PM in counter 1
Student 115 arrived at 03:50 PM and started service at 03:50 PM in counter 2
Student 114 departed at 03:51 PM
Student 115 departed at 03:51 PM

Counters were idle for 6 min, total idle time = 274 min

Student 116 arrived at 03:57 PM and started service at 03:57 PM in counter 1
Student 117 arrived at 03:59 PM and started service at 03:59 PM in counter 2
Student 116 departed at 03:59 PM

Counters were idle for 1 min, total idle time = 275 min

Student 118 arrived at 04:00 PM and started service at 04:00 PM in counter 2
Student 117 departed at 04:02 PM
Student 118 departed at 04:03 PM

Counters were idle for 2 min, total idle time = 277 min

Student 119 arrived at 04:05 PM and started service at 04:05 PM in counter 1
Student 119 departed at 04:07 PM

Counters were idle for 5 min, total idle time = 282 min

Student 120 arrived at 04:12 PM and started service at 04:12 PM in counter 1
Student 120 departed at 04:14 PM

Counters were idle for 13 min, total idle time = 295 min

Student 121 arrived at 04:27 PM and started service at 04:27 PM in counter 1
Student 121 departed at 04:29 PM

Counters were idle for 1 min, total idle time = 296 min

Student 122 arrived at 04:30 PM and started service at 04:30 PM in counter 1
Student 123 arrived at 04:34 PM and started service at 04:34 PM in counter 2
Student 122 departed at 04:34 PM
Student 123 departed at 04:36 PM

Counters were idle for 4 min, total idle time = 300 min

Student 124 arrived at 04:40 PM and started service at 04:40 PM in counter 1
Student 125 arrived at 04:43 PM and started service at 04:43 PM in counter 2
Student 125 departed at 04:44 PM
Student 126 arrived at 04:44 PM and started service at 04:44 PM in counter 2
Student 124 departed at 04:45 PM
Student 126 departed at 04:46 PM

Counters were idle for 7 min, total idle time = 307 min

Student 127 arrived at 04:53 PM and started service at 04:53 PM in counter 1
Student 128 arrived at 04:54 PM and started service at 04:54 PM in counter 2
Student 127 departed at 04:56 PM
Student 128 departed at 04:56 PM
Student 129 arrived at 04:56 PM and started service at 04:56 PM in counter 1

Counters were idle for 1 min, total idle time = 308 min

Student 130 arrived at 04:57 PM and started service at 04:57 PM in counter 2
Student 129 departed at 04:57 PM
Student 130 departed at 04:58 PM

Counters were idle for 20 min, total idle time = 328 min

Student 131 arrived at 05:18 PM and started service at 05:18 PM in counter 1
Student 132 arrived at 05:22 PM and started service at 05:22 PM in counter 2
Student 131 departed at 05:23 PM
Student 133 arrived at 05:23 PM and started service at 05:23 PM in counter 2

Counters were idle for 1 min, total idle time = 329 min

Student 132 departed at 05:25 PM
Student 134 arrived at 05:24 PM and started service at 05:25 PM in counter 2
Student 133 departed at 05:27 PM
Student 134 departed at 05:29 PM

Counters were idle for 3 min, total idle time = 332 min

Student 135 arrived at 05:32 PM and started service at 05:32 PM in counter 1
Student 135 departed at 05:36 PM

Counters were idle for 1 min, total idle time = 333 min

Student 136 arrived at 05:37 PM and started service at 05:37 PM in counter 1
Student 137 arrived at 05:38 PM and started service at 05:38 PM in counter 2
Student 136 departed at 05:41 PM
Student 137 departed at 05:41 PM

Counters were idle for 2 min, total idle time = 335 min

Student 138 arrived at 05:43 PM and started service at 05:43 PM in counter 1
Student 138 departed at 05:47 PM

Counters were idle for 9 min, total idle time = 344 min

Student 139 arrived at 05:56 PM and started service at 05:56 PM in counter 1
Student 140 arrived at 05:57 PM and started service at 05:57 PM in counter 2
Student 139 departed at 05:58 PM

Counters were idle for 1 min, total idle time = 345 min

Student 141 arrived at 05:59 PM and started service at 05:59 PM in counter 2
Student 140 departed at 06:02 PM
Student 141 departed at 06:02 PM

Counters were idle for 4 min, total idle time = 349 min

Student 142 arrived at 06:06 PM and started service at 06:06 PM in counter 1
Student 143 arrived at 06:09 PM and started service at 06:09 PM in counter 2
Student 142 departed at 06:10 PM
Student 143 departed at 06:10 PM

Counters were idle for 14 min, total idle time = 363 min

Student 144 arrived at 06:24 PM and started service at 06:24 PM in counter 1
Student 144 departed at 06:26 PM

Counters were idle for 4 min, total idle time = 367 min

Student 145 arrived at 06:30 PM and started service at 06:30 PM in counter 1
Student 145 departed at 06:31 PM

Counters were idle for 1 min, total idle time = 368 min

Student 146 arrived at 06:32 PM and started service at 06:32 PM in counter 1
Student 146 departed at 06:35 PM

Counters were idle for 5 min, total idle time = 373 min

Student 147 arrived at 06:40 PM and started service at 06:40 PM in counter 1
Student 147 departed at 06:42 PM

Counters were idle for 1 min, total idle time = 374 min

Student 148 arrived at 06:43 PM and started service at 06:43 PM in counter 1
Student 148 departed at 06:48 PM

Counters were idle for 11 min, total idle time = 385 min

Student 149 arrived at 06:59 PM and started service at 06:59 PM in counter 1
Student 150 arrived at 07:00 PM and started service at 07:00 PM in counter 2
Student 149 departed at 07:03 PM
Student 150 departed at 07:05 PM

Counters were idle for 4 min, total idle time = 389 min

Student 151 arrived at 07:09 PM and started service at 07:09 PM in counter 1
Student 151 departed at 07:11 PM

Counters were idle for 11 min, total idle time = 400 min

Student 152 arrived at 07:22 PM and started service at 07:22 PM in counter 1
Student 152 departed at 07:24 PM

Counters were idle for 27 min, total idle time = 427 min

Student 153 arrived at 07:51 PM and started service at 07:51 PM in counter 1
Student 153 departed at 07:54 PM

Counters were idle for 13 min, total idle time = 440 min

Student 154 arrived at 08:07 PM and started service at 08:07 PM in counter 1
Student 154 departed at 08:12 PM

Counters were idle for 1 min, total idle time = 441 min

Student 155 arrived at 08:13 PM and started service at 08:13 PM in counter 1
Student 155 departed at 08:14 PM

Counters were idle for 11 min, total idle time = 452 min

Student 156 arrived at 08:25 PM and started service at 08:25 PM in counter 1
Student 156 departed at 08:26 PM

Counters were idle for 23 min, total idle time = 475 min

Student 157 arrived at 08:49 PM and started service at 08:49 PM in counter 1
Student 157 departed at 08:52 PM

Counters were idle for 3 min, total idle time = 478 min

Student 158 arrived at 08:55 PM and started service at 08:55 PM in counter 1
Student 158 departed at 08:56 PM

Counters were idle for 3 min, total idle time = 481 min

Student 159 arrived at 08:59 PM and started service at 08:59 PM in counter 1
Student 159 departed at 09:01 PM

Counters were idle for 14 min, total idle time = 495 min

Student 160 arrived at 09:15 PM and started service at 09:15 PM in counter 1
Student 161 arrived at 09:19 PM and started service at 09:19 PM in counter 2
Student 160 departed at 09:20 PM
Student 161 departed at 09:20 PM

Counters were idle for 5 min, total idle time = 500 min

Student 162 arrived at 09:25 PM and started service at 09:25 PM in counter 1
Student 162 departed at 09:27 PM

Counters were idle for 1 min, total idle time = 501 min

Student 163 arrived at 09:28 PM and started service at 09:28 PM in counter 1
Student 163 departed at 09:31 PM

Counters were idle for 3 min, total idle time = 504 min

Student 164 arrived at 09:34 PM and started service at 09:34 PM in counter 1
Student 164 departed at 09:37 PM

Counters were idle for 15 min, total idle time = 519 min

Student 165 arrived at 09:52 PM and started service at 09:52 PM in counter 1
Student 165 departed at 09:57 PM
