Student 1 arrived at 08:00 AM and started service at 08:00 AM in counter 1
Student 1 departed at 08:02 AM

Counters were idle for 4 min, total idle time = 4 min

Student 2 arrived at 08:06 AM and started service at 08:06 AM in counter 1
Student 3 arrived at 08:08 AM and started service at 08:08 AM in counter 2
Student 2 departed at 08:08 AM
Student 3 departed at 08:12 AM

Counters were idle for 5 min, total idle time = 9 min

Student 4 arrived at 08:17 AM and started service at 08:17 AM in counter 1
Student 5 arrived at 08:19 AM and started service at 08:19 AM in counter 2
Student 4 departed at 08:19 AM

Counters were idle for 3 min, total idle time = 12 min

Student 6 arrived at 08:22 AM and started service at 08:22 AM in counter 2
Student 5 departed at 08:23 AM
Student 6 departed at 08:23 AM

Counters were idle for 5 min, total idle time = 17 min

Student 7 arrived at 08:28 AM and started service at 08:28 AM in counter 1
Student 7 departed at 08:32 AM

Counters were idle for 12 min, total idle time = 29 min

Student 8 arrived at 08:44 AM and started service at 08:44 AM in counter 1
Student 9 arrived at 08:45 AM and started service at 08:45 AM in counter 2
Student 8 departed at 08:46 AM

Counters were idle for 2 min, total idle time = 31 min

Student 10 arrived at 08:48 AM and started service at 08:48 AM in counter 2
Student 10 departed at 08:49 AM
Student 9 departed at 08:50 AM

Counters were idle for 2 min, total idle time = 33 min

Student 11 arrived at 08:52 AM and started service at 08:52 AM in counter 1
Student 12 arrived at 08:56 AM and started service at 08:56 AM in counter 2
Student 11 departed at 08:56 AM
Student 12 departed at 08:57 AM

Counters were idle for 4 min, total idle time = 37 min

Student 13 arrived at 09:01 AM and started service at 09:01 AM in counter 1
Student 14 arrived at 09:05 AM and started service at 09:05 AM in counter 2
Student 13 departed at 09:06 AM
Student 15 arrived at 09:06 AM and started service at 09:06 AM in counter 2

Counters were idle for 1 min, total idle time = 38 min

Student 14 departed at 09:08 AM
Student 15 departed at 09:08 AM
Student 16 arrived at 09:07 AM and started service at 09:08 AM in counter 1
Student 16 departed at 09:10 AM

Counters were idle for 17 min, total idle time = 55 min

Student 17 arrived at 09:27 AM and started service at 09:27 AM in counter 1
Student 17 departed at 09:29 AM

Counters were idle for 1 min, total idle time = 56 min

Student 18 arrived at 09:30 AM and started service at 09:30 AM in counter 1
Student 19 arrived at 09:32 AM and started service at 09:32 AM in counter 2
Student 18 departed at 09:34 AM

Counters were idle for 1 min, total idle time = 57 min

Student 20 arrived at 09:35 AM and started service at 09:35 AM in counter 2
Student 19 departed at 09:36 AM
Student 21 arrived at 09:36 AM and started service at 09:36 AM in counter 2
Student 20 departed at 09:39 AM
Student 21 departed at 09:41 AM

Counters were idle for 10 min, total idle time = 67 min

Student 22 arrived at 09:51 AM and started service at 09:51 AM in counter 1
Student 22 departed at 09:54 AM

Counters were idle for 5 min, total idle time = 72 min

Student 23 arrived at 09:59 AM and started service at 09:59 AM in counter 1
Student 24 arrived at 10:02 AM and started service at 10:02 AM in counter 2
Student 23 departed at 10:04 AM

Counters were idle for 1 min, total idle time = 73 min

Student 25 arrived at 10:05 AM and started service at 10:05 AM in counter 2
Student 25 departed at 10:06 AM
Student 24 departed at 10:07 AM

Counters were idle for 5 min, total idle time = 78 min

Student 26 arrived at 10:12 AM and started service at 10:12 AM in counter 1
Student 27 arrived at 10:13 AM and started service at 10:13 AM in counter 2
Student 26 departed at 10:13 AM
Student 27 departed at 10:15 AM

Counters were idle for 5 min, total idle time = 83 min

Student 28 arrived at 10:20 AM and started service at 10:20 AM in counter 1
Student 28 departed at 10:21 AM

Counters were idle for 2 min, total idle time = 85 min

Student 29 arrived at 10:23 AM and started service at 10:23 AM in counter 1
Student 29 departed at 10:25 AM

Counters were idle for 1 min, total idle time = 86 min

Student 30 arrived at 10:26 AM and started service at 10:26 AM in counter 1
Student 30 departed at 10:30 AM

Counters were idle for 5 min, total idle time = 91 min

Student 31 arrived at 10:35 AM and started service at 10:35 AM in counter 1
Student 31 departed at 10:36 AM

Counters were idle for 2 min, total idle time = 93 min

Student 32 arrived at 10:38 AM and started service at 10:38 AM in counter 1
Student 33 arrived at 10:39 AM and started service at 10:39 AM in counter 2
Student 32 departed at 10:41 AM
Student 34 arrived at 10:40 AM and started service at 10:41 AM in counter 2

Counters were idle for 1 min, total idle time = 94 min

Student 33 departed at 10:44 AM
Student 35 arrived at 10:42 AM and started service at 10:44 AM in counter 2
Student 34 departed at 10:45 AM
Student 36 arrived at 10:43 AM and started service at 10:45 AM in counter 2

Counters were idle for 2 min, total idle time = 96 min

Student 35 departed at 10:47 AM
Student 37 arrived at 10:47 AM and started service at 10:47 AM in counter 2
Student 36 departed at 10:49 AM

Counters were idle for 1 min, total idle time = 97 min

Student 38 arrived at 10:50 AM and started service at 10:50 AM in counter 2
Student 37 departed at 10:52 AM
Student 39 arrived at 10:51 AM and started service at 10:52 AM in counter 2
Student 38 departed at 10:54 AM

Counters were idle for 1 min, total idle time = 98 min

Student 40 arrived at 10:55 AM and started service at 10:55 AM in counter 2
Student 39 departed at 10:55 AM

Counters were idle for 1 min, total idle time = 99 min

Student 41 arrived at 10:56 AM and started service at 10:56 AM in counter 2
Student 40 departed at 10:57 AM
Student 41 departed at 10:57 AM

Counters were idle for 3 min, total idle time = 102 min

Student 42 arrived at 11:00 AM and started service at 11:00 AM in counter 1
Student 43 arrived at 11:02 AM and started service at 11:02 AM in counter 2
Student 42 departed at 11:03 AM
Student 43 departed at 11:04 AM

Counters were idle for 1 min, total idle time = 103 min

Student 44 arrived at 11:05 AM and started service at 11:05 AM in counter 1
Student 45 arrived at 11:06 AM and started service at 11:06 AM in counter 2
Student 45 departed at 11:08 AM
Student 44 departed at 11:09 AM

Counters were idle for 4 min, total idle time = 107 min

Student 46 arrived at 11:13 AM and started service at 11:13 AM in counter 1
Student 47 arrived at 11:15 AM and started service at 11:15 AM in counter 2
Student 46 departed at 11:16 AM
Student 47 departed at 11:17 AM

Counters were idle for 2 min, total idle time = 109 min

Student 48 arrived at 11:19 AM and started service at 11:19 AM in counter 1
Student 48 departed at 11:24 AM

Counters were idle for 5 min, total idle time = 114 min

Student 49 arrived at 11:29 AM and started service at 11:29 AM in counter 1
Student 49 departed at 11:32 AM

Counters were idle for 2 min, total idle time = 116 min

Student 50 arrived at 11:34 AM and started service at 11:34 AM in counter 1
Student 51 arrived at 11:35 AM and started service at 11:35 AM in counter 2
Student 50 departed at 11:36 AM
Student 52 arrived at 11:36 AM and started service at 11:36 AM in counter 2

Counters were idle for 1 min, total idle time = 117 min

Student 51 departed at 11:38 AM
Student 52 departed at 11:38 AM
Student 53 arrived at 11:37 AM and started service at 11:38 AM in counter 1
Student 53 departed at 11:42 AM

Counters were idle for 6 min, total idle time = 123 min

Student 54 arrived at 11:48 AM and started service at 11:48 AM in counter 1
Student 54 departed at 11:51 AM

Counters were idle for 2 min, total idle time = 125 min

Student 55 arrived at 11:53 AM and started service at 11:53 AM in counter 1
Student 55 departed at 11:57 AM

Counters were idle for 5 min, total idle time = 130 min

Student 56 arrived at 12:02 PM and started service at 12:02 PM in counter 1
Student 57 arrived at 12:03 PM and started service at 12:03 PM in counter 2
Student 56 departed at 12:05 PM

Counters were idle for 2 min, total idle time = 132 min

Student 58 arrived at 12:07 PM and started service at 12:07 PM in counter 2
Student 57 departed at 12:07 PM

Counters were idle for 1 min, total idle time = 133 min

Student 59 arrived at 12:08 PM and started service at 12:08 PM in counter 2
Student 58 departed at 12:11 PM
Student 60 arrived at 12:10 PM and started service at 12:11 PM in counter 2

Counters were idle for 1 min, total idle time = 134 min

Student 59 departed at 12:13 PM
Student 61 arrived at 12:12 PM and started service at 12:13 PM in counter 2

Counters were idle for 1 min, total idle time = 135 min

Student 60 departed at 12:14 PM
Student 62 arrived at 12:14 PM and started service at 12:14 PM in counter 2
Student 61 departed at 12:15 PM
Student 62 departed at 12:15 PM

Counters were idle for 3 min, total idle time = 138 min

Student 63 arrived at 12:18 PM and started service at 12:18 PM in counter 1
Student 63 departed at 12:19 PM

Counters were idle for 1 min, total idle time = 139 min

Student 64 arrived at 12:20 PM and started service at 12:20 PM in counter 1
Student 65 arrived at 12:22 PM and started service at 12:22 PM in counter 2
Student 64 departed at 12:25 PM
Student 66 arrived at 12:24 PM and started service at 12:25 PM in counter 2

Counters were idle for 1 min, total idle time = 140 min

Student 66 departed at 12:26 PM
Student 67 arrived at 12:26 PM and started service at 12:26 PM in counter 2

Counters were idle for 1 min, total idle time = 141 min

Student 65 departed at 12:27 PM
Student 68 arrived at 12:27 PM and started service at 12:27 PM in counter 2

Counters were idle for 1 min, total idle time = 142 min

Student 68 departed at 12:28 PM
Student 69 arrived at 12:28 PM and started service at 12:28 PM in counter 2
Student 67 departed at 12:29 PM
Student 69 departed at 12:31 PM

Counters were idle for 2 min, total idle time = 144 min

Student 70 arrived at 12:33 PM and started service at 12:33 PM in counter 1
Student 71 arrived at 12:35 PM and started service at 12:35 PM in counter 2
Student 71 departed at 12:36 PM
Student 70 departed at 12:37 PM

Counters were idle for 4 min, total idle time = 148 min

Student 72 arrived at 12:41 PM and started service at 12:41 PM in counter 1
Student 73 arrived at 12:42 PM and started service at 12:42 PM in counter 2
Student 72 departed at 12:43 PM

Counters were idle for 1 min, total idle time = 149 min

Student 74 arrived at 12:44 PM and started service at 12:44 PM in counter 2
Student 73 departed at 12:46 PM
Student 74 departed at 12:49 PM

Counters were idle for 4 min, total idle time = 153 min

Student 75 arrived at 12:53 PM and started service at 12:53 PM in counter 1
Student 75 departed at 12:58 PM

Counters were idle for 1 min, total idle time = 154 min

Student 76 arrived at 12:59 PM and started service at 12:59 PM in counter 1
Student 77 arrived at 01:01 PM and started service at 01:01 PM in counter 2
Student 76 departed at 01:01 PM

Counters were idle for 3 min, total idle time = 157 min

Student 78 arrived at 01:04 PM and started service at 01:04 PM in counter 2
Student 77 departed at 01:05 PM
Student 79 arrived at 01:05 PM and started service at 01:05 PM in counter 2
Student 78 departed at 01:06 PM
Student 79 departed at 01:09 PM

Counters were idle for 2 min, total idle time = 159 min

Student 80 arrived at 01:11 PM and started service at 01:11 PM in counter 1
Student 81 arrived at 01:12 PM and started service at 01:12 PM in counter 2
Student 81 departed at 01:14 PM
Student 82 arrived at 01:14 PM and started service at 01:14 PM in counter 2

Counters were idle for 1 min, total idle time = 160 min

Student 80 departed at 01:16 PM
Student 83 arrived at 01:15 PM and started service at 01:16 PM in counter 2

Counters were idle for 1 min, total idle time = 161 min

Student 82 departed at 01:17 PM
Student 84 arrived at 01:17 PM and started service at 01:17 PM in counter 2

Counters were idle for 1 min, total idle time = 162 min

Student 83 departed at 01:19 PM
Student 85 arrived at 01:18 PM and started service at 01:19 PM in counter 2
Student 84 departed at 01:21 PM
Student 86 arrived at 01:19 PM and started service at 01:21 PM in counter 2

Counters were idle for 1 min, total idle time = 163 min

Student 85 departed at 01:24 PM
Student 86 departed at 01:24 PM
Student 87 arrived at 01:22 PM and started service at 01:24 PM in counter 1

Counters were idle for 2 min, total idle time = 165 min

Student 88 arrived at 01:26 PM and started service at 01:26 PM in counter 2
Student 87 departed at 01:27 PM

Counters were idle for 1 min, total idle time = 166 min

Student 89 arrived at 01:28 PM and started service at 01:28 PM in counter 2
Student 88 departed at 01:28 PM
Student 89 departed at 01:32 PM

Counters were idle for 4 min, total idle time = 170 min

Student 90 arrived at 01:36 PM and started service at 01:36 PM in counter 1
Student 90 departed at 01:40 PM

Counters were idle for 3 min, total idle time = 173 min

Student 91 arrived at 01:43 PM and started service at 01:43 PM in counter 1
Student 92 arrived at 01:44 PM and started service at 01:44 PM in counter 2
Student 91 departed at 01:44 PM

Counters were idle for 1 min, total idle time = 174 min

Student 93 arrived at 01:45 PM and started service at 01:45 PM in counter 2
Student 92 departed at 01:49 PM
Student 94 arrived at 01:48 PM and started service at 01:49 PM in counter 2
Student 93 departed at 01:50 PM
Student 94 departed at 01:52 PM

Counters were idle for 2 min, total idle time = 176 min

Student 95 arrived at 01:54 PM and started service at 01:54 PM in counter 1
Student 96 arrived at 01:56 PM and started service at 01:56 PM in counter 2
Student 95 departed at 01:56 PM
Student 96 departed at 01:57 PM

Counters were idle for 2 min, total idle time = 178 min

Student 97 arrived at 01:59 PM and started service at 01:59 PM in counter 1
Student 98 arrived at 02:03 PM and started service at 02:03 PM in counter 2
Student 97 departed at 02:03 PM

Counters were idle for 2 min, total idle time = 180 min

Student 99 arrived at 02:05 PM and started service at 02:05 PM in counter 2
Student 98 departed at 02:07 PM

Counters were idle for 1 min, total idle time = 181 min

Student 100 arrived at 02:08 PM and started service at 02:08 PM in counter 2
Student 99 departed at 02:09 PM

Counters were idle for 2 min, total idle time = 183 min

Student 101 arrived at 02:11 PM and started service at 02:11 PM in counter 2
Student 100 departed at 02:11 PM

Counters were idle for 1 min, total idle time = 184 min

Student 102 arrived at 02:12 PM and started service at 02:12 PM in counter 2
Student 101 departed at 02:13 PM

Counters were idle for 1 min, total idle time = 185 min

Student 103 arrived at 02:14 PM and started service at 02:14 PM in counter 2
Student 102 departed at 02:14 PM
Student 103 departed at 02:15 PM

Counters were idle for 4 min, total idle time = 189 min

Student 104 arrived at 02:19 PM and started service at 02:19 PM in counter 1
Student 105 arrived at 02:20 PM and started service at 02:20 PM in counter 2
Student 104 departed at 02:20 PM

Counters were idle for 1 min, total idle time = 190 min

Student 106 arrived at 02:21 PM and started service at 02:21 PM in counter 2
Student 105 departed at 02:25 PM
Student 107 arrived at 02:22 PM and started service at 02:25 PM in counter 2
Student 106 departed at 02:26 PM
Student 108 arrived at 02:24 PM and started service at 02:26 PM in counter 2

Counters were idle for 3 min, total idle time = 193 min

Student 107 departed at 02:30 PM
Student 109 arrived at 02:29 PM and started service at 02:30 PM in counter 2
Student 108 departed at 02:31 PM
Student 110 arrived at 02:30 PM and started service at 02:31 PM in counter 2

Counters were idle for 2 min, total idle time = 195 min

Student 109 departed at 02:33 PM
Student 110 departed at 02:33 PM
Student 111 arrived at 02:33 PM and started service at 02:33 PM in counter 1
Student 111 departed at 02:34 PM

Counters were idle for 4 min, total idle time = 199 min

Student 112 arrived at 02:38 PM and started service at 02:38 PM in counter 1
Student 113 arrived at 02:40 PM and started service at 02:40 PM in counter 2
Student 113 departed at 02:42 PM
Student 112 departed at 02:43 PM

Counters were idle for 8 min, total idle time = 207 min

Student 114 arrived at 02:51 PM and started service at 02:51 PM in counter 1
Student 115 arrived at 02:53 PM and started service at 02:53 PM in counter 2
Student 114 departed at 02:54 PM
Student 115 departed at 02:55 PM

Counters were idle for 4 min, total idle time = 211 min

Student 116 arrived at 02:59 PM and started service at 02:59 PM in counter 1
Student 117 arrived at 03:00 PM and started service at 03:00 PM in counter 2
Student 116 departed at 03:00 PM

Counters were idle for 2 min, total idle time = 213 min

Student 118 arrived at 03:02 PM and started service at 03:02 PM in counter 2
Student 118 departed at 03:03 PM
Student 117 departed at 03:04 PM

Counters were idle for 6 min, total idle time = 219 min

Student 119 arrived at 03:10 PM and started service at 03:10 PM in counter 1
Student 120 arrived at 03:14 PM and started service at 03:14 PM in counter 2
Student 119 departed at 03:14 PM

Counters were idle for 1 min, total idle time = 220 min

Student 121 arrived at 03:15 PM and started service at 03:15 PM in counter 2
Student 121 departed at 03:16 PM

Counters were idle for 1 min, total idle time = 221 min

Student 120 departed at 03:17 PM
Student 122 arrived at 03:17 PM and started service at 03:17 PM in counter 1
Student 122 departed at 03:22 PM

Counters were idle for 1 min, total idle time = 222 min

Student 123 arrived at 03:23 PM and started service at 03:23 PM in counter 1
Student 124 arrived at 03:25 PM and started service at 03:25 PM in counter 2
Student 123 departed at 03:26 PM
Student 125 arrived at 03:26 PM and started service at 03:26 PM in counter 2
Student 124 departed at 03:29 PM
Student 125 departed at 03:29 PM

Counters were idle for 5 min, total idle time = 227 min

Student 126 arrived at 03:34 PM and started service at 03:34 PM in counter 1
Student 127 arrived at 03:35 PM and started service at 03:35 PM in counter 2
Student 127 departed at 03:38 PM
Student 128 arrived at 03:37 PM and started service at 03:38 PM in counter 2

Counters were idle for 1 min, total idle time = 228 min

Student 126 departed at 03:39 PM
Student 129 arrived at 03:38 PM and started service at 03:39 PM in counter 2

Counters were idle for 1 min, total idle time = 229 min

Student 129 departed at 03:40 PM
Student 130 arrived at 03:39 PM and started service at 03:40 PM in counter 2
Student 130 departed at 03:41 PM
Student 131 arrived at 03:40 PM and started service at 03:41 PM in counter 2

Counters were idle for 1 min, total idle time = 230 min

Student 128 departed at 03:42 PM
Student 132 arrived at 03:42 PM and started service at 03:42 PM in counter 2

Counters were idle for 1 min, total idle time = 231 min

Student 131 departed at 03:45 PM
Student 132 departed at 03:45 PM
Student 133 arrived at 03:43 PM and started service at 03:45 PM in counter 1
Student 133 departed at 03:48 PM

Counters were idle for 2 min, total idle time = 233 min

Student 134 arrived at 03:50 PM and started service at 03:50 PM in counter 1
Student 135 arrived at 03:51 PM and started service at 03:51 PM in counter 2
Student 134 departed at 03:52 PM
Student 135 departed at 03:55 PM

Counters were idle for 6 min, total idle time = 239 min

Student 136 arrived at 04:01 PM and started service at 04:01 PM in counter 1
Student 137 arrived at 04:03 PM and started service at 04:03 PM in counter 2
Student 136 departed at 04:05 PM
Student 138 arrived at 04:05 PM and started service at 04:05 PM in counter 2
Student 137 departed at 04:07 PM
Student 138 departed at 04:08 PM

Counters were idle for 1 min, total idle time = 240 min

Student 139 arrived at 04:09 PM and started service at 04:09 PM in counter 1
Student 140 arrived at 04:11 PM and started service at 04:11 PM in counter 2
Student 139 departed at 04:11 PM
Student 140 departed at 04:12 PM

Counters were idle for 5 min, total idle time = 245 min

Student 141 arrived at 04:17 PM and started service at 04:17 PM in counter 1
Student 141 departed at 04:21 PM

Counters were idle for 3 min, total idle time = 248 min

Student 142 arrived at 04:24 PM and started service at 04:24 PM in counter 1
Student 142 departed at 04:25 PM

Counters were idle for 3 min, total idle time = 251 min

Student 143 arrived at 04:28 PM and started service at 04:28 PM in counter 1
Student 143 departed at 04:30 PM

Counters were idle for 8 min, total idle time = 259 min

Student 144 arrived at 04:38 PM and started service at 04:38 PM in counter 1
Student 144 departed at 04:42 PM

Counters were idle for 3 min, total idle time = 262 min

Student 145 arrived at 04:45 PM and started service at 04:45 PM in counter 1
Student 145 departed at 04:46 PM

Counters were idle for 1 min, total idle time = 263 min

Student 146 arrived at 04:47 PM and started service at 04:47 PM in counter 1
Student 146 departed at 04:49 PM

Counters were idle for 2 min, total idle time = 265 min

Student 147 arrived at 04:51 PM and started service at 04:51 PM in counter 1
Student 148 arrived at 04:53 PM and started service at 04:53 PM in counter 2
Student 147 departed at 04:56 PM
Student 149 arrived at 04:54 PM and started service at 04:56 PM in counter 2
Student 148 departed at 04:57 PM
Student 149 departed at 04:58 PM

Counters were idle for 12 min, total idle time = 277 min

Student 150 arrived at 05:10 PM and started service at 05:10 PM in counter 1
Student 150 departed at 05:14 PM

Counters were idle for 3 min, total idle time = 280 min

Student 151 arrived at 05:17 PM and started service at 05:17 PM in counter 1
Student 152 arrived at 05:19 PM and started service at 05:19 PM in counter 2
Student 151 departed at 05:21 PM
Student 152 departed at 05:21 PM
Student 153 arrived at 05:21 PM and started service at 05:21 PM in counter 1

Counters were idle for 2 min, total idle time = 282 min

Student 154 arrived at 05:23 PM and started service at 05:23 PM in counter 2
Student 154 departed at 05:24 PM
Student 153 departed at 05:26 PM

Counters were idle for 1 min, total idle time = 283 min

Student 155 arrived at 05:27 PM and started service at 05:27 PM in counter 1
Student 155 departed at 05:28 PM

Counters were idle for 6 min, total idle time = 289 min

Student 156 arrived at 05:34 PM and started service at 05:34 PM in counter 1
Student 156 departed at 05:37 PM

Counters were idle for 6 min, total idle time = 295 min

Student 157 arrived at 05:43 PM and started service at 05:43 PM in counter 1
Student 157 departed at 05:47 PM

Counters were idle for 2 min, total idle time = 297 min

Student 158 arrived at 05:49 PM and started service at 05:49 PM in counter 1
Student 158 departed at 05:54 PM

Counters were idle for 12 min, total idle time = 309 min

Student 159 arrived at 06:06 PM and started service at 06:06 PM in counter 1
Student 160 arrived at 06:08 PM and started service at 06:08 PM in counter 2
Student 159 departed at 06:09 PM
Student 160 departed at 06:11 PM

Counters were idle for 4 min, total idle time = 313 min

Student 161 arrived at 06:15 PM and started service at 06:15 PM in counter 1
Student 161 departed at 06:18 PM

Counters were idle for 2 min, total idle time = 315 min

Student 162 arrived at 06:20 PM and started service at 06:20 PM in counter 1
Student 162 departed at 06:21 PM

Counters were idle for 5 min, total idle time = 320 min

Student 163 arrived at 06:26 PM and started service at 06:26 PM in counter 1
Student 164 arrived at 06:27 PM and started service at 06:27 PM in counter 2
Student 163 departed at 06:27 PM
Student 164 departed at 06:28 PM

Counters were idle for 4 min, total idle time = 324 min

Student 165 arrived at 06:32 PM and started service at 06:32 PM in counter 1
Student 166 arrived at 06:35 PM and started service at 06:35 PM in counter 2
Student 165 departed at 06:36 PM

Counters were idle for 1 min, total idle time = 325 min

Student 167 arrived at 06:37 PM and started service at 06:37 PM in counter 2
Student 167 departed at 06:38 PM
Student 166 departed at 06:39 PM

Counters were idle for 4 min, total idle time = 329 min

Student 168 arrived at 06:43 PM and started service at 06:43 PM in counter 1
Student 169 arrived at 06:44 PM and started service at 06:44 PM in counter 2
Student 168 departed at 06:47 PM
Student 169 departed at 06:48 PM

Counters were idle for 18 min, total idle time = 347 min

Student 170 arrived at 07:06 PM and started service at 07:06 PM in counter 1
Student 170 departed at 07:07 PM

Counters were idle for 3 min, total idle time = 350 min

Student 171 arrived at 07:10 PM and started service at 07:10 PM in counter 1
Student 172 arrived at 07:11 PM and started service at 07:11 PM in counter 2
Student 171 departed at 07:12 PM
Student 172 departed at 07:15 PM

Counters were idle for 15 min, total idle time = 365 min

Student 173 arrived at 07:30 PM and started service at 07:30 PM in counter 1
Student 174 arrived at 07:31 PM and started service at 07:31 PM in counter 2
Student 173 departed at 07:34 PM
Student 174 departed at 07:34 PM

Counters were idle for 12 min, total idle time = 377 min

Student 175 arrived at 07:46 PM and started service at 07:46 PM in counter 1
Student 176 arrived at 07:47 PM and started service at 07:47 PM in counter 2
Student 175 departed at 07:50 PM
Student 176 departed at 07:50 PM

Counters were idle for 41 min, total idle time = 418 min

Student 177 arrived at 08:31 PM and started service at 08:31 PM in counter 1
Student 177 departed at 08:36 PM

Counters were idle for 15 min, total idle time = 433 min

Student 178 arrived at 08:51 PM and started service at 08:51 PM in counter 1
Student 178 departed at 08:53 PM

Counters were idle for 13 min, total idle time = 446 min

Student 179 arrived at 09:06 PM and started service at 09:06 PM in counter 1
Student 179 departed at 09:10 PM

Counters were idle for 4 min, total idle time = 450 min

Student 180 arrived at 09:14 PM and started service at 09:14 PM in counter 1
Student 181 arrived at 09:17 PM and started service at 09:17 PM in counter 2
Student 180 departed at 09:18 PM
Student 181 departed at 09:18 PM

Counters were idle for 1 min, total idle time = 451 min

Student 182 arrived at 09:19 PM and started service at 09:19 PM in counter 1
Student 182 departed at 09:21 PM

Counters were idle for 13 min, total idle time = 464 min

Student 183 arrived at 09:34 PM and started service at 09:34 PM in counter 1
Student 183 departed at 09:36 PM

Counters were idle for 10 min, total idle time = 474 min

Student 184 arrived at 09:46 PM and started service at 09:46 PM in counter 1
Student 185 arrived at 09:47 PM and started service at 09:47 PM in counter 2
Student 184 departed at 09:49 PM
Student 185 departed at 09:50 PM

Counters were idle for 1 min, total idle time = 475 min

Student 186 arrived at 09:51 PM and started service at 09:51 PM in counter 1
Student 187 arrived at 09:54 PM and started service at 09:54 PM in counter 2
Student 186 departed at 09:54 PM

Counters were idle for 5 min, total idle time = 480 min

Student 188 arrived at 09:59 PM and started service at 09:59 PM in counter 2
Student 187 departed at 09:59 PM
