Student 1 arrived at 08:00 AM and started service at 08:00 AM in counter 1

Counters were idle for 2 min, total idle time = 2 min

Student 2 arrived at 08:02 AM and started service at 08:02 AM in counter 2
Student 1 departed at 08:04 AM
Student 2 departed at 08:04 AM

Counters were idle for 4 min, total idle time = 6 min

Student 3 arrived at 08:08 AM and started service at 08:08 AM in counter 1
Student 4 arrived at 08:12 AM and started service at 08:12 AM in counter 2
Student 3 departed at 08:13 AM
Student 4 departed at 08:15 AM

Counters were idle for 8 min, total idle time = 14 min

Student 5 arrived at 08:23 AM and started service at 08:23 AM in counter 1
Student 6 arrived at 08:26 AM and started service at 08:26 AM in counter 2
Student 5 departed at 08:27 AM

Counters were idle for 3 min, total idle time = 17 min

Student 7 arrived at 08:30 AM and started service at 08:30 AM in counter 2
Student 6 departed at 08:30 AM
Student 7 departed at 08:31 AM

Counters were idle for 4 min, total idle time = 21 min

Student 8 arrived at 08:35 AM and started service at 08:35 AM in counter 1
Student 9 arrived at 08:37 AM and started service at 08:37 AM in counter 2
Student 8 departed at 08:38 AM
Student 9 departed at 08:40 AM

Counters were idle for 36 min, total idle time = 57 min

Student 10 arrived at 09:16 AM and started service at 09:16 AM in counter 1
Student 11 arrived at 09:17 AM and started service at 09:17 AM in counter 2
Student 10 departed at 09:19 AM
Student 12 arrived at 09:18 AM and started service at 09:19 AM in counter 2
Student 12 departed at 09:21 AM
Student 11 departed at 09:22 AM

Counters were idle for 15 min, total idle time = 72 min

Student 13 arrived at 09:37 AM and started service at 09:37 AM in counter 1
Student 13 departed at 09:41 AM

Counters were idle for 6 min, total idle time = 78 min

Student 14 arrived at 09:47 AM and started service at 09:47 AM in counter 1
Student 14 departed at 09:49 AM

Counters were idle for 8 min, total idle time = 86 min

Student 15 arrived at 09:57 AM and started service at 09:57 AM in counter 1
Student 15 departed at 09:59 AM

Counters were idle for 11 min, total idle time = 97 min

Student 16 arrived at 10:10 AM and started service at 10:10 AM in counter 1
Student 16 departed at 10:11 AM

Counters were idle for 7 min, total idle time = 104 min

Student 17 arrived at 10:18 AM and started service at 10:18 AM in counter 1
Student 17 departed at 10:21 AM

Counters were idle for 1 min, total idle time = 105 min

Student 18 arrived at 10:22 AM and started service at 10:22 AM in counter 1
Student 18 departed at 10:23 AM

Counters were idle for 2 min, total idle time = 107 min

Student 19 arrived at 10:25 AM and started service at 10:25 AM in counter 1
Student 20 arrived at 10:26 AM and started service at 10:26 AM in counter 2
Student 19 departed at 10:27 AM
Student 21 arrived at 10:27 AM and started service at 10:27 AM in counter 2
Student 21 departed at 10:29 AM
Student 20 departed at 10:30 AM

Counters were idle for 7 min, total idle time = 114 min

Student 22 arrived at 10:37 AM and started service at 10:37 AM in counter 1
Student 23 arrived at 10:39 AM and started service at 10:39 AM in counter 2
Student 22 departed at 10:40 AM
Student 23 departed at 10:42 AM

Counters were idle for 8 min, total idle time = 122 min

Student 24 arrived at 10:50 AM and started service at 10:50 AM in counter 1
Student 25 arrived at 10:51 AM and started service at 10:51 AM in counter 2
Student 24 departed at 10:52 AM

Counters were idle for 3 min, total idle time = 125 min

Student 26 arrived at 10:55 AM and started service at 10:55 AM in counter 2
Student 25 departed at 10:55 AM

Counters were idle for 1 min, total idle time = 126 min

Student 27 arrived at 10:56 AM and started service at 10:56 AM in counter 2
Student 26 departed at 11:00 AM
Student 27 departed at 11:00 AM
Student 28 arrived at 11:00 AM and started service at 11:00 AM in counter 1

Counters were idle for 1 min, total idle time = 127 min

Student 29 arrived at 11:01 AM and started service at 11:01 AM in counter 2
Student 29 departed at 11:03 AM
Student 28 departed at 11:04 AM

Counters were idle for 7 min, total idle time = 134 min

Student 30 arrived at 11:11 AM and started service at 11:11 AM in counter 1
Student 30 departed at 11:15 AM

Counters were idle for 1 min, total idle time = 135 min

Student 31 arrived at 11:16 AM and started service at 11:16 AM in counter 1
Student 32 arrived at 11:18 AM and started service at 11:18 AM in counter 2
Student 31 departed at 11:19 AM
Student 32 departed at 11:20 AM

Counters were idle for 4 min, total idle time = 139 min

Student 33 arrived at 11:24 AM and started service at 11:24 AM in counter 1
Student 33 departed at 11:25 AM

Counters were idle for 8 min, total idle time = 147 min

Student 34 arrived at 11:33 AM and started service at 11:33 AM in counter 1
Student 34 departed at 11:34 AM

Counters were idle for 1 min, total idle time = 148 min

Student 35 arrived at 11:35 AM and started service at 11:35 AM in counter 1
Student 35 departed at 11:36 AM

Counters were idle for 15 min, total idle time = 163 min

Student 36 arrived at 11:51 AM and started service at 11:51 AM in counter 1
Student 37 arrived at 11:53 AM and started service at 11:53 AM in counter 2
Student 36 departed at 11:53 AM
Student 37 departed at 11:55 AM

Counters were idle for 1 min, total idle time = 164 min

Student 38 arrived at 11:56 AM and started service at 11:56 AM in counter 1
Student 38 departed at 11:57 AM

Counters were idle for 7 min, total idle time = 171 min

Student 39 arrived at 12:04 PM and started service at 12:04 PM in counter 1
Student 40 arrived at 12:05 PM and started service at 12:05 PM in counter 2
Student 39 departed at 12:06 PM
Student 40 departed at 12:06 PM
Student 41 arrived at 12:06 PM and started service at 12:06 PM in counter 1
Student 41 departed at 12:08 PM

Counters were idle for 1 min, total idle time = 172 min

Student 42 arrived at 12:09 PM and started service at 12:09 PM in counter 1
Student 43 arrived at 12:10 PM and started service at 12:10 PM in counter 2
Student 42 departed at 12:12 PM
Student 43 departed at 12:12 PM
Student 44 arrived at 12:11 PM and started service at 12:12 PM in counter 1

Counters were idle for 1 min, total idle time = 173 min

Student 45 arrived at 12:13 PM and started service at 12:13 PM in counter 2
Student 45 departed at 12:14 PM

Counters were idle for 2 min, total idle time = 175 min

Student 46 arrived at 12:16 PM and started service at 12:16 PM in counter 2
Student 44 departed at 12:17 PM
Student 46 departed at 12:19 PM

Counters were idle for 5 min, total idle time = 180 min

Student 47 arrived at 12:24 PM and started service at 12:24 PM in counter 1
Student 47 departed at 12:25 PM

Counters were idle for 1 min, total idle time = 181 min

Student 48 arrived at 12:26 PM and started service at 12:26 PM in counter 1
Student 49 arrived at 12:28 PM and started service at 12:28 PM in counter 2
Student 48 departed at 12:30 PM
Student 50 arrived at 12:29 PM and started service at 12:30 PM in counter 2

Counters were idle for 1 min, total idle time = 182 min

Student 49 departed at 12:32 PM
Student 50 departed at 12:32 PM
Student 51 arrived at 12:31 PM and started service at 12:32 PM in counter 1

Counters were idle for 1 min, total idle time = 183 min

Student 52 arrived at 12:33 PM and started service at 12:33 PM in counter 2
Student 52 departed at 12:35 PM
Student 53 arrived at 12:34 PM and started service at 12:35 PM in counter 2

Counters were idle for 1 min, total idle time = 184 min

Student 51 departed at 12:37 PM
Student 54 arrived at 12:36 PM and started service at 12:37 PM in counter 2
Student 53 departed at 12:38 PM
Student 54 departed at 12:38 PM

Counters were idle for 4 min, total idle time = 188 min

Student 55 arrived at 12:42 PM and started service at 12:42 PM in counter 1
Student 56 arrived at 12:43 PM and started service at 12:43 PM in counter 2
Student 55 departed at 12:43 PM

Counters were idle for 2 min, total idle time = 190 min

Student 57 arrived at 12:45 PM and started service at 12:45 PM in counter 2
Student 56 departed at 12:46 PM
Student 58 arrived at 12:46 PM and started service at 12:46 PM in counter 2

Counters were idle for 2 min, total idle time = 192 min

Student 57 departed at 12:48 PM
Student 58 departed at 12:48 PM
Student 59 arrived at 12:48 PM and started service at 12:48 PM in counter 1

Counters were idle for 1 min, total idle time = 193 min

Student 60 arrived at 12:49 PM and started service at 12:49 PM in counter 2
Student 60 departed at 12:50 PM
Student 59 departed at 12:53 PM

Counters were idle for 1 min, total idle time = 194 min

Student 61 arrived at 12:54 PM and started service at 12:54 PM in counter 1
Student 62 arrived at 12:55 PM and started service at 12:55 PM in counter 2
Student 61 departed at 12:56 PM

Counters were idle for 2 min, total idle time = 196 min

Student 63 arrived at 12:58 PM and started service at 12:58 PM in counter 2
Student 62 departed at 12:59 PM

Counters were idle for 2 min, total idle time = 198 min

Student 64 arrived at 01:01 PM and started service at 01:01 PM in counter 2
Student 63 departed at 01:02 PM
Student 65 arrived at 01:02 PM and started service at 01:02 PM in counter 2

Counters were idle for 1 min, total idle time = 199 min

Student 64 departed at 01:04 PM
Student 66 arrived at 01:03 PM and started service at 01:04 PM in counter 2

Counters were idle for 1 min, total idle time = 200 min

Student 65 departed at 01:06 PM
Student 67 arrived at 01:05 PM and started service at 01:06 PM in counter 2

Counters were idle for 3 min, total idle time = 203 min

Student 66 departed at 01:09 PM
Student 67 departed at 01:09 PM
Student 68 arrived at 01:09 PM and started service at 01:09 PM in counter 1
Student 68 departed at 01:13 PM

Counters were idle for 1 min, total idle time = 204 min

Student 69 arrived at 01:14 PM and started service at 01:14 PM in counter 1
Student 70 arrived at 01:15 PM and started service at 01:15 PM in counter 2
Student 69 departed at 01:16 PM

Counters were idle for 2 min, total idle time = 206 min

Student 71 arrived at 01:18 PM and started service at 01:18 PM in counter 2
Student 71 departed at 01:19 PM
Student 72 arrived at 01:19 PM and started service at 01:19 PM in counter 2
Student 70 departed at 01:20 PM
Student 72 departed at 01:20 PM

Counters were idle for 4 min, total idle time = 210 min

Student 73 arrived at 01:24 PM and started service at 01:24 PM in counter 1
Student 74 arrived at 01:28 PM and started service at 01:28 PM in counter 2
Student 73 departed at 01:29 PM

Counters were idle for 3 min, total idle time = 213 min

Student 75 arrived at 01:32 PM and started service at 01:32 PM in counter 2
Student 74 departed at 01:32 PM

Counters were idle for 1 min, total idle time = 214 min

Student 76 arrived at 01:33 PM and started service at 01:33 PM in counter 2
Student 75 departed at 01:36 PM
Student 77 arrived at 01:36 PM and started service at 01:36 PM in counter 2
Student 76 departed at 01:37 PM

Counters were idle for 4 min, total idle time = 218 min

Student 78 arrived at 01:41 PM and started service at 01:41 PM in counter 2
Student 77 departed at 01:41 PM

Counters were idle for 1 min, total idle time = 219 min

Student 79 arrived at 01:42 PM and started service at 01:42 PM in counter 2
Student 79 departed at 01:45 PM
Student 80 arrived at 01:45 PM and started service at 01:45 PM in counter 2
Student 78 departed at 01:46 PM
Student 80 departed at 01:46 PM

Counters were idle for 1 min, total idle time = 220 min

Student 81 arrived at 01:47 PM and started service at 01:47 PM in counter 1
Student 81 departed at 01:51 PM

Counters were idle for 3 min, total idle time = 223 min

Student 82 arrived at 01:54 PM and started service at 01:54 PM in counter 1
Student 83 arrived at 01:56 PM and started service at 01:56 PM in counter 2
Student 82 departed at 01:59 PM
Student 84 arrived at 01:57 PM and started service at 01:59 PM in counter 2
Student 83 departed at 02:01 PM

Counters were idle for 2 min, total idle time = 225 min

Student 85 arrived at 02:03 PM and started service at 02:03 PM in counter 2
Student 84 departed at 02:04 PM

Counters were idle for 1 min, total idle time = 226 min

Student 86 arrived at 02:05 PM and started service at 02:05 PM in counter 2
Student 85 departed at 02:08 PM
Student 87 arrived at 02:08 PM and started service at 02:08 PM in counter 2

Counters were idle for 1 min, total idle time = 227 min

Student 86 departed at 02:09 PM
Student 88 arrived at 02:09 PM and started service at 02:09 PM in counter 2

Counters were idle for 2 min, total idle time = 229 min

Student 87 departed at 02:11 PM
Student 89 arrived at 02:11 PM and started service at 02:11 PM in counter 2

Counters were idle for 1 min, total idle time = 230 min

Student 88 departed at 02:14 PM
Student 89 departed at 02:14 PM
Student 90 arrived at 02:12 PM and started service at 02:14 PM in counter 1
Student 90 departed at 02:16 PM

Counters were idle for 2 min, total idle time = 232 min

Student 91 arrived at 02:18 PM and started service at 02:18 PM in counter 1
Student 91 departed at 02:20 PM

Counters were idle for 1 min, total idle time = 233 min

Student 92 arrived at 02:21 PM and started service at 02:21 PM in counter 1
Student 93 arrived at 02:23 PM and started service at 02:23 PM in counter 2
Student 93 departed at 02:24 PM

Counters were idle for 2 min, total idle time = 235 min

Student 92 departed at 02:26 PM
Student 94 arrived at 02:26 PM and started service at 02:26 PM in counter 1

Counters were idle for 1 min, total idle time = 236 min

Student 95 arrived at 02:27 PM and started service at 02:27 PM in counter 2
Student 94 departed at 02:31 PM
Student 95 departed at 02:31 PM
Student 96 arrived at 02:30 PM and started service at 02:31 PM in counter 1

Counters were idle for 2 min, total idle time = 238 min

Student 97 arrived at 02:33 PM and started service at 02:33 PM in counter 2
Student 96 departed at 02:33 PM
Student 97 departed at 02:36 PM

Counters were idle for 1 min, total idle time = 239 min

Student 98 arrived at 02:37 PM and started service at 02:37 PM in counter 1
Student 99 arrived at 02:40 PM and started service at 02:40 PM in counter 2
Student 98 departed at 02:42 PM
Student 99 departed at 02:43 PM

Counters were idle for 3 min, total idle time = 242 min

Student 100 arrived at 02:46 PM and started service at 02:46 PM in counter 1
Student 100 departed at 02:50 PM

Counters were idle for 4 min, total idle time = 246 min

Student 101 arrived at 02:54 PM and started service at 02:54 PM in counter 1
Student 101 departed at 02:58 PM

Counters were idle for 7 min, total idle time = 253 min

Student 102 arrived at 03:05 PM and started service at 03:05 PM in counter 1
Student 102 departed at 03:10 PM

Counters were idle for 1 min, total idle time = 254 min

Student 103 arrived at 03:11 PM and started service at 03:11 PM in counter 1
Student 104 arrived at 03:12 PM and started service at 03:12 PM in counter 2
Student 104 departed at 03:14 PM
Student 105 arrived at 03:13 PM and started service at 03:14 PM in counter 2
Student 105 departed at 03:15 PM
Student 103 departed at 03:16 PM

Counters were idle for 1 min, total idle time = 255 min

Student 106 arrived at 03:17 PM and started service at 03:17 PM in counter 1
Student 106 departed at 03:18 PM

Counters were idle for 2 min, total idle time = 257 min

Student 107 arrived at 03:20 PM and started service at 03:20 PM in counter 1
Student 108 arrived at 03:21 PM and started service at 03:21 PM in counter 2
Student 107 departed at 03:21 PM

Counters were idle for 1 min, total idle time = 258 min

Student 109 arrived at 03:22 PM and started service at 03:22 PM in counter 2
Student 108 departed at 03:23 PM
Student 109 departed at 03:24 PM

Counters were idle for 1 min, total idle time = 259 min

Student 110 arrived at 03:25 PM and started service at 03:25 PM in counter 1
Student 111 arrived at 03:26 PM and started service at 03:26 PM in counter 2
Student 110 departed at 03:27 PM

Counters were idle for 4 min, total idle time = 263 min

Student 112 arrived at 03:31 PM and started service at 03:31 PM in counter 2
Student 111 departed at 03:31 PM
Student 112 departed at 03:32 PM

Counters were idle for 1 min, total idle time = 264 min

Student 113 arrived at 03:33 PM and started service at 03:33 PM in counter 1
Student 113 departed at 03:35 PM

Counters were idle for 4 min, total idle time = 268 min

Student 114 arrived at 03:39 PM and started service at 03:39 PM in counter 1
Student 115 arrived at 03:41 PM and started service at 03:41 PM in counter 2
Student 114 departed at 03:42 PM
Student 115 departed at 03:42 PM
Student 116 arrived at 03:42 PM and started service at 03:42 PM in counter 1
Student 116 departed at 03:43 PM

Counters were idle for 5 min, total idle time = 273 min

Student 117 arrived at 03:48 PM and started service at 03:48 PM in counter 1
Student 118 arrived at 03:53 PM and started service at 03:53 PM in counter 2
Student 117 departed at 03:53 PM

Counters were idle for 3 min, total idle time = 276 min

Student 119 arrived at 03:56 PM and started service at 03:56 PM in counter 2
Student 118 departed at 03:58 PM
Student 120 arrived at 03:57 PM and started service at 03:58 PM in counter 2
Student 120 departed at 03:59 PM

Counters were idle for 1 min, total idle time = 277 min

Student 121 arrived at 04:00 PM and started service at 04:00 PM in counter 2
Student 119 departed at 04:01 PM
Student 122 arrived at 04:01 PM and started service at 04:01 PM in counter 2

Counters were idle for 1 min, total idle time = 278 min

Student 121 departed at 04:04 PM
Student 123 arrived at 04:02 PM and started service at 04:04 PM in counter 2
Student 122 departed at 04:06 PM
Student 123 departed at 04:09 PM

Counters were idle for 9 min, total idle time = 287 min

Student 124 arrived at 04:18 PM and started service at 04:18 PM in counter 1
Student 125 arrived at 04:19 PM and started service at 04:19 PM in counter 2
Student 124 departed at 04:20 PM
Student 125 departed at 04:24 PM

Counters were idle for 4 min, total idle time = 291 min

Student 126 arrived at 04:28 PM and started service at 04:28 PM in counter 1
Student 126 departed at 04:31 PM

Counters were idle for 3 min, total idle time = 294 min

Student 127 arrived at 04:34 PM and started service at 04:34 PM in counter 1
Student 127 departed at 04:36 PM

Counters were idle for 2 min, total idle time = 296 min

Student 128 arrived at 04:38 PM and started service at 04:38 PM in counter 1
Student 128 departed at 04:43 PM

Counters were idle for 8 min, total idle time = 304 min

Student 129 arrived at 04:51 PM and started service at 04:51 PM in counter 1
Student 130 arrived at 04:56 PM and started service at 04:56 PM in counter 2
Student 129 departed at 04:56 PM

Counters were idle for 2 min, total idle time = 306 min

Student 131 arrived at 04:58 PM and started service at 04:58 PM in counter 2
Student 130 departed at 04:59 PM
Student 131 departed at 05:01 PM

Counters were idle for 17 min, total idle time = 323 min

Student 132 arrived at 05:18 PM and started service at 05:18 PM in counter 1
Student 132 departed at 05:20 PM

Counters were idle for 7 min, total idle time = 330 min

Student 133 arrived at 05:27 PM and started service at 05:27 PM in counter 1
Student 133 departed at 05:29 PM

Counters were idle for 5 min, total idle time = 335 min

Student 134 arrived at 05:34 PM and started service at 05:34 PM in counter 1
Student 134 departed at 05:36 PM

Counters were idle for 1 min, total idle time = 336 min

Student 135 arrived at 05:37 PM and started service at 05:37 PM in counter 1
Student 136 arrived at 05:38 PM and started service at 05:38 PM in counter 2
Student 135 departed at 05:42 PM
Student 136 departed at 05:42 PM

Counters were idle for 3 min, total idle time = 339 min

Student 137 arrived at 05:45 PM and started service at 05:45 PM in counter 1
Student 137 departed at 05:48 PM

Counters were idle for 1 min, total idle time = 340 min

Student 138 arrived at 05:49 PM and started service at 05:49 PM in counter 1
Student 138 departed at 05:51 PM

Counters were idle for 1 min, total idle time = 341 min

Student 139 arrived at 05:52 PM and started service at 05:52 PM in counter 1
Student 139 departed at 05:54 PM

Counters were idle for 3 min, total idle time = 344 min

Student 140 arrived at 05:57 PM and started service at 05:57 PM in counter 1
Student 141 arrived at 05:59 PM and started service at 05:59 PM in counter 2
Student 141 departed at 06:01 PM
Student 142 arrived at 06:00 PM and started service at 06:01 PM in counter 2
Student 140 departed at 06:02 PM
Student 142 departed at 06:02 PM

Counters were idle for 1 min, total idle time = 345 min

Student 143 arrived at 06:03 PM and started service at 06:03 PM in counter 1
Student 143 departed at 06:05 PM

Counters were idle for 1 min, total idle time = 346 min

Student 144 arrived at 06:06 PM and started service at 06:06 PM in counter 1
Student 144 departed at 06:07 PM

Counters were idle for 27 min, total idle time = 373 min

Student 145 arrived at 06:34 PM and started service at 06:34 PM in counter 1
Student 145 departed at 06:35 PM

Counters were idle for 9 min, total idle time = 382 min

Student 146 arrived at 06:44 PM and started service at 06:44 PM in counter 1
Student 146 departed at 06:45 PM

Counters were idle for 2 min, total idle time = 384 min

Student 147 arrived at 06:47 PM and started service at 06:47 PM in counter 1
Student 148 arrived at 06:50 PM and started service at 06:50 PM in counter 2
Student 147 departed at 06:51 PM
Student 148 departed at 06:51 PM

Counters were idle for 15 min, total idle time = 399 min

Student 149 arrived at 07:06 PM and started service at 07:06 PM in counter 1
Student 149 departed at 07:09 PM

Counters were idle for 5 min, total idle time = 404 min

Student 150 arrived at 07:14 PM and started service at 07:14 PM in counter 1
Student 151 arrived at 07:15 PM and started service at 07:15 PM in counter 2
Student 151 departed at 07:16 PM

Counters were idle for 1 min, total idle time = 405 min

Student 152 arrived at 07:17 PM and started service at 07:17 PM in counter 2
Student 150 departed at 07:18 PM

Counters were idle for 2 min, total idle time = 407 min

Student 153 arrived at 07:20 PM and started service at 07:20 PM in counter 2
Student 152 departed at 07:21 PM
Student 153 departed at 07:25 PM

Counters were idle for 6 min, total idle time = 413 min

Student 154 arrived at 07:31 PM and started service at 07:31 PM in counter 1
Student 154 departed at 07:32 PM

Counters were idle for 15 min, total idle time = 428 min

Student 155 arrived at 07:47 PM and started service at 07:47 PM in counter 1
Student 155 departed at 07:52 PM

Counters were idle for 3 min, total idle time = 431 min

Student 156 arrived at 07:55 PM and started service at 07:55 PM in counter 1
Student 156 departed at 07:56 PM

Counters were idle for 10 min, total idle time = 441 min

Student 157 arrived at 08:06 PM and started service at 08:06 PM in counter 1
Student 157 departed at 08:09 PM

Counters were idle for 1 min, total idle time = 442 min

Student 158 arrived at 08:10 PM and started service at 08:10 PM in counter 1
Student 158 departed at 08:15 PM

Counters were idle for 21 min, total idle time = 463 min

Student 159 arrived at 08:36 PM and started service at 08:36 PM in counter 1
Student 159 departed at 08:41 PM

Counters were idle for 2 min, total idle time = 465 min

Student 160 arrived at 08:43 PM and started service at 08:43 PM in counter 1
Student 160 departed at 08:44 PM

Counters were idle for 14 min, total idle time = 479 min

Student 161 arrived at 08:58 PM and started service at 08:58 PM in counter 1
Student 161 departed at 09:01 PM

Counters were idle for 10 min, total idle time = 489 min

Student 162 arrived at 09:11 PM and started service at 09:11 PM in counter 1
Student 163 arrived at 09:16 PM and started service at 09:16 PM in counter 2
Student 162 departed at 09:16 PM

Counters were idle for 4 min, total idle time = 493 min

Student 164 arrived at 09:20 PM and started service at 09:20 PM in counter 2
Student 163 departed at 09:21 PM
Student 164 departed at 09:25 PM

Counters were idle for 14 min, total idle time = 507 min

Student 165 arrived at 09:39 PM and started service at 09:39 PM in counter 1
Student 165 departed at 09:44 PM

Counters were idle for 3 min, total idle time = 510 min

Student 166 arrived at 09:47 PM and started service at 09:47 PM in counter 1
Student 166 departed at 09:51 PM
