Student 1 arrived at 08:00 AM and started service at 08:00 AM in counter 1

Counters were idle for 2 min, total idle time = 2 min

Student 2 arrived at 08:02 AM and started service at 08:02 AM in counter 2
Student 1 departed at 08:05 AM
Student 2 departed at 08:07 AM

Counters were idle for 3 min, total idle time = 5 min

Student 3 arrived at 08:10 AM and started service at 08:10 AM in counter 1
Student 3 departed at 08:11 AM

Counters were idle for 13 min, total idle time = 18 min

Student 4 arrived at 08:24 AM and started service at 08:24 AM in counter 1
Student 4 departed at 08:27 AM

Counters were idle for 16 min, total idle time = 34 min

Student 5 arrived at 08:43 AM and started service at 08:43 AM in counter 1
Student 6 arrived at 08:46 AM and started service at 08:46 AM in counter 2
Student 5 departed at 08:47 AM
Student 6 departed at 08:47 AM

Counters were idle for 19 min, total idle time = 53 min

Student 7 arrived at 09:06 AM and started service at 09:06 AM in counter 1
Student 7 departed at 09:11 AM

Counters were idle for 2 min, total idle time = 55 min

Student 8 arrived at 09:13 AM and started service at 09:13 AM in counter 1
Student 8 departed at 09:16 AM

Counters were idle for 1 min, total idle time = 56 min

Student 9 arrived at 09:17 AM and started service at 09:17 AM in counter 1
Student 9 departed at 09:21 AM

Counters were idle for 4 min, total idle time = 60 min

Student 10 arrived at 09:25 AM and started service at 09:25 AM in counter 1
Student 10 departed at 09:30 AM

Counters were idle for 9 min, total idle time = 69 min

Student 11 arrived at 09:39 AM and started service at 09:39 AM in counter 1
Student 11 departed at 09:40 AM

Counters were idle for 12 min, total idle time = 81 min

Student 12 arrived at 09:52 AM and started service at 09:52 AM in counter 1
Student 12 departed at 09:55 AM

Counters were idle for 4 min, total idle time = 85 min

Student 13 arrived at 09:59 AM and started service at 09:59 AM in counter 1
Student 14 arrived at 10:00 AM and started service at 10:00 AM in counter 2
Student 13 departed at 10:02 AM
Student 14 departed at 10:02 AM
Student 15 arrived at 10:02 AM and started service at 10:02 AM in counter 1

Counters were idle for 1 min, total idle time = 86 min

Student 16 arrived at 10:03 AM and started service at 10:03 AM in counter 2
Student 15 departed at 10:03 AM

Counters were idle for 1 min, total idle time = 87 min

Student 17 arrived at 10:04 AM and started service at 10:04 AM in counter 2
Student 16 departed at 10:05 AM
Student 17 departed at 10:06 AM

Counters were idle for 2 min, total idle time = 89 min

Student 18 arrived at 10:08 AM and started service at 10:08 AM in counter 1
Student 18 departed at 10:12 AM

Counters were idle for 2 min, total idle time = 91 min

Student 19 arrived at 10:14 AM and started service at 10:14 AM in counter 1
Student 20 arrived at 10:16 AM and started service at 10:16 AM in counter 2
Student 20 departed at 10:17 AM

Counters were idle for 1 min, total idle time = 92 min

Student 19 departed at 10:18 AM
Student 21 arrived at 10:18 AM and started service at 10:18 AM in counter 1

Counters were idle for 2 min, total idle time = 94 min

Student 22 arrived at 10:20 AM and started service at 10:20 AM in counter 2
Student 21 departed at 10:22 AM
Student 22 departed at 10:22 AM

Counters were idle for 11 min, total idle time = 105 min

Student 23 arrived at 10:33 AM and started service at 10:33 AM in counter 1
Student 24 arrived at 10:34 AM and started service at 10:34 AM in counter 2
Student 23 departed at 10:38 AM
Student 24 departed at 10:39 AM

Counters were idle for 2 min, total idle time = 107 min

Student 25 arrived at 10:41 AM and started service at 10:41 AM in counter 1
Student 26 arrived at 10:44 AM and started service at 10:44 AM in counter 2
Student 25 departed at 10:45 AM

Counters were idle for 1 min, total idle time = 108 min

Student 27 arrived at 10:46 AM and started service at 10:46 AM in counter 2
Student 26 departed at 10:48 AM
Student 27 departed at 10:48 AM
Student 28 arrived at 10:47 AM and started service at 10:48 AM in counter 1
Student 28 departed at 10:50 AM

Counters were idle for 2 min, total idle time = 110 min

Student 29 arrived at 10:52 AM and started service at 10:52 AM in counter 1
Student 29 departed at 10:54 AM

Counters were idle for 10 min, total idle time = 120 min

Student 30 arrived at 11:04 AM and started service at 11:04 AM in counter 1
Student 31 arrived at 11:05 AM and started service at 11:05 AM in counter 2
Student 30 departed at 11:07 AM
Student 31 departed at 11:09 AM

Counters were idle for 4 min, total idle time = 124 min

Student 32 arrived at 11:13 AM and started service at 11:13 AM in counter 1
Student 32 departed at 11:15 AM

Counters were idle for 5 min, total idle time = 129 min

Student 33 arrived at 11:20 AM and started service at 11:20 AM in counter 1
Student 33 departed at 11:21 AM

Counters were idle for 4 min, total idle time = 133 min

Student 34 arrived at 11:25 AM and started service at 11:25 AM in counter 1
Student 35 arrived at 11:26 AM and started service at 11:26 AM in counter 2
Student 35 departed at 11:27 AM
Student 34 departed at 11:30 AM

Counters were idle for 5 min, total idle time = 138 min

Student 36 arrived at 11:35 AM and started service at 11:35 AM in counter 1
Student 36 departed at 11:40 AM

Counters were idle for 4 min, total idle time = 142 min

Student 37 arrived at 11:44 AM and started service at 11:44 AM in counter 1
Student 37 departed at 11:47 AM

Counters were idle for 3 min, total idle time = 145 min

Student 38 arrived at 11:50 AM and started service at 11:50 AM in counter 1
Student 39 arrived at 11:51 AM and started service at 11:51 AM in counter 2
Student 38 departed at 11:54 AM
Student 40 arrived at 11:54 AM and started service at 11:54 AM in counter 2

Counters were idle for 1 min, total idle time = 146 min

Student 40 departed at 11:55 AM
Student 41 arrived at 11:55 AM and started service at 11:55 AM in counter 2

Counters were idle for 1 min, total idle time = 147 min

Student 39 departed at 11:56 AM
Student 42 arrived at 11:56 AM and started service at 11:56 AM in counter 2
Student 42 departed at 11:57 AM

Counters were idle for 2 min, total idle time = 149 min

Student 43 arrived at 11:59 AM and started service at 11:59 AM in counter 2
Student 41 departed at 12:00 PM
Student 43 departed at 12:04 PM

Counters were idle for 17 min, total idle time = 166 min

Student 44 arrived at 12:21 PM and started service at 12:21 PM in counter 1
Student 44 departed at 12:24 PM

Counters were idle for 1 min, total idle time = 167 min

Student 45 arrived at 12:25 PM and started service at 12:25 PM in counter 1
Student 46 arrived at 12:26 PM and started service at 12:26 PM in counter 2
Student 45 departed at 12:29 PM
Student 46 departed at 12:29 PM
Student 47 arrived at 12:27 PM and started service at 12:29 PM in counter 2
Student 48 arrived at 12:28 PM and started service at 12:29 PM in counter 2

Counters were idle for 2 min, total idle time = 169 min

Student 47 departed at 12:32 PM
Student 49 arrived at 12:31 PM and started service at 12:32 PM in counter 2

Counters were idle for 1 min, total idle time = 170 min

Student 48 departed at 12:33 PM
Student 49 departed at 12:33 PM
Student 50 arrived at 12:32 PM and started service at 12:33 PM in counter 2
Student 51 arrived at 12:33 PM and started service at 12:33 PM in counter 2
Student 50 departed at 12:34 PM

Counters were idle for 1 min, total idle time = 171 min

Student 52 arrived at 12:35 PM and started service at 12:35 PM in counter 2
Student 51 departed at 12:37 PM
Student 53 arrived at 12:37 PM and started service at 12:37 PM in counter 2
Student 52 departed at 12:39 PM

Counters were idle for 3 min, total idle time = 174 min

Student 54 arrived at 12:42 PM and started service at 12:42 PM in counter 2
Student 53 departed at 12:42 PM
Student 54 departed at 12:45 PM

Counters were idle for 1 min, total idle time = 175 min

Student 55 arrived at 12:46 PM and started service at 12:46 PM in counter 1
Student 55 departed at 12:47 PM

Counters were idle for 2 min, total idle time = 177 min

Student 56 arrived at 12:49 PM and started service at 12:49 PM in counter 1
Student 57 arrived at 12:50 PM and started service at 12:50 PM in counter 2
Student 56 departed at 12:50 PM

Counters were idle for 4 min, total idle time = 181 min

Student 58 arrived at 12:54 PM and started service at 12:54 PM in counter 2
Student 57 departed at 12:55 PM
Student 58 departed at 12:56 PM

Counters were idle for 1 min, total idle time = 182 min

Student 59 arrived at 12:57 PM and started service at 12:57 PM in counter 1
Student 60 arrived at 12:58 PM and started service at 12:58 PM in counter 2
Student 60 departed at 12:59 PM

Counters were idle for 2 min, total idle time = 184 min

Student 61 arrived at 01:01 PM and started service at 01:01 PM in counter 2
Student 59 departed at 01:02 PM
Student 61 departed at 01:02 PM

Counters were idle for 2 min, total idle time = 186 min

Student 62 arrived at 01:04 PM and started service at 01:04 PM in counter 1
Student 63 arrived at 01:05 PM and started service at 01:05 PM in counter 2
Student 62 departed at 01:07 PM
Student 64 arrived at 01:07 PM and started service at 01:07 PM in counter 2

Counters were idle for 2 min, total idle time = 188 min

Student 63 departed at 01:09 PM
Student 65 arrived at 01:09 PM and started service at 01:09 PM in counter 2

Counters were idle for 1 min, total idle time = 189 min

Student 64 departed at 01:10 PM
Student 66 arrived at 01:10 PM and started service at 01:10 PM in counter 2
Student 65 departed at 01:11 PM

Counters were idle for 1 min, total idle time = 190 min

Student 67 arrived at 01:12 PM and started service at 01:12 PM in counter 2
Student 66 departed at 01:15 PM
Student 68 arrived at 01:13 PM and started service at 01:15 PM in counter 2
Student 67 departed at 01:16 PM
Student 68 departed at 01:16 PM

Counters were idle for 2 min, total idle time = 192 min

Student 69 arrived at 01:18 PM and started service at 01:18 PM in counter 1
Student 69 departed at 01:19 PM

Counters were idle for 3 min, total idle time = 195 min

Student 70 arrived at 01:22 PM and started service at 01:22 PM in counter 1
Student 70 departed at 01:26 PM

Counters were idle for 2 min, total idle time = 197 min

Student 71 arrived at 01:28 PM and started service at 01:28 PM in counter 1
Student 71 departed at 01:29 PM

Counters were idle for 8 min, total idle time = 205 min

Student 72 arrived at 01:37 PM and started service at 01:37 PM in counter 1
Student 73 arrived at 01:38 PM and started service at 01:38 PM in counter 2
Student 72 departed at 01:40 PM
Student 74 arrived at 01:39 PM and started service at 01:40 PM in counter 2

Counters were idle for 2 min, total idle time = 207 min

Student 73 departed at 01:43 PM
Student 74 departed at 01:43 PM
Student 75 arrived at 01:42 PM and started service at 01:43 PM in counter 2
Student 76 arrived at 01:43 PM and started service at 01:43 PM in counter 2

Counters were idle for 1 min, total idle time = 208 min

Student 75 departed at 01:44 PM
Student 77 arrived at 01:44 PM and started service at 01:44 PM in counter 2

Counters were idle for 1 min, total idle time = 209 min

Student 76 departed at 01:46 PM
Student 78 arrived at 01:45 PM and started service at 01:46 PM in counter 2

Counters were idle for 1 min, total idle time = 210 min

Student 77 departed at 01:48 PM
Student 79 arrived at 01:47 PM and started service at 01:48 PM in counter 2

Counters were idle for 1 min, total idle time = 211 min

Student 78 departed at 01:49 PM
Student 80 arrived at 01:48 PM and started service at 01:49 PM in counter 2

Counters were idle for 1 min, total idle time = 212 min

Student 79 departed at 01:52 PM
Student 80 departed at 01:52 PM
Student 81 arrived at 01:49 PM and started service at 01:52 PM in counter 2
Student 82 arrived at 01:50 PM and started service at 01:52 PM in counter 2
Student 81 departed at 01:53 PM

Counters were idle for 1 min, total idle time = 213 min

Student 83 arrived at 01:54 PM and started service at 01:54 PM in counter 2
Student 83 departed at 01:56 PM
Student 84 arrived at 01:56 PM and started service at 01:56 PM in counter 2

Counters were idle for 1 min, total idle time = 214 min

Student 82 departed at 01:57 PM
Student 85 arrived at 01:57 PM and started service at 01:57 PM in counter 2
Student 84 departed at 01:58 PM

Counters were idle for 2 min, total idle time = 216 min

Student 86 arrived at 02:00 PM and started service at 02:00 PM in counter 2
Student 86 departed at 02:01 PM
Student 85 departed at 02:02 PM

Counters were idle for 8 min, total idle time = 224 min

Student 87 arrived at 02:10 PM and started service at 02:10 PM in counter 1
Student 88 arrived at 02:11 PM and started service at 02:11 PM in counter 2
Student 87 departed at 02:13 PM
Student 88 departed at 02:15 PM

Counters were idle for 2 min, total idle time = 226 min

Student 89 arrived at 02:17 PM and started service at 02:17 PM in counter 1
Student 90 arrived at 02:20 PM and started service at 02:20 PM in counter 2
Student 89 departed at 02:20 PM
Student 90 departed at 02:25 PM

Counters were idle for 4 min, total idle time = 230 min

Student 91 arrived at 02:29 PM and started service at 02:29 PM in counter 1
Student 92 arrived at 02:30 PM and started service at 02:30 PM in counter 2
Student 91 departed at 02:30 PM

Counters were idle for 1 min, total idle time = 231 min

Student 93 arrived at 02:31 PM and started service at 02:31 PM in counter 2
Student 92 departed at 02:31 PM

Counters were idle for 3 min, total idle time = 234 min

Student 94 arrived at 02:34 PM and started service at 02:34 PM in counter 2
Student 93 departed at 02:35 PM

Counters were idle for 1 min, total idle time = 235 min

Student 95 arrived at 02:36 PM and started service at 02:36 PM in counter 2
Student 94 departed at 02:39 PM
Student 96 arrived at 02:38 PM and started service at 02:39 PM in counter 2
Student 95 departed at 02:41 PM

Counters were idle for 2 min, total idle time = 237 min

Student 97 arrived at 02:43 PM and started service at 02:43 PM in counter 2
Student 96 departed at 02:43 PM

Counters were idle for 2 min, total idle time = 239 min

Student 98 arrived at 02:45 PM and started service at 02:45 PM in counter 2
Student 97 departed at 02:48 PM
Student 98 departed at 02:48 PM
Student 99 arrived at 02:47 PM and started service at 02:48 PM in counter 1

Counters were idle for 1 min, total idle time = 240 min

Student 100 arrived at 02:49 PM and started service at 02:49 PM in counter 2
Student 100 departed at 02:52 PM
Student 101 arrived at 02:52 PM and started service at 02:52 PM in counter 2
Student 99 departed at 02:53 PM
Student 101 departed at 02:53 PM

Counters were idle for 5 min, total idle time = 245 min

Student 102 arrived at 02:58 PM and started service at 02:58 PM in counter 1
Student 103 arrived at 03:00 PM and started service at 03:00 PM in counter 2
Student 102 departed at 03:02 PM
Student 104 arrived at 03:01 PM and started service at 03:02 PM in counter 2

Counters were idle for 1 min, total idle time = 246 min

Student 103 departed at 03:03 PM
Student 105 arrived at 03:03 PM and started service at 03:03 PM in counter 2
Student 104 departed at 03:04 PM

Counters were idle for 1 min, total idle time = 247 min

Student 106 arrived at 03:05 PM and started service at 03:05 PM in counter 2
Student 105 departed at 03:05 PM

Counters were idle for 4 min, total idle time = 251 min

Student 107 arrived at 03:09 PM and started service at 03:09 PM in counter 2
Student 106 departed at 03:10 PM
Student 107 departed at 03:12 PM

Counters were idle for 5 min, total idle time = 256 min

Student 108 arrived at 03:17 PM and started service at 03:17 PM in counter 1
Student 109 arrived at 03:18 PM and started service at 03:18 PM in counter 2
Student 108 departed at 03:19 PM
Student 110 arrived at 03:19 PM and started service at 03:19 PM in counter 2

Counters were idle for 1 min, total idle time = 257 min

Student 109 departed at 03:20 PM
Student 111 arrived at 03:20 PM and started service at 03:20 PM in counter 2
Student 110 departed at 03:21 PM

Counters were idle for 1 min, total idle time = 258 min

Student 112 arrived at 03:22 PM and started service at 03:22 PM in counter 2
Student 112 departed at 03:24 PM

Counters were idle for 1 min, total idle time = 259 min

Student 111 departed at 03:25 PM
Student 113 arrived at 03:25 PM and started service at 03:25 PM in counter 1

Counters were idle for 1 min, total idle time = 260 min

Student 114 arrived at 03:26 PM and started service at 03:26 PM in counter 2
Student 113 departed at 03:26 PM

Counters were idle for 1 min, total idle time = 261 min

Student 115 arrived at 03:27 PM and started service at 03:27 PM in counter 2
Student 115 departed at 03:28 PM
Student 116 arrived at 03:28 PM and started service at 03:28 PM in counter 2

Counters were idle for 1 min, total idle time = 262 min

Student 114 departed at 03:31 PM
Student 117 arrived at 03:29 PM and started service at 03:31 PM in counter 2

Counters were idle for 1 min, total idle time = 263 min

Student 116 departed at 03:33 PM
Student 118 arrived at 03:30 PM and started service at 03:33 PM in counter 2

Counters were idle for 3 min, total idle time = 266 min

Student 117 departed at 03:36 PM
Student 118 departed at 03:36 PM
Student 119 arrived at 03:32 PM and started service at 03:36 PM in counter 2
Student 120 arrived at 03:33 PM and started service at 03:36 PM in counter 2
Student 119 departed at 03:37 PM
Student 121 arrived at 03:36 PM and started service at 03:37 PM in counter 2

Counters were idle for 1 min, total idle time = 267 min

Student 121 departed at 03:40 PM
Student 122 arrived at 03:38 PM and started service at 03:40 PM in counter 2
Student 120 departed at 03:41 PM
Student 122 departed at 03:41 PM

Counters were idle for 7 min, total idle time = 274 min

Student 123 arrived at 03:48 PM and started service at 03:48 PM in counter 1
Student 123 departed at 03:50 PM

Counters were idle for 1 min, total idle time = 275 min

Student 124 arrived at 03:51 PM and started service at 03:51 PM in counter 1
Student 124 departed at 03:52 PM

Counters were idle for 1 min, total idle time = 276 min

Student 125 arrived at 03:53 PM and started service at 03:53 PM in counter 1
Student 126 arrived at 03:55 PM and started service at 03:55 PM in counter 2
Student 125 departed at 03:55 PM

Counters were idle for 3 min, total idle time = 279 min

Student 127 arrived at 03:58 PM and started service at 03:58 PM in counter 2
Student 126 departed at 04:00 PM
Student 128 arrived at 03:59 PM and started service at 04:00 PM in counter 2
Student 127 departed at 04:01 PM
Student 129 arrived at 04:00 PM and started service at 04:01 PM in counter 2
Student 129 departed at 04:04 PM
Student 128 departed at 04:05 PM

Counters were idle for 4 min, total idle time = 283 min

Student 130 arrived at 04:09 PM and started service at 04:09 PM in counter 1
Student 131 arrived at 04:10 PM and started service at 04:10 PM in counter 2
Student 130 departed at 04:14 PM
Student 131 departed at 04:15 PM

Counters were idle for 5 min, total idle time = 288 min

Student 132 arrived at 04:20 PM and started service at 04:20 PM in counter 1
Student 133 arrived at 04:21 PM and started service at 04:21 PM in counter 2
Student 132 departed at 04:23 PM
Student 134 arrived at 04:22 PM and started service at 04:23 PM in counter 2
Student 133 departed at 04:25 PM
Student 134 departed at 04:25 PM
Student 135 arrived at 04:23 PM and started service at 04:25 PM in counter 1
Student 135 departed at 04:30 PM

Counters were idle for 14 min, total idle time = 302 min

Student 136 arrived at 04:44 PM and started service at 04:44 PM in counter 1
Student 137 arrived at 04:49 PM and started service at 04:49 PM in counter 2
Student 136 departed at 04:49 PM

Counters were idle for 1 min, total idle time = 303 min

Student 138 arrived at 04:50 PM and started service at 04:50 PM in counter 2
Student 137 departed at 04:54 PM
Student 139 arrived at 04:53 PM and started service at 04:54 PM in counter 2
Student 138 departed at 04:55 PM
Student 139 departed at 04:57 PM

Counters were idle for 3 min, total idle time = 306 min

Student 140 arrived at 05:00 PM and started service at 05:00 PM in counter 1
Student 140 departed at 05:01 PM

Counters were idle for 1 min, total idle time = 307 min

Student 141 arrived at 05:02 PM and started service at 05:02 PM in counter 1
Student 142 arrived at 05:04 PM and started service at 05:04 PM in counter 2
Student 141 departed at 05:07 PM
Student 142 departed at 05:09 PM

Counters were idle for 5 min, total idle time = 312 min

Student 143 arrived at 05:14 PM and started service at 05:14 PM in counter 1
Student 144 arrived at 05:18 PM and started service at 05:18 PM in counter 2
Student 143 departed at 05:19 PM
Student 144 departed at 05:19 PM

Counters were idle for 3 min, total idle time = 315 min

Student 145 arrived at 05:22 PM and started service at 05:22 PM in counter 1
Student 145 departed at 05:27 PM

Counters were idle for 4 min, total idle time = 319 min

Student 146 arrived at 05:31 PM and started service at 05:31 PM in counter 1
Student 146 departed at 05:34 PM

Counters were idle for 11 min, total idle time = 330 min

Student 147 arrived at 05:45 PM and started service at 05:45 PM in counter 1
Student 147 departed at 05:49 PM

Counters were idle for 9 min, total idle time = 339 min

Student 148 arrived at 05:58 PM and started service at 05:58 PM in counter 1
Student 148 departed at 06:00 PM

Counters were idle for 4 min, total idle time = 343 min

Student 149 arrived at 06:04 PM and started service at 06:04 PM in counter 1
Student 149 departed at 06:09 PM

Counters were idle for 7 min, total idle time = 350 min

Student 150 arrived at 06:16 PM and started service at 06:16 PM in counter 1
Student 150 departed at 06:17 PM

Counters were idle for 1 min, total idle time = 351 min

Student 151 arrived at 06:18 PM and started service at 06:18 PM in counter 1
Student 151 departed at 06:20 PM

Counters were idle for 9 min, total idle time = 360 min

Student 152 arrived at 06:29 PM and started service at 06:29 PM in counter 1
Student 153 arrived at 06:30 PM and started service at 06:30 PM in counter 2
Student 152 departed at 06:30 PM
Student 153 departed at 06:35 PM

Counters were idle for 15 min, total idle time = 375 min

Student 154 arrived at 06:50 PM and started service at 06:50 PM in counter 1
Student 154 departed at 06:54 PM

Counters were idle for 19 min, total idle time = 394 min

Student 155 arrived at 07:13 PM and started service at 07:13 PM in counter 1
Student 156 arrived at 07:14 PM and started service at 07:14 PM in counter 2
Student 156 departed at 07:15 PM
Student 155 departed at 07:18 PM

Counters were idle for 4 min, total idle time = 398 min

Student 157 arrived at 07:22 PM and started service at 07:22 PM in counter 1
Student 157 departed at 07:27 PM

Counters were idle for 5 min, total idle time = 403 min

Student 158 arrived at 07:32 PM and started service at 07:32 PM in counter 1
Student 158 departed at 07:34 PM

Counters were idle for 2 min, total idle time = 405 min

Student 159 arrived at 07:36 PM and started service at 07:36 PM in counter 1
Student 159 departed at 07:40 PM

Counters were idle for 7 min, total idle time = 412 min

Student 160 arrived at 07:47 PM and started service at 07:47 PM in counter 1
Student 160 departed at 07:50 PM

Counters were idle for 20 min, total idle time = 432 min

Student 161 arrived at 08:10 PM and started service at 08:10 PM in counter 1
Student 161 departed at 08:11 PM

Counters were idle for 5 min, total idle time = 437 min

Student 162 arrived at 08:16 PM and started service at 08:16 PM in counter 1
Student 162 departed at 08:17 PM

Counters were idle for 8 min, total idle time = 445 min

Student 163 arrived at 08:25 PM and started service at 08:25 PM in counter 1
Student 164 arrived at 08:26 PM and started service at 08:26 PM in counter 2
Student 163 departed at 08:26 PM

Counters were idle for 2 min, total idle time = 447 min

Student 165 arrived at 08:28 PM and started service at 08:28 PM in counter 2
Student 165 departed at 08:29 PM

Counters were idle for 1 min, total idle time = 448 min

Student 164 departed at 08:30 PM
Student 166 arrived at 08:30 PM and started service at 08:30 PM in counter 1
Student 166 departed at 08:31 PM

Counters were idle for 6 min, total idle time = 454 min

Student 167 arrived at 08:37 PM and started service at 08:37 PM in counter 1
Student 167 departed at 08:40 PM

Counters were idle for 24 min, total idle time = 478 min

Student 168 arrived at 09:04 PM and started service at 09:04 PM in counter 1
Student 169 arrived at 09:06 PM and started service at 09:06 PM in counter 2
Student 168 departed at 09:09 PM
Student 169 departed at 09:09 PM

Counters were idle for 34 min, total idle time = 512 min

Student 170 arrived at 09:43 PM and started service at 09:43 PM in counter 1
Student 170 departed at 09:48 PM
