Student 1 arrived at 08:00 AM and started service at 08:00 AM in counter 1
Student 1 departed at 08:02 AM

Counters were idle for 19 min, total idle time = 19 min

Student 2 arrived at 08:21 AM and started service at 08:21 AM in counter 1
Student 3 arrived at 08:25 AM and started service at 08:25 AM in counter 2
Student 2 departed at 08:25 AM
Student 3 departed at 08:29 AM

Counters were idle for 6 min, total idle time = 25 min

Student 4 arrived at 08:35 AM and started service at 08:35 AM in counter 1
Student 4 departed at 08:39 AM

Counters were idle for 3 min, total idle time = 28 min

Student 5 arrived at 08:42 AM and started service at 08:42 AM in counter 1
Student 6 arrived at 08:43 AM and started service at 08:43 AM in counter 2
Student 5 departed at 08:45 AM
Student 6 departed at 08:48 AM

Counters were idle for 11 min, total idle time = 39 min

Student 7 arrived at 08:59 AM and started service at 08:59 AM in counter 1
Student 7 departed at 09:02 AM

Counters were idle for 8 min, total idle time = 47 min

Student 8 arrived at 09:10 AM and started service at 09:10 AM in counter 1
Student 9 arrived at 09:11 AM and started service at 09:11 AM in counter 2
Student 8 departed at 09:11 AM

Counters were idle for 2 min, total idle time = 49 min

Student 10 arrived at 09:13 AM and started service at 09:13 AM in counter 2
Student 9 departed at 09:13 AM
Student 10 departed at 09:18 AM

Counters were idle for 5 min, total idle time = 54 min

Student 11 arrived at 09:23 AM and started service at 09:23 AM in counter 1
Student 11 departed at 09:26 AM

Counters were idle for 1 min, total idle time = 55 min

Student 12 arrived at 09:27 AM and started service at 09:27 AM in counter 1
Student 12 departed at 09:29 AM

Counters were idle for 7 min, total idle time = 62 min

Student 13 arrived at 09:36 AM and started service at 09:36 AM in counter 1
Student 14 arrived at 09:37 AM and started service at 09:37 AM in counter 2
Student 13 departed at 09:37 AM

Counters were idle for 2 min, total idle time = 64 min

Student 15 arrived at 09:39 AM and started service at 09:39 AM in counter 2
Student 14 departed at 09:41 AM
Student 16 arrived at 09:40 AM and started service at 09:41 AM in counter 2
Student 15 departed at 09:42 AM
Student 16 departed at 09:44 AM

Counters were idle for 4 min, total idle time = 68 min

Student 17 arrived at 09:48 AM and started service at 09:48 AM in counter 1
Student 17 departed at 09:53 AM

Counters were idle for 10 min, total idle time = 78 min

Student 18 arrived at 10:03 AM and started service at 10:03 AM in counter 1
Student 18 departed at 10:04 AM

Counters were idle for 16 min, total idle time = 94 min

Student 19 arrived at 10:20 AM and started service at 10:20 AM in counter 1
Student 20 arrived at 10:21 AM and started service at 10:21 AM in counter 2
Student 19 departed at 10:23 AM
Student 20 departed at 10:23 AM
Student 21 arrived at 10:22 AM and started service at 10:23 AM in counter 1

Counters were idle for 3 min, total idle time = 97 min

Student 22 arrived at 10:26 AM and started service at 10:26 AM in counter 2
Student 22 departed at 10:27 AM
Student 23 arrived at 10:27 AM and started service at 10:27 AM in counter 2
Student 21 departed at 10:28 AM
Student 23 departed at 10:30 AM

Counters were idle for 3 min, total idle time = 100 min

Student 24 arrived at 10:33 AM and started service at 10:33 AM in counter 1
Student 24 departed at 10:35 AM

Counters were idle for 3 min, total idle time = 103 min

Student 25 arrived at 10:38 AM and started service at 10:38 AM in counter 1
Student 26 arrived at 10:39 AM and started service at 10:39 AM in counter 2
Student 25 departed at 10:39 AM
Student 26 departed at 10:41 AM

Counters were idle for 3 min, total idle time = 106 min

Student 27 arrived at 10:44 AM and started service at 10:44 AM in counter 1
Student 27 departed at 10:45 AM

Counters were idle for 5 min, total idle time = 111 min

Student 28 arrived at 10:50 AM and started service at 10:50 AM in counter 1
Student 28 departed at 10:55 AM

Counters were idle for 3 min, total idle time = 114 min

Student 29 arrived at 10:58 AM and started service at 10:58 AM in counter 1
Student 29 departed at 10:59 AM

Counters were idle for 3 min, total idle time = 117 min

Student 30 arrived at 11:02 AM and started service at 11:02 AM in counter 1
Student 31 arrived at 11:03 AM and started service at 11:03 AM in counter 2
Student 30 departed at 11:07 AM
Student 31 departed at 11:08 AM

Counters were idle for 1 min, total idle time = 118 min

Student 32 arrived at 11:09 AM and started service at 11:09 AM in counter 1
Student 32 departed at 11:12 AM

Counters were idle for 1 min, total idle time = 119 min

Student 33 arrived at 11:13 AM and started service at 11:13 AM in counter 1
Student 34 arrived at 11:16 AM and started service at 11:16 AM in counter 2
Student 33 departed at 11:18 AM

Counters were idle for 1 min, total idle time = 120 min

Student 35 arrived at 11:19 AM and started service at 11:19 AM in counter 2
Student 34 departed at 11:20 AM
Student 35 departed at 11:20 AM

Counters were idle for 4 min, total idle time = 124 min

Student 36 arrived at 11:24 AM and started service at 11:24 AM in counter 1
Student 36 departed at 11:26 AM

Counters were idle for 2 min, total idle time = 126 min

Student 37 arrived at 11:28 AM and started service at 11:28 AM in counter 1
Student 37 departed at 11:31 AM

Counters were idle for 1 min, total idle time = 127 min

Student 38 arrived at 11:32 AM and started service at 11:32 AM in counter 1
Student 38 departed at 11:35 AM

Counters were idle for 5 min, total idle time = 132 min

Student 39 arrived at 11:40 AM and started service at 11:40 AM in counter 1
Student 39 departed at 11:42 AM

Counters were idle for 2 min, total idle time = 134 min

Student 40 arrived at 11:44 AM and started service at 11:44 AM in counter 1
Student 40 departed at 11:48 AM

Counters were idle for 1 min, total idle time = 135 min

Student 41 arrived at 11:49 AM and started service at 11:49 AM in counter 1
Student 42 arrived at 11:52 AM and started service at 11:52 AM in counter 2
Student 41 departed at 11:52 AM

Counters were idle for 3 min, total idle time = 138 min

Student 43 arrived at 11:55 AM and started service at 11:55 AM in counter 2
Student 42 departed at 11:56 AM

Counters were idle for 2 min, total idle time = 140 min

Student 44 arrived at 11:58 AM and started service at 11:58 AM in counter 2
Student 43 departed at 11:59 AM
Student 44 departed at 12:01 PM

Counters were idle for 3 min, total idle time = 143 min

Student 45 arrived at 12:04 PM and started service at 12:04 PM in counter 1
Student 46 arrived at 12:05 PM and started service at 12:05 PM in counter 2
Student 46 departed at 12:07 PM
Student 47 arrived at 12:07 PM and started service at 12:07 PM in counter 2

Counters were idle for 1 min, total idle time = 144 min

Student 45 departed at 12:09 PM
Student 48 arrived at 12:08 PM and started service at 12:09 PM in counter 2
Student 47 departed at 12:12 PM
Student 49 arrived at 12:09 PM and started service at 12:12 PM in counter 2
Student 49 departed at 12:13 PM
Student 48 departed at 12:14 PM

Counters were idle for 2 min, total idle time = 146 min

Student 50 arrived at 12:16 PM and started service at 12:16 PM in counter 1
Student 51 arrived at 12:17 PM and started service at 12:17 PM in counter 2
Student 50 departed at 12:19 PM
Student 51 departed at 12:19 PM
Student 52 arrived at 12:18 PM and started service at 12:19 PM in counter 1

Counters were idle for 1 min, total idle time = 147 min

Student 53 arrived at 12:20 PM and started service at 12:20 PM in counter 2
Student 53 departed at 12:21 PM
Student 52 departed at 12:22 PM

Counters were idle for 4 min, total idle time = 151 min

Student 54 arrived at 12:26 PM and started service at 12:26 PM in counter 1
Student 55 arrived at 12:27 PM and started service at 12:27 PM in counter 2
Student 54 departed at 12:28 PM
Student 56 arrived at 12:28 PM and started service at 12:28 PM in counter 2

Counters were idle for 3 min, total idle time = 154 min

Student 55 departed at 12:31 PM
Student 56 departed at 12:31 PM
Student 57 arrived at 12:31 PM and started service at 12:31 PM in counter 1

Counters were idle for 1 min, total idle time = 155 min

Student 58 arrived at 12:32 PM and started service at 12:32 PM in counter 2
Student 57 departed at 12:34 PM
Student 58 departed at 12:34 PM

Counters were idle for 1 min, total idle time = 156 min

Student 59 arrived at 12:35 PM and started service at 12:35 PM in counter 1
Student 60 arrived at 12:37 PM and started service at 12:37 PM in counter 2
Student 59 departed at 12:38 PM

Counters were idle for 1 min, total idle time = 157 min

Student 61 arrived at 12:39 PM and started service at 12:39 PM in counter 2
Student 60 departed at 12:42 PM
Student 61 departed at 12:42 PM

Counters were idle for 2 min, total idle time = 159 min

Student 62 arrived at 12:44 PM and started service at 12:44 PM in counter 1
Student 63 arrived at 12:45 PM and started service at 12:45 PM in counter 2
Student 62 departed at 12:48 PM

Counters were idle for 1 min, total idle time = 160 min

Student 64 arrived at 12:49 PM and started service at 12:49 PM in counter 2
Student 63 departed at 12:50 PM
Student 65 arrived at 12:50 PM and started service at 12:50 PM in counter 2

Counters were idle for 1 min, total idle time = 161 min

Student 64 departed at 12:53 PM
Student 65 departed at 12:53 PM
Student 66 arrived at 12:51 PM and started service at 12:53 PM in counter 2
Student 67 arrived at 12:52 PM and started service at 12:53 PM in counter 2
Student 67 departed at 12:55 PM
Student 68 arrived at 12:53 PM and started service at 12:55 PM in counter 2

Counters were idle for 1 min, total idle time = 162 min

Student 66 departed at 12:57 PM
Student 69 arrived at 12:56 PM and started service at 12:57 PM in counter 2

Counters were idle for 2 min, total idle time = 164 min

Student 68 departed at 01:00 PM
Student 70 arrived at 12:59 PM and started service at 01:00 PM in counter 2

Counters were idle for 1 min, total idle time = 165 min

Student 69 departed at 01:02 PM
Student 70 departed at 01:02 PM
Student 71 arrived at 01:01 PM and started service at 01:02 PM in counter 1

Counters were idle for 1 min, total idle time = 166 min

Student 72 arrived at 01:03 PM and started service at 01:03 PM in counter 2
Student 72 departed at 01:04 PM
Student 71 departed at 01:06 PM

Counters were idle for 2 min, total idle time = 168 min

Student 73 arrived at 01:08 PM and started service at 01:08 PM in counter 1
Student 74 arrived at 01:09 PM and started service at 01:09 PM in counter 2
Student 73 departed at 01:09 PM

Counters were idle for 1 min, total idle time = 169 min

Student 75 arrived at 01:10 PM and started service at 01:10 PM in counter 2
Student 74 departed at 01:13 PM
Student 76 arrived at 01:12 PM and started service at 01:13 PM in counter 2

Counters were idle for 1 min, total idle time = 170 min

Student 75 departed at 01:15 PM
Student 77 arrived at 01:14 PM and started service at 01:15 PM in counter 2
Student 76 departed at 01:16 PM

Counters were idle for 2 min, total idle time = 172 min

Student 78 arrived at 01:18 PM and started service at 01:18 PM in counter 2
Student 77 departed at 01:18 PM

Counters were idle for 3 min, total idle time = 175 min

Student 79 arrived at 01:21 PM and started service at 01:21 PM in counter 2
Student 78 departed at 01:23 PM

Counters were idle for 1 min, total idle time = 176 min

Student 80 arrived at 01:24 PM and started service at 01:24 PM in counter 2
Student 79 departed at 01:24 PM
Student 80 departed at 01:28 PM

Counters were idle for 9 min, total idle time = 185 min

Student 81 arrived at 01:37 PM and started service at 01:37 PM in counter 1
Student 81 departed at 01:39 PM

Counters were idle for 4 min, total idle time = 189 min

Student 82 arrived at 01:43 PM and started service at 01:43 PM in counter 1
Student 82 departed at 01:47 PM

Counters were idle for 5 min, total idle time = 194 min

Student 83 arrived at 01:52 PM and started service at 01:52 PM in counter 1
Student 84 arrived at 01:53 PM and started service at 01:53 PM in counter 2
Student 83 departed at 01:54 PM
Student 85 arrived at 01:54 PM and started service at 01:54 PM in counter 2
Student 84 departed at 01:55 PM

Counters were idle for 1 min, total idle time = 195 min

Student 86 arrived at 01:56 PM and started service at 01:56 PM in counter 2
Student 86 departed at 01:57 PM
Student 87 arrived at 01:57 PM and started service at 01:57 PM in counter 2
Student 87 departed at 01:58 PM
Student 85 departed at 01:59 PM

Counters were idle for 6 min, total idle time = 201 min

Student 88 arrived at 02:05 PM and started service at 02:05 PM in counter 1
Student 88 departed at 02:08 PM

Counters were idle for 1 min, total idle time = 202 min

Student 89 arrived at 02:09 PM and started service at 02:09 PM in counter 1
Student 90 arrived at 02:10 PM and started service at 02:10 PM in counter 2
Student 89 departed at 02:14 PM
Student 91 arrived at 02:12 PM and started service at 02:14 PM in counter 2

Counters were idle for 1 min, total idle time = 203 min

Student 90 departed at 02:15 PM
Student 92 arrived at 02:15 PM and started service at 02:15 PM in counter 2
Student 91 departed at 02:16 PM

Counters were idle for 1 min, total idle time = 204 min

Student 93 arrived at 02:17 PM and started service at 02:17 PM in counter 2
Student 92 departed at 02:19 PM

Counters were idle for 2 min, total idle time = 206 min

Student 94 arrived at 02:21 PM and started service at 02:21 PM in counter 2
Student 93 departed at 02:21 PM

Counters were idle for 3 min, total idle time = 209 min

Student 95 arrived at 02:24 PM and started service at 02:24 PM in counter 2
Student 94 departed at 02:24 PM
Student 95 departed at 02:29 PM

Counters were idle for 3 min, total idle time = 212 min

Student 96 arrived at 02:32 PM and started service at 02:32 PM in counter 1
Student 97 arrived at 02:34 PM and started service at 02:34 PM in counter 2
Student 96 departed at 02:34 PM

Counters were idle for 4 min, total idle time = 216 min

Student 98 arrived at 02:38 PM and started service at 02:38 PM in counter 2
Student 97 departed at 02:39 PM
Student 99 arrived at 02:39 PM and started service at 02:39 PM in counter 2

Counters were idle for 2 min, total idle time = 218 min

Student 98 departed at 02:41 PM
Student 100 arrived at 02:41 PM and started service at 02:41 PM in counter 2

Counters were idle for 1 min, total idle time = 219 min

Student 99 departed at 02:44 PM
Student 100 departed at 02:44 PM
Student 101 arrived at 02:42 PM and started service at 02:44 PM in counter 2
Student 102 arrived at 02:44 PM and started service at 02:44 PM in counter 2

Counters were idle for 1 min, total idle time = 220 min

Student 101 departed at 02:48 PM
Student 103 arrived at 02:45 PM and started service at 02:48 PM in counter 2

Counters were idle for 1 min, total idle time = 221 min

Student 102 departed at 02:49 PM
Student 104 arrived at 02:48 PM and started service at 02:49 PM in counter 2

Counters were idle for 1 min, total idle time = 222 min

Student 104 departed at 02:51 PM
Student 105 arrived at 02:49 PM and started service at 02:51 PM in counter 2
Student 103 departed at 02:53 PM
Student 106 arrived at 02:50 PM and started service at 02:53 PM in counter 2

Counters were idle for 1 min, total idle time = 223 min

Student 106 departed at 02:54 PM
Student 107 arrived at 02:54 PM and started service at 02:54 PM in counter 2

Counters were idle for 1 min, total idle time = 224 min

Student 105 departed at 02:56 PM
Student 107 departed at 02:56 PM
Student 108 arrived at 02:55 PM and started service at 02:56 PM in counter 2
Student 109 arrived at 02:56 PM and started service at 02:56 PM in counter 2
Student 109 departed at 02:57 PM
Student 108 departed at 02:58 PM

Counters were idle for 2 min, total idle time = 226 min

Student 110 arrived at 03:00 PM and started service at 03:00 PM in counter 1
Student 111 arrived at 03:01 PM and started service at 03:01 PM in counter 2
Student 110 departed at 03:01 PM

Counters were idle for 1 min, total idle time = 227 min

Student 112 arrived at 03:02 PM and started service at 03:02 PM in counter 2
Student 111 departed at 03:03 PM
Student 112 departed at 03:04 PM

Counters were idle for 1 min, total idle time = 228 min

Student 113 arrived at 03:05 PM and started service at 03:05 PM in counter 1
Student 113 departed at 03:06 PM

Counters were idle for 3 min, total idle time = 231 min

Student 114 arrived at 03:09 PM and started service at 03:09 PM in counter 1
Student 114 departed at 03:11 PM

Counters were idle for 11 min, total idle time = 242 min

Student 115 arrived at 03:22 PM and started service at 03:22 PM in counter 1
Student 115 departed at 03:25 PM

Counters were idle for 3 min, total idle time = 245 min

Student 116 arrived at 03:28 PM and started service at 03:28 PM in counter 1
Student 117 arrived at 03:31 PM and started service at 03:31 PM in counter 2
Student 116 departed at 03:31 PM

Counters were idle for 1 min, total idle time = 246 min

Student 118 arrived at 03:32 PM and started service at 03:32 PM in counter 2
Student 117 departed at 03:33 PM
Student 119 arrived at 03:33 PM and started service at 03:33 PM in counter 2

Counters were idle for 1 min, total idle time = 247 min

Student 118 departed at 03:34 PM
Student 120 arrived at 03:34 PM and started service at 03:34 PM in counter 2
Student 119 departed at 03:35 PM

Counters were idle for 3 min, total idle time = 250 min

Student 121 arrived at 03:38 PM and started service at 03:38 PM in counter 2
Student 120 departed at 03:38 PM
Student 121 departed at 03:39 PM

Counters were idle for 1 min, total idle time = 251 min

Student 122 arrived at 03:40 PM and started service at 03:40 PM in counter 1
Student 122 departed at 03:43 PM

Counters were idle for 1 min, total idle time = 252 min

Student 123 arrived at 03:44 PM and started service at 03:44 PM in counter 1
Student 124 arrived at 03:47 PM and started service at 03:47 PM in counter 2
Student 123 departed at 03:48 PM

Counters were idle for 1 min, total idle time = 253 min

Student 125 arrived at 03:49 PM and started service at 03:49 PM in counter 2
Student 125 departed at 03:50 PM
Student 124 departed at 03:51 PM

Counters were idle for 2 min, total idle time = 255 min

Student 126 arrived at 03:53 PM and started service at 03:53 PM in counter 1
Student 127 arrived at 03:55 PM and started service at 03:55 PM in counter 2
Student 127 departed at 03:56 PM
Student 128 arrived at 03:56 PM and started service at 03:56 PM in counter 2
Student 126 departed at 03:58 PM
Student 128 departed at 03:58 PM

Counters were idle for 2 min, total idle time = 257 min

Student 129 arrived at 04:00 PM and started service at 04:00 PM in counter 1
Student 130 arrived at 04:02 PM and started service at 04:02 PM in counter 2
Student 129 departed at 04:03 PM

Counters were idle for 3 min, total idle time = 260 min

Student 131 arrived at 04:06 PM and started service at 04:06 PM in counter 2
Student 130 departed at 04:06 PM
Student 131 departed at 04:08 PM

Counters were idle for 2 min, total idle time = 262 min

Student 132 arrived at 04:10 PM and started service at 04:10 PM in counter 1
Student 133 arrived at 04:11 PM and started service at 04:11 PM in counter 2
Student 132 departed at 04:11 PM
Student 133 departed at 04:14 PM

Counters were idle for 9 min, total idle time = 271 min

Student 134 arrived at 04:23 PM and started service at 04:23 PM in counter 1
Student 135 arrived at 04:24 PM and started service at 04:24 PM in counter 2
Student 134 departed at 04:26 PM
Student 135 departed at 04:27 PM

Counters were idle for 4 min, total idle time = 275 min

Student 136 arrived at 04:31 PM and started service at 04:31 PM in counter 1
Student 136 departed at 04:34 PM

Counters were idle for 1 min, total idle time = 276 min

Student 137 arrived at 04:35 PM and started service at 04:35 PM in counter 1
Student 138 arrived at 04:36 PM and started service at 04:36 PM in counter 2
Student 137 departed at 04:39 PM
Student 138 departed at 04:40 PM

Counters were idle for 4 min, total idle time = 280 min

Student 139 arrived at 04:44 PM and started service at 04:44 PM in counter 1
Student 139 departed at 04:45 PM

Counters were idle for 11 min, total idle time = 291 min

Student 140 arrived at 04:56 PM and started service at 04:56 PM in counter 1
Student 140 departed at 04:59 PM

Counters were idle for 4 min, total idle time = 295 min

Student 141 arrived at 05:03 PM and started service at 05:03 PM in counter 1
Student 141 departed at 05:07 PM

Counters were idle for 16 min, total idle time = 311 min

Student 142 arrived at 05:23 PM and started service at 05:23 PM in counter 1
Student 142 departed at 05:25 PM

Counters were idle for 3 min, total idle time = 314 min

Student 143 arrived at 05:28 PM and started service at 05:28 PM in counter 1
Student 144 arrived at 05:29 PM and started service at 05:29 PM in counter 2
Student 143 departed at 05:30 PM
Student 145 arrived at 05:30 PM and started service at 05:30 PM in counter 2

Counters were idle for 2 min, total idle time = 316 min

Student 144 departed at 05:34 PM
Student 145 departed at 05:34 PM
Student 146 arrived at 05:32 PM and started service at 05:34 PM in counter 1

Counters were idle for 1 min, total idle time = 317 min

Student 147 arrived at 05:35 PM and started service at 05:35 PM in counter 2
Student 146 departed at 05:35 PM

Counters were idle for 2 min, total idle time = 319 min

Student 148 arrived at 05:37 PM and started service at 05:37 PM in counter 2
Student 147 departed at 05:37 PM
Student 148 departed at 05:40 PM

Counters were idle for 5 min, total idle time = 324 min

Student 149 arrived at 05:45 PM and started service at 05:45 PM in counter 1
Student 150 arrived at 05:46 PM and started service at 05:46 PM in counter 2
Student 149 departed at 05:48 PM
Student 150 departed at 05:50 PM

Counters were idle for 1 min, total idle time = 325 min

Student 151 arrived at 05:51 PM and started service at 05:51 PM in counter 1
Student 152 arrived at 05:54 PM and started service at 05:54 PM in counter 2
Student 151 departed at 05:54 PM

Counters were idle for 4 min, total idle time = 329 min

Student 153 arrived at 05:58 PM and started service at 05:58 PM in counter 2
Student 152 departed at 05:59 PM

Counters were idle for 2 min, total idle time = 331 min

Student 154 arrived at 06:01 PM and started service at 06:01 PM in counter 2
Student 153 departed at 06:03 PM
Student 155 arrived at 06:02 PM and started service at 06:03 PM in counter 2
Student 154 departed at 06:05 PM
Student 155 departed at 06:05 PM
Student 156 arrived at 06:03 PM and started service at 06:05 PM in counter 1

Counters were idle for 1 min, total idle time = 332 min

Student 157 arrived at 06:06 PM and started service at 06:06 PM in counter 2
Student 157 departed at 06:07 PM
Student 156 departed at 06:10 PM

Counters were idle for 8 min, total idle time = 340 min

Student 158 arrived at 06:18 PM and started service at 06:18 PM in counter 1
Student 158 departed at 06:20 PM

Counters were idle for 6 min, total idle time = 346 min

Student 159 arrived at 06:26 PM and started service at 06:26 PM in counter 1
Student 159 departed at 06:29 PM

Counters were idle for 1 min, total idle time = 347 min

Student 160 arrived at 06:30 PM and started service at 06:30 PM in counter 1
Student 160 departed at 06:32 PM

Counters were idle for 2 min, total idle time = 349 min

Student 161 arrived at 06:34 PM and started service at 06:34 PM in counter 1
Student 162 arrived at 06:35 PM and started service at 06:35 PM in counter 2
Student 161 departed at 06:39 PM
Student 162 departed at 06:40 PM

Counters were idle for 2 min, total idle time = 351 min

Student 163 arrived at 06:42 PM and started service at 06:42 PM in counter 1
Student 164 arrived at 06:44 PM and started service at 06:44 PM in counter 2
Student 163 departed at 06:47 PM
Student 164 departed at 06:48 PM

Counters were idle for 1 min, total idle time = 352 min

Student 165 arrived at 06:49 PM and started service at 06:49 PM in counter 1
Student 165 departed at 06:50 PM

Counters were idle for 13 min, total idle time = 365 min

Student 166 arrived at 07:03 PM and started service at 07:03 PM in counter 1
Student 167 arrived at 07:05 PM and started service at 07:05 PM in counter 2
Student 167 departed at 07:07 PM

Counters were idle for 1 min, total idle time = 366 min

Student 166 departed at 07:08 PM
Student 168 arrived at 07:08 PM and started service at 07:08 PM in counter 1
Student 168 departed at 07:10 PM

Counters were idle for 1 min, total idle time = 367 min

Student 169 arrived at 07:11 PM and started service at 07:11 PM in counter 1
Student 169 departed at 07:14 PM

Counters were idle for 2 min, total idle time = 369 min

Student 170 arrived at 07:16 PM and started service at 07:16 PM in counter 1
Student 170 departed at 07:18 PM

Counters were idle for 7 min, total idle time = 376 min

Student 171 arrived at 07:25 PM and started service at 07:25 PM in counter 1
Student 172 arrived at 07:26 PM and started service at 07:26 PM in counter 2
Student 171 departed at 07:27 PM
Student 172 departed at 07:27 PM

Counters were idle for 3 min, total idle time = 379 min

Student 173 arrived at 07:30 PM and started service at 07:30 PM in counter 1
Student 173 departed at 07:32 PM

Counters were idle for 4 min, total idle time = 383 min

Student 174 arrived at 07:36 PM and started service at 07:36 PM in counter 1
Student 175 arrived at 07:39 PM and started service at 07:39 PM in counter 2
Student 174 departed at 07:40 PM
Student 175 departed at 07:40 PM

Counters were idle for 6 min, total idle time = 389 min

Student 176 arrived at 07:46 PM and started service at 07:46 PM in counter 1
Student 176 departed at 07:47 PM

Counters were idle for 15 min, total idle time = 404 min

Student 177 arrived at 08:02 PM and started service at 08:02 PM in counter 1
Student 177 departed at 08:06 PM

Counters were idle for 5 min, total idle time = 409 min

Student 178 arrived at 08:11 PM and started service at 08:11 PM in counter 1
Student 178 departed at 08:16 PM

Counters were idle for 11 min, total idle time = 420 min

Student 179 arrived at 08:27 PM and started service at 08:27 PM in counter 1
Student 180 arrived at 08:29 PM and started service at 08:29 PM in counter 2
Student 179 departed at 08:30 PM
Student 180 departed at 08:31 PM

Counters were idle for 1 min, total idle time = 421 min

Student 181 arrived at 08:32 PM and started service at 08:32 PM in counter 1
Student 181 departed at 08:36 PM

Counters were idle for 9 min, total idle time = 430 min

Student 182 arrived at 08:45 PM and started service at 08:45 PM in counter 1
Student 183 arrived at 08:47 PM and started service at 08:47 PM in counter 2
Student 182 departed at 08:47 PM
Student 183 departed at 08:48 PM

Counters were idle for 11 min, total idle time = 441 min

Student 184 arrived at 08:59 PM and started service at 08:59 PM in counter 1
Student 184 departed at 09:00 PM

Counters were idle for 8 min, total idle time = 449 min

Student 185 arrived at 09:08 PM and started service at 09:08 PM in counter 1
Student 185 departed at 09:10 PM

Counters were idle for 11 min, total idle time = 460 min

Student 186 arrived at 09:21 PM and started service at 09:21 PM in counter 1
Student 187 arrived at 09:25 PM and started service at 09:25 PM in counter 2
Student 186 departed at 09:26 PM
Student 187 departed at 09:29 PM

Counters were idle for 3 min, total idle time = 463 min

Student 188 arrived at 09:32 PM and started service at 09:32 PM in counter 1
Student 188 departed at 09:34 PM

Counters were idle for 4 min, total idle time = 467 min

Student 189 arrived at 09:38 PM and started service at 09:38 PM in counter 1
Student 190 arrived at 09:41 PM and started service at 09:41 PM in counter 2
Student 189 departed at 09:42 PM
Student 191 arrived at 09:42 PM and started service at 09:42 PM in counter 2
Student 190 departed at 09:44 PM

Counters were idle for 2 min, total idle time = 469 min

Student 192 arrived at 09:46 PM and started service at 09:46 PM in counter 2
Student 191 departed at 09:46 PM
Student 192 departed at 09:47 PM

Counters were idle for 4 min, total idle time = 473 min

Student 193 arrived at 09:51 PM and started service at 09:51 PM in counter 1
Student 193 departed at 09:56 PM
