Student 1 arrived at 08:00 AM and started service at 08:00 AM in counter 1

Counters were idle for 2 min, total idle time = 2 min

Student 2 arrived at 08:02 AM and started service at 08:02 AM in counter 2
Student 1 departed at 08:05 AM
Student 3 arrived at 08:05 AM and started service at 08:05 AM in counter 2
Student 2 departed at 08:06 AM
Student 3 departed at 08:06 AM

Counters were idle for 24 min, total idle time = 26 min

Student 4 arrived at 08:30 AM and started service at 08:30 AM in counter 1
Student 5 arrived at 08:33 AM and started service at 08:33 AM in counter 2
Student 4 departed at 08:33 AM

Counters were idle for 2 min, total idle time = 28 min

Student 6 arrived at 08:35 AM and started service at 08:35 AM in counter 2
Student 5 departed at 08:37 AM

Counters were idle for 2 min, total idle time = 30 min

Student 7 arrived at 08:39 AM and started service at 08:39 AM in counter 2
Student 6 departed at 08:39 AM

Counters were idle for 1 min, total idle time = 31 min

Student 8 arrived at 08:40 AM and started service at 08:40 AM in counter 2
Student 7 departed at 08:42 AM
Student 9 arrived at 08:41 AM and started service at 08:42 AM in counter 2
Student 9 departed at 08:43 AM
Student 8 departed at 08:44 AM

Counters were idle for 1 min, total idle time = 32 min

Student 10 arrived at 08:45 AM and started service at 08:45 AM in counter 1
Student 10 departed at 08:48 AM

Counters were idle for 12 min, total idle time = 44 min

Student 11 arrived at 09:00 AM and started service at 09:00 AM in counter 1
Student 11 departed at 09:04 AM

Counters were idle for 4 min, total idle time = 48 min

Student 12 arrived at 09:08 AM and started service at 09:08 AM in counter 1
Student 12 departed at 09:09 AM

Counters were idle for 3 min, total idle time = 51 min

Student 13 arrived at 09:12 AM and started service at 09:12 AM in counter 1
Student 13 departed at 09:17 AM

Counters were idle for 9 min, total idle time = 60 min

Student 14 arrived at 09:26 AM and started service at 09:26 AM in counter 1
Student 15 arrived at 09:28 AM and started service at 09:28 AM in counter 2
Student 14 departed at 09:28 AM
Student 15 departed at 09:29 AM

Counters were idle for 5 min, total idle time = 65 min

Student 16 arrived at 09:34 AM and started service at 09:34 AM in counter 1
Student 16 departed at 09:35 AM

Counters were idle for 11 min, total idle time = 76 min

Student 17 arrived at 09:46 AM and started service at 09:46 AM in counter 1
Student 18 arrived at 09:47 AM and started service at 09:47 AM in counter 2
Student 17 departed at 09:49 AM
Student 18 departed at 09:49 AM
Student 19 arrived at 09:49 AM and started service at 09:49 AM in counter 1
Student 19 departed at 09:51 AM

Counters were idle for 1 min, total idle time = 77 min

Student 20 arrived at 09:52 AM and started service at 09:52 AM in counter 1
Student 21 arrived at 09:56 AM and started service at 09:56 AM in counter 2
Student 20 departed at 09:57 AM
Student 21 departed at 09:58 AM

Counters were idle for 5 min, total idle time = 82 min

Student 22 arrived at 10:03 AM and started service at 10:03 AM in counter 1
Student 23 arrived at 10:06 AM and started service at 10:06 AM in counter 2
Student 22 departed at 10:06 AM
Student 23 departed at 10:07 AM

Counters were idle for 2 min, total idle time = 84 min

Student 24 arrived at 10:09 AM and started service at 10:09 AM in counter 1
Student 25 arrived at 10:11 AM and started service at 10:11 AM in counter 2
Student 24 departed at 10:14 AM
Student 26 arrived at 10:14 AM and started service at 10:14 AM in counter 2
Student 25 departed at 10:15 AM
Student 26 departed at 10:16 AM

Counters were idle for 2 min, total idle time = 86 min

Student 27 arrived at 10:18 AM and started service at 10:18 AM in counter 1
Student 28 arrived at 10:21 AM and started service at 10:21 AM in counter 2
Student 27 departed at 10:23 AM
Student 28 departed at 10:23 AM

Counters were idle for 4 min, total idle time = 90 min

Student 29 arrived at 10:27 AM and started service at 10:27 AM in counter 1
Student 29 departed at 10:32 AM

Counters were idle for 2 min, total idle time = 92 min

Student 30 arrived at 10:34 AM and started service at 10:34 AM in counter 1
Student 31 arrived at 10:36 AM and started service at 10:36 AM in counter 2
Student 30 departed at 10:37 AM
Student 32 arrived at 10:37 AM and started service at 10:37 AM in counter 2
Student 31 departed at 10:40 AM
Student 32 departed at 10:40 AM

Counters were idle for 1 min, total idle time = 93 min

Student 33 arrived at 10:41 AM and started service at 10:41 AM in counter 1
Student 33 departed at 10:42 AM

Counters were idle for 1 min, total idle time = 94 min

Student 34 arrived at 10:43 AM and started service at 10:43 AM in counter 1
Student 35 arrived at 10:45 AM and started service at 10:45 AM in counter 2
Student 34 departed at 10:47 AM
Student 36 arrived at 10:46 AM and started service at 10:47 AM in counter 2

Counters were idle for 3 min, total idle time = 97 min

Student 35 departed at 10:50 AM
Student 37 arrived at 10:50 AM and started service at 10:50 AM in counter 2

Counters were idle for 1 min, total idle time = 98 min

Student 37 departed at 10:51 AM
Student 38 arrived at 10:51 AM and started service at 10:51 AM in counter 2
Student 36 departed at 10:52 AM

Counters were idle for 2 min, total idle time = 100 min

Student 39 arrived at 10:54 AM and started service at 10:54 AM in counter 2
Student 39 departed at 10:55 AM
Student 38 departed at 10:56 AM

Counters were idle for 3 min, total idle time = 103 min

Student 40 arrived at 10:59 AM and started service at 10:59 AM in counter 1
Student 40 departed at 11:01 AM

Counters were idle for 6 min, total idle time = 109 min

Student 41 arrived at 11:07 AM and started service at 11:07 AM in counter 1
Student 41 departed at 11:10 AM

Counters were idle for 2 min, total idle time = 111 min

Student 42 arrived at 11:12 AM and started service at 11:12 AM in counter 1
Student 42 departed at 11:17 AM

Counters were idle for 5 min, total idle time = 116 min

Student 43 arrived at 11:22 AM and started service at 11:22 AM in counter 1
Student 44 arrived at 11:25 AM and started service at 11:25 AM in counter 2
Student 43 departed at 11:26 AM

Counters were idle for 1 min, total idle time = 117 min

Student 45 arrived at 11:27 AM and started service at 11:27 AM in counter 2
Student 44 departed at 11:27 AM
Student 45 departed at 11:29 AM

Counters were idle for 2 min, total idle time = 119 min

Student 46 arrived at 11:31 AM and started service at 11:31 AM in counter 1
Student 46 departed at 11:35 AM

Counters were idle for 1 min, total idle time = 120 min

Student 47 arrived at 11:36 AM and started service at 11:36 AM in counter 1
Student 48 arrived at 11:37 AM and started service at 11:37 AM in counter 2
Student 47 departed at 11:39 AM
Student 48 departed at 11:41 AM

Counters were idle for 10 min, total idle time = 130 min

Student 49 arrived at 11:51 AM and started service at 11:51 AM in counter 1
Student 50 arrived at 11:53 AM and started service at 11:53 AM in counter 2
Student 49 departed at 11:53 AM
Student 50 departed at 11:55 AM

Counters were idle for 11 min, total idle time = 141 min

Student 51 arrived at 12:06 PM and started service at 12:06 PM in counter 1
Student 51 departed at 12:09 PM

Counters were idle for 4 min, total idle time = 145 min

Student 52 arrived at 12:13 PM and started service at 12:13 PM in counter 1
Student 52 departed at 12:16 PM

Counters were idle for 1 min, total idle time = 146 min

Student 53 arrived at 12:17 PM and started service at 12:17 PM in counter 1
Student 54 arrived at 12:19 PM and started service at 12:19 PM in counter 2
Student 53 departed at 12:20 PM

Counters were idle for 1 min, total idle time = 147 min

Student 55 arrived at 12:21 PM and started service at 12:21 PM in counter 2
Student 54 departed at 12:22 PM

Counters were idle for 1 min, total idle time = 148 min

Student 56 arrived at 12:23 PM and started service at 12:23 PM in counter 2
Student 56 departed at 12:24 PM

Counters were idle for 1 min, total idle time = 149 min

Student 55 departed at 12:25 PM
Student 57 arrived at 12:25 PM and started service at 12:25 PM in counter 1

Counters were idle for 3 min, total idle time = 152 min

Student 58 arrived at 12:28 PM and started service at 12:28 PM in counter 2
Student 57 departed at 12:29 PM
Student 59 arrived at 12:29 PM and started service at 12:29 PM in counter 2
Student 59 departed at 12:30 PM

Counters were idle for 1 min, total idle time = 153 min

Student 58 departed at 12:31 PM
Student 60 arrived at 12:31 PM and started service at 12:31 PM in counter 1

Counters were idle for 1 min, total idle time = 154 min

Student 61 arrived at 12:32 PM and started service at 12:32 PM in counter 2
Student 60 departed at 12:32 PM
Student 61 departed at 12:33 PM

Counters were idle for 1 min, total idle time = 155 min

Student 62 arrived at 12:34 PM and started service at 12:34 PM in counter 1
Student 63 arrived at 12:35 PM and started service at 12:35 PM in counter 2
Student 62 departed at 12:37 PM
Student 63 departed at 12:38 PM

Counters were idle for 1 min, total idle time = 156 min

Student 64 arrived at 12:39 PM and started service at 12:39 PM in counter 1
Student 65 arrived at 12:40 PM and started service at 12:40 PM in counter 2
Student 64 departed at 12:41 PM

Counters were idle for 1 min, total idle time = 157 min

Student 66 arrived at 12:42 PM and started service at 12:42 PM in counter 2
Student 65 departed at 12:42 PM

Counters were idle for 1 min, total idle time = 158 min

Student 67 arrived at 12:43 PM and started service at 12:43 PM in counter 2
Student 66 departed at 12:45 PM
Student 68 arrived at 12:44 PM and started service at 12:45 PM in counter 2

Counters were idle for 1 min, total idle time = 159 min

Student 67 departed at 12:46 PM
Student 69 arrived at 12:45 PM and started service at 12:46 PM in counter 2

Counters were idle for 2 min, total idle time = 161 min

Student 68 departed at 12:50 PM
Student 69 departed at 12:50 PM
Student 70 arrived at 12:46 PM and started service at 12:50 PM in counter 2
Student 71 arrived at 12:48 PM and started service at 12:50 PM in counter 2

Counters were idle for 1 min, total idle time = 162 min

Student 71 departed at 12:53 PM
Student 72 arrived at 12:51 PM and started service at 12:53 PM in counter 2

Counters were idle for 1 min, total idle time = 163 min

Student 70 departed at 12:55 PM
Student 72 departed at 12:55 PM
Student 73 arrived at 12:52 PM and started service at 12:55 PM in counter 2
Student 74 arrived at 12:53 PM and started service at 12:55 PM in counter 2

Counters were idle for 2 min, total idle time = 165 min

Student 74 departed at 12:57 PM
Student 75 arrived at 12:54 PM and started service at 12:57 PM in counter 2

Counters were idle for 1 min, total idle time = 166 min

Student 73 departed at 12:58 PM
Student 76 arrived at 12:57 PM and started service at 12:58 PM in counter 2

Counters were idle for 1 min, total idle time = 167 min

Student 75 departed at 01:01 PM
Student 77 arrived at 12:58 PM and started service at 01:01 PM in counter 2
Student 76 departed at 01:02 PM
Student 78 arrived at 12:59 PM and started service at 01:02 PM in counter 2
Student 77 departed at 01:03 PM
Student 79 arrived at 01:00 PM and started service at 01:03 PM in counter 2
Student 78 departed at 01:04 PM
Student 79 departed at 01:05 PM

Counters were idle for 6 min, total idle time = 173 min

Student 80 arrived at 01:11 PM and started service at 01:11 PM in counter 1
Student 80 departed at 01:15 PM

Counters were idle for 2 min, total idle time = 175 min

Student 81 arrived at 01:17 PM and started service at 01:17 PM in counter 1
Student 82 arrived at 01:18 PM and started service at 01:18 PM in counter 2
Student 81 departed at 01:22 PM
Student 82 departed at 01:22 PM
Student 83 arrived at 01:20 PM and started service at 01:22 PM in counter 2
Student 84 arrived at 01:21 PM and started service at 01:22 PM in counter 2
Student 83 departed at 01:25 PM
Student 84 departed at 01:27 PM

Counters were idle for 1 min, total idle time = 176 min

Student 85 arrived at 01:28 PM and started service at 01:28 PM in counter 1
Student 86 arrived at 01:29 PM and started service at 01:29 PM in counter 2
Student 85 departed at 01:30 PM

Counters were idle for 2 min, total idle time = 178 min

Student 87 arrived at 01:32 PM and started service at 01:32 PM in counter 2
Student 87 departed at 01:33 PM
Student 88 arrived at 01:33 PM and started service at 01:33 PM in counter 2
Student 86 departed at 01:34 PM

Counters were idle for 1 min, total idle time = 179 min

Student 89 arrived at 01:35 PM and started service at 01:35 PM in counter 2
Student 88 departed at 01:36 PM
Student 90 arrived at 01:36 PM and started service at 01:36 PM in counter 2

Counters were idle for 1 min, total idle time = 180 min

Student 89 departed at 01:40 PM
Student 90 departed at 01:40 PM
Student 91 arrived at 01:37 PM and started service at 01:40 PM in counter 2
Student 92 arrived at 01:40 PM and started service at 01:40 PM in counter 2

Counters were idle for 2 min, total idle time = 182 min

Student 91 departed at 01:44 PM
Student 93 arrived at 01:42 PM and started service at 01:44 PM in counter 2
Student 92 departed at 01:45 PM
Student 94 arrived at 01:43 PM and started service at 01:45 PM in counter 2
Student 93 departed at 01:46 PM

Counters were idle for 3 min, total idle time = 185 min

Student 95 arrived at 01:49 PM and started service at 01:49 PM in counter 2
Student 94 departed at 01:49 PM

Counters were idle for 1 min, total idle time = 186 min

Student 96 arrived at 01:50 PM and started service at 01:50 PM in counter 2
Student 96 departed at 01:52 PM
Student 95 departed at 01:53 PM

Counters were idle for 2 min, total idle time = 188 min

Student 97 arrived at 01:55 PM and started service at 01:55 PM in counter 1
Student 98 arrived at 01:57 PM and started service at 01:57 PM in counter 2
Student 97 departed at 01:57 PM
Student 98 departed at 02:00 PM

Counters were idle for 5 min, total idle time = 193 min

Student 99 arrived at 02:05 PM and started service at 02:05 PM in counter 1
Student 100 arrived at 02:08 PM and started service at 02:08 PM in counter 2
Student 99 departed at 02:08 PM
Student 100 departed at 02:09 PM

Counters were idle for 1 min, total idle time = 194 min

Student 101 arrived at 02:10 PM and started service at 02:10 PM in counter 1
Student 102 arrived at 02:11 PM and started service at 02:11 PM in counter 2
Student 101 departed at 02:11 PM
Student 102 departed at 02:14 PM

Counters were idle for 1 min, total idle time = 195 min

Student 103 arrived at 02:15 PM and started service at 02:15 PM in counter 1
Student 104 arrived at 02:17 PM and started service at 02:17 PM in counter 2
Student 103 departed at 02:20 PM
Student 105 arrived at 02:19 PM and started service at 02:20 PM in counter 2

Counters were idle for 1 min, total idle time = 196 min

Student 104 departed at 02:21 PM
Student 106 arrived at 02:21 PM and started service at 02:21 PM in counter 2
Student 105 departed at 02:22 PM

Counters were idle for 2 min, total idle time = 198 min

Student 107 arrived at 02:24 PM and started service at 02:24 PM in counter 2
Student 106 departed at 02:24 PM

Counters were idle for 3 min, total idle time = 201 min

Student 108 arrived at 02:27 PM and started service at 02:27 PM in counter 2
Student 107 departed at 02:29 PM

Counters were idle for 1 min, total idle time = 202 min

Student 109 arrived at 02:30 PM and started service at 02:30 PM in counter 2
Student 108 departed at 02:31 PM
Student 110 arrived at 02:31 PM and started service at 02:31 PM in counter 2

Counters were idle for 1 min, total idle time = 203 min

Student 109 departed at 02:35 PM
Student 111 arrived at 02:32 PM and started service at 02:35 PM in counter 2

Counters were idle for 1 min, total idle time = 204 min

Student 110 departed at 02:36 PM
Student 112 arrived at 02:36 PM and started service at 02:36 PM in counter 2
Student 112 departed at 02:38 PM
Student 111 departed at 02:39 PM

Counters were idle for 2 min, total idle time = 206 min

Student 113 arrived at 02:41 PM and started service at 02:41 PM in counter 1
Student 113 departed at 02:43 PM

Counters were idle for 4 min, total idle time = 210 min

Student 114 arrived at 02:47 PM and started service at 02:47 PM in counter 1
Student 114 departed at 02:51 PM

Counters were idle for 2 min, total idle time = 212 min

Student 115 arrived at 02:53 PM and started service at 02:53 PM in counter 1
Student 116 arrived at 02:54 PM and started service at 02:54 PM in counter 2
Student 116 departed at 02:56 PM
Student 117 arrived at 02:56 PM and started service at 02:56 PM in counter 2
Student 115 departed at 02:57 PM
Student 117 departed at 02:57 PM

Counters were idle for 4 min, total idle time = 216 min

Student 118 arrived at 03:01 PM and started service at 03:01 PM in counter 1
Student 118 departed at 03:06 PM

Counters were idle for 4 min, total idle time = 220 min

Student 119 arrived at 03:10 PM and started service at 03:10 PM in counter 1
Student 120 arrived at 03:11 PM and started service at 03:11 PM in counter 2
Student 119 departed at 03:14 PM

Counters were idle for 1 min, total idle time = 221 min

Student 121 arrived at 03:15 PM and started service at 03:15 PM in counter 2
Student 120 departed at 03:16 PM
Student 121 departed at 03:18 PM

Counters were idle for 5 min, total idle time = 226 min

Student 122 arrived at 03:23 PM and started service at 03:23 PM in counter 1
Student 123 arrived at 03:24 PM and started service at 03:24 PM in counter 2
Student 122 departed at 03:27 PM
Student 123 departed at 03:27 PM

Counters were idle for 2 min, total idle time = 228 min

Student 124 arrived at 03:29 PM and started service at 03:29 PM in counter 1
Student 125 arrived at 03:30 PM and started service at 03:30 PM in counter 2
Student 124 departed at 03:34 PM
Student 126 arrived at 03:32 PM and started service at 03:34 PM in counter 2
Student 125 departed at 03:35 PM
Student 127 arrived at 03:34 PM and started service at 03:35 PM in counter 2
Student 127 departed at 03:36 PM

Counters were idle for 1 min, total idle time = 229 min

Student 128 arrived at 03:37 PM and started service at 03:37 PM in counter 2
Student 126 departed at 03:38 PM

Counters were idle for 1 min, total idle time = 230 min

Student 129 arrived at 03:39 PM and started service at 03:39 PM in counter 2
Student 128 departed at 03:42 PM
Student 129 departed at 03:44 PM

Counters were idle for 1 min, total idle time = 231 min

Student 130 arrived at 03:45 PM and started service at 03:45 PM in counter 1
Student 131 arrived at 03:46 PM and started service at 03:46 PM in counter 2
Student 130 departed at 03:46 PM
Student 131 departed at 03:48 PM

Counters were idle for 1 min, total idle time = 232 min

Student 132 arrived at 03:49 PM and started service at 03:49 PM in counter 1
Student 133 arrived at 03:52 PM and started service at 03:52 PM in counter 2
Student 132 departed at 03:53 PM

Counters were idle for 1 min, total idle time = 233 min

Student 134 arrived at 03:54 PM and started service at 03:54 PM in counter 2
Student 133 departed at 03:54 PM
Student 134 departed at 03:56 PM

Counters were idle for 2 min, total idle time = 235 min

Student 135 arrived at 03:58 PM and started service at 03:58 PM in counter 1
Student 136 arrived at 04:00 PM and started service at 04:00 PM in counter 2
Student 135 departed at 04:00 PM
Student 136 departed at 04:05 PM

Counters were idle for 3 min, total idle time = 238 min

Student 137 arrived at 04:08 PM and started service at 04:08 PM in counter 1
Student 137 departed at 04:09 PM

Counters were idle for 7 min, total idle time = 245 min

Student 138 arrived at 04:16 PM and started service at 04:16 PM in counter 1
Student 139 arrived at 04:19 PM and started service at 04:19 PM in counter 2
Student 138 departed at 04:21 PM
Student 140 arrived at 04:20 PM and started service at 04:21 PM in counter 2
Student 140 departed at 04:22 PM
Student 141 arrived at 04:21 PM and started service at 04:22 PM in counter 2
Student 139 departed at 04:23 PM
Student 141 departed at 04:27 PM

Counters were idle for 2 min, total idle time = 247 min

Student 142 arrived at 04:29 PM and started service at 04:29 PM in counter 1
Student 142 departed at 04:31 PM

Counters were idle for 8 min, total idle time = 255 min

Student 143 arrived at 04:39 PM and started service at 04:39 PM in counter 1
Student 143 departed at 04:42 PM

Counters were idle for 5 min, total idle time = 260 min

Student 144 arrived at 04:47 PM and started service at 04:47 PM in counter 1
Student 144 departed at 04:51 PM

Counters were idle for 6 min, total idle time = 266 min

Student 145 arrived at 04:57 PM and started service at 04:57 PM in counter 1
Student 146 arrived at 05:01 PM and started service at 05:01 PM in counter 2
Student 145 departed at 05:02 PM
Student 146 departed at 05:02 PM

Counters were idle for 4 min, total idle time = 270 min

Student 147 arrived at 05:06 PM and started service at 05:06 PM in counter 1
Student 147 departed at 05:07 PM

Counters were idle for 7 min, total idle time = 277 min

Student 148 arrived at 05:14 PM and started service at 05:14 PM in counter 1
Student 149 arrived at 05:16 PM and started service at 05:16 PM in counter 2
Student 148 departed at 05:16 PM
Student 149 departed at 05:18 PM

Counters were idle for 2 min, total idle time = 279 min

Student 150 arrived at 05:20 PM and started service at 05:20 PM in counter 1
Student 151 arrived at 05:22 PM and started service at 05:22 PM in counter 2
Student 150 departed at 05:24 PM
Student 151 departed at 05:26 PM

Counters were idle for 13 min, total idle time = 292 min

Student 152 arrived at 05:39 PM and started service at 05:39 PM in counter 1
Student 153 arrived at 05:40 PM and started service at 05:40 PM in counter 2
Student 153 departed at 05:41 PM
Student 152 departed at 05:44 PM

Counters were idle for 2 min, total idle time = 294 min

Student 154 arrived at 05:46 PM and started service at 05:46 PM in counter 1
Student 154 departed at 05:51 PM

Counters were idle for 8 min, total idle time = 302 min

Student 155 arrived at 05:59 PM and started service at 05:59 PM in counter 1
Student 156 arrived at 06:00 PM and started service at 06:00 PM in counter 2
Student 155 departed at 06:01 PM
Student 156 departed at 06:01 PM

Counters were idle for 2 min, total idle time = 304 min

Student 157 arrived at 06:03 PM and started service at 06:03 PM in counter 1
Student 157 departed at 06:05 PM

Counters were idle for 3 min, total idle time = 307 min

Student 158 arrived at 06:08 PM and started service at 06:08 PM in counter 1
Student 158 departed at 06:12 PM

Counters were idle for 8 min, total idle time = 315 min

Student 159 arrived at 06:20 PM and started service at 06:20 PM in counter 1
Student 159 departed at 06:21 PM

Counters were idle for 4 min, total idle time = 319 min

Student 160 arrived at 06:25 PM and started service at 06:25 PM in counter 1
Student 160 departed at 06:30 PM

Counters were idle for 6 min, total idle time = 325 min

Student 161 arrived at 06:36 PM and started service at 06:36 PM in counter 1
Student 161 departed at 06:38 PM

Counters were idle for 15 min, total idle time = 340 min

Student 162 arrived at 06:53 PM and started service at 06:53 PM in counter 1
Student 162 departed at 06:58 PM

Counters were idle for 16 min, total idle time = 356 min

Student 163 arrived at 07:14 PM and started service at 07:14 PM in counter 1
Student 164 arrived at 07:19 PM and started service at 07:19 PM in counter 2
Student 163 departed at 07:19 PM
Student 164 departed at 07:21 PM

Counters were idle for 10 min, total idle time = 366 min

Student 165 arrived at 07:31 PM and started service at 07:31 PM in counter 1
Student 165 departed at 07:32 PM

Counters were idle for 4 min, total idle time = 370 min

Student 166 arrived at 07:36 PM and started service at 07:36 PM in counter 1
Student 166 departed at 07:38 PM

Counters were idle for 1 min, total idle time = 371 min

Student 167 arrived at 07:39 PM and started service at 07:39 PM in counter 1
Student 168 arrived at 07:40 PM and started service at 07:40 PM in counter 2
Student 168 departed at 07:43 PM
Student 169 arrived at 07:41 PM and started service at 07:43 PM in counter 2
Student 167 departed at 07:44 PM

Counters were idle for 3 min, total idle time = 374 min

Student 170 arrived at 07:47 PM and started service at 07:47 PM in counter 2
Student 169 departed at 07:47 PM
Student 170 departed at 07:48 PM

Counters were idle for 23 min, total idle time = 397 min

Student 171 arrived at 08:11 PM and started service at 08:11 PM in counter 1
Student 171 departed at 08:15 PM

Counters were idle for 13 min, total idle time = 410 min

Student 172 arrived at 08:28 PM and started service at 08:28 PM in counter 1
Student 172 departed at 08:32 PM

Counters were idle for 9 min, total idle time = 419 min

Student 173 arrived at 08:41 PM and started service at 08:41 PM in counter 1
Student 174 arrived at 08:42 PM and started service at 08:42 PM in counter 2
Student 173 departed at 08:43 PM
Student 174 departed at 08:45 PM

Counters were idle for 6 min, total idle time = 425 min

Student 175 arrived at 08:51 PM and started service at 08:51 PM in counter 1
Student 175 departed at 08:53 PM

Counters were idle for 15 min, total idle time = 440 min

Student 176 arrived at 09:08 PM and started service at 09:08 PM in counter 1
Student 176 departed at 09:10 PM

Counters were idle for 12 min, total idle time = 452 min

Student 177 arrived at 09:22 PM and started service at 09:22 PM in counter 1
Student 177 departed at 09:23 PM

Counters were idle for 6 min, total idle time = 458 min

Student 178 arrived at 09:29 PM and started service at 09:29 PM in counter 1
Student 178 departed at 09:31 PM

Counters were idle for 1 min, total idle time = 459 min

Student 179 arrived at 09:32 PM and started service at 09:32 PM in counter 1
Student 179 departed at 09:35 PM

Counters were idle for 4 min, total idle time = 463 min

Student 180 arrived at 09:39 PM and started service at 09:39 PM in counter 1
Student 180 departed at 09:42 PM

Counters were idle for 6 min, total idle time = 469 min

Student 181 arrived at 09:48 PM and started service at 09:48 PM in counter 1
Student 181 departed at 09:53 PM
