Student 1 arrived at 08:00 AM and started service at 08:00 AM in counter 1

Counters were idle for 2 min, total idle time = 2 min

Student 2 arrived at 08:02 AM and started service at 08:02 AM in counter 2
Student 1 departed at 08:05 AM
Student 2 departed at 08:05 AM
Student 3 arrived at 08:04 AM and started service at 08:05 AM in counter 1
Student 3 departed at 08:06 AM

Counters were idle for 4 min, total idle time = 6 min

Student 4 arrived at 08:10 AM and started service at 08:10 AM in counter 1
Student 5 arrived at 08:11 AM and started service at 08:11 AM in counter 2
Student 4 departed at 08:12 AM
Student 5 departed at 08:12 AM

Counters were idle for 5 min, total idle time = 11 min

Student 6 arrived at 08:17 AM and started service at 08:17 AM in counter 1
Student 7 arrived at 08:20 AM and started service at 08:20 AM in counter 2
Student 6 departed at 08:21 AM
Student 7 departed at 08:23 AM

Counters were idle for 9 min, total idle time = 20 min

Student 8 arrived at 08:32 AM and started service at 08:32 AM in counter 1
Student 8 departed at 08:37 AM

Counters were idle for 4 min, total idle time = 24 min

Student 9 arrived at 08:41 AM and started service at 08:41 AM in counter 1
Student 9 departed at 08:46 AM

Counters were idle for 15 min, total idle time = 39 min

Student 10 arrived at 09:01 AM and started service at 09:01 AM in counter 1
Student 10 departed at 09:02 AM

Counters were idle for 8 min, total idle time = 47 min

Student 11 arrived at 09:10 AM and started service at 09:10 AM in counter 1
Student 11 departed at 09:12 AM

Counters were idle for 6 min, total idle time = 53 min

Student 12 arrived at 09:18 AM and started service at 09:18 AM in counter 1
Student 12 departed at 09:20 AM

Counters were idle for 5 min, total idle time = 58 min

Student 13 arrived at 09:25 AM and started service at 09:25 AM in counter 1
Student 13 departed at 09:26 AM

Counters were idle for 8 min, total idle time = 66 min

Student 14 arrived at 09:34 AM and started service at 09:34 AM in counter 1
Student 15 arrived at 09:37 AM and started service at 09:37 AM in counter 2
Student 15 departed at 09:38 AM
Student 14 departed at 09:39 AM

Counters were idle for 9 min, total idle time = 75 min

Student 16 arrived at 09:48 AM and started service at 09:48 AM in counter 1
Student 17 arrived at 09:52 AM and started service at 09:52 AM in counter 2
Student 16 departed at 09:52 AM
Student 17 departed at 09:55 AM

Counters were idle for 14 min, total idle time = 89 min

Student 18 arrived at 10:09 AM and started service at 10:09 AM in counter 1
Student 18 departed at 10:10 AM

Counters were idle for 6 min, total idle time = 95 min

Student 19 arrived at 10:16 AM and started service at 10:16 AM in counter 1
Student 19 departed at 10:17 AM

Counters were idle for 6 min, total idle time = 101 min

Student 20 arrived at 10:23 AM and started service at 10:23 AM in counter 1
Student 21 arrived at 10:24 AM and started service at 10:24 AM in counter 2
Student 20 departed at 10:26 AM
Student 22 arrived at 10:25 AM and started service at 10:26 AM in counter 2
Student 22 departed at 10:28 AM
Student 23 arrived at 10:26 AM and started service at 10:28 AM in counter 2
Student 21 departed at 10:29 AM
Student 23 departed at 10:31 AM

Counters were idle for 1 min, total idle time = 102 min

Student 24 arrived at 10:32 AM and started service at 10:32 AM in counter 1
Student 24 departed at 10:34 AM

Counters were idle for 1 min, total idle time = 103 min

Student 25 arrived at 10:35 AM and started service at 10:35 AM in counter 1
Student 25 departed at 10:37 AM

Counters were idle for 12 min, total idle time = 115 min

Student 26 arrived at 10:49 AM and started service at 10:49 AM in counter 1
Student 27 arrived at 10:53 AM and started service at 10:53 AM in counter 2
Student 26 departed at 10:53 AM

Counters were idle for 3 min, total idle time = 118 min

Student 28 arrived at 10:56 AM and started service at 10:56 AM in counter 2
Student 27 departed at 10:56 AM

Counters were idle for 2 min, total idle time = 120 min

Student 29 arrived at 10:58 AM and started service at 10:58 AM in counter 2
Student 28 departed at 10:59 AM
Student 30 arrived at 10:59 AM and started service at 10:59 AM in counter 2
Student 29 departed at 11:01 AM
Student 30 departed at 11:01 AM

Counters were idle for 8 min, total idle time = 128 min

Student 31 arrived at 11:09 AM and started service at 11:09 AM in counter 1
Student 31 departed at 11:14 AM

Counters were idle for 4 min, total idle time = 132 min

Student 32 arrived at 11:18 AM and started service at 11:18 AM in counter 1
Student 33 arrived at 11:19 AM and started service at 11:19 AM in counter 2
Student 32 departed at 11:20 AM

Counters were idle for 1 min, total idle time = 133 min

Student 34 arrived at 11:21 AM and started service at 11:21 AM in counter 2
Student 33 departed at 11:24 AM

Counters were idle for 1 min, total idle time = 134 min

Student 35 arrived at 11:25 AM and started service at 11:25 AM in counter 2
Student 34 departed at 11:25 AM

Counters were idle for 3 min, total idle time = 137 min

Student 36 arrived at 11:28 AM and started service at 11:28 AM in counter 2
Student 35 departed at 11:30 AM
Student 36 departed at 11:31 AM

Counters were idle for 1 min, total idle time = 138 min

Student 37 arrived at 11:32 AM and started service at 11:32 AM in counter 1
Student 38 arrived at 11:33 AM and started service at 11:33 AM in counter 2
Student 37 departed at 11:36 AM
Student 39 arrived at 11:35 AM and started service at 11:36 AM in counter 2
Student 39 departed at 11:37 AM
Student 38 departed at 11:38 AM

Counters were idle for 3 min, total idle time = 141 min

Student 40 arrived at 11:41 AM and started service at 11:41 AM in counter 1
Student 41 arrived at 11:45 AM and started service at 11:45 AM in counter 2
Student 40 departed at 11:45 AM

Counters were idle for 1 min, total idle time = 142 min

Student 42 arrived at 11:46 AM and started service at 11:46 AM in counter 2
Student 41 departed at 11:49 AM
Student 42 departed at 11:51 AM

Counters were idle for 3 min, total idle time = 145 min

Student 43 arrived at 11:54 AM and started service at 11:54 AM in counter 1
Student 44 arrived at 11:55 AM and started service at 11:55 AM in counter 2
Student 43 departed at 11:59 AM
Student 44 departed at 11:59 AM

Counters were idle for 3 min, total idle time = 148 min

Student 45 arrived at 12:02 PM and started service at 12:02 PM in counter 1
Student 46 arrived at 12:03 PM and started service at 12:03 PM in counter 2
Student 45 departed at 12:05 PM

Counters were idle for 2 min, total idle time = 150 min

Student 47 arrived at 12:07 PM and started service at 12:07 PM in counter 2
Student 46 departed at 12:08 PM
Student 47 departed at 12:09 PM

Counters were idle for 4 min, total idle time = 154 min

Student 48 arrived at 12:13 PM and started service at 12:13 PM in counter 1
Student 49 arrived at 12:15 PM and started service at 12:15 PM in counter 2
Student 49 departed at 12:17 PM
Student 50 arrived at 12:16 PM and started service at 12:17 PM in counter 2
Student 48 departed at 12:18 PM
Student 50 departed at 12:18 PM
Student 51 arrived at 12:17 PM and started service at 12:18 PM in counter 1
Student 51 departed at 12:21 PM

Counters were idle for 9 min, total idle time = 163 min

Student 52 arrived at 12:30 PM and started service at 12:30 PM in counter 1
Student 52 departed at 12:31 PM

Counters were idle for 2 min, total idle time = 165 min

Student 53 arrived at 12:33 PM and started service at 12:33 PM in counter 1
Student 54 arrived at 12:34 PM and started service at 12:34 PM in counter 2
Student 53 departed at 12:36 PM

Counters were idle for 1 min, total idle time = 166 min

Student 55 arrived at 12:37 PM and started service at 12:37 PM in counter 2
Student 54 departed at 12:37 PM
Student 55 departed at 12:39 PM

Counters were idle for 2 min, total idle time = 168 min

Student 56 arrived at 12:41 PM and started service at 12:41 PM in counter 1
Student 56 departed at 12:45 PM

Counters were idle for 1 min, total idle time = 169 min

Student 57 arrived at 12:46 PM and started service at 12:46 PM in counter 1
Student 57 departed at 12:48 PM

Counters were idle for 4 min, total idle time = 173 min

Student 58 arrived at 12:52 PM and started service at 12:52 PM in counter 1
Student 58 departed at 12:54 PM

Counters were idle for 1 min, total idle time = 174 min

Student 59 arrived at 12:55 PM and started service at 12:55 PM in counter 1
Student 60 arrived at 01:00 PM and started service at 01:00 PM in counter 2
Student 59 departed at 01:00 PM

Counters were idle for 1 min, total idle time = 175 min

Student 61 arrived at 01:01 PM and started service at 01:01 PM in counter 2
Student 60 departed at 01:04 PM
Student 62 arrived at 01:02 PM and started service at 01:04 PM in counter 2

Counters were idle for 2 min, total idle time = 177 min

Student 61 departed at 01:06 PM
Student 63 arrived at 01:04 PM and started service at 01:06 PM in counter 2

Counters were idle for 1 min, total idle time = 178 min

Student 63 departed at 01:07 PM
Student 64 arrived at 01:06 PM and started service at 01:07 PM in counter 2
Student 62 departed at 01:08 PM
Student 65 arrived at 01:07 PM and started service at 01:08 PM in counter 2
Student 65 departed at 01:11 PM
Student 64 departed at 01:12 PM

Counters were idle for 1 min, total idle time = 179 min

Student 66 arrived at 01:13 PM and started service at 01:13 PM in counter 1
Student 66 departed at 01:14 PM

Counters were idle for 7 min, total idle time = 186 min

Student 67 arrived at 01:21 PM and started service at 01:21 PM in counter 1
Student 68 arrived at 01:22 PM and started service at 01:22 PM in counter 2
Student 67 departed at 01:26 PM
Student 69 arrived at 01:26 PM and started service at 01:26 PM in counter 2
Student 68 departed at 01:27 PM

Counters were idle for 2 min, total idle time = 188 min

Student 70 arrived at 01:29 PM and started service at 01:29 PM in counter 2
Student 69 departed at 01:30 PM

Counters were idle for 2 min, total idle time = 190 min

Student 71 arrived at 01:32 PM and started service at 01:32 PM in counter 2
Student 70 departed at 01:32 PM
Student 71 departed at 01:34 PM

Counters were idle for 4 min, total idle time = 194 min

Student 72 arrived at 01:38 PM and started service at 01:38 PM in counter 1
Student 73 arrived at 01:40 PM and started service at 01:40 PM in counter 2
Student 72 departed at 01:43 PM
Student 73 departed at 01:43 PM

Counters were idle for 3 min, total idle time = 197 min

Student 74 arrived at 01:46 PM and started service at 01:46 PM in counter 1
Student 74 departed at 01:47 PM

Counters were idle for 2 min, total idle time = 199 min

Student 75 arrived at 01:49 PM and started service at 01:49 PM in counter 1
Student 76 arrived at 01:52 PM and started service at 01:52 PM in counter 2
Student 75 departed at 01:53 PM
Student 76 departed at 01:57 PM

Counters were idle for 5 min, total idle time = 204 min

Student 77 arrived at 02:02 PM and started service at 02:02 PM in counter 1
Student 77 departed at 02:07 PM

Counters were idle for 4 min, total idle time = 208 min

Student 78 arrived at 02:11 PM and started service at 02:11 PM in counter 1
Student 78 departed at 02:14 PM

Counters were idle for 1 min, total idle time = 209 min

Student 79 arrived at 02:15 PM and started service at 02:15 PM in counter 1
Student 79 departed at 02:16 PM

Counters were idle for 2 min, total idle time = 211 min

Student 80 arrived at 02:18 PM and started service at 02:18 PM in counter 1
Student 81 arrived at 02:19 PM and started service at 02:19 PM in counter 2
Student 80 departed at 02:23 PM
Student 81 departed at 02:23 PM
Student 82 arrived at 02:22 PM and started service at 02:23 PM in counter 1

Counters were idle for 1 min, total idle time = 212 min

Student 83 arrived at 02:24 PM and started service at 02:24 PM in counter 2
Student 82 departed at 02:24 PM
Student 83 departed at 02:26 PM

Counters were idle for 2 min, total idle time = 214 min

Student 84 arrived at 02:28 PM and started service at 02:28 PM in counter 1
Student 85 arrived at 02:29 PM and started service at 02:29 PM in counter 2
Student 84 departed at 02:29 PM

Counters were idle for 1 min, total idle time = 215 min

Student 86 arrived at 02:30 PM and started service at 02:30 PM in counter 2
Student 85 departed at 02:33 PM
Student 86 departed at 02:33 PM

Counters were idle for 5 min, total idle time = 220 min

Student 87 arrived at 02:38 PM and started service at 02:38 PM in counter 1
Student 88 arrived at 02:41 PM and started service at 02:41 PM in counter 2
Student 87 departed at 02:42 PM
Student 88 departed at 02:43 PM

Counters were idle for 4 min, total idle time = 224 min

Student 89 arrived at 02:47 PM and started service at 02:47 PM in counter 1
Student 89 departed at 02:52 PM

Counters were idle for 3 min, total idle time = 227 min

Student 90 arrived at 02:55 PM and started service at 02:55 PM in counter 1
Student 91 arrived at 02:56 PM and started service at 02:56 PM in counter 2
Student 90 departed at 02:59 PM
Student 91 departed at 02:59 PM
Student 92 arrived at 02:58 PM and started service at 02:59 PM in counter 1
Student 92 departed at 03:02 PM

Counters were idle for 5 min, total idle time = 232 min

Student 93 arrived at 03:07 PM and started service at 03:07 PM in counter 1
Student 93 departed at 03:08 PM

Counters were idle for 8 min, total idle time = 240 min

Student 94 arrived at 03:16 PM and started service at 03:16 PM in counter 1
Student 95 arrived at 03:18 PM and started service at 03:18 PM in counter 2
Student 94 departed at 03:18 PM

Counters were idle for 1 min, total idle time = 241 min

Student 96 arrived at 03:19 PM and started service at 03:19 PM in counter 2
Student 95 departed at 03:19 PM

Counters were idle for 2 min, total idle time = 243 min

Student 97 arrived at 03:21 PM and started service at 03:21 PM in counter 2
Student 96 departed at 03:22 PM
Student 97 departed at 03:22 PM
Student 98 arrived at 03:22 PM and started service at 03:22 PM in counter 1
Student 98 departed at 03:23 PM

Counters were idle for 4 min, total idle time = 247 min

Student 99 arrived at 03:27 PM and started service at 03:27 PM in counter 1
Student 100 arrived at 03:32 PM and started service at 03:32 PM in counter 2
Student 99 departed at 03:32 PM
Student 100 departed at 03:33 PM

Counters were idle for 2 min, total idle time = 249 min

Student 101 arrived at 03:35 PM and started service at 03:35 PM in counter 1
Student 102 arrived at 03:36 PM and started service at 03:36 PM in counter 2
Student 102 departed at 03:37 PM
Student 101 departed at 03:38 PM

Counters were idle for 2 min, total idle time = 251 min

Student 103 arrived at 03:40 PM and started service at 03:40 PM in counter 1
Student 104 arrived at 03:41 PM and started service at 03:41 PM in counter 2
Student 103 departed at 03:41 PM

Counters were idle for 1 min, total idle time = 252 min

Student 105 arrived at 03:42 PM and started service at 03:42 PM in counter 2
Student 104 departed at 03:42 PM

Counters were idle for 2 min, total idle time = 254 min

Student 106 arrived at 03:44 PM and started service at 03:44 PM in counter 2
Student 105 departed at 03:46 PM

Counters were idle for 1 min, total idle time = 255 min

Student 107 arrived at 03:47 PM and started service at 03:47 PM in counter 2
Student 106 departed at 03:47 PM

Counters were idle for 1 min, total idle time = 256 min

Student 108 arrived at 03:48 PM and started service at 03:48 PM in counter 2
Student 107 departed at 03:48 PM

Counters were idle for 1 min, total idle time = 257 min

Student 109 arrived at 03:49 PM and started service at 03:49 PM in counter 2
Student 108 departed at 03:50 PM

Counters were idle for 2 min, total idle time = 259 min

Student 110 arrived at 03:52 PM and started service at 03:52 PM in counter 2
Student 109 departed at 03:52 PM

Counters were idle for 2 min, total idle time = 261 min

Student 111 arrived at 03:54 PM and started service at 03:54 PM in counter 2
Student 110 departed at 03:57 PM
Student 111 departed at 03:57 PM
Student 112 arrived at 03:57 PM and started service at 03:57 PM in counter 1

Counters were idle for 2 min, total idle time = 263 min

Student 113 arrived at 03:59 PM and started service at 03:59 PM in counter 2
Student 112 departed at 03:59 PM

Counters were idle for 1 min, total idle time = 264 min

Student 114 arrived at 04:00 PM and started service at 04:00 PM in counter 2
Student 114 departed at 04:01 PM
Student 115 arrived at 04:01 PM and started service at 04:01 PM in counter 2

Counters were idle for 1 min, total idle time = 265 min

Student 115 departed at 04:03 PM
Student 116 arrived at 04:02 PM and started service at 04:03 PM in counter 2
Student 113 departed at 04:04 PM
Student 117 arrived at 04:03 PM and started service at 04:04 PM in counter 2

Counters were idle for 1 min, total idle time = 266 min

Student 116 departed at 04:07 PM
Student 117 departed at 04:07 PM
Student 118 arrived at 04:05 PM and started service at 04:07 PM in counter 2
Student 119 arrived at 04:07 PM and started service at 04:07 PM in counter 2
Student 119 departed at 04:10 PM
Student 118 departed at 04:12 PM

Counters were idle for 1 min, total idle time = 267 min

Student 120 arrived at 04:13 PM and started service at 04:13 PM in counter 1
Student 121 arrived at 04:14 PM and started service at 04:14 PM in counter 2
Student 120 departed at 04:14 PM

Counters were idle for 2 min, total idle time = 269 min

Student 122 arrived at 04:16 PM and started service at 04:16 PM in counter 2
Student 121 departed at 04:18 PM
Student 122 departed at 04:18 PM

Counters were idle for 3 min, total idle time = 272 min

Student 123 arrived at 04:21 PM and started service at 04:21 PM in counter 1
Student 123 departed at 04:23 PM

Counters were idle for 1 min, total idle time = 273 min

Student 124 arrived at 04:24 PM and started service at 04:24 PM in counter 1
Student 125 arrived at 04:25 PM and started service at 04:25 PM in counter 2
Student 124 departed at 04:26 PM
Student 125 departed at 04:27 PM

Counters were idle for 1 min, total idle time = 274 min

Student 126 arrived at 04:28 PM and started service at 04:28 PM in counter 1
Student 126 departed at 04:33 PM

Counters were idle for 31 min, total idle time = 305 min

Student 127 arrived at 05:04 PM and started service at 05:04 PM in counter 1
Student 128 arrived at 05:05 PM and started service at 05:05 PM in counter 2
Student 127 departed at 05:06 PM
Student 128 departed at 05:09 PM

Counters were idle for 2 min, total idle time = 307 min

Student 129 arrived at 05:11 PM and started service at 05:11 PM in counter 1
Student 129 departed at 05:14 PM

Counters were idle for 3 min, total idle time = 310 min

Student 130 arrived at 05:17 PM and started service at 05:17 PM in counter 1
Student 131 arrived at 05:19 PM and started service at 05:19 PM in counter 2
Student 130 departed at 05:21 PM

Counters were idle for 2 min, total idle time = 312 min

Student 132 arrived at 05:23 PM and started service at 05:23 PM in counter 2
Student 131 departed at 05:24 PM
Student 132 departed at 05:26 PM

Counters were idle for 12 min, total idle time = 324 min

Student 133 arrived at 05:38 PM and started service at 05:38 PM in counter 1
Student 134 arrived at 05:41 PM and started service at 05:41 PM in counter 2
Student 133 departed at 05:42 PM
Student 134 departed at 05:42 PM
Student 135 arrived at 05:42 PM and started service at 05:42 PM in counter 1
Student 135 departed at 05:44 PM

Counters were idle for 2 min, total idle time = 326 min

Student 136 arrived at 05:46 PM and started service at 05:46 PM in counter 1
Student 137 arrived at 05:47 PM and started service at 05:47 PM in counter 2
Student 137 departed at 05:49 PM
Student 136 departed at 05:50 PM

Counters were idle for 13 min, total idle time = 339 min

Student 138 arrived at 06:03 PM and started service at 06:03 PM in counter 1
Student 139 arrived at 06:05 PM and started service at 06:05 PM in counter 2
Student 138 departed at 06:06 PM
Student 139 departed at 06:07 PM

Counters were idle for 8 min, total idle time = 347 min

Student 140 arrived at 06:15 PM and started service at 06:15 PM in counter 1
Student 140 departed at 06:20 PM

Counters were idle for 1 min, total idle time = 348 min

Student 141 arrived at 06:21 PM and started service at 06:21 PM in counter 1
Student 142 arrived at 06:23 PM and started service at 06:23 PM in counter 2
Student 142 departed at 06:24 PM
Student 141 departed at 06:25 PM

Counters were idle for 22 min, total idle time = 370 min

Student 143 arrived at 06:47 PM and started service at 06:47 PM in counter 1
Student 143 departed at 06:49 PM

Counters were idle for 15 min, total idle time = 385 min

Student 144 arrived at 07:04 PM and started service at 07:04 PM in counter 1
Student 144 departed at 07:06 PM

Counters were idle for 7 min, total idle time = 392 min

Student 145 arrived at 07:13 PM and started service at 07:13 PM in counter 1
Student 145 departed at 07:14 PM

Counters were idle for 2 min, total idle time = 394 min

Student 146 arrived at 07:16 PM and started service at 07:16 PM in counter 1
Student 146 departed at 07:18 PM

Counters were idle for 6 min, total idle time = 400 min

Student 147 arrived at 07:24 PM and started service at 07:24 PM in counter 1
Student 148 arrived at 07:26 PM and started service at 07:26 PM in counter 2
Student 148 departed at 07:28 PM
Student 147 departed at 07:29 PM

Counters were idle for 7 min, total idle time = 407 min

Student 149 arrived at 07:36 PM and started service at 07:36 PM in counter 1
Student 149 departed at 07:37 PM

Counters were idle for 5 min, total idle time = 412 min

Student 150 arrived at 07:42 PM and started service at 07:42 PM in counter 1
Student 151 arrived at 07:47 PM and started service at 07:47 PM in counter 2
Student 150 departed at 07:47 PM
Student 151 departed at 07:48 PM

Counters were idle for 6 min, total idle time = 418 min

Student 152 arrived at 07:54 PM and started service at 07:54 PM in counter 1
Student 153 arrived at 07:56 PM and started service at 07:56 PM in counter 2
Student 153 departed at 07:57 PM
Student 154 arrived at 07:57 PM and started service at 07:57 PM in counter 2
Student 152 departed at 07:58 PM
Student 154 departed at 08:02 PM

Counters were idle for 26 min, total idle time = 444 min

Student 155 arrived at 08:28 PM and started service at 08:28 PM in counter 1
Student 155 departed at 08:33 PM

Counters were idle for 43 min, total idle time = 487 min

Student 156 arrived at 09:16 PM and started service at 09:16 PM in counter 1
Student 157 arrived at 09:19 PM and started service at 09:19 PM in counter 2
Student 156 departed at 09:20 PM
Student 157 departed at 09:21 PM

Counters were idle for 4 min, total idle time = 491 min

Student 158 arrived at 09:25 PM and started service at 09:25 PM in counter 1
Student 158 departed at 09:26 PM

Counters were idle for 5 min, total idle time = 496 min

Student 159 arrived at 09:31 PM and started service at 09:31 PM in counter 1
Student 159 departed at 09:33 PM

Counters were idle for 8 min, total idle time = 504 min

Student 160 arrived at 09:41 PM and started service at 09:41 PM in counter 1
Student 161 arrived at 09:42 PM and started service at 09:42 PM in counter 2
Student 161 departed at 09:44 PM
Student 160 departed at 09:46 PM

Counters were idle for 1 min, total idle time = 505 min

Student 162 arrived at 09:47 PM and started service at 09:47 PM in counter 1
Student 163 arrived at 09:51 PM and started service at 09:51 PM in counter 2
Student 162 departed at 09:52 PM
Student 163 departed at 09:55 PM
