Student 1 arrived at 08:00 AM and started service at 08:00 AM in counter 1
Student 1 departed at 08:05 AM

Counters were idle for 1 min, total idle time = 1 min

Student 2 arrived at 08:06 AM and started service at 08:06 AM in counter 1
Student 2 departed at 08:10 AM

Counters were idle for 1 min, total idle time = 2 min

Student 3 arrived at 08:11 AM and started service at 08:11 AM in counter 1
Student 4 arrived at 08:13 AM and started service at 08:13 AM in counter 2
Student 4 departed at 08:15 AM
Student 3 departed at 08:16 AM

Counters were idle for 1 min, total idle time = 3 min

Student 5 arrived at 08:17 AM and started service at 08:17 AM in counter 1
Student 5 departed at 08:20 AM

Counters were idle for 4 min, total idle time = 7 min

Student 6 arrived at 08:24 AM and started service at 08:24 AM in counter 1
Student 6 departed at 08:28 AM

Counters were idle for 1 min, total idle time = 8 min

Student 7 arrived at 08:29 AM and started service at 08:29 AM in counter 1
Student 8 arrived at 08:33 AM and started service at 08:33 AM in counter 2
Student 7 departed at 08:34 AM
Student 8 departed at 08:34 AM

Counters were idle for 3 min, total idle time = 11 min

Student 9 arrived at 08:37 AM and started service at 08:37 AM in counter 1
Student 9 departed at 08:38 AM

Counters were idle for 12 min, total idle time = 23 min

Student 10 arrived at 08:50 AM and started service at 08:50 AM in counter 1
Student 10 departed at 08:55 AM

Counters were idle for 3 min, total idle time = 26 min

Student 11 arrived at 08:58 AM and started service at 08:58 AM in counter 1
Student 12 arrived at 08:59 AM and started service at 08:59 AM in counter 2
Student 11 departed at 09:02 AM
Student 12 departed at 09:02 AM

Counters were idle for 16 min, total idle time = 42 min

Student 13 arrived at 09:18 AM and started service at 09:18 AM in counter 1
Student 13 departed at 09:21 AM

Counters were idle for 6 min, total idle time = 48 min

Student 14 arrived at 09:27 AM and started service at 09:27 AM in counter 1
Student 14 departed at 09:29 AM

Counters were idle for 9 min, total idle time = 57 min

Student 15 arrived at 09:38 AM and started service at 09:38 AM in counter 1
Student 16 arrived at 09:40 AM and started service at 09:40 AM in counter 2
Student 15 departed at 09:40 AM

Counters were idle for 2 min, total idle time = 59 min

Student 17 arrived at 09:42 AM and started service at 09:42 AM in counter 2
Student 16 departed at 09:42 AM

Counters were idle for 3 min, total idle time = 62 min

Student 18 arrived at 09:45 AM and started service at 09:45 AM in counter 2
Student 17 departed at 09:47 AM
Student 18 departed at 09:47 AM
Student 19 arrived at 09:47 AM and started service at 09:47 AM in counter 1
Student 19 departed at 09:50 AM

Counters were idle for 3 min, total idle time = 65 min

Student 20 arrived at 09:53 AM and started service at 09:53 AM in counter 1
Student 20 departed at 09:56 AM

Counters were idle for 12 min, total idle time = 77 min

Student 21 arrived at 10:08 AM and started service at 10:08 AM in counter 1
Student 22 arrived at 10:12 AM and started service at 10:12 AM in counter 2
Student 21 departed at 10:12 AM

Counters were idle for 1 min, total idle time = 78 min

Student 23 arrived at 10:13 AM and started service at 10:13 AM in counter 2
Student 23 departed at 10:15 AM
Student 24 arrived at 10:14 AM and started service at 10:15 AM in counter 2
Student 22 departed at 10:17 AM
Student 24 departed at 10:17 AM

Counters were idle for 1 min, total idle time = 79 min

Student 25 arrived at 10:18 AM and started service at 10:18 AM in counter 1
Student 26 arrived at 10:19 AM and started service at 10:19 AM in counter 2
Student 26 departed at 10:21 AM
Student 25 departed at 10:22 AM

Counters were idle for 7 min, total idle time = 86 min

Student 27 arrived at 10:29 AM and started service at 10:29 AM in counter 1
Student 28 arrived at 10:30 AM and started service at 10:30 AM in counter 2
Student 28 departed at 10:32 AM
Student 27 departed at 10:34 AM

Counters were idle for 2 min, total idle time = 88 min

Student 29 arrived at 10:36 AM and started service at 10:36 AM in counter 1
Student 30 arrived at 10:37 AM and started service at 10:37 AM in counter 2
Student 29 departed at 10:41 AM
Student 30 departed at 10:41 AM

Counters were idle for 3 min, total idle time = 91 min

Student 31 arrived at 10:44 AM and started service at 10:44 AM in counter 1
Student 32 arrived at 10:46 AM and started service at 10:46 AM in counter 2
Student 31 departed at 10:49 AM
Student 32 departed at 10:50 AM

Counters were idle for 10 min, total idle time = 101 min

Student 33 arrived at 11:00 AM and started service at 11:00 AM in counter 1
Student 34 arrived at 11:01 AM and started service at 11:01 AM in counter 2
Student 33 departed at 11:05 AM
Student 34 departed at 11:05 AM

Counters were idle for 2 min, total idle time = 103 min

Student 35 arrived at 11:07 AM and started service at 11:07 AM in counter 1
Student 36 arrived at 11:08 AM and started service at 11:08 AM in counter 2
Student 36 departed at 11:11 AM

Counters were idle for 1 min, total idle time = 104 min

Student 35 departed at 11:12 AM
Student 37 arrived at 11:12 AM and started service at 11:12 AM in counter 1

Counters were idle for 1 min, total idle time = 105 min

Student 38 arrived at 11:13 AM and started service at 11:13 AM in counter 2
Student 38 departed at 11:15 AM
Student 37 departed at 11:17 AM

Counters were idle for 1 min, total idle time = 106 min

Student 39 arrived at 11:18 AM and started service at 11:18 AM in counter 1
Student 40 arrived at 11:21 AM and started service at 11:21 AM in counter 2
Student 39 departed at 11:21 AM
Student 40 departed at 11:22 AM

Counters were idle for 1 min, total idle time = 107 min

Student 41 arrived at 11:23 AM and started service at 11:23 AM in counter 1
Student 42 arrived at 11:24 AM and started service at 11:24 AM in counter 2
Student 41 departed at 11:28 AM
Student 42 departed at 11:28 AM

Counters were idle for 2 min, total idle time = 109 min

Student 43 arrived at 11:30 AM and started service at 11:30 AM in counter 1
Student 43 departed at 11:31 AM

Counters were idle for 3 min, total idle time = 112 min

Student 44 arrived at 11:34 AM and started service at 11:34 AM in counter 1
Student 44 departed at 11:36 AM

Counters were idle for 1 min, total idle time = 113 min

Student 45 arrived at 11:37 AM and started service at 11:37 AM in counter 1
Student 46 arrived at 11:40 AM and started service at 11:40 AM in counter 2
Student 45 departed at 11:42 AM
Student 47 arrived at 11:42 AM and started service at 11:42 AM in counter 2
Student 47 departed at 11:43 AM

Counters were idle for 1 min, total idle time = 114 min

Student 46 departed at 11:44 AM
Student 48 arrived at 11:44 AM and started service at 11:44 AM in counter 1
Student 48 departed at 11:48 AM

Counters were idle for 3 min, total idle time = 117 min

Student 49 arrived at 11:51 AM and started service at 11:51 AM in counter 1
Student 49 departed at 11:52 AM

Counters were idle for 3 min, total idle time = 120 min

Student 50 arrived at 11:55 AM and started service at 11:55 AM in counter 1
Student 50 departed at 12:00 PM

Counters were idle for 1 min, total idle time = 121 min

Student 51 arrived at 12:01 PM and started service at 12:01 PM in counter 1
Student 52 arrived at 12:02 PM and started service at 12:02 PM in counter 2
Student 51 departed at 12:02 PM

Counters were idle for 1 min, total idle time = 122 min

Student 53 arrived at 12:03 PM and started service at 12:03 PM in counter 2
Student 52 departed at 12:04 PM
Student 54 arrived at 12:04 PM and started service at 12:04 PM in counter 2

Counters were idle for 1 min, total idle time = 123 min

Student 53 departed at 12:07 PM
Student 55 arrived at 12:05 PM and started service at 12:07 PM in counter 2
Student 54 departed at 12:08 PM
Student 55 departed at 12:08 PM
Student 56 arrived at 12:06 PM and started service at 12:08 PM in counter 1

Counters were idle for 3 min, total idle time = 126 min

Student 57 arrived at 12:11 PM and started service at 12:11 PM in counter 2
Student 56 departed at 12:13 PM
Student 58 arrived at 12:13 PM and started service at 12:13 PM in counter 2

Counters were idle for 2 min, total idle time = 128 min

Student 57 departed at 12:16 PM
Student 59 arrived at 12:15 PM and started service at 12:16 PM in counter 2
Student 58 departed at 12:17 PM
Student 60 arrived at 12:16 PM and started service at 12:17 PM in counter 2
Student 60 departed at 12:18 PM
Student 59 departed at 12:19 PM

Counters were idle for 1 min, total idle time = 129 min

Student 61 arrived at 12:20 PM and started service at 12:20 PM in counter 1
Student 62 arrived at 12:23 PM and started service at 12:23 PM in counter 2
Student 61 departed at 12:25 PM
Student 63 arrived at 12:25 PM and started service at 12:25 PM in counter 2

Counters were idle for 1 min, total idle time = 130 min

Student 63 departed at 12:26 PM
Student 64 arrived at 12:26 PM and started service at 12:26 PM in counter 2

Counters were idle for 2 min, total idle time = 132 min

Student 62 departed at 12:28 PM
Student 65 arrived at 12:28 PM and started service at 12:28 PM in counter 2
Student 65 departed at 12:30 PM

Counters were idle for 1 min, total idle time = 133 min

Student 64 departed at 12:31 PM
Student 66 arrived at 12:31 PM and started service at 12:31 PM in counter 1
Student 66 departed at 12:32 PM

Counters were idle for 4 min, total idle time = 137 min

Student 67 arrived at 12:36 PM and started service at 12:36 PM in counter 1
Student 68 arrived at 12:37 PM and started service at 12:37 PM in counter 2
Student 67 departed at 12:38 PM
Student 68 departed at 12:38 PM

Counters were idle for 1 min, total idle time = 138 min

Student 69 arrived at 12:39 PM and started service at 12:39 PM in counter 1
Student 70 arrived at 12:40 PM and started service at 12:40 PM in counter 2
Student 69 departed at 12:40 PM

Counters were idle for 1 min, total idle time = 139 min

Student 71 arrived at 12:41 PM and started service at 12:41 PM in counter 2
Student 70 departed at 12:44 PM
Student 71 departed at 12:44 PM
Student 72 arrived at 12:42 PM and started service at 12:44 PM in counter 2
Student 73 arrived at 12:44 PM and started service at 12:44 PM in counter 2

Counters were idle for 1 min, total idle time = 140 min

Student 73 departed at 12:45 PM
Student 74 arrived at 12:45 PM and started service at 12:45 PM in counter 2

Counters were idle for 1 min, total idle time = 141 min

Student 72 departed at 12:48 PM
Student 75 arrived at 12:46 PM and started service at 12:48 PM in counter 2
Student 74 departed at 12:49 PM
Student 76 arrived at 12:48 PM and started service at 12:49 PM in counter 2

Counters were idle for 1 min, total idle time = 142 min

Student 75 departed at 12:50 PM
Student 77 arrived at 12:50 PM and started service at 12:50 PM in counter 2

Counters were idle for 1 min, total idle time = 143 min

Student 76 departed at 12:51 PM
Student 77 departed at 12:51 PM
Student 78 arrived at 12:51 PM and started service at 12:51 PM in counter 1

Counters were idle for 4 min, total idle time = 147 min

Student 79 arrived at 12:55 PM and started service at 12:55 PM in counter 2
Student 78 departed at 12:55 PM
Student 79 departed at 12:56 PM

Counters were idle for 5 min, total idle time = 152 min

Student 80 arrived at 01:01 PM and started service at 01:01 PM in counter 1
Student 81 arrived at 01:03 PM and started service at 01:03 PM in counter 2
Student 80 departed at 01:04 PM
Student 82 arrived at 01:04 PM and started service at 01:04 PM in counter 2
Student 81 departed at 01:05 PM
Student 82 departed at 01:05 PM

Counters were idle for 4 min, total idle time = 156 min

Student 83 arrived at 01:09 PM and started service at 01:09 PM in counter 1
Student 83 departed at 01:13 PM

Counters were idle for 1 min, total idle time = 157 min

Student 84 arrived at 01:14 PM and started service at 01:14 PM in counter 1
Student 84 departed at 01:19 PM

Counters were idle for 2 min, total idle time = 159 min

Student 85 arrived at 01:21 PM and started service at 01:21 PM in counter 1
Student 86 arrived at 01:23 PM and started service at 01:23 PM in counter 2
Student 85 departed at 01:23 PM

Counters were idle for 1 min, total idle time = 160 min

Student 87 arrived at 01:24 PM and started service at 01:24 PM in counter 2
Student 86 departed at 01:24 PM
Student 87 departed at 01:28 PM

Counters were idle for 1 min, total idle time = 161 min

Student 88 arrived at 01:29 PM and started service at 01:29 PM in counter 1
Student 89 arrived at 01:30 PM and started service at 01:30 PM in counter 2
Student 88 departed at 01:31 PM

Counters were idle for 1 min, total idle time = 162 min

Student 90 arrived at 01:32 PM and started service at 01:32 PM in counter 2
Student 89 departed at 01:35 PM
Student 90 departed at 01:35 PM
Student 91 arrived at 01:33 PM and started service at 01:35 PM in counter 2
Student 92 arrived at 01:34 PM and started service at 01:35 PM in counter 2
Student 92 departed at 01:38 PM
Student 91 departed at 01:39 PM

Counters were idle for 5 min, total idle time = 167 min

Student 93 arrived at 01:44 PM and started service at 01:44 PM in counter 1
Student 94 arrived at 01:45 PM and started service at 01:45 PM in counter 2
Student 94 departed at 01:46 PM
Student 93 departed at 01:48 PM

Counters were idle for 5 min, total idle time = 172 min

Student 95 arrived at 01:53 PM and started service at 01:53 PM in counter 1
Student 96 arrived at 01:54 PM and started service at 01:54 PM in counter 2
Student 96 departed at 01:55 PM
Student 95 departed at 01:58 PM

Counters were idle for 1 min, total idle time = 173 min

Student 97 arrived at 01:59 PM and started service at 01:59 PM in counter 1
Student 98 arrived at 02:01 PM and started service at 02:01 PM in counter 2
Student 97 departed at 02:01 PM

Counters were idle for 1 min, total idle time = 174 min

Student 99 arrived at 02:02 PM and started service at 02:02 PM in counter 2
Student 98 departed at 02:02 PM
Student 99 departed at 02:06 PM

Counters were idle for 1 min, total idle time = 175 min

Student 100 arrived at 02:07 PM and started service at 02:07 PM in counter 1
Student 100 departed at 02:12 PM

Counters were idle for 3 min, total idle time = 178 min

Student 101 arrived at 02:15 PM and started service at 02:15 PM in counter 1
Student 102 arrived at 02:16 PM and started service at 02:16 PM in counter 2
Student 102 departed at 02:17 PM
Student 101 departed at 02:18 PM

Counters were idle for 2 min, total idle time = 180 min

Student 103 arrived at 02:20 PM and started service at 02:20 PM in counter 1
Student 104 arrived at 02:22 PM and started service at 02:22 PM in counter 2
Student 103 departed at 02:24 PM
Student 105 arrived at 02:24 PM and started service at 02:24 PM in counter 2
Student 104 departed at 02:26 PM
Student 105 departed at 02:28 PM

Counters were idle for 2 min, total idle time = 182 min

Student 106 arrived at 02:30 PM and started service at 02:30 PM in counter 1
Student 107 arrived at 02:32 PM and started service at 02:32 PM in counter 2
Student 106 departed at 02:35 PM
Student 108 arrived at 02:35 PM and started service at 02:35 PM in counter 2
Student 107 departed at 02:36 PM

Counters were idle for 2 min, total idle time = 184 min

Student 109 arrived at 02:38 PM and started service at 02:38 PM in counter 2
Student 108 departed at 02:39 PM

Counters were idle for 2 min, total idle time = 186 min

Student 110 arrived at 02:41 PM and started service at 02:41 PM in counter 2
Student 109 departed at 02:42 PM
Student 110 departed at 02:42 PM

Counters were idle for 1 min, total idle time = 187 min

Student 111 arrived at 02:43 PM and started service at 02:43 PM in counter 1
Student 112 arrived at 02:44 PM and started service at 02:44 PM in counter 2
Student 111 departed at 02:48 PM
Student 113 arrived at 02:46 PM and started service at 02:48 PM in counter 2
Student 112 departed at 02:49 PM
Student 114 arrived at 02:47 PM and started service at 02:49 PM in counter 2
Student 114 departed at 02:50 PM
Student 113 departed at 02:51 PM

Counters were idle for 5 min, total idle time = 192 min

Student 115 arrived at 02:56 PM and started service at 02:56 PM in counter 1
Student 116 arrived at 02:58 PM and started service at 02:58 PM in counter 2
Student 115 departed at 03:01 PM
Student 116 departed at 03:03 PM

Counters were idle for 3 min, total idle time = 195 min

Student 117 arrived at 03:06 PM and started service at 03:06 PM in counter 1
Student 118 arrived at 03:07 PM and started service at 03:07 PM in counter 2
Student 117 departed at 03:09 PM
Student 119 arrived at 03:08 PM and started service at 03:09 PM in counter 2
Student 118 departed at 03:11 PM
Student 119 departed at 03:11 PM

Counters were idle for 2 min, total idle time = 197 min

Student 120 arrived at 03:13 PM and started service at 03:13 PM in counter 1
Student 121 arrived at 03:15 PM and started service at 03:15 PM in counter 2
Student 120 departed at 03:15 PM

Counters were idle for 2 min, total idle time = 199 min

Student 122 arrived at 03:17 PM and started service at 03:17 PM in counter 2
Student 121 departed at 03:18 PM
Student 123 arrived at 03:18 PM and started service at 03:18 PM in counter 2

Counters were idle for 1 min, total idle time = 200 min

Student 123 departed at 03:19 PM
Student 124 arrived at 03:19 PM and started service at 03:19 PM in counter 2

Counters were idle for 1 min, total idle time = 201 min

Student 124 departed at 03:20 PM
Student 125 arrived at 03:20 PM and started service at 03:20 PM in counter 2

Counters were idle for 2 min, total idle time = 203 min

Student 122 departed at 03:22 PM
Student 126 arrived at 03:22 PM and started service at 03:22 PM in counter 2

Counters were idle for 1 min, total idle time = 204 min

Student 125 departed at 03:23 PM
Student 126 departed at 03:23 PM
Student 127 arrived at 03:23 PM and started service at 03:23 PM in counter 1

Counters were idle for 2 min, total idle time = 206 min

Student 128 arrived at 03:25 PM and started service at 03:25 PM in counter 2
Student 127 departed at 03:28 PM
Student 128 departed at 03:28 PM
Student 129 arrived at 03:26 PM and started service at 03:28 PM in counter 2
Student 130 arrived at 03:28 PM and started service at 03:28 PM in counter 2
Student 130 departed at 03:29 PM

Counters were idle for 2 min, total idle time = 208 min

Student 131 arrived at 03:31 PM and started service at 03:31 PM in counter 2
Student 129 departed at 03:33 PM
Student 131 departed at 03:33 PM

Counters were idle for 2 min, total idle time = 210 min

Student 132 arrived at 03:35 PM and started service at 03:35 PM in counter 1
Student 132 departed at 03:36 PM

Counters were idle for 1 min, total idle time = 211 min

Student 133 arrived at 03:37 PM and started service at 03:37 PM in counter 1
Student 134 arrived at 03:38 PM and started service at 03:38 PM in counter 2
Student 134 departed at 03:41 PM
Student 133 departed at 03:42 PM

Counters were idle for 1 min, total idle time = 212 min

Student 135 arrived at 03:43 PM and started service at 03:43 PM in counter 1
Student 136 arrived at 03:45 PM and started service at 03:45 PM in counter 2
Student 135 departed at 03:47 PM
Student 137 arrived at 03:46 PM and started service at 03:47 PM in counter 2

Counters were idle for 1 min, total idle time = 213 min

Student 137 departed at 03:49 PM
Student 138 arrived at 03:48 PM and started service at 03:49 PM in counter 2
Student 136 departed at 03:50 PM
Student 138 departed at 03:50 PM

Counters were idle for 1 min, total idle time = 214 min

Student 139 arrived at 03:51 PM and started service at 03:51 PM in counter 1
Student 139 departed at 03:53 PM

Counters were idle for 2 min, total idle time = 216 min

Student 140 arrived at 03:55 PM and started service at 03:55 PM in counter 1
Student 141 arrived at 04:00 PM and started service at 04:00 PM in counter 2
Student 140 departed at 04:00 PM
Student 141 departed at 04:02 PM

Counters were idle for 4 min, total idle time = 220 min

Student 142 arrived at 04:06 PM and started service at 04:06 PM in counter 1
Student 143 arrived at 04:07 PM and started service at 04:07 PM in counter 2
Student 143 departed at 04:08 PM
Student 144 arrived at 04:08 PM and started service at 04:08 PM in counter 2
Student 144 departed at 04:10 PM
Student 142 departed at 04:11 PM

Counters were idle for 8 min, total idle time = 228 min

Student 145 arrived at 04:19 PM and started service at 04:19 PM in counter 1
Student 145 departed at 04:21 PM

Counters were idle for 4 min, total idle time = 232 min

Student 146 arrived at 04:25 PM and started service at 04:25 PM in counter 1
Student 146 departed at 04:26 PM

Counters were idle for 7 min, total idle time = 239 min

Student 147 arrived at 04:33 PM and started service at 04:33 PM in counter 1
Student 148 arrived at 04:36 PM and started service at 04:36 PM in counter 2
Student 147 departed at 04:37 PM
Student 148 departed at 04:38 PM

Counters were idle for 1 min, total idle time = 240 min

Student 149 arrived at 04:39 PM and started service at 04:39 PM in counter 1
Student 149 departed at 04:43 PM

Counters were idle for 4 min, total idle time = 244 min

Student 150 arrived at 04:47 PM and started service at 04:47 PM in counter 1
Student 150 departed at 04:49 PM

Counters were idle for 7 min, total idle time = 251 min

Student 151 arrived at 04:56 PM and started service at 04:56 PM in counter 1
Student 152 arrived at 04:58 PM and started service at 04:58 PM in counter 2
Student 151 departed at 04:58 PM
Student 152 departed at 05:00 PM

Counters were idle for 4 min, total idle time = 255 min

Student 153 arrived at 05:04 PM and started service at 05:04 PM in counter 1
Student 153 departed at 05:08 PM

Counters were idle for 2 min, total idle time = 257 min

Student 154 arrived at 05:10 PM and started service at 05:10 PM in counter 1
Student 154 departed at 05:15 PM

Counters were idle for 7 min, total idle time = 264 min

Student 155 arrived at 05:22 PM and started service at 05:22 PM in counter 1
Student 156 arrived at 05:24 PM and started service at 05:24 PM in counter 2
Student 155 departed at 05:25 PM
Student 156 departed at 05:27 PM

Counters were idle for 17 min, total idle time = 281 min

Student 157 arrived at 05:44 PM and started service at 05:44 PM in counter 1
Student 158 arrived at 05:45 PM and started service at 05:45 PM in counter 2
Student 157 departed at 05:49 PM
Student 158 departed at 05:49 PM
Student 159 arrived at 05:47 PM and started service at 05:49 PM in counter 1

Counters were idle for 1 min, total idle time = 282 min

Student 160 arrived at 05:50 PM and started service at 05:50 PM in counter 2
Student 160 departed at 05:53 PM

Counters were idle for 1 min, total idle time = 283 min

Student 159 departed at 05:54 PM
Student 161 arrived at 05:54 PM and started service at 05:54 PM in counter 1
Student 161 departed at 05:57 PM

Counters were idle for 2 min, total idle time = 285 min

Student 162 arrived at 05:59 PM and started service at 05:59 PM in counter 1
Student 163 arrived at 06:00 PM and started service at 06:00 PM in counter 2
Student 162 departed at 06:00 PM

Counters were idle for 1 min, total idle time = 286 min

Student 164 arrived at 06:01 PM and started service at 06:01 PM in counter 2
Student 163 departed at 06:01 PM
Student 164 departed at 06:06 PM

Counters were idle for 10 min, total idle time = 296 min

Student 165 arrived at 06:16 PM and started service at 06:16 PM in counter 1
Student 165 departed at 06:21 PM

Counters were idle for 21 min, total idle time = 317 min

Student 166 arrived at 06:42 PM and started service at 06:42 PM in counter 1
Student 166 departed at 06:43 PM

Counters were idle for 30 min, total idle time = 347 min

Student 167 arrived at 07:13 PM and started service at 07:13 PM in counter 1
Student 167 departed at 07:17 PM

Counters were idle for 3 min, total idle time = 350 min

Student 168 arrived at 07:20 PM and started service at 07:20 PM in counter 1
Student 168 departed at 07:24 PM

Counters were idle for 15 min, total idle time = 365 min

Student 169 arrived at 07:39 PM and started service at 07:39 PM in counter 1
Student 170 arrived at 07:42 PM and started service at 07:42 PM in counter 2
Student 170 departed at 07:43 PM
Student 169 departed at 07:44 PM

Counters were idle for 12 min, total idle time = 377 min

Student 171 arrived at 07:56 PM and started service at 07:56 PM in counter 1
Student 171 departed at 08:01 PM

Counters were idle for 8 min, total idle time = 385 min

Student 172 arrived at 08:09 PM and started service at 08:09 PM in counter 1
Student 172 departed at 08:14 PM

Counters were idle for 4 min, total idle time = 389 min

Student 173 arrived at 08:18 PM and started service at 08:18 PM in counter 1
Student 173 departed at 08:22 PM

Counters were idle for 3 min, total idle time = 392 min

Student 174 arrived at 08:25 PM and started service at 08:25 PM in counter 1
Student 174 departed at 08:27 PM

Counters were idle for 13 min, total idle time = 405 min

Student 175 arrived at 08:40 PM and started service at 08:40 PM in counter 1
Student 175 departed at 08:41 PM

Counters were idle for 19 min, total idle time = 424 min

Student 176 arrived at 09:00 PM and started service at 09:00 PM in counter 1
Student 176 departed at 09:01 PM

Counters were idle for 1 min, total idle time = 425 min

Student 177 arrived at 09:02 PM and started service at 09:02 PM in counter 1
Student 178 arrived at 09:06 PM and started service at 09:06 PM in counter 2
Student 177 departed at 09:07 PM
Student 178 departed at 09:10 PM

Counters were idle for 3 min, total idle time = 428 min

Student 179 arrived at 09:13 PM and started service at 09:13 PM in counter 1
Student 179 departed at 09:18 PM

Counters were idle for 11 min, total idle time = 439 min

Student 180 arrived at 09:29 PM and started service at 09:29 PM in counter 1
Student 180 departed at 09:32 PM

Counters were idle for 3 min, total idle time = 442 min

Student 181 arrived at 09:35 PM and started service at 09:35 PM in counter 1
Student 182 arrived at 09:37 PM and started service at 09:37 PM in counter 2
Student 181 departed at 09:38 PM
Student 182 departed at 09:41 PM

Counters were idle for 10 min, total idle time = 452 min

Student 183 arrived at 09:51 PM and started service at 09:51 PM in counter 1
Student 183 departed at 09:56 PM
