Student 1 arrived at 08:00 AM and started service at 08:00 AM in counter 1
Student 1 departed at 08:01 AM

Counters were idle for 3 min, total idle time = 3 min

Student 2 arrived at 08:04 AM and started service at 08:04 AM in counter 1
Student 2 departed at 08:05 AM

Counters were idle for 2 min, total idle time = 5 min

Student 3 arrived at 08:07 AM and started service at 08:07 AM in counter 1
Student 4 arrived at 08:09 AM and started service at 08:09 AM in counter 2
Student 3 departed at 08:10 AM
Student 4 departed at 08:10 AM

Counters were idle for 12 min, total idle time = 17 min

Student 5 arrived at 08:22 AM and started service at 08:22 AM in counter 1
Student 5 departed at 08:25 AM

Counters were idle for 3 min, total idle time = 20 min

Student 6 arrived at 08:28 AM and started service at 08:28 AM in counter 1
Student 6 departed at 08:32 AM

Counters were idle for 1 min, total idle time = 21 min

Student 7 arrived at 08:33 AM and started service at 08:33 AM in counter 1
Student 7 departed at 08:34 AM

Counters were idle for 4 min, total idle time = 25 min

Student 8 arrived at 08:38 AM and started service at 08:38 AM in counter 1
Student 9 arrived at 08:43 AM and started service at 08:43 AM in counter 2
Student 8 departed at 08:43 AM
Student 9 departed at 08:45 AM

Counters were idle for 5 min, total idle time = 30 min

Student 10 arrived at 08:50 AM and started service at 08:50 AM in counter 1
Student 10 departed at 08:53 AM

Counters were idle for 2 min, total idle time = 32 min

Student 11 arrived at 08:55 AM and started service at 08:55 AM in counter 1
Student 11 departed at 08:56 AM

Counters were idle for 7 min, total idle time = 39 min

Student 12 arrived at 09:03 AM and started service at 09:03 AM in counter 1
Student 12 departed at 09:05 AM

Counters were idle for 23 min, total idle time = 62 min

Student 13 arrived at 09:28 AM and started service at 09:28 AM in counter 1
Student 13 departed at 09:29 AM

Counters were idle for 4 min, total idle time = 66 min

Student 14 arrived at 09:33 AM and started service at 09:33 AM in counter 1
Student 14 departed at 09:37 AM

Counters were idle for 18 min, total idle time = 84 min

Student 15 arrived at 09:55 AM and started service at 09:55 AM in counter 1
Student 15 departed at 09:59 AM

Counters were idle for 12 min, total idle time = 96 min

Student 16 arrived at 10:11 AM and started service at 10:11 AM in counter 1
Student 16 departed at 10:14 AM

Counters were idle for 1 min, total idle time = 97 min

Student 17 arrived at 10:15 AM and started service at 10:15 AM in counter 1
Student 17 departed at 10:17 AM

Counters were idle for 11 min, total idle time = 108 min

Student 18 arrived at 10:28 AM and started service at 10:28 AM in counter 1
Student 19 arrived at 10:29 AM and started service at 10:29 AM in counter 2
Student 18 departed at 10:33 AM
Student 20 arrived at 10:32 AM and started service at 10:33 AM in counter 2

Counters were idle for 1 min, total idle time = 109 min

Student 19 departed at 10:34 AM
Student 21 arrived at 10:34 AM and started service at 10:34 AM in counter 2

Counters were idle for 1 min, total idle time = 110 min

Student 20 departed at 10:35 AM
Student 22 arrived at 10:35 AM and started service at 10:35 AM in counter 2

Counters were idle for 2 min, total idle time = 112 min

Student 22 departed at 10:37 AM
Student 23 arrived at 10:37 AM and started service at 10:37 AM in counter 2

Counters were idle for 2 min, total idle time = 114 min

Student 21 departed at 10:39 AM
Student 24 arrived at 10:39 AM and started service at 10:39 AM in counter 2

Counters were idle for 1 min, total idle time = 115 min

Student 24 departed at 10:40 AM
Student 25 arrived at 10:40 AM and started service at 10:40 AM in counter 2

Counters were idle for 1 min, total idle time = 116 min

Student 23 departed at 10:42 AM
Student 25 departed at 10:42 AM
Student 26 arrived at 10:41 AM and started service at 10:42 AM in counter 1

Counters were idle for 4 min, total idle time = 120 min

Student 27 arrived at 10:46 AM and started service at 10:46 AM in counter 2
Student 26 departed at 10:46 AM
Student 27 departed at 10:47 AM

Counters were idle for 1 min, total idle time = 121 min

Student 28 arrived at 10:48 AM and started service at 10:48 AM in counter 1
Student 28 departed at 10:51 AM

Counters were idle for 2 min, total idle time = 123 min

Student 29 arrived at 10:53 AM and started service at 10:53 AM in counter 1
Student 29 departed at 10:55 AM

Counters were idle for 2 min, total idle time = 125 min

Student 30 arrived at 10:57 AM and started service at 10:57 AM in counter 1
Student 31 arrived at 10:58 AM and started service at 10:58 AM in counter 2
Student 30 departed at 11:00 AM
Student 31 departed at 11:01 AM

Counters were idle for 1 min, total idle time = 126 min

Student 32 arrived at 11:02 AM and started service at 11:02 AM in counter 1
Student 33 arrived at 11:05 AM and started service at 11:05 AM in counter 2
Student 32 departed at 11:05 AM

Counters were idle for 1 min, total idle time = 127 min

Student 34 arrived at 11:06 AM and started service at 11:06 AM in counter 2
Student 34 departed at 11:07 AM

Counters were idle for 2 min, total idle time = 129 min

Student 33 departed at 11:09 AM
Student 35 arrived at 11:09 AM and started service at 11:09 AM in counter 1
Student 35 departed at 11:11 AM

Counters were idle for 7 min, total idle time = 136 min

Student 36 arrived at 11:18 AM and started service at 11:18 AM in counter 1
Student 36 departed at 11:19 AM

Counters were idle for 2 min, total idle time = 138 min

Student 37 arrived at 11:21 AM and started service at 11:21 AM in counter 1
Student 37 departed at 11:22 AM

Counters were idle for 5 min, total idle time = 143 min

Student 38 arrived at 11:27 AM and started service at 11:27 AM in counter 1
Student 38 departed at 11:31 AM

Counters were idle for 4 min, total idle time = 147 min

Student 39 arrived at 11:35 AM and started service at 11:35 AM in counter 1
Student 40 arrived at 11:37 AM and started service at 11:37 AM in counter 2
Student 39 departed at 11:38 AM

Counters were idle for 1 min, total idle time = 148 min

Student 41 arrived at 11:39 AM and started service at 11:39 AM in counter 2
Student 40 departed at 11:40 AM
Student 42 arrived at 11:40 AM and started service at 11:40 AM in counter 2

Counters were idle for 2 min, total idle time = 150 min

Student 41 departed at 11:42 AM
Student 43 arrived at 11:42 AM and started service at 11:42 AM in counter 2
Student 43 departed at 11:43 AM

Counters were idle for 1 min, total idle time = 151 min

Student 44 arrived at 11:44 AM and started service at 11:44 AM in counter 2
Student 42 departed at 11:45 AM
Student 44 departed at 11:47 AM

Counters were idle for 7 min, total idle time = 158 min

Student 45 arrived at 11:54 AM and started service at 11:54 AM in counter 1
Student 45 departed at 11:55 AM

Counters were idle for 1 min, total idle time = 159 min

Student 46 arrived at 11:56 AM and started service at 11:56 AM in counter 1
Student 46 departed at 11:58 AM

Counters were idle for 3 min, total idle time = 162 min

Student 47 arrived at 12:01 PM and started service at 12:01 PM in counter 1
Student 48 arrived at 12:03 PM and started service at 12:03 PM in counter 2
Student 47 departed at 12:03 PM
Student 48 departed at 12:04 PM

Counters were idle for 1 min, total idle time = 163 min

Student 49 arrived at 12:05 PM and started service at 12:05 PM in counter 1
Student 50 arrived at 12:07 PM and started service at 12:07 PM in counter 2
Student 49 departed at 12:07 PM

Counters were idle for 1 min, total idle time = 164 min

Student 51 arrived at 12:08 PM and started service at 12:08 PM in counter 2
Student 50 departed at 12:09 PM
Student 51 departed at 12:11 PM

Counters were idle for 5 min, total idle time = 169 min

Student 52 arrived at 12:16 PM and started service at 12:16 PM in counter 1
Student 52 departed at 12:17 PM

Counters were idle for 2 min, total idle time = 171 min

Student 53 arrived at 12:19 PM and started service at 12:19 PM in counter 1
Student 54 arrived at 12:20 PM and started service at 12:20 PM in counter 2
Student 54 departed at 12:21 PM

Counters were idle for 1 min, total idle time = 172 min

Student 55 arrived at 12:22 PM and started service at 12:22 PM in counter 2
Student 53 departed at 12:24 PM
Student 56 arrived at 12:24 PM and started service at 12:24 PM in counter 2
Student 55 departed at 12:25 PM

Counters were idle for 1 min, total idle time = 173 min

Student 57 arrived at 12:26 PM and started service at 12:26 PM in counter 2
Student 56 departed at 12:28 PM
Student 58 arrived at 12:28 PM and started service at 12:28 PM in counter 2

Counters were idle for 1 min, total idle time = 174 min

Student 57 departed at 12:31 PM
Student 58 departed at 12:31 PM
Student 59 arrived at 12:29 PM and started service at 12:31 PM in counter 2
Student 60 arrived at 12:31 PM and started service at 12:31 PM in counter 2

Counters were idle for 2 min, total idle time = 176 min

Student 59 departed at 12:33 PM
Student 61 arrived at 12:33 PM and started service at 12:33 PM in counter 2

Counters were idle for 1 min, total idle time = 177 min

Student 60 departed at 12:34 PM
Student 62 arrived at 12:34 PM and started service at 12:34 PM in counter 2

Counters were idle for 1 min, total idle time = 178 min

Student 62 departed at 12:37 PM
Student 63 arrived at 12:35 PM and started service at 12:37 PM in counter 2
Student 61 departed at 12:38 PM
Student 64 arrived at 12:36 PM and started service at 12:38 PM in counter 2

Counters were idle for 1 min, total idle time = 179 min

Student 63 departed at 12:40 PM
Student 65 arrived at 12:37 PM and started service at 12:40 PM in counter 2

Counters were idle for 2 min, total idle time = 181 min

Student 64 departed at 12:43 PM
Student 66 arrived at 12:39 PM and started service at 12:43 PM in counter 2
Student 65 departed at 12:44 PM
Student 67 arrived at 12:42 PM and started service at 12:44 PM in counter 2

Counters were idle for 2 min, total idle time = 183 min

Student 66 departed at 12:47 PM
Student 67 departed at 12:47 PM
Student 68 arrived at 12:46 PM and started service at 12:47 PM in counter 1

Counters were idle for 2 min, total idle time = 185 min

Student 69 arrived at 12:49 PM and started service at 12:49 PM in counter 2
Student 68 departed at 12:50 PM
Student 69 departed at 12:52 PM

Counters were idle for 1 min, total idle time = 186 min

Student 70 arrived at 12:53 PM and started service at 12:53 PM in counter 1
Student 70 departed at 12:57 PM

Counters were idle for 1 min, total idle time = 187 min

Student 71 arrived at 12:58 PM and started service at 12:58 PM in counter 1
Student 71 departed at 01:00 PM

Counters were idle for 1 min, total idle time = 188 min

Student 72 arrived at 01:01 PM and started service at 01:01 PM in counter 1
Student 73 arrived at 01:04 PM and started service at 01:04 PM in counter 2
Student 72 departed at 01:05 PM

Counters were idle for 1 min, total idle time = 189 min

Student 74 arrived at 01:06 PM and started service at 01:06 PM in counter 2
Student 73 departed at 01:06 PM
Student 74 departed at 01:10 PM

Counters were idle for 1 min, total idle time = 190 min

Student 75 arrived at 01:11 PM and started service at 01:11 PM in counter 1
Student 76 arrived at 01:12 PM and started service at 01:12 PM in counter 2
Student 75 departed at 01:13 PM
Student 77 arrived at 01:13 PM and started service at 01:13 PM in counter 2

Counters were idle for 1 min, total idle time = 191 min

Student 77 departed at 01:14 PM
Student 78 arrived at 01:14 PM and started service at 01:14 PM in counter 2
Student 76 departed at 01:15 PM
Student 78 departed at 01:15 PM

Counters were idle for 1 min, total idle time = 192 min

Student 79 arrived at 01:16 PM and started service at 01:16 PM in counter 1
Student 80 arrived at 01:18 PM and started service at 01:18 PM in counter 2
Student 79 departed at 01:20 PM
Student 81 arrived at 01:19 PM and started service at 01:20 PM in counter 2
Student 80 departed at 01:21 PM

Counters were idle for 2 min, total idle time = 194 min

Student 82 arrived at 01:23 PM and started service at 01:23 PM in counter 2
Student 81 departed at 01:23 PM

Counters were idle for 1 min, total idle time = 195 min

Student 83 arrived at 01:24 PM and started service at 01:24 PM in counter 2
Student 82 departed at 01:26 PM
Student 83 departed at 01:26 PM

Counters were idle for 1 min, total idle time = 196 min

Student 84 arrived at 01:27 PM and started service at 01:27 PM in counter 1
Student 84 departed at 01:28 PM

Counters were idle for 2 min, total idle time = 198 min

Student 85 arrived at 01:30 PM and started service at 01:30 PM in counter 1
Student 86 arrived at 01:34 PM and started service at 01:34 PM in counter 2
Student 85 departed at 01:34 PM

Counters were idle for 1 min, total idle time = 199 min

Student 87 arrived at 01:35 PM and started service at 01:35 PM in counter 2
Student 86 departed at 01:36 PM

Counters were idle for 2 min, total idle time = 201 min

Student 88 arrived at 01:38 PM and started service at 01:38 PM in counter 2
Student 87 departed at 01:38 PM
Student 88 departed at 01:39 PM

Counters were idle for 5 min, total idle time = 206 min

Student 89 arrived at 01:44 PM and started service at 01:44 PM in counter 1
Student 90 arrived at 01:45 PM and started service at 01:45 PM in counter 2
Student 89 departed at 01:47 PM
Student 91 arrived at 01:47 PM and started service at 01:47 PM in counter 2
Student 90 departed at 01:48 PM

Counters were idle for 1 min, total idle time = 207 min

Student 92 arrived at 01:49 PM and started service at 01:49 PM in counter 2
Student 91 departed at 01:51 PM

Counters were idle for 1 min, total idle time = 208 min

Student 93 arrived at 01:52 PM and started service at 01:52 PM in counter 2
Student 92 departed at 01:52 PM

Counters were idle for 1 min, total idle time = 209 min

Student 94 arrived at 01:53 PM and started service at 01:53 PM in counter 2
Student 93 departed at 01:53 PM

Counters were idle for 1 min, total idle time = 210 min

Student 95 arrived at 01:54 PM and started service at 01:54 PM in counter 2
Student 94 departed at 01:58 PM
Student 96 arrived at 01:58 PM and started service at 01:58 PM in counter 2
Student 95 departed at 01:59 PM
Student 96 departed at 02:01 PM

Counters were idle for 4 min, total idle time = 214 min

Student 97 arrived at 02:05 PM and started service at 02:05 PM in counter 1
Student 98 arrived at 02:06 PM and started service at 02:06 PM in counter 2
Student 98 departed at 02:07 PM
Student 97 departed at 02:09 PM

Counters were idle for 2 min, total idle time = 216 min

Student 99 arrived at 02:11 PM and started service at 02:11 PM in counter 1
Student 100 arrived at 02:12 PM and started service at 02:12 PM in counter 2
Student 100 departed at 02:13 PM
Student 101 arrived at 02:13 PM and started service at 02:13 PM in counter 2

Counters were idle for 1 min, total idle time = 217 min

Student 99 departed at 02:16 PM
Student 102 arrived at 02:14 PM and started service at 02:16 PM in counter 2
Student 101 departed at 02:18 PM
Student 103 arrived at 02:15 PM and started service at 02:18 PM in counter 2

Counters were idle for 3 min, total idle time = 220 min

Student 102 departed at 02:21 PM
Student 104 arrived at 02:21 PM and started service at 02:21 PM in counter 2

Counters were idle for 2 min, total idle time = 222 min

Student 103 departed at 02:23 PM
Student 105 arrived at 02:23 PM and started service at 02:23 PM in counter 2

Counters were idle for 1 min, total idle time = 223 min

Student 104 departed at 02:24 PM
Student 106 arrived at 02:24 PM and started service at 02:24 PM in counter 2
Student 106 departed at 02:25 PM
Student 105 departed at 02:28 PM

Counters were idle for 3 min, total idle time = 226 min

Student 107 arrived at 02:31 PM and started service at 02:31 PM in counter 1
Student 107 departed at 02:32 PM

Counters were idle for 2 min, total idle time = 228 min

Student 108 arrived at 02:34 PM and started service at 02:34 PM in counter 1
Student 108 departed at 02:39 PM

Counters were idle for 1 min, total idle time = 229 min

Student 109 arrived at 02:40 PM and started service at 02:40 PM in counter 1
Student 110 arrived at 02:43 PM and started service at 02:43 PM in counter 2
Student 109 departed at 02:43 PM
Student 110 departed at 02:44 PM

Counters were idle for 3 min, total idle time = 232 min

Student 111 arrived at 02:47 PM and started service at 02:47 PM in counter 1
Student 112 arrived at 02:48 PM and started service at 02:48 PM in counter 2
Student 111 departed at 02:50 PM
Student 112 departed at 02:50 PM
Student 113 arrived at 02:50 PM and started service at 02:50 PM in counter 1

Counters were idle for 1 min, total idle time = 233 min

Student 114 arrived at 02:51 PM and started service at 02:51 PM in counter 2
Student 113 departed at 02:55 PM
Student 114 departed at 02:55 PM
Student 115 arrived at 02:53 PM and started service at 02:55 PM in counter 1

Counters were idle for 1 min, total idle time = 234 min

Student 116 arrived at 02:56 PM and started service at 02:56 PM in counter 2
Student 116 departed at 02:57 PM
Student 117 arrived at 02:57 PM and started service at 02:57 PM in counter 2
Student 117 departed at 02:58 PM

Counters were idle for 1 min, total idle time = 235 min

Student 118 arrived at 02:59 PM and started service at 02:59 PM in counter 2
Student 115 departed at 03:00 PM
Student 118 departed at 03:00 PM

Counters were idle for 6 min, total idle time = 241 min

Student 119 arrived at 03:06 PM and started service at 03:06 PM in counter 1
Student 119 departed at 03:07 PM

Counters were idle for 3 min, total idle time = 244 min

Student 120 arrived at 03:10 PM and started service at 03:10 PM in counter 1
Student 121 arrived at 03:13 PM and started service at 03:13 PM in counter 2
Student 120 departed at 03:14 PM
Student 121 departed at 03:14 PM

Counters were idle for 4 min, total idle time = 248 min

Student 122 arrived at 03:18 PM and started service at 03:18 PM in counter 1
Student 123 arrived at 03:19 PM and started service at 03:19 PM in counter 2
Student 123 departed at 03:20 PM

Counters were idle for 2 min, total idle time = 250 min

Student 124 arrived at 03:22 PM and started service at 03:22 PM in counter 2
Student 122 departed at 03:23 PM
Student 124 departed at 03:23 PM

Counters were idle for 6 min, total idle time = 256 min

Student 125 arrived at 03:29 PM and started service at 03:29 PM in counter 1
Student 126 arrived at 03:30 PM and started service at 03:30 PM in counter 2
Student 126 departed at 03:31 PM

Counters were idle for 1 min, total idle time = 257 min

Student 127 arrived at 03:32 PM and started service at 03:32 PM in counter 2
Student 125 departed at 03:33 PM

Counters were idle for 1 min, total idle time = 258 min

Student 128 arrived at 03:34 PM and started service at 03:34 PM in counter 2
Student 127 departed at 03:36 PM
Student 129 arrived at 03:36 PM and started service at 03:36 PM in counter 2
Student 128 departed at 03:39 PM

Counters were idle for 1 min, total idle time = 259 min

Student 130 arrived at 03:40 PM and started service at 03:40 PM in counter 2
Student 129 departed at 03:41 PM
Student 130 departed at 03:43 PM

Counters were idle for 3 min, total idle time = 262 min

Student 131 arrived at 03:46 PM and started service at 03:46 PM in counter 1
Student 132 arrived at 03:48 PM and started service at 03:48 PM in counter 2
Student 131 departed at 03:49 PM
Student 132 departed at 03:49 PM
Student 133 arrived at 03:49 PM and started service at 03:49 PM in counter 1

Counters were idle for 1 min, total idle time = 263 min

Student 134 arrived at 03:50 PM and started service at 03:50 PM in counter 2
Student 133 departed at 03:54 PM
Student 134 departed at 03:54 PM
Student 135 arrived at 03:52 PM and started service at 03:54 PM in counter 1

Counters were idle for 1 min, total idle time = 264 min

Student 136 arrived at 03:55 PM and started service at 03:55 PM in counter 2
Student 135 departed at 03:59 PM
Student 137 arrived at 03:56 PM and started service at 03:59 PM in counter 2
Student 136 departed at 04:00 PM
Student 138 arrived at 03:57 PM and started service at 04:00 PM in counter 2
Student 138 departed at 04:01 PM
Student 137 departed at 04:04 PM

Counters were idle for 5 min, total idle time = 269 min

Student 139 arrived at 04:09 PM and started service at 04:09 PM in counter 1
Student 140 arrived at 04:10 PM and started service at 04:10 PM in counter 2
Student 139 departed at 04:12 PM
Student 140 departed at 04:12 PM

Counters were idle for 4 min, total idle time = 273 min

Student 141 arrived at 04:16 PM and started service at 04:16 PM in counter 1
Student 141 departed at 04:17 PM

Counters were idle for 3 min, total idle time = 276 min

Student 142 arrived at 04:20 PM and started service at 04:20 PM in counter 1
Student 143 arrived at 04:22 PM and started service at 04:22 PM in counter 2
Student 142 departed at 04:24 PM
Student 143 departed at 04:26 PM

Counters were idle for 14 min, total idle time = 290 min

Student 144 arrived at 04:40 PM and started service at 04:40 PM in counter 1
Student 145 arrived at 04:41 PM and started service at 04:41 PM in counter 2
Student 144 departed at 04:44 PM
Student 145 departed at 04:46 PM

Counters were idle for 3 min, total idle time = 293 min

Student 146 arrived at 04:49 PM and started service at 04:49 PM in counter 1
Student 147 arrived at 04:50 PM and started service at 04:50 PM in counter 2
Student 146 departed at 04:50 PM

Counters were idle for 2 min, total idle time = 295 min

Student 148 arrived at 04:52 PM and started service at 04:52 PM in counter 2
Student 147 departed at 04:52 PM
Student 148 departed at 04:54 PM

Counters were idle for 2 min, total idle time = 297 min

Student 149 arrived at 04:56 PM and started service at 04:56 PM in counter 1
Student 149 departed at 04:58 PM

Counters were idle for 1 min, total idle time = 298 min

Student 150 arrived at 04:59 PM and started service at 04:59 PM in counter 1
Student 150 departed at 05:03 PM

Counters were idle for 5 min, total idle time = 303 min

Student 151 arrived at 05:08 PM and started service at 05:08 PM in counter 1
Student 152 arrived at 05:12 PM and started service at 05:12 PM in counter 2
Student 151 departed at 05:13 PM
Student 152 departed at 05:13 PM

Counters were idle for 1 min, total idle time = 304 min

Student 153 arrived at 05:14 PM and started service at 05:14 PM in counter 1
Student 154 arrived at 05:16 PM and started service at 05:16 PM in counter 2
Student 153 departed at 05:19 PM
Student 155 arrived at 05:19 PM and started service at 05:19 PM in counter 2
Student 154 departed at 05:20 PM
Student 155 departed at 05:23 PM

Counters were idle for 2 min, total idle time = 306 min

Student 156 arrived at 05:25 PM and started service at 05:25 PM in counter 1
Student 157 arrived at 05:26 PM and started service at 05:26 PM in counter 2
Student 156 departed at 05:28 PM
Student 157 departed at 05:29 PM

Counters were idle for 17 min, total idle time = 323 min

Student 158 arrived at 05:46 PM and started service at 05:46 PM in counter 1
Student 158 departed at 05:47 PM

Counters were idle for 16 min, total idle time = 339 min

Student 159 arrived at 06:03 PM and started service at 06:03 PM in counter 1
Student 160 arrived at 06:04 PM and started service at 06:04 PM in counter 2
Student 159 departed at 06:06 PM
Student 160 departed at 06:08 PM

Counters were idle for 2 min, total idle time = 341 min

Student 161 arrived at 06:10 PM and started service at 06:10 PM in counter 1
Student 162 arrived at 06:13 PM and started service at 06:13 PM in counter 2
Student 161 departed at 06:13 PM
Student 162 departed at 06:15 PM

Counters were idle for 3 min, total idle time = 344 min

Student 163 arrived at 06:18 PM and started service at 06:18 PM in counter 1
Student 164 arrived at 06:20 PM and started service at 06:20 PM in counter 2
Student 163 departed at 06:20 PM

Counters were idle for 2 min, total idle time = 346 min

Student 165 arrived at 06:22 PM and started service at 06:22 PM in counter 2
Student 164 departed at 06:24 PM
Student 165 departed at 06:25 PM

Counters were idle for 8 min, total idle time = 354 min

Student 166 arrived at 06:33 PM and started service at 06:33 PM in counter 1
Student 167 arrived at 06:35 PM and started service at 06:35 PM in counter 2
Student 166 departed at 06:36 PM
Student 167 departed at 06:39 PM

Counters were idle for 9 min, total idle time = 363 min

Student 168 arrived at 06:48 PM and started service at 06:48 PM in counter 1
Student 168 departed at 06:50 PM

Counters were idle for 3 min, total idle time = 366 min

Student 169 arrived at 06:53 PM and started service at 06:53 PM in counter 1
Student 170 arrived at 06:54 PM and started service at 06:54 PM in counter 2
Student 169 departed at 06:56 PM

Counters were idle for 1 min, total idle time = 367 min

Student 171 arrived at 06:57 PM and started service at 06:57 PM in counter 2
Student 170 departed at 06:58 PM
Student 171 departed at 07:00 PM

Counters were idle for 8 min, total idle time = 375 min

Student 172 arrived at 07:08 PM and started service at 07:08 PM in counter 1
Student 173 arrived at 07:09 PM and started service at 07:09 PM in counter 2
Student 173 departed at 07:10 PM
Student 172 departed at 07:13 PM

Counters were idle for 13 min, total idle time = 388 min

Student 174 arrived at 07:26 PM and started service at 07:26 PM in counter 1
Student 174 departed at 07:30 PM

Counters were idle for 19 min, total idle time = 407 min

Student 175 arrived at 07:49 PM and started service at 07:49 PM in counter 1
Student 176 arrived at 07:50 PM and started service at 07:50 PM in counter 2
Student 175 departed at 07:50 PM
Student 176 departed at 07:52 PM

Counters were idle for 2 min, total idle time = 409 min

Student 177 arrived at 07:54 PM and started service at 07:54 PM in counter 1
Student 178 arrived at 07:56 PM and started service at 07:56 PM in counter 2
Student 177 departed at 07:56 PM
Student 178 departed at 08:00 PM

Counters were idle for 10 min, total idle time = 419 min

Student 179 arrived at 08:10 PM and started service at 08:10 PM in counter 1
Student 179 departed at 08:14 PM

Counters were idle for 14 min, total idle time = 433 min

Student 180 arrived at 08:28 PM and started service at 08:28 PM in counter 1
Student 180 departed at 08:29 PM

Counters were idle for 2 min, total idle time = 435 min

Student 181 arrived at 08:31 PM and started service at 08:31 PM in counter 1
Student 182 arrived at 08:32 PM and started service at 08:32 PM in counter 2
Student 181 departed at 08:35 PM
Student 182 departed at 08:37 PM

Counters were idle for 21 min, total idle time = 456 min

Student 183 arrived at 08:58 PM and started service at 08:58 PM in counter 1
Student 183 departed at 09:01 PM

Counters were idle for 19 min, total idle time = 475 min

Student 184 arrived at 09:20 PM and started service at 09:20 PM in counter 1
Student 184 departed at 09:24 PM

Counters were idle for 1 min, total idle time = 476 min

Student 185 arrived at 09:25 PM and started service at 09:25 PM in counter 1
Student 185 departed at 09:27 PM

Counters were idle for 12 min, total idle time = 488 min

Student 186 arrived at 09:39 PM and started service at 09:39 PM in counter 1
Student 186 departed at 09:43 PM

Counters were idle for 2 min, total idle time = 490 min

Student 187 arrived at 09:45 PM and started service at 09:45 PM in counter 1
Student 188 arrived at 09:48 PM and started service at 09:48 PM in counter 2
Student 187 departed at 09:48 PM
Student 188 departed at 09:50 PM

Counters were idle for 8 min, total idle time = 498 min

Student 189 arrived at 09:58 PM and started service at 09:58 PM in counter 1
