Student 1 arrived at 08:00 AM and started service at 08:00 AM in counter 1

Counters were idle for 3 min, total idle time = 3 min

Student 2 arrived at 08:03 AM and started service at 08:03 AM in counter 2
Student 1 departed at 08:05 AM
Student 3 arrived at 08:05 AM and started service at 08:05 AM in counter 2

Counters were idle for 1 min, total idle time = 4 min

Student 2 departed at 08:07 AM
Student 4 arrived at 08:06 AM and started service at 08:07 AM in counter 2
Student 3 departed at 08:09 AM
Student 4 departed at 08:09 AM

Counters were idle for 1 min, total idle time = 5 min

Student 5 arrived at 08:10 AM and started service at 08:10 AM in counter 1
Student 5 departed at 08:12 AM

Counters were idle for 7 min, total idle time = 12 min

Student 6 arrived at 08:19 AM and started service at 08:19 AM in counter 1
Student 6 departed at 08:22 AM

Counters were idle for 19 min, total idle time = 31 min

Student 7 arrived at 08:41 AM and started service at 08:41 AM in counter 1
Student 7 departed at 08:43 AM

Counters were idle for 5 min, total idle time = 36 min

Student 8 arrived at 08:48 AM and started service at 08:48 AM in counter 1
Student 9 arrived at 08:53 AM and started service at 08:53 AM in counter 2
Student 8 departed at 08:53 AM

Counters were idle for 2 min, total idle time = 38 min

Student 10 arrived at 08:55 AM and started service at 08:55 AM in counter 2
Student 10 departed at 08:57 AM
Student 11 arrived at 08:57 AM and started service at 08:57 AM in counter 2
Student 9 departed at 08:58 AM
Student 11 departed at 08:58 AM

Counters were idle for 4 min, total idle time = 42 min

Student 12 arrived at 09:02 AM and started service at 09:02 AM in counter 1
Student 12 departed at 09:07 AM

Counters were idle for 3 min, total idle time = 45 min

Student 13 arrived at 09:10 AM and started service at 09:10 AM in counter 1
Student 13 departed at 09:12 AM

Counters were idle for 1 min, total idle time = 46 min

Student 14 arrived at 09:13 AM and started service at 09:13 AM in counter 1
Student 14 departed at 09:14 AM

Counters were idle for 5 min, total idle time = 51 min

Student 15 arrived at 09:19 AM and started service at 09:19 AM in counter 1
Student 15 departed at 09:22 AM

Counters were idle for 4 min, total idle time = 55 min

Student 16 arrived at 09:26 AM and started service at 09:26 AM in counter 1
Student 16 departed at 09:29 AM

Counters were idle for 3 min, total idle time = 58 min

Student 17 arrived at 09:32 AM and started service at 09:32 AM in counter 1
Student 17 departed at 09:36 AM

Counters were idle for 8 min, total idle time = 66 min

Student 18 arrived at 09:44 AM and started service at 09:44 AM in counter 1
Student 18 departed at 09:47 AM

Counters were idle for 8 min, total idle time = 74 min

Student 19 arrived at 09:55 AM and started service at 09:55 AM in counter 1
Student 20 arrived at 09:57 AM and started service at 09:57 AM in counter 2
Student 19 departed at 10:00 AM
Student 20 departed at 10:00 AM
Student 21 arrived at 09:59 AM and started service at 10:00 AM in counter 1
Student 21 departed at 10:03 AM

Counters were idle for 3 min, total idle time = 77 min

Student 22 arrived at 10:06 AM and started service at 10:06 AM in counter 1
Student 23 arrived at 10:08 AM and started service at 10:08 AM in counter 2
Student 22 departed at 10:11 AM
Student 23 departed at 10:12 AM

Counters were idle for 1 min, total idle time = 78 min

Student 24 arrived at 10:13 AM and started service at 10:13 AM in counter 1
Student 24 departed at 10:14 AM

Counters were idle for 13 min, total idle time = 91 min

Student 25 arrived at 10:27 AM and started service at 10:27 AM in counter 1
Student 25 departed at 10:31 AM

Counters were idle for 4 min, total idle time = 95 min

Student 26 arrived at 10:35 AM and started service at 10:35 AM in counter 1
Student 27 arrived at 10:38 AM and started service at 10:38 AM in counter 2
Student 26 departed at 10:39 AM
Student 28 arrived at 10:39 AM and started service at 10:39 AM in counter 2
Student 28 departed at 10:41 AM

Counters were idle for 1 min, total idle time = 96 min

Student 27 departed at 10:42 AM
Student 29 arrived at 10:42 AM and started service at 10:42 AM in counter 1
Student 29 departed at 10:45 AM

Counters were idle for 3 min, total idle time = 99 min

Student 30 arrived at 10:48 AM and started service at 10:48 AM in counter 1
Student 31 arrived at 10:52 AM and started service at 10:52 AM in counter 2
Student 30 departed at 10:52 AM

Counters were idle for 1 min, total idle time = 100 min

Student 32 arrived at 10:53 AM and started service at 10:53 AM in counter 2
Student 31 departed at 10:56 AM
Student 33 arrived at 10:55 AM and started service at 10:56 AM in counter 2

Counters were idle for 1 min, total idle time = 101 min

Student 33 departed at 10:57 AM
Student 34 arrived at 10:57 AM and started service at 10:57 AM in counter 2
Student 32 departed at 10:58 AM
Student 34 departed at 10:58 AM

Counters were idle for 3 min, total idle time = 104 min

Student 35 arrived at 11:01 AM and started service at 11:01 AM in counter 1
Student 36 arrived at 11:03 AM and started service at 11:03 AM in counter 2
Student 35 departed at 11:03 AM

Counters were idle for 1 min, total idle time = 105 min

Student 37 arrived at 11:04 AM and started service at 11:04 AM in counter 2
Student 37 departed at 11:07 AM
Student 36 departed at 11:08 AM

Counters were idle for 9 min, total idle time = 114 min

Student 38 arrived at 11:17 AM and started service at 11:17 AM in counter 1
Student 38 departed at 11:22 AM

Counters were idle for 1 min, total idle time = 115 min

Student 39 arrived at 11:23 AM and started service at 11:23 AM in counter 1
Student 40 arrived at 11:24 AM and started service at 11:24 AM in counter 2
Student 39 departed at 11:27 AM
Student 40 departed at 11:28 AM

Counters were idle for 1 min, total idle time = 116 min

Student 41 arrived at 11:29 AM and started service at 11:29 AM in counter 1
Student 42 arrived at 11:31 AM and started service at 11:31 AM in counter 2
Student 41 departed at 11:32 AM

Counters were idle for 1 min, total idle time = 117 min

Student 43 arrived at 11:33 AM and started service at 11:33 AM in counter 2
Student 42 departed at 11:34 AM

Counters were idle for 1 min, total idle time = 118 min

Student 44 arrived at 11:35 AM and started service at 11:35 AM in counter 2
Student 43 departed at 11:38 AM
Student 44 departed at 11:38 AM

Counters were idle for 5 min, total idle time = 123 min

Student 45 arrived at 11:43 AM and started service at 11:43 AM in counter 1
Student 46 arrived at 11:47 AM and started service at 11:47 AM in counter 2
Student 45 departed at 11:47 AM

Counters were idle for 3 min, total idle time = 126 min

Student 47 arrived at 11:50 AM and started service at 11:50 AM in counter 2
Student 46 departed at 11:50 AM
Student 47 departed at 11:51 AM

Counters were idle for 3 min, total idle time = 129 min

Student 48 arrived at 11:54 AM and started service at 11:54 AM in counter 1
Student 48 departed at 11:58 AM

Counters were idle for 5 min, total idle time = 134 min

Student 49 arrived at 12:03 PM and started service at 12:03 PM in counter 1
Student 50 arrived at 12:06 PM and started service at 12:06 PM in counter 2
Student 49 departed at 12:07 PM
Student 51 arrived at 12:07 PM and started service at 12:07 PM in counter 2

Counters were idle for 1 min, total idle time = 135 min

Student 50 departed at 12:08 PM
Student 52 arrived at 12:08 PM and started service at 12:08 PM in counter 2
Student 51 departed at 12:10 PM
Student 52 departed at 12:11 PM

Counters were idle for 1 min, total idle time = 136 min

Student 53 arrived at 12:12 PM and started service at 12:12 PM in counter 1
Student 54 arrived at 12:13 PM and started service at 12:13 PM in counter 2
Student 53 departed at 12:16 PM

Counters were idle for 1 min, total idle time = 137 min

Student 55 arrived at 12:17 PM and started service at 12:17 PM in counter 2
Student 54 departed at 12:18 PM
Student 56 arrived at 12:18 PM and started service at 12:18 PM in counter 2

Counters were idle for 1 min, total idle time = 138 min

Student 55 departed at 12:20 PM
Student 57 arrived at 12:19 PM and started service at 12:20 PM in counter 2

Counters were idle for 3 min, total idle time = 141 min

Student 56 departed at 12:23 PM
Student 58 arrived at 12:23 PM and started service at 12:23 PM in counter 2
Student 57 departed at 12:24 PM
Student 58 departed at 12:24 PM

Counters were idle for 1 min, total idle time = 142 min

Student 59 arrived at 12:25 PM and started service at 12:25 PM in counter 1
Student 59 departed at 12:26 PM

Counters were idle for 4 min, total idle time = 146 min

Student 60 arrived at 12:30 PM and started service at 12:30 PM in counter 1
Student 61 arrived at 12:31 PM and started service at 12:31 PM in counter 2
Student 61 departed at 12:33 PM
Student 62 arrived at 12:33 PM and started service at 12:33 PM in counter 2

Counters were idle for 2 min, total idle time = 148 min

Student 60 departed at 12:35 PM
Student 63 arrived at 12:35 PM and started service at 12:35 PM in counter 2
Student 62 departed at 12:37 PM

Counters were idle for 1 min, total idle time = 149 min

Student 64 arrived at 12:38 PM and started service at 12:38 PM in counter 2
Student 63 departed at 12:40 PM
Student 65 arrived at 12:39 PM and started service at 12:40 PM in counter 2
Student 64 departed at 12:41 PM
Student 66 arrived at 12:40 PM and started service at 12:41 PM in counter 2

Counters were idle for 2 min, total idle time = 151 min

Student 65 departed at 12:43 PM
Student 67 arrived at 12:43 PM and started service at 12:43 PM in counter 2

Counters were idle for 1 min, total idle time = 152 min

Student 66 departed at 12:45 PM
Student 68 arrived at 12:44 PM and started service at 12:45 PM in counter 2

Counters were idle for 1 min, total idle time = 153 min

Student 67 departed at 12:46 PM
Student 68 departed at 12:46 PM
Student 69 arrived at 12:46 PM and started service at 12:46 PM in counter 1

Counters were idle for 2 min, total idle time = 155 min

Student 70 arrived at 12:48 PM and started service at 12:48 PM in counter 2
Student 70 departed at 12:49 PM

Counters were idle for 2 min, total idle time = 157 min

Student 69 departed at 12:51 PM
Student 71 arrived at 12:51 PM and started service at 12:51 PM in counter 1

Counters were idle for 3 min, total idle time = 160 min

Student 72 arrived at 12:54 PM and started service at 12:54 PM in counter 2
Student 71 departed at 12:55 PM
Student 72 departed at 12:58 PM

Counters were idle for 5 min, total idle time = 165 min

Student 73 arrived at 01:03 PM and started service at 01:03 PM in counter 1
Student 74 arrived at 01:05 PM and started service at 01:05 PM in counter 2
Student 73 departed at 01:05 PM

Counters were idle for 4 min, total idle time = 169 min

Student 75 arrived at 01:09 PM and started service at 01:09 PM in counter 2
Student 74 departed at 01:10 PM

Counters were idle for 2 min, total idle time = 171 min

Student 76 arrived at 01:12 PM and started service at 01:12 PM in counter 2
Student 75 departed at 01:14 PM
Student 76 departed at 01:14 PM
Student 77 arrived at 01:14 PM and started service at 01:14 PM in counter 1

Counters were idle for 4 min, total idle time = 175 min

Student 78 arrived at 01:18 PM and started service at 01:18 PM in counter 2
Student 77 departed at 01:19 PM
Student 79 arrived at 01:19 PM and started service at 01:19 PM in counter 2

Counters were idle for 1 min, total idle time = 176 min

Student 78 departed at 01:20 PM
Student 80 arrived at 01:20 PM and started service at 01:20 PM in counter 2
Student 80 departed at 01:21 PM
Student 79 departed at 01:23 PM

Counters were idle for 2 min, total idle time = 178 min

Student 81 arrived at 01:25 PM and started service at 01:25 PM in counter 1
Student 82 arrived at 01:26 PM and started service at 01:26 PM in counter 2
Student 81 departed at 01:28 PM
Student 82 departed at 01:28 PM
Student 83 arrived at 01:28 PM and started service at 01:28 PM in counter 1

Counters were idle for 5 min, total idle time = 183 min

Student 84 arrived at 01:33 PM and started service at 01:33 PM in counter 2
Student 83 departed at 01:33 PM

Counters were idle for 1 min, total idle time = 184 min

Student 85 arrived at 01:34 PM and started service at 01:34 PM in counter 2
Student 84 departed at 01:38 PM
Student 86 arrived at 01:35 PM and started service at 01:38 PM in counter 2

Counters were idle for 1 min, total idle time = 185 min

Student 85 departed at 01:39 PM
Student 87 arrived at 01:36 PM and started service at 01:39 PM in counter 2

Counters were idle for 1 min, total idle time = 186 min

Student 87 departed at 01:40 PM
Student 88 arrived at 01:37 PM and started service at 01:40 PM in counter 2
Student 86 departed at 01:41 PM
Student 88 departed at 01:41 PM
Student 89 arrived at 01:39 PM and started service at 01:41 PM in counter 2
Student 90 arrived at 01:40 PM and started service at 01:41 PM in counter 2
Student 89 departed at 01:44 PM
Student 90 departed at 01:44 PM

Counters were idle for 1 min, total idle time = 187 min

Student 91 arrived at 01:45 PM and started service at 01:45 PM in counter 1
Student 92 arrived at 01:49 PM and started service at 01:49 PM in counter 2
Student 91 departed at 01:49 PM

Counters were idle for 4 min, total idle time = 191 min

Student 93 arrived at 01:53 PM and started service at 01:53 PM in counter 2
Student 92 departed at 01:53 PM
Student 93 departed at 01:57 PM

Counters were idle for 2 min, total idle time = 193 min

Student 94 arrived at 01:59 PM and started service at 01:59 PM in counter 1
Student 95 arrived at 02:00 PM and started service at 02:00 PM in counter 2
Student 94 departed at 02:04 PM
Student 96 arrived at 02:01 PM and started service at 02:04 PM in counter 2

Counters were idle for 1 min, total idle time = 194 min

Student 95 departed at 02:05 PM
Student 97 arrived at 02:03 PM and started service at 02:05 PM in counter 2
Student 97 departed at 02:08 PM
Student 98 arrived at 02:05 PM and started service at 02:08 PM in counter 2
Student 96 departed at 02:09 PM

Counters were idle for 2 min, total idle time = 196 min

Student 99 arrived at 02:11 PM and started service at 02:11 PM in counter 2
Student 98 departed at 02:11 PM

Counters were idle for 2 min, total idle time = 198 min

Student 100 arrived at 02:13 PM and started service at 02:13 PM in counter 2
Student 99 departed at 02:13 PM

Counters were idle for 1 min, total idle time = 199 min

Student 101 arrived at 02:14 PM and started service at 02:14 PM in counter 2
Student 101 departed at 02:16 PM
Student 102 arrived at 02:15 PM and started service at 02:16 PM in counter 2

Counters were idle for 1 min, total idle time = 200 min

Student 100 departed at 02:17 PM
Student 103 arrived at 02:17 PM and started service at 02:17 PM in counter 2
Student 103 departed at 02:18 PM
Student 102 departed at 02:20 PM

Counters were idle for 4 min, total idle time = 204 min

Student 104 arrived at 02:24 PM and started service at 02:24 PM in counter 1
Student 104 departed at 02:28 PM

Counters were idle for 1 min, total idle time = 205 min

Student 105 arrived at 02:29 PM and started service at 02:29 PM in counter 1
Student 106 arrived at 02:30 PM and started service at 02:30 PM in counter 2
Student 106 departed at 02:32 PM
Student 107 arrived at 02:31 PM and started service at 02:32 PM in counter 2
Student 105 departed at 02:33 PM

Counters were idle for 3 min, total idle time = 208 min

Student 108 arrived at 02:36 PM and started service at 02:36 PM in counter 2
Student 107 departed at 02:36 PM

Counters were idle for 4 min, total idle time = 212 min

Student 109 arrived at 02:40 PM and started service at 02:40 PM in counter 2
Student 108 departed at 02:40 PM
Student 109 departed at 02:43 PM

Counters were idle for 4 min, total idle time = 216 min

Student 110 arrived at 02:47 PM and started service at 02:47 PM in counter 1
Student 111 arrived at 02:50 PM and started service at 02:50 PM in counter 2
Student 110 departed at 02:52 PM
Student 111 departed at 02:52 PM

Counters were idle for 1 min, total idle time = 217 min

Student 112 arrived at 02:53 PM and started service at 02:53 PM in counter 1
Student 112 departed at 02:55 PM

Counters were idle for 1 min, total idle time = 218 min

Student 113 arrived at 02:56 PM and started service at 02:56 PM in counter 1
Student 114 arrived at 02:58 PM and started service at 02:58 PM in counter 2
Student 113 departed at 03:00 PM
Student 115 arrived at 03:00 PM and started service at 03:00 PM in counter 2

Counters were idle for 2 min, total idle time = 220 min

Student 114 departed at 03:03 PM
Student 116 arrived at 03:02 PM and started service at 03:03 PM in counter 2
Student 115 departed at 03:04 PM

Counters were idle for 1 min, total idle time = 221 min

Student 117 arrived at 03:05 PM and started service at 03:05 PM in counter 2
Student 116 departed at 03:06 PM
Student 118 arrived at 03:06 PM and started service at 03:06 PM in counter 2
Student 117 departed at 03:08 PM

Counters were idle for 1 min, total idle time = 222 min

Student 119 arrived at 03:09 PM and started service at 03:09 PM in counter 2
Student 118 departed at 03:09 PM

Counters were idle for 2 min, total idle time = 224 min

Student 120 arrived at 03:11 PM and started service at 03:11 PM in counter 2
Student 120 departed at 03:13 PM

Counters were idle for 1 min, total idle time = 225 min

Student 119 departed at 03:14 PM
Student 121 arrived at 03:14 PM and started service at 03:14 PM in counter 1

Counters were idle for 2 min, total idle time = 227 min

Student 122 arrived at 03:16 PM and started service at 03:16 PM in counter 2
Student 121 departed at 03:17 PM
Student 122 departed at 03:17 PM

Counters were idle for 2 min, total idle time = 229 min

Student 123 arrived at 03:19 PM and started service at 03:19 PM in counter 1
Student 124 arrived at 03:20 PM and started service at 03:20 PM in counter 2
Student 123 departed at 03:20 PM

Counters were idle for 1 min, total idle time = 230 min

Student 125 arrived at 03:21 PM and started service at 03:21 PM in counter 2
Student 124 departed at 03:22 PM
Student 125 departed at 03:23 PM

Counters were idle for 5 min, total idle time = 235 min

Student 126 arrived at 03:28 PM and started service at 03:28 PM in counter 1
Student 127 arrived at 03:29 PM and started service at 03:29 PM in counter 2
Student 126 departed at 03:31 PM
Student 128 arrived at 03:31 PM and started service at 03:31 PM in counter 2

Counters were idle for 1 min, total idle time = 236 min

Student 127 departed at 03:34 PM
Student 129 arrived at 03:32 PM and started service at 03:34 PM in counter 2
Student 128 departed at 03:36 PM
Student 130 arrived at 03:33 PM and started service at 03:36 PM in counter 2
Student 129 departed at 03:38 PM
Student 131 arrived at 03:34 PM and started service at 03:38 PM in counter 2

Counters were idle for 2 min, total idle time = 238 min

Student 130 departed at 03:40 PM
Student 131 departed at 03:40 PM
Student 132 arrived at 03:40 PM and started service at 03:40 PM in counter 1

Counters were idle for 2 min, total idle time = 240 min

Student 133 arrived at 03:42 PM and started service at 03:42 PM in counter 2
Student 132 departed at 03:45 PM
Student 133 departed at 03:45 PM

Counters were idle for 1 min, total idle time = 241 min

Student 134 arrived at 03:46 PM and started service at 03:46 PM in counter 1
Student 135 arrived at 03:47 PM and started service at 03:47 PM in counter 2
Student 134 departed at 03:47 PM
Student 135 departed at 03:48 PM

Counters were idle for 1 min, total idle time = 242 min

Student 136 arrived at 03:49 PM and started service at 03:49 PM in counter 1
Student 136 departed at 03:50 PM

Counters were idle for 1 min, total idle time = 243 min

Student 137 arrived at 03:51 PM and started service at 03:51 PM in counter 1
Student 137 departed at 03:55 PM

Counters were idle for 3 min, total idle time = 246 min

Student 138 arrived at 03:58 PM and started service at 03:58 PM in counter 1
Student 139 arrived at 04:02 PM and started service at 04:02 PM in counter 2
Student 138 departed at 04:02 PM
Student 139 departed at 04:07 PM

Counters were idle for 4 min, total idle time = 250 min

Student 140 arrived at 04:11 PM and started service at 04:11 PM in counter 1
Student 141 arrived at 04:12 PM and started service at 04:12 PM in counter 2
Student 141 departed at 04:13 PM
Student 140 departed at 04:16 PM

Counters were idle for 1 min, total idle time = 251 min

Student 142 arrived at 04:17 PM and started service at 04:17 PM in counter 1
Student 142 departed at 04:18 PM

Counters were idle for 1 min, total idle time = 252 min

Student 143 arrived at 04:19 PM and started service at 04:19 PM in counter 1
Student 144 arrived at 04:21 PM and started service at 04:21 PM in counter 2
Student 143 departed at 04:22 PM

Counters were idle for 3 min, total idle time = 255 min

Student 145 arrived at 04:25 PM and started service at 04:25 PM in counter 2
Student 144 departed at 04:25 PM

Counters were idle for 2 min, total idle time = 257 min

Student 146 arrived at 04:27 PM and started service at 04:27 PM in counter 2
Student 146 departed at 04:28 PM

Counters were idle for 1 min, total idle time = 258 min

Student 145 departed at 04:29 PM
Student 147 arrived at 04:29 PM and started service at 04:29 PM in counter 1
Student 147 departed at 04:32 PM

Counters were idle for 3 min, total idle time = 261 min

Student 148 arrived at 04:35 PM and started service at 04:35 PM in counter 1
Student 149 arrived at 04:36 PM and started service at 04:36 PM in counter 2
Student 148 departed at 04:36 PM

Counters were idle for 2 min, total idle time = 263 min

Student 150 arrived at 04:38 PM and started service at 04:38 PM in counter 2
Student 149 departed at 04:39 PM
Student 150 departed at 04:39 PM

Counters were idle for 9 min, total idle time = 272 min

Student 151 arrived at 04:48 PM and started service at 04:48 PM in counter 1
Student 152 arrived at 04:51 PM and started service at 04:51 PM in counter 2
Student 151 departed at 04:52 PM
Student 152 departed at 04:53 PM

Counters were idle for 1 min, total idle time = 273 min

Student 153 arrived at 04:54 PM and started service at 04:54 PM in counter 1
Student 154 arrived at 04:58 PM and started service at 04:58 PM in counter 2
Student 153 departed at 04:58 PM

Counters were idle for 1 min, total idle time = 274 min

Student 155 arrived at 04:59 PM and started service at 04:59 PM in counter 2
Student 154 departed at 05:00 PM
Student 155 departed at 05:03 PM

Counters were idle for 6 min, total idle time = 280 min

Student 156 arrived at 05:09 PM and started service at 05:09 PM in counter 1
Student 156 departed at 05:13 PM

Counters were idle for 7 min, total idle time = 287 min

Student 157 arrived at 05:20 PM and started service at 05:20 PM in counter 1
Student 157 departed at 05:22 PM

Counters were idle for 3 min, total idle time = 290 min

Student 158 arrived at 05:25 PM and started service at 05:25 PM in counter 1
Student 158 departed at 05:28 PM

Counters were idle for 8 min, total idle time = 298 min

Student 159 arrived at 05:36 PM and started service at 05:36 PM in counter 1
Student 160 arrived at 05:37 PM and started service at 05:37 PM in counter 2
Student 159 departed at 05:40 PM
Student 160 departed at 05:40 PM
Student 161 arrived at 05:40 PM and started service at 05:40 PM in counter 1
Student 161 departed at 05:43 PM

Counters were idle for 9 min, total idle time = 307 min

Student 162 arrived at 05:52 PM and started service at 05:52 PM in counter 1
Student 162 departed at 05:56 PM

Counters were idle for 32 min, total idle time = 339 min

Student 163 arrived at 06:28 PM and started service at 06:28 PM in counter 1
Student 163 departed at 06:29 PM

Counters were idle for 9 min, total idle time = 348 min

Student 164 arrived at 06:38 PM and started service at 06:38 PM in counter 1
Student 165 arrived at 06:40 PM and started service at 06:40 PM in counter 2
Student 164 departed at 06:40 PM

Counters were idle for 1 min, total idle time = 349 min

Student 166 arrived at 06:41 PM and started service at 06:41 PM in counter 2
Student 166 departed at 06:43 PM
Student 165 departed at 06:44 PM

Counters were idle for 4 min, total idle time = 353 min

Student 167 arrived at 06:48 PM and started service at 06:48 PM in counter 1
Student 167 departed at 06:52 PM

Counters were idle for 2 min, total idle time = 355 min

Student 168 arrived at 06:54 PM and started service at 06:54 PM in counter 1
Student 168 departed at 06:58 PM

Counters were idle for 10 min, total idle time = 365 min

Student 169 arrived at 07:08 PM and started service at 07:08 PM in counter 1
Student 169 departed at 07:11 PM

Counters were idle for 5 min, total idle time = 370 min

Student 170 arrived at 07:16 PM and started service at 07:16 PM in counter 1
Student 171 arrived at 07:20 PM and started service at 07:20 PM in counter 2
Student 170 departed at 07:21 PM

Counters were idle for 3 min, total idle time = 373 min

Student 172 arrived at 07:24 PM and started service at 07:24 PM in counter 2
Student 171 departed at 07:24 PM

Counters were idle for 3 min, total idle time = 376 min

Student 173 arrived at 07:27 PM and started service at 07:27 PM in counter 2
Student 172 departed at 07:28 PM
Student 173 departed at 07:30 PM

Counters were idle for 5 min, total idle time = 381 min

Student 174 arrived at 07:35 PM and started service at 07:35 PM in counter 1
Student 174 departed at 07:37 PM

Counters were idle for 4 min, total idle time = 385 min

Student 175 arrived at 07:41 PM and started service at 07:41 PM in counter 1
Student 175 departed at 07:46 PM

Counters were idle for 1 min, total idle time = 386 min

Student 176 arrived at 07:47 PM and started service at 07:47 PM in counter 1
Student 177 arrived at 07:48 PM and started service at 07:48 PM in counter 2
Student 176 departed at 07:50 PM

Counters were idle for 2 min, total idle time = 388 min

Student 178 arrived at 07:52 PM and started service at 07:52 PM in counter 2
Student 177 departed at 07:53 PM
Student 178 departed at 07:56 PM

Counters were idle for 29 min, total idle time = 417 min

Student 179 arrived at 08:25 PM and started service at 08:25 PM in counter 1
Student 179 departed at 08:29 PM

Counters were idle for 8 min, total idle time = 425 min

Student 180 arrived at 08:37 PM and started service at 08:37 PM in counter 1
Student 180 departed at 08:42 PM

Counters were idle for 10 min, total idle time = 435 min

Student 181 arrived at 08:52 PM and started service at 08:52 PM in counter 1
Student 182 arrived at 08:54 PM and started service at 08:54 PM in counter 2
Student 181 departed at 08:54 PM
Student 182 departed at 08:59 PM

Counters were idle for 10 min, total idle time = 445 min

Student 183 arrived at 09:09 PM and started service at 09:09 PM in counter 1
Student 184 arrived at 09:10 PM and started service at 09:10 PM in counter 2
Student 183 departed at 09:11 PM
Student 185 arrived at 09:11 PM and started service at 09:11 PM in counter 2
Student 184 departed at 09:13 PM
Student 185 departed at 09:13 PM

Counters were idle for 4 min, total idle time = 449 min

Student 186 arrived at 09:17 PM and started service at 09:17 PM in counter 1
Student 186 departed at 09:20 PM

Counters were idle for 8 min, total idle time = 457 min

Student 187 arrived at 09:28 PM and started service at 09:28 PM in counter 1
Student 187 departed at 09:30 PM

Counters were idle for 25 min, total idle time = 482 min

Student 188 arrived at 09:55 PM and started service at 09:55 PM in counter 1
Student 189 arrived at 09:59 PM and started service at 09:59 PM in counter 2
Student 188 departed at 09:59 PM
