Student 1 arrived at 08:00 AM and started service at 08:00 AM in counter 1

Counters were idle for 3 min, total idle time = 3 min

Student 2 arrived at 08:03 AM and started service at 08:03 AM in counter 2
Student 1 departed at 08:05 AM

Counters were idle for 2 min, total idle time = 5 min

Student 3 arrived at 08:07 AM and started service at 08:07 AM in counter 2
Student 2 departed at 08:08 AM

Counters were idle for 1 min, total idle time = 6 min

Student 4 arrived at 08:09 AM and started service at 08:09 AM in counter 2
Student 3 departed at 08:12 AM
Student 4 departed at 08:14 AM

Counters were idle for 5 min, total idle time = 11 min

Student 5 arrived at 08:19 AM and started service at 08:19 AM in counter 1
Student 5 departed at 08:21 AM

Counters were idle for 2 min, total idle time = 13 min

Student 6 arrived at 08:23 AM and started service at 08:23 AM in counter 1
Student 6 departed at 08:24 AM

Counters were idle for 1 min, total idle time = 14 min

Student 7 arrived at 08:25 AM and started service at 08:25 AM in counter 1
Student 7 departed at 08:28 AM

Counters were idle for 7 min, total idle time = 21 min

Student 8 arrived at 08:35 AM and started service at 08:35 AM in counter 1
Student 8 departed at 08:36 AM

Counters were idle for 1 min, total idle time = 22 min

Student 9 arrived at 08:37 AM and started service at 08:37 AM in counter 1
Student 10 arrived at 08:39 AM and started service at 08:39 AM in counter 2
Student 9 departed at 08:39 AM
Student 10 departed at 08:41 AM

Counters were idle for 1 min, total idle time = 23 min

Student 11 arrived at 08:42 AM and started service at 08:42 AM in counter 1
Student 12 arrived at 08:45 AM and started service at 08:45 AM in counter 2
Student 12 departed at 08:46 AM
Student 11 departed at 08:47 AM

Counters were idle for 2 min, total idle time = 25 min

Student 13 arrived at 08:49 AM and started service at 08:49 AM in counter 1
Student 14 arrived at 08:50 AM and started service at 08:50 AM in counter 2
Student 13 departed at 08:52 AM
Student 14 departed at 08:52 AM

Counters were idle for 4 min, total idle time = 29 min

Student 15 arrived at 08:56 AM and started service at 08:56 AM in counter 1
Student 15 departed at 08:58 AM

Counters were idle for 4 min, total idle time = 33 min

Student 16 arrived at 09:02 AM and started service at 09:02 AM in counter 1
Student 16 departed at 09:03 AM

Counters were idle for 4 min, total idle time = 37 min

Student 17 arrived at 09:07 AM and started service at 09:07 AM in counter 1
Student 18 arrived at 09:08 AM and started service at 09:08 AM in counter 2
Student 17 departed at 09:08 AM
Student 18 departed at 09:12 AM

Counters were idle for 5 min, total idle time = 42 min

Student 19 arrived at 09:17 AM and started service at 09:17 AM in counter 1
Student 19 departed at 09:22 AM

Counters were idle for 3 min, total idle time = 45 min

Student 20 arrived at 09:25 AM and started service at 09:25 AM in counter 1
Student 21 arrived at 09:27 AM and started service at 09:27 AM in counter 2
Student 21 departed at 09:28 AM
Student 20 departed at 09:30 AM

Counters were idle for 3 min, total idle time = 48 min

Student 22 arrived at 09:33 AM and started service at 09:33 AM in counter 1
Student 22 departed at 09:37 AM

Counters were idle for 17 min, total idle time = 65 min

Student 23 arrived at 09:54 AM and started service at 09:54 AM in counter 1
Student 23 departed at 09:56 AM

Counters were idle for 2 min, total idle time = 67 min

Student 24 arrived at 09:58 AM and started service at 09:58 AM in counter 1
Student 25 arrived at 09:59 AM and started service at 09:59 AM in counter 2
Student 24 departed at 09:59 AM
Student 25 departed at 10:02 AM

Counters were idle for 17 min, total idle time = 84 min

Student 26 arrived at 10:19 AM and started service at 10:19 AM in counter 1
Student 27 arrived at 10:22 AM and started service at 10:22 AM in counter 2
Student 26 departed at 10:23 AM
Student 27 departed at 10:25 AM

Counters were idle for 3 min, total idle time = 87 min

Student 28 arrived at 10:28 AM and started service at 10:28 AM in counter 1
Student 29 arrived at 10:29 AM and started service at 10:29 AM in counter 2
Student 28 departed at 10:31 AM
Student 29 departed at 10:32 AM

Counters were idle for 2 min, total idle time = 89 min

Student 30 arrived at 10:34 AM and started service at 10:34 AM in counter 1
Student 30 departed at 10:38 AM

Counters were idle for 6 min, total idle time = 95 min

Student 31 arrived at 10:44 AM and started service at 10:44 AM in counter 1
Student 32 arrived at 10:47 AM and started service at 10:47 AM in counter 2
Student 31 departed at 10:48 AM
Student 32 departed at 10:49 AM

Counters were idle for 2 min, total idle time = 97 min

Student 33 arrived at 10:51 AM and started service at 10:51 AM in counter 1
Student 34 arrived at 10:55 AM and started service at 10:55 AM in counter 2
Student 33 departed at 10:56 AM

Counters were idle for 1 min, total idle time = 98 min

Student 35 arrived at 10:57 AM and started service at 10:57 AM in counter 2
Student 34 departed at 10:57 AM

Counters were idle for 2 min, total idle time = 100 min

Student 36 arrived at 10:59 AM and started service at 10:59 AM in counter 2
Student 36 departed at 11:00 AM
Student 35 departed at 11:01 AM

Counters were idle for 2 min, total idle time = 102 min

Student 37 arrived at 11:03 AM and started service at 11:03 AM in counter 1
Student 37 departed at 11:05 AM

Counters were idle for 3 min, total idle time = 105 min

Student 38 arrived at 11:08 AM and started service at 11:08 AM in counter 1
Student 39 arrived at 11:12 AM and started service at 11:12 AM in counter 2
Student 38 departed at 11:12 AM
Student 39 departed at 11:16 AM

Counters were idle for 2 min, total idle time = 107 min

Student 40 arrived at 11:18 AM and started service at 11:18 AM in counter 1
Student 41 arrived at 11:20 AM and started service at 11:20 AM in counter 2
Student 40 departed at 11:22 AM
Student 41 departed at 11:22 AM

Counters were idle for 1 min, total idle time = 108 min

Student 42 arrived at 11:23 AM and started service at 11:23 AM in counter 1
Student 42 departed at 11:26 AM

Counters were idle for 1 min, total idle time = 109 min

Student 43 arrived at 11:27 AM and started service at 11:27 AM in counter 1
Student 43 departed at 11:30 AM

Counters were idle for 11 min, total idle time = 120 min

Student 44 arrived at 11:41 AM and started service at 11:41 AM in counter 1
Student 45 arrived at 11:42 AM and started service at 11:42 AM in counter 2
Student 44 departed at 11:45 AM
Student 45 departed at 11:47 AM

Counters were idle for 2 min, total idle time = 122 min

Student 46 arrived at 11:49 AM and started service at 11:49 AM in counter 1
Student 46 departed at 11:52 AM

Counters were idle for 6 min, total idle time = 128 min

Student 47 arrived at 11:58 AM and started service at 11:58 AM in counter 1
Student 48 arrived at 12:02 PM and started service at 12:02 PM in counter 2
Student 47 departed at 12:03 PM
Student 49 arrived at 12:03 PM and started service at 12:03 PM in counter 2

Counters were idle for 1 min, total idle time = 129 min

Student 48 departed at 12:06 PM
Student 50 arrived at 12:04 PM and started service at 12:06 PM in counter 2

Counters were idle for 1 min, total idle time = 130 min

Student 49 departed at 12:08 PM
Student 50 departed at 12:08 PM
Student 51 arrived at 12:05 PM and started service at 12:08 PM in counter 2
Student 52 arrived at 12:06 PM and started service at 12:08 PM in counter 2
Student 51 departed at 12:10 PM
Student 53 arrived at 12:07 PM and started service at 12:10 PM in counter 2

Counters were idle for 1 min, total idle time = 131 min

Student 52 departed at 12:11 PM
Student 53 departed at 12:11 PM
Student 54 arrived at 12:11 PM and started service at 12:11 PM in counter 1

Counters were idle for 4 min, total idle time = 135 min

Student 55 arrived at 12:15 PM and started service at 12:15 PM in counter 2
Student 54 departed at 12:15 PM

Counters were idle for 1 min, total idle time = 136 min

Student 56 arrived at 12:16 PM and started service at 12:16 PM in counter 2
Student 55 departed at 12:17 PM
Student 57 arrived at 12:17 PM and started service at 12:17 PM in counter 2
Student 56 departed at 12:18 PM

Counters were idle for 1 min, total idle time = 137 min

Student 58 arrived at 12:19 PM and started service at 12:19 PM in counter 2
Student 57 departed at 12:20 PM

Counters were idle for 1 min, total idle time = 138 min

Student 59 arrived at 12:21 PM and started service at 12:21 PM in counter 2
Student 58 departed at 12:21 PM
Student 59 departed at 12:25 PM

Counters were idle for 1 min, total idle time = 139 min

Student 60 arrived at 12:26 PM and started service at 12:26 PM in counter 1
Student 61 arrived at 12:28 PM and started service at 12:28 PM in counter 2
Student 60 departed at 12:28 PM

Counters were idle for 1 min, total idle time = 140 min

Student 62 arrived at 12:29 PM and started service at 12:29 PM in counter 2
Student 61 departed at 12:29 PM

Counters were idle for 2 min, total idle time = 142 min

Student 63 arrived at 12:31 PM and started service at 12:31 PM in counter 2
Student 63 departed at 12:32 PM
Student 64 arrived at 12:32 PM and started service at 12:32 PM in counter 2
Student 62 departed at 12:33 PM

Counters were idle for 2 min, total idle time = 144 min

Student 65 arrived at 12:35 PM and started service at 12:35 PM in counter 2
Student 64 departed at 12:35 PM
Student 65 departed at 12:37 PM

Counters were idle for 8 min, total idle time = 152 min

Student 66 arrived at 12:45 PM and started service at 12:45 PM in counter 1
Student 67 arrived at 12:49 PM and started service at 12:49 PM in counter 2
Student 66 departed at 12:50 PM
Student 67 departed at 12:50 PM

Counters were idle for 1 min, total idle time = 153 min

Student 68 arrived at 12:51 PM and started service at 12:51 PM in counter 1
Student 69 arrived at 12:54 PM and started service at 12:54 PM in counter 2
Student 69 departed at 12:55 PM
Student 68 departed at 12:56 PM

Counters were idle for 2 min, total idle time = 155 min

Student 70 arrived at 12:58 PM and started service at 12:58 PM in counter 1
Student 71 arrived at 01:00 PM and started service at 01:00 PM in counter 2
Student 70 departed at 01:01 PM
Student 71 departed at 01:02 PM

Counters were idle for 1 min, total idle time = 156 min

Student 72 arrived at 01:03 PM and started service at 01:03 PM in counter 1
Student 73 arrived at 01:04 PM and started service at 01:04 PM in counter 2
Student 72 departed at 01:05 PM
Student 74 arrived at 01:05 PM and started service at 01:05 PM in counter 2
Student 73 departed at 01:08 PM

Counters were idle for 2 min, total idle time = 158 min

Student 75 arrived at 01:10 PM and started service at 01:10 PM in counter 2
Student 74 departed at 01:10 PM

Counters were idle for 2 min, total idle time = 160 min

Student 76 arrived at 01:12 PM and started service at 01:12 PM in counter 2
Student 75 departed at 01:13 PM

Counters were idle for 1 min, total idle time = 161 min

Student 77 arrived at 01:14 PM and started service at 01:14 PM in counter 2
Student 76 departed at 01:17 PM
Student 78 arrived at 01:15 PM and started service at 01:17 PM in counter 2
Student 77 departed at 01:18 PM
Student 78 departed at 01:18 PM
Student 79 arrived at 01:16 PM and started service at 01:18 PM in counter 2
Student 80 arrived at 01:17 PM and started service at 01:18 PM in counter 2
Student 79 departed at 01:21 PM
Student 80 departed at 01:22 PM

Counters were idle for 2 min, total idle time = 163 min

Student 81 arrived at 01:24 PM and started service at 01:24 PM in counter 1
Student 81 departed at 01:25 PM

Counters were idle for 1 min, total idle time = 164 min

Student 82 arrived at 01:26 PM and started service at 01:26 PM in counter 1
Student 82 departed at 01:27 PM

Counters were idle for 3 min, total idle time = 167 min

Student 83 arrived at 01:30 PM and started service at 01:30 PM in counter 1
Student 83 departed at 01:35 PM

Counters were idle for 1 min, total idle time = 168 min

Student 84 arrived at 01:36 PM and started service at 01:36 PM in counter 1
Student 84 departed at 01:39 PM

Counters were idle for 2 min, total idle time = 170 min

Student 85 arrived at 01:41 PM and started service at 01:41 PM in counter 1
Student 85 departed at 01:44 PM

Counters were idle for 4 min, total idle time = 174 min

Student 86 arrived at 01:48 PM and started service at 01:48 PM in counter 1
Student 87 arrived at 01:50 PM and started service at 01:50 PM in counter 2
Student 86 departed at 01:51 PM
Student 87 departed at 01:51 PM
Student 88 arrived at 01:51 PM and started service at 01:51 PM in counter 1

Counters were idle for 2 min, total idle time = 176 min

Student 89 arrived at 01:53 PM and started service at 01:53 PM in counter 2
Student 88 departed at 01:53 PM
Student 89 departed at 01:55 PM

Counters were idle for 3 min, total idle time = 179 min

Student 90 arrived at 01:58 PM and started service at 01:58 PM in counter 1
Student 91 arrived at 01:59 PM and started service at 01:59 PM in counter 2
Student 90 departed at 01:59 PM

Counters were idle for 3 min, total idle time = 182 min

Student 92 arrived at 02:02 PM and started service at 02:02 PM in counter 2
Student 91 departed at 02:04 PM

Counters were idle for 1 min, total idle time = 183 min

Student 93 arrived at 02:05 PM and started service at 02:05 PM in counter 2
Student 92 departed at 02:06 PM
Student 94 arrived at 02:06 PM and started service at 02:06 PM in counter 2
Student 93 departed at 02:07 PM
Student 94 departed at 02:07 PM

Counters were idle for 2 min, total idle time = 185 min

Student 95 arrived at 02:09 PM and started service at 02:09 PM in counter 1
Student 95 departed at 02:12 PM

Counters were idle for 3 min, total idle time = 188 min

Student 96 arrived at 02:15 PM and started service at 02:15 PM in counter 1
Student 97 arrived at 02:16 PM and started service at 02:16 PM in counter 2
Student 96 departed at 02:18 PM

Counters were idle for 1 min, total idle time = 189 min

Student 98 arrived at 02:19 PM and started service at 02:19 PM in counter 2
Student 97 departed at 02:19 PM

Counters were idle for 1 min, total idle time = 190 min

Student 99 arrived at 02:20 PM and started service at 02:20 PM in counter 2
Student 99 departed at 02:22 PM

Counters were idle for 1 min, total idle time = 191 min

Student 98 departed at 02:23 PM
Student 100 arrived at 02:23 PM and started service at 02:23 PM in counter 1

Counters were idle for 1 min, total idle time = 192 min

Student 101 arrived at 02:24 PM and started service at 02:24 PM in counter 2
Student 101 departed at 02:25 PM
Student 102 arrived at 02:25 PM and started service at 02:25 PM in counter 2

Counters were idle for 3 min, total idle time = 195 min

Student 100 departed at 02:28 PM
Student 103 arrived at 02:28 PM and started service at 02:28 PM in counter 2
Student 103 departed at 02:29 PM
Student 102 departed at 02:30 PM

Counters were idle for 7 min, total idle time = 202 min

Student 104 arrived at 02:37 PM and started service at 02:37 PM in counter 1
Student 104 departed at 02:42 PM

Counters were idle for 2 min, total idle time = 204 min

Student 105 arrived at 02:44 PM and started service at 02:44 PM in counter 1
Student 106 arrived at 02:46 PM and started service at 02:46 PM in counter 2
Student 106 departed at 02:48 PM

Counters were idle for 1 min, total idle time = 205 min

Student 105 departed at 02:49 PM
Student 107 arrived at 02:49 PM and started service at 02:49 PM in counter 1
Student 107 departed at 02:50 PM

Counters were idle for 5 min, total idle time = 210 min

Student 108 arrived at 02:55 PM and started service at 02:55 PM in counter 1
Student 109 arrived at 02:56 PM and started service at 02:56 PM in counter 2
Student 108 departed at 02:56 PM
Student 109 departed at 02:57 PM

Counters were idle for 4 min, total idle time = 214 min

Student 110 arrived at 03:01 PM and started service at 03:01 PM in counter 1
Student 110 departed at 03:03 PM

Counters were idle for 1 min, total idle time = 215 min

Student 111 arrived at 03:04 PM and started service at 03:04 PM in counter 1
Student 112 arrived at 03:05 PM and started service at 03:05 PM in counter 2
Student 111 departed at 03:06 PM
Student 112 departed at 03:09 PM

Counters were idle for 1 min, total idle time = 216 min

Student 113 arrived at 03:10 PM and started service at 03:10 PM in counter 1
Student 113 departed at 03:14 PM

Counters were idle for 3 min, total idle time = 219 min

Student 114 arrived at 03:17 PM and started service at 03:17 PM in counter 1
Student 115 arrived at 03:19 PM and started service at 03:19 PM in counter 2
Student 114 departed at 03:21 PM
Student 116 arrived at 03:21 PM and started service at 03:21 PM in counter 2
Student 115 departed at 03:23 PM

Counters were idle for 1 min, total idle time = 220 min

Student 117 arrived at 03:24 PM and started service at 03:24 PM in counter 2
Student 116 departed at 03:25 PM
Student 118 arrived at 03:25 PM and started service at 03:25 PM in counter 2

Counters were idle for 1 min, total idle time = 221 min

Student 117 departed at 03:26 PM
Student 119 arrived at 03:26 PM and started service at 03:26 PM in counter 2

Counters were idle for 1 min, total idle time = 222 min

Student 118 departed at 03:30 PM
Student 119 departed at 03:30 PM
Student 120 arrived at 03:27 PM and started service at 03:30 PM in counter 1

Counters were idle for 3 min, total idle time = 225 min

Student 121 arrived at 03:33 PM and started service at 03:33 PM in counter 2
Student 120 departed at 03:34 PM
Student 122 arrived at 03:34 PM and started service at 03:34 PM in counter 2
Student 121 departed at 03:35 PM

Counters were idle for 1 min, total idle time = 226 min

Student 123 arrived at 03:36 PM and started service at 03:36 PM in counter 2
Student 122 departed at 03:38 PM
Student 124 arrived at 03:38 PM and started service at 03:38 PM in counter 2
Student 123 departed at 03:39 PM

Counters were idle for 1 min, total idle time = 227 min

Student 125 arrived at 03:40 PM and started service at 03:40 PM in counter 2
Student 124 departed at 03:40 PM

Counters were idle for 1 min, total idle time = 228 min

Student 126 arrived at 03:41 PM and started service at 03:41 PM in counter 2
Student 126 departed at 03:42 PM

Counters were idle for 2 min, total idle time = 230 min

Student 125 departed at 03:44 PM
Student 127 arrived at 03:44 PM and started service at 03:44 PM in counter 1

Counters were idle for 1 min, total idle time = 231 min

Student 128 arrived at 03:45 PM and started service at 03:45 PM in counter 2
Student 127 departed at 03:46 PM

Counters were idle for 2 min, total idle time = 233 min

Student 129 arrived at 03:48 PM and started service at 03:48 PM in counter 2
Student 128 departed at 03:48 PM

Counters were idle for 1 min, total idle time = 234 min

Student 130 arrived at 03:49 PM and started service at 03:49 PM in counter 2
Student 129 departed at 03:51 PM

Counters were idle for 1 min, total idle time = 235 min

Student 131 arrived at 03:52 PM and started service at 03:52 PM in counter 2
Student 131 departed at 03:53 PM
Student 132 arrived at 03:53 PM and started service at 03:53 PM in counter 2
Student 130 departed at 03:54 PM

Counters were idle for 2 min, total idle time = 237 min

Student 133 arrived at 03:56 PM and started service at 03:56 PM in counter 2
Student 132 departed at 03:57 PM

Counters were idle for 3 min, total idle time = 240 min

Student 134 arrived at 04:00 PM and started service at 04:00 PM in counter 2
Student 133 departed at 04:01 PM
Student 134 departed at 04:03 PM

Counters were idle for 8 min, total idle time = 248 min

Student 135 arrived at 04:11 PM and started service at 04:11 PM in counter 1
Student 135 departed at 04:15 PM

Counters were idle for 2 min, total idle time = 250 min

Student 136 arrived at 04:17 PM and started service at 04:17 PM in counter 1
Student 136 departed at 04:20 PM

Counters were idle for 10 min, total idle time = 260 min

Student 137 arrived at 04:30 PM and started service at 04:30 PM in counter 1
Student 137 departed at 04:35 PM

Counters were idle for 10 min, total idle time = 270 min

Student 138 arrived at 04:45 PM and started service at 04:45 PM in counter 1
Student 139 arrived at 04:46 PM and started service at 04:46 PM in counter 2
Student 138 departed at 04:49 PM
Student 139 departed at 04:50 PM

Counters were idle for 10 min, total idle time = 280 min

Student 140 arrived at 05:00 PM and started service at 05:00 PM in counter 1
Student 140 departed at 05:03 PM

Counters were idle for 2 min, total idle time = 282 min

Student 141 arrived at 05:05 PM and started service at 05:05 PM in counter 1
Student 141 departed at 05:06 PM

Counters were idle for 1 min, total idle time = 283 min

Student 142 arrived at 05:07 PM and started service at 05:07 PM in counter 1
Student 143 arrived at 05:08 PM and started service at 05:08 PM in counter 2
Student 142 departed at 05:10 PM

Counters were idle for 1 min, total idle time = 284 min

Student 144 arrived at 05:11 PM and started service at 05:11 PM in counter 2
Student 143 departed at 05:13 PM
Student 144 departed at 05:15 PM

Counters were idle for 3 min, total idle time = 287 min

Student 145 arrived at 05:18 PM and started service at 05:18 PM in counter 1
Student 145 departed at 05:21 PM

Counters were idle for 5 min, total idle time = 292 min

Student 146 arrived at 05:26 PM and started service at 05:26 PM in counter 1
Student 147 arrived at 05:29 PM and started service at 05:29 PM in counter 2
Student 146 departed at 05:31 PM
Student 147 departed at 05:34 PM

Counters were idle for 1 min, total idle time = 293 min

Student 148 arrived at 05:35 PM and started service at 05:35 PM in counter 1
Student 148 departed at 05:40 PM

Counters were idle for 1 min, total idle time = 294 min

Student 149 arrived at 05:41 PM and started service at 05:41 PM in counter 1
Student 150 arrived at 05:42 PM and started service at 05:42 PM in counter 2
Student 149 departed at 05:43 PM

Counters were idle for 4 min, total idle time = 298 min

Student 151 arrived at 05:47 PM and started service at 05:47 PM in counter 2
Student 150 departed at 05:47 PM

Counters were idle for 4 min, total idle time = 302 min

Student 152 arrived at 05:51 PM and started service at 05:51 PM in counter 2
Student 151 departed at 05:51 PM
Student 152 departed at 05:54 PM

Counters were idle for 6 min, total idle time = 308 min

Student 153 arrived at 06:00 PM and started service at 06:00 PM in counter 1
Student 153 departed at 06:04 PM

Counters were idle for 4 min, total idle time = 312 min

Student 154 arrived at 06:08 PM and started service at 06:08 PM in counter 1
Student 155 arrived at 06:12 PM and started service at 06:12 PM in counter 2
Student 154 departed at 06:13 PM
Student 155 departed at 06:15 PM

Counters were idle for 4 min, total idle time = 316 min

Student 156 arrived at 06:19 PM and started service at 06:19 PM in counter 1
Student 156 departed at 06:20 PM

Counters were idle for 9 min, total idle time = 325 min

Student 157 arrived at 06:29 PM and started service at 06:29 PM in counter 1
Student 157 departed at 06:33 PM

Counters were idle for 3 min, total idle time = 328 min

Student 158 arrived at 06:36 PM and started service at 06:36 PM in counter 1
Student 158 departed at 06:38 PM

Counters were idle for 7 min, total idle time = 335 min

Student 159 arrived at 06:45 PM and started service at 06:45 PM in counter 1
Student 159 departed at 06:49 PM

Counters were idle for 1 min, total idle time = 336 min

Student 160 arrived at 06:50 PM and started service at 06:50 PM in counter 1
Student 161 arrived at 06:52 PM and started service at 06:52 PM in counter 2
Student 160 departed at 06:55 PM
Student 161 departed at 06:55 PM

Counters were idle for 11 min, total idle time = 347 min

Student 162 arrived at 07:06 PM and started service at 07:06 PM in counter 1
Student 162 departed at 07:11 PM

Counters were idle for 15 min, total idle time = 362 min

Student 163 arrived at 07:26 PM and started service at 07:26 PM in counter 1
Student 164 arrived at 07:28 PM and started service at 07:28 PM in counter 2
Student 163 departed at 07:28 PM

Counters were idle for 2 min, total idle time = 364 min

Student 165 arrived at 07:30 PM and started service at 07:30 PM in counter 2
Student 164 departed at 07:30 PM
Student 165 departed at 07:34 PM

Counters were idle for 2 min, total idle time = 366 min

Student 166 arrived at 07:36 PM and started service at 07:36 PM in counter 1
Student 167 arrived at 07:39 PM and started service at 07:39 PM in counter 2
Student 166 departed at 07:40 PM

Counters were idle for 3 min, total idle time = 369 min

Student 168 arrived at 07:43 PM and started service at 07:43 PM in counter 2
Student 167 departed at 07:43 PM

Counters were idle for 1 min, total idle time = 370 min

Student 169 arrived at 07:44 PM and started service at 07:44 PM in counter 2
Student 168 departed at 07:45 PM
Student 169 departed at 07:45 PM

Counters were idle for 1 min, total idle time = 371 min

Student 170 arrived at 07:46 PM and started service at 07:46 PM in counter 1
Student 170 departed at 07:51 PM

Counters were idle for 5 min, total idle time = 376 min

Student 171 arrived at 07:56 PM and started service at 07:56 PM in counter 1
Student 172 arrived at 07:58 PM and started service at 07:58 PM in counter 2
Student 171 departed at 07:58 PM
Student 172 departed at 07:59 PM

Counters were idle for 1 min, total idle time = 377 min

Student 173 arrived at 08:00 PM and started service at 08:00 PM in counter 1
Student 173 departed at 08:05 PM

Counters were idle for 29 min, total idle time = 406 min

Student 174 arrived at 08:34 PM and started service at 08:34 PM in counter 1
Student 174 departed at 08:39 PM

Counters were idle for 5 min, total idle time = 411 min

Student 175 arrived at 08:44 PM and started service at 08:44 PM in counter 1
Student 175 departed at 08:48 PM

Counters were idle for 12 min, total idle time = 423 min

Student 176 arrived at 09:00 PM and started service at 09:00 PM in counter 1
Student 176 departed at 09:05 PM

Counters were idle for 13 min, total idle time = 436 min

Student 177 arrived at 09:18 PM and started service at 09:18 PM in counter 1
Student 177 departed at 09:21 PM

Counters were idle for 4 min, total idle time = 440 min

Student 178 arrived at 09:25 PM and started service at 09:25 PM in counter 1
Student 178 departed at 09:27 PM

Counters were idle for 9 min, total idle time = 449 min

Student 179 arrived at 09:36 PM and started service at 09:36 PM in counter 1
Student 180 arrived at 09:39 PM and started service at 09:39 PM in counter 2
Student 179 departed at 09:41 PM
Student 180 departed at 09:43 PM

Counters were idle for 12 min, total idle time = 461 min

Student 181 arrived at 09:55 PM and started service at 09:55 PM in counter 1
Student 182 arrived at 09:57 PM and started service at 09:57 PM in counter 2
Student 181 departed at 09:58 PM
Student 182 departed at 09:58 PM
