Student 1 arrived at 08:00 AM and started service at 08:00 AM in counter 1

Counters were idle for 2 min, total idle time = 2 min

Student 2 arrived at 08:02 AM and started service at 08:02 AM in counter 2
Student 1 departed at 08:03 AM
Student 2 departed at 08:06 AM

Counters were idle for 1 min, total idle time = 3 min

Student 3 arrived at 08:07 AM and started service at 08:07 AM in counter 1
Student 4 arrived at 08:09 AM and started service at 08:09 AM in counter 2
Student 3 departed at 08:11 AM
Student 4 departed at 08:13 AM

Counters were idle for 15 min, total idle time = 18 min

Student 5 arrived at 08:28 AM and started service at 08:28 AM in counter 1
Student 6 arrived at 08:29 AM and started service at 08:29 AM in counter 2
Student 5 departed at 08:29 AM
Student 6 departed at 08:32 AM

Counters were idle for 15 min, total idle time = 33 min

Student 7 arrived at 08:47 AM and started service at 08:47 AM in counter 1
Student 7 departed at 08:48 AM

Counters were idle for 1 min, total idle time = 34 min

Student 8 arrived at 08:49 AM and started service at 08:49 AM in counter 1
Student 9 arrived at 08:53 AM and started service at 08:53 AM in counter 2
Student 8 departed at 08:53 AM
Student 9 departed at 08:56 AM

Counters were idle for 4 min, total idle time = 38 min

Student 10 arrived at 09:00 AM and started service at 09:00 AM in counter 1
Student 11 arrived at 09:03 AM and started service at 09:03 AM in counter 2
Student 10 departed at 09:03 AM

Counters were idle for 1 min, total idle time = 39 min

Student 12 arrived at 09:04 AM and started service at 09:04 AM in counter 2
Student 11 departed at 09:06 AM
Student 13 arrived at 09:05 AM and started service at 09:06 AM in counter 2
Student 12 departed at 09:07 AM

Counters were idle for 4 min, total idle time = 43 min

Student 14 arrived at 09:11 AM and started service at 09:11 AM in counter 2
Student 13 departed at 09:11 AM
Student 14 departed at 09:14 AM

Counters were idle for 1 min, total idle time = 44 min

Student 15 arrived at 09:15 AM and started service at 09:15 AM in counter 1
Student 15 departed at 09:16 AM

Counters were idle for 8 min, total idle time = 52 min

Student 16 arrived at 09:24 AM and started service at 09:24 AM in counter 1
Student 16 departed at 09:25 AM

Counters were idle for 1 min, total idle time = 53 min

Student 17 arrived at 09:26 AM and started service at 09:26 AM in counter 1
Student 17 departed at 09:28 AM

Counters were idle for 4 min, total idle time = 57 min

Student 18 arrived at 09:32 AM and started service at 09:32 AM in counter 1
Student 19 arrived at 09:33 AM and started service at 09:33 AM in counter 2
Student 18 departed at 09:34 AM
Student 19 departed at 09:36 AM

Counters were idle for 2 min, total idle time = 59 min

Student 20 arrived at 09:38 AM and started service at 09:38 AM in counter 1
Student 20 departed at 09:40 AM

Counters were idle for 23 min, total idle time = 82 min

Student 21 arrived at 10:03 AM and started service at 10:03 AM in counter 1
Student 21 departed at 10:08 AM

Counters were idle for 3 min, total idle time = 85 min

Student 22 arrived at 10:11 AM and started service at 10:11 AM in counter 1
Student 22 departed at 10:15 AM

Counters were idle for 1 min, total idle time = 86 min

Student 23 arrived at 10:16 AM and started service at 10:16 AM in counter 1
Student 24 arrived at 10:17 AM and started service at 10:17 AM in counter 2
Student 23 departed at 10:17 AM

Counters were idle for 1 min, total idle time = 87 min

Student 25 arrived at 10:18 AM and started service at 10:18 AM in counter 2
Student 25 departed at 10:19 AM
Student 24 departed at 10:20 AM

Counters were idle for 5 min, total idle time = 92 min

Student 26 arrived at 10:25 AM and started service at 10:25 AM in counter 1
Student 27 arrived at 10:26 AM and started service at 10:26 AM in counter 2
Student 27 departed at 10:29 AM
Student 26 departed at 10:30 AM

Counters were idle for 1 min, total idle time = 93 min

Student 28 arrived at 10:31 AM and started service at 10:31 AM in counter 1
Student 28 departed at 10:32 AM

Counters were idle for 4 min, total idle time = 97 min

Student 29 arrived at 10:36 AM and started service at 10:36 AM in counter 1
Student 29 departed at 10:37 AM

Counters were idle for 1 min, total idle time = 98 min

Student 30 arrived at 10:38 AM and started service at 10:38 AM in counter 1
Student 30 departed at 10:40 AM

Counters were idle for 2 min, total idle time = 100 min

Student 31 arrived at 10:42 AM and started service at 10:42 AM in counter 1
Student 32 arrived at 10:45 AM and started service at 10:45 AM in counter 2
Student 31 departed at 10:46 AM
Student 33 arrived at 10:46 AM and started service at 10:46 AM in counter 2

Counters were idle for 1 min, total idle time = 101 min

Student 33 departed at 10:47 AM
Student 34 arrived at 10:47 AM and started service at 10:47 AM in counter 2

Counters were idle for 1 min, total idle time = 102 min

Student 32 departed at 10:48 AM
Student 35 arrived at 10:48 AM and started service at 10:48 AM in counter 2

Counters were idle for 1 min, total idle time = 103 min

Student 34 departed at 10:50 AM
Student 36 arrived at 10:49 AM and started service at 10:50 AM in counter 2
Student 35 departed at 10:51 AM
Student 36 departed at 10:54 AM

Counters were idle for 4 min, total idle time = 107 min

Student 37 arrived at 10:58 AM and started service at 10:58 AM in counter 1
Student 37 departed at 10:59 AM

Counters were idle for 2 min, total idle time = 109 min

Student 38 arrived at 11:01 AM and started service at 11:01 AM in counter 1
Student 39 arrived at 11:03 AM and started service at 11:03 AM in counter 2
Student 38 departed at 11:03 AM

Counters were idle for 1 min, total idle time = 110 min

Student 40 arrived at 11:04 AM and started service at 11:04 AM in counter 2
Student 40 departed at 11:06 AM

Counters were idle for 1 min, total idle time = 111 min

Student 41 arrived at 11:07 AM and started service at 11:07 AM in counter 2
Student 39 departed at 11:08 AM

Counters were idle for 1 min, total idle time = 112 min

Student 42 arrived at 11:09 AM and started service at 11:09 AM in counter 2
Student 41 departed at 11:11 AM

Counters were idle for 1 min, total idle time = 113 min

Student 43 arrived at 11:12 AM and started service at 11:12 AM in counter 2
Student 42 departed at 11:13 AM
Student 43 departed at 11:14 AM

Counters were idle for 2 min, total idle time = 115 min

Student 44 arrived at 11:16 AM and started service at 11:16 AM in counter 1
Student 44 departed at 11:18 AM

Counters were idle for 2 min, total idle time = 117 min

Student 45 arrived at 11:20 AM and started service at 11:20 AM in counter 1
Student 45 departed at 11:24 AM

Counters were idle for 1 min, total idle time = 118 min

Student 46 arrived at 11:25 AM and started service at 11:25 AM in counter 1
Student 47 arrived at 11:27 AM and started service at 11:27 AM in counter 2
Student 46 departed at 11:27 AM

Counters were idle for 4 min, total idle time = 122 min

Student 48 arrived at 11:31 AM and started service at 11:31 AM in counter 2
Student 47 departed at 11:32 AM
Student 48 departed at 11:32 AM

Counters were idle for 3 min, total idle time = 125 min

Student 49 arrived at 11:35 AM and started service at 11:35 AM in counter 1
Student 50 arrived at 11:38 AM and started service at 11:38 AM in counter 2
Student 50 departed at 11:39 AM
Student 49 departed at 11:40 AM

Counters were idle for 3 min, total idle time = 128 min

Student 51 arrived at 11:43 AM and started service at 11:43 AM in counter 1
Student 51 departed at 11:45 AM

Counters were idle for 1 min, total idle time = 129 min

Student 52 arrived at 11:46 AM and started service at 11:46 AM in counter 1
Student 53 arrived at 11:47 AM and started service at 11:47 AM in counter 2
Student 53 departed at 11:50 AM
Student 54 arrived at 11:48 AM and started service at 11:50 AM in counter 2
Student 52 departed at 11:51 AM

Counters were idle for 2 min, total idle time = 131 min

Student 55 arrived at 11:53 AM and started service at 11:53 AM in counter 2
Student 54 departed at 11:55 AM

Counters were idle for 2 min, total idle time = 133 min

Student 56 arrived at 11:57 AM and started service at 11:57 AM in counter 2
Student 55 departed at 11:58 AM
Student 56 departed at 12:02 PM

Counters were idle for 1 min, total idle time = 134 min

Student 57 arrived at 12:03 PM and started service at 12:03 PM in counter 1
Student 57 departed at 12:06 PM

Counters were idle for 12 min, total idle time = 146 min

Student 58 arrived at 12:18 PM and started service at 12:18 PM in counter 1
Student 59 arrived at 12:19 PM and started service at 12:19 PM in counter 2
Student 59 departed at 12:20 PM

Counters were idle for 1 min, total idle time = 147 min

Student 58 departed at 12:21 PM
Student 60 arrived at 12:21 PM and started service at 12:21 PM in counter 1

Counters were idle for 4 min, total idle time = 151 min

Student 61 arrived at 12:25 PM and started service at 12:25 PM in counter 2
Student 60 departed at 12:26 PM
Student 62 arrived at 12:26 PM and started service at 12:26 PM in counter 2
Student 61 departed at 12:29 PM

Counters were idle for 1 min, total idle time = 152 min

Student 63 arrived at 12:30 PM and started service at 12:30 PM in counter 2
Student 62 departed at 12:30 PM

Counters were idle for 2 min, total idle time = 154 min

Student 64 arrived at 12:32 PM and started service at 12:32 PM in counter 2
Student 63 departed at 12:33 PM

Counters were idle for 1 min, total idle time = 155 min

Student 65 arrived at 12:34 PM and started service at 12:34 PM in counter 2
Student 64 departed at 12:36 PM
Student 66 arrived at 12:35 PM and started service at 12:36 PM in counter 2
Student 65 departed at 12:37 PM

Counters were idle for 3 min, total idle time = 158 min

Student 67 arrived at 12:40 PM and started service at 12:40 PM in counter 2
Student 66 departed at 12:41 PM
Student 67 departed at 12:43 PM

Counters were idle for 2 min, total idle time = 160 min

Student 68 arrived at 12:45 PM and started service at 12:45 PM in counter 1
Student 69 arrived at 12:48 PM and started service at 12:48 PM in counter 2
Student 68 departed at 12:48 PM
Student 69 departed at 12:49 PM

Counters were idle for 4 min, total idle time = 164 min

Student 70 arrived at 12:53 PM and started service at 12:53 PM in counter 1
Student 71 arrived at 12:54 PM and started service at 12:54 PM in counter 2
Student 70 departed at 12:54 PM

Counters were idle for 1 min, total idle time = 165 min

Student 72 arrived at 12:55 PM and started service at 12:55 PM in counter 2
Student 71 departed at 12:56 PM

Counters were idle for 2 min, total idle time = 167 min

Student 73 arrived at 12:58 PM and started service at 12:58 PM in counter 2
Student 72 departed at 12:59 PM

Counters were idle for 1 min, total idle time = 168 min

Student 74 arrived at 01:00 PM and started service at 01:00 PM in counter 2
Student 73 departed at 01:02 PM
Student 74 departed at 01:02 PM
Student 75 arrived at 01:02 PM and started service at 01:02 PM in counter 1

Counters were idle for 2 min, total idle time = 170 min

Student 76 arrived at 01:04 PM and started service at 01:04 PM in counter 2
Student 75 departed at 01:04 PM

Counters were idle for 1 min, total idle time = 171 min

Student 77 arrived at 01:05 PM and started service at 01:05 PM in counter 2
Student 77 departed at 01:06 PM
Student 78 arrived at 01:06 PM and started service at 01:06 PM in counter 2
Student 78 departed at 01:07 PM

Counters were idle for 1 min, total idle time = 172 min

Student 79 arrived at 01:08 PM and started service at 01:08 PM in counter 2
Student 76 departed at 01:09 PM

Counters were idle for 1 min, total idle time = 173 min

Student 80 arrived at 01:10 PM and started service at 01:10 PM in counter 2
Student 79 departed at 01:12 PM
Student 81 arrived at 01:12 PM and started service at 01:12 PM in counter 2

Counters were idle for 2 min, total idle time = 175 min

Student 80 departed at 01:15 PM
Student 81 departed at 01:15 PM
Student 82 arrived at 01:14 PM and started service at 01:15 PM in counter 1

Counters were idle for 1 min, total idle time = 176 min

Student 83 arrived at 01:16 PM and started service at 01:16 PM in counter 2
Student 83 departed at 01:18 PM
Student 84 arrived at 01:17 PM and started service at 01:18 PM in counter 2

Counters were idle for 1 min, total idle time = 177 min

Student 82 departed at 01:20 PM
Student 85 arrived at 01:19 PM and started service at 01:20 PM in counter 2

Counters were idle for 2 min, total idle time = 179 min

Student 84 departed at 01:22 PM
Student 86 arrived at 01:22 PM and started service at 01:22 PM in counter 2
Student 85 departed at 01:25 PM
Student 86 departed at 01:25 PM

Counters were idle for 1 min, total idle time = 180 min

Student 87 arrived at 01:26 PM and started service at 01:26 PM in counter 1
Student 88 arrived at 01:27 PM and started service at 01:27 PM in counter 2
Student 87 departed at 01:28 PM
Student 89 arrived at 01:28 PM and started service at 01:28 PM in counter 2

Counters were idle for 3 min, total idle time = 183 min

Student 88 departed at 01:32 PM
Student 89 departed at 01:32 PM
Student 90 arrived at 01:31 PM and started service at 01:32 PM in counter 1

Counters were idle for 2 min, total idle time = 185 min

Student 91 arrived at 01:34 PM and started service at 01:34 PM in counter 2
Student 90 departed at 01:34 PM

Counters were idle for 1 min, total idle time = 186 min

Student 92 arrived at 01:35 PM and started service at 01:35 PM in counter 2
Student 91 departed at 01:35 PM

Counters were idle for 1 min, total idle time = 187 min

Student 93 arrived at 01:36 PM and started service at 01:36 PM in counter 2
Student 92 departed at 01:37 PM
Student 94 arrived at 01:37 PM and started service at 01:37 PM in counter 2

Counters were idle for 1 min, total idle time = 188 min

Student 93 departed at 01:39 PM
Student 95 arrived at 01:38 PM and started service at 01:39 PM in counter 2

Counters were idle for 1 min, total idle time = 189 min

Student 94 departed at 01:41 PM
Student 96 arrived at 01:39 PM and started service at 01:41 PM in counter 2
Student 95 departed at 01:42 PM
Student 96 departed at 01:42 PM
Student 97 arrived at 01:40 PM and started service at 01:42 PM in counter 1
Student 97 departed at 01:43 PM

Counters were idle for 3 min, total idle time = 192 min

Student 98 arrived at 01:46 PM and started service at 01:46 PM in counter 1
Student 98 departed at 01:50 PM

Counters were idle for 2 min, total idle time = 194 min

Student 99 arrived at 01:52 PM and started service at 01:52 PM in counter 1
Student 99 departed at 01:53 PM

Counters were idle for 1 min, total idle time = 195 min

Student 100 arrived at 01:54 PM and started service at 01:54 PM in counter 1
Student 100 departed at 01:55 PM

Counters were idle for 1 min, total idle time = 196 min

Student 101 arrived at 01:56 PM and started service at 01:56 PM in counter 1
Student 102 arrived at 01:57 PM and started service at 01:57 PM in counter 2
Student 101 departed at 01:59 PM
Student 103 arrived at 01:59 PM and started service at 01:59 PM in counter 2
Student 102 departed at 02:01 PM
Student 103 departed at 02:03 PM

Counters were idle for 1 min, total idle time = 197 min

Student 104 arrived at 02:04 PM and started service at 02:04 PM in counter 1
Student 105 arrived at 02:07 PM and started service at 02:07 PM in counter 2
Student 104 departed at 02:09 PM
Student 106 arrived at 02:08 PM and started service at 02:09 PM in counter 2

Counters were idle for 1 min, total idle time = 198 min

Student 105 departed at 02:11 PM
Student 106 departed at 02:11 PM
Student 107 arrived at 02:10 PM and started service at 02:11 PM in counter 1

Counters were idle for 3 min, total idle time = 201 min

Student 108 arrived at 02:14 PM and started service at 02:14 PM in counter 2
Student 107 departed at 02:15 PM

Counters were idle for 1 min, total idle time = 202 min

Student 109 arrived at 02:16 PM and started service at 02:16 PM in counter 2
Student 108 departed at 02:17 PM
Student 110 arrived at 02:17 PM and started service at 02:17 PM in counter 2

Counters were idle for 2 min, total idle time = 204 min

Student 109 departed at 02:20 PM
Student 111 arrived at 02:19 PM and started service at 02:20 PM in counter 2
Student 110 departed at 02:21 PM

Counters were idle for 1 min, total idle time = 205 min

Student 112 arrived at 02:22 PM and started service at 02:22 PM in counter 2
Student 111 departed at 02:24 PM
Student 112 departed at 02:26 PM

Counters were idle for 1 min, total idle time = 206 min

Student 113 arrived at 02:27 PM and started service at 02:27 PM in counter 1
Student 114 arrived at 02:28 PM and started service at 02:28 PM in counter 2
Student 113 departed at 02:28 PM
Student 114 departed at 02:29 PM

Counters were idle for 4 min, total idle time = 210 min

Student 115 arrived at 02:33 PM and started service at 02:33 PM in counter 1
Student 116 arrived at 02:35 PM and started service at 02:35 PM in counter 2
Student 115 departed at 02:36 PM
Student 116 departed at 02:39 PM

Counters were idle for 1 min, total idle time = 211 min

Student 117 arrived at 02:40 PM and started service at 02:40 PM in counter 1
Student 118 arrived at 02:42 PM and started service at 02:42 PM in counter 2
Student 117 departed at 02:45 PM
Student 119 arrived at 02:43 PM and started service at 02:45 PM in counter 2
Student 118 departed at 02:46 PM
Student 119 departed at 02:46 PM
Student 120 arrived at 02:44 PM and started service at 02:46 PM in counter 1

Counters were idle for 3 min, total idle time = 214 min

Student 121 arrived at 02:49 PM and started service at 02:49 PM in counter 2
Student 120 departed at 02:51 PM
Student 121 departed at 02:51 PM

Counters were idle for 6 min, total idle time = 220 min

Student 122 arrived at 02:57 PM and started service at 02:57 PM in counter 1
Student 123 arrived at 02:58 PM and started service at 02:58 PM in counter 2
Student 122 departed at 02:59 PM
Student 123 departed at 03:01 PM

Counters were idle for 1 min, total idle time = 221 min

Student 124 arrived at 03:02 PM and started service at 03:02 PM in counter 1
Student 125 arrived at 03:03 PM and started service at 03:03 PM in counter 2
Student 125 departed at 03:06 PM
Student 126 arrived at 03:04 PM and started service at 03:06 PM in counter 2

Counters were idle for 1 min, total idle time = 222 min

Student 124 departed at 03:07 PM
Student 126 departed at 03:07 PM
Student 127 arrived at 03:05 PM and started service at 03:07 PM in counter 2
Student 128 arrived at 03:06 PM and started service at 03:07 PM in counter 2

Counters were idle for 2 min, total idle time = 224 min

Student 128 departed at 03:11 PM
Student 129 arrived at 03:07 PM and started service at 03:11 PM in counter 2
Student 127 departed at 03:12 PM
Student 129 departed at 03:12 PM
Student 130 arrived at 03:09 PM and started service at 03:12 PM in counter 1

Counters were idle for 1 min, total idle time = 225 min

Student 131 arrived at 03:13 PM and started service at 03:13 PM in counter 2
Student 131 departed at 03:15 PM
Student 130 departed at 03:16 PM

Counters were idle for 8 min, total idle time = 233 min

Student 132 arrived at 03:24 PM and started service at 03:24 PM in counter 1
Student 132 departed at 03:25 PM

Counters were idle for 5 min, total idle time = 238 min

Student 133 arrived at 03:30 PM and started service at 03:30 PM in counter 1
Student 133 departed at 03:31 PM

Counters were idle for 3 min, total idle time = 241 min

Student 134 arrived at 03:34 PM and started service at 03:34 PM in counter 1
Student 135 arrived at 03:37 PM and started service at 03:37 PM in counter 2
Student 134 departed at 03:38 PM
Student 136 arrived at 03:38 PM and started service at 03:38 PM in counter 2

Counters were idle for 2 min, total idle time = 243 min

Student 135 departed at 03:41 PM
Student 137 arrived at 03:40 PM and started service at 03:41 PM in counter 2
Student 136 departed at 03:42 PM
Student 137 departed at 03:42 PM
Student 138 arrived at 03:41 PM and started service at 03:42 PM in counter 1

Counters were idle for 1 min, total idle time = 244 min

Student 139 arrived at 03:43 PM and started service at 03:43 PM in counter 2
Student 138 departed at 03:43 PM
Student 139 departed at 03:44 PM

Counters were idle for 1 min, total idle time = 245 min

Student 140 arrived at 03:45 PM and started service at 03:45 PM in counter 1
Student 140 departed at 03:46 PM

Counters were idle for 2 min, total idle time = 247 min

Student 141 arrived at 03:48 PM and started service at 03:48 PM in counter 1
Student 141 departed at 03:50 PM

Counters were idle for 2 min, total idle time = 249 min

Student 142 arrived at 03:52 PM and started service at 03:52 PM in counter 1
Student 142 departed at 03:53 PM

Counters were idle for 4 min, total idle time = 253 min

Student 143 arrived at 03:57 PM and started service at 03:57 PM in counter 1
Student 144 arrived at 03:59 PM and started service at 03:59 PM in counter 2
Student 144 departed at 04:01 PM
Student 143 departed at 04:02 PM

Counters were idle for 2 min, total idle time = 255 min

Student 145 arrived at 04:04 PM and started service at 04:04 PM in counter 1
Student 145 departed at 04:06 PM

Counters were idle for 6 min, total idle time = 261 min

Student 146 arrived at 04:12 PM and started service at 04:12 PM in counter 1
Student 146 departed at 04:15 PM

Counters were idle for 12 min, total idle time = 273 min

Student 147 arrived at 04:27 PM and started service at 04:27 PM in counter 1
Student 147 departed at 04:32 PM

Counters were idle for 1 min, total idle time = 274 min

Student 148 arrived at 04:33 PM and started service at 04:33 PM in counter 1
Student 148 departed at 04:34 PM

Counters were idle for 7 min, total idle time = 281 min

Student 149 arrived at 04:41 PM and started service at 04:41 PM in counter 1
Student 149 departed at 04:46 PM

Counters were idle for 3 min, total idle time = 284 min

Student 150 arrived at 04:49 PM and started service at 04:49 PM in counter 1
Student 151 arrived at 04:51 PM and started service at 04:51 PM in counter 2
Student 150 departed at 04:51 PM

Counters were idle for 4 min, total idle time = 288 min

Student 152 arrived at 04:55 PM and started service at 04:55 PM in counter 2
Student 151 departed at 04:55 PM

Counters were idle for 3 min, total idle time = 291 min

Student 153 arrived at 04:58 PM and started service at 04:58 PM in counter 2
Student 152 departed at 04:58 PM

Counters were idle for 5 min, total idle time = 296 min

Student 154 arrived at 05:03 PM and started service at 05:03 PM in counter 2
Student 153 departed at 05:03 PM

Counters were idle for 1 min, total idle time = 297 min

Student 155 arrived at 05:04 PM and started service at 05:04 PM in counter 2
Student 154 departed at 05:06 PM

Counters were idle for 2 min, total idle time = 299 min

Student 156 arrived at 05:08 PM and started service at 05:08 PM in counter 2
Student 155 departed at 05:09 PM
Student 157 arrived at 05:09 PM and started service at 05:09 PM in counter 2

Counters were idle for 2 min, total idle time = 301 min

Student 157 departed at 05:12 PM
Student 158 arrived at 05:11 PM and started service at 05:12 PM in counter 2
Student 156 departed at 05:13 PM
Student 159 arrived at 05:12 PM and started service at 05:13 PM in counter 2
Student 158 departed at 05:15 PM

Counters were idle for 1 min, total idle time = 302 min

Student 160 arrived at 05:16 PM and started service at 05:16 PM in counter 2
Student 159 departed at 05:17 PM
Student 160 departed at 05:19 PM

Counters were idle for 6 min, total idle time = 308 min

Student 161 arrived at 05:25 PM and started service at 05:25 PM in counter 1
Student 161 departed at 05:27 PM

Counters were idle for 1 min, total idle time = 309 min

Student 162 arrived at 05:28 PM and started service at 05:28 PM in counter 1
Student 162 departed at 05:29 PM

Counters were idle for 2 min, total idle time = 311 min

Student 163 arrived at 05:31 PM and started service at 05:31 PM in counter 1
Student 164 arrived at 05:32 PM and started service at 05:32 PM in counter 2
Student 163 departed at 05:33 PM
Student 165 arrived at 05:33 PM and started service at 05:33 PM in counter 2
Student 164 departed at 05:35 PM
Student 165 departed at 05:38 PM

Counters were idle for 3 min, total idle time = 314 min

Student 166 arrived at 05:41 PM and started service at 05:41 PM in counter 1
Student 167 arrived at 05:42 PM and started service at 05:42 PM in counter 2
Student 166 departed at 05:45 PM
Student 167 departed at 05:45 PM
Student 168 arrived at 05:44 PM and started service at 05:45 PM in counter 1
Student 168 departed at 05:46 PM

Counters were idle for 6 min, total idle time = 320 min

Student 169 arrived at 05:52 PM and started service at 05:52 PM in counter 1
Student 169 departed at 05:53 PM

Counters were idle for 1 min, total idle time = 321 min

Student 170 arrived at 05:54 PM and started service at 05:54 PM in counter 1
Student 170 departed at 05:56 PM

Counters were idle for 3 min, total idle time = 324 min

Student 171 arrived at 05:59 PM and started service at 05:59 PM in counter 1
Student 171 departed at 06:01 PM

Counters were idle for 2 min, total idle time = 326 min

Student 172 arrived at 06:03 PM and started service at 06:03 PM in counter 1
Student 173 arrived at 06:05 PM and started service at 06:05 PM in counter 2
Student 172 departed at 06:05 PM

Counters were idle for 1 min, total idle time = 327 min

Student 174 arrived at 06:06 PM and started service at 06:06 PM in counter 2
Student 174 departed at 06:09 PM
Student 173 departed at 06:10 PM

Counters were idle for 6 min, total idle time = 333 min

Student 175 arrived at 06:16 PM and started service at 06:16 PM in counter 1
Student 176 arrived at 06:19 PM and started service at 06:19 PM in counter 2
Student 175 departed at 06:19 PM

Counters were idle for 3 min, total idle time = 336 min

Student 177 arrived at 06:22 PM and started service at 06:22 PM in counter 2
Student 176 departed at 06:24 PM
Student 177 departed at 06:24 PM

Counters were idle for 4 min, total idle time = 340 min

Student 178 arrived at 06:28 PM and started service at 06:28 PM in counter 1
Student 179 arrived at 06:33 PM and started service at 06:33 PM in counter 2
Student 178 departed at 06:33 PM
Student 179 departed at 06:38 PM

Counters were idle for 4 min, total idle time = 344 min

Student 180 arrived at 06:42 PM and started service at 06:42 PM in counter 1
Student 181 arrived at 06:43 PM and started service at 06:43 PM in counter 2
Student 180 departed at 06:43 PM
Student 181 departed at 06:47 PM

Counters were idle for 5 min, total idle time = 349 min

Student 182 arrived at 06:52 PM and started service at 06:52 PM in counter 1
Student 182 departed at 06:56 PM

Counters were idle for 20 min, total idle time = 369 min

Student 183 arrived at 07:16 PM and started service at 07:16 PM in counter 1
Student 183 departed at 07:18 PM

Counters were idle for 1 min, total idle time = 370 min

Student 184 arrived at 07:19 PM and started service at 07:19 PM in counter 1
Student 185 arrived at 07:20 PM and started service at 07:20 PM in counter 2
Student 184 departed at 07:20 PM

Counters were idle for 5 min, total idle time = 375 min

Student 186 arrived at 07:25 PM and started service at 07:25 PM in counter 2
Student 185 departed at 07:25 PM
Student 186 departed at 07:27 PM

Counters were idle for 1 min, total idle time = 376 min

Student 187 arrived at 07:28 PM and started service at 07:28 PM in counter 1
Student 188 arrived at 07:30 PM and started service at 07:30 PM in counter 2
Student 187 departed at 07:31 PM
Student 188 departed at 07:34 PM

Counters were idle for 1 min, total idle time = 377 min

Student 189 arrived at 07:35 PM and started service at 07:35 PM in counter 1
Student 189 departed at 07:40 PM

Counters were idle for 3 min, total idle time = 380 min

Student 190 arrived at 07:43 PM and started service at 07:43 PM in counter 1
Student 190 departed at 07:48 PM

Counters were idle for 7 min, total idle time = 387 min

Student 191 arrived at 07:55 PM and started service at 07:55 PM in counter 1
Student 191 departed at 07:57 PM

Counters were idle for 7 min, total idle time = 394 min

Student 192 arrived at 08:04 PM and started service at 08:04 PM in counter 1
Student 193 arrived at 08:07 PM and started service at 08:07 PM in counter 2
Student 192 departed at 08:07 PM
Student 193 departed at 08:11 PM

Counters were idle for 1 min, total idle time = 395 min

Student 194 arrived at 08:12 PM and started service at 08:12 PM in counter 1
Student 194 departed at 08:17 PM

Counters were idle for 1 min, total idle time = 396 min

Student 195 arrived at 08:18 PM and started service at 08:18 PM in counter 1
Student 196 arrived at 08:21 PM and started service at 08:21 PM in counter 2
Student 195 departed at 08:23 PM
Student 197 arrived at 08:22 PM and started service at 08:23 PM in counter 2
Student 196 departed at 08:25 PM
Student 197 departed at 08:26 PM

Counters were idle for 24 min, total idle time = 420 min

Student 198 arrived at 08:50 PM and started service at 08:50 PM in counter 1
Student 198 departed at 08:54 PM

Counters were idle for 6 min, total idle time = 426 min

Student 199 arrived at 09:00 PM and started service at 09:00 PM in counter 1
Student 199 departed at 09:02 PM

Counters were idle for 9 min, total idle time = 435 min

Student 200 arrived at 09:11 PM and started service at 09:11 PM in counter 1
Student 200 departed at 09:12 PM

Counters were idle for 11 min, total idle time = 446 min

Student 201 arrived at 09:23 PM and started service at 09:23 PM in counter 1
Student 201 departed at 09:24 PM

Counters were idle for 3 min, total idle time = 449 min

Student 202 arrived at 09:27 PM and started service at 09:27 PM in counter 1
Student 202 departed at 09:30 PM

Counters were idle for 2 min, total idle time = 451 min

Student 203 arrived at 09:32 PM and started service at 09:32 PM in counter 1
Student 203 departed at 09:36 PM
