Student 1 arrived at 08:00 AM and started service at 08:00 AM in counter 1
Student 1 departed at 08:01 AM

Counters were idle for 4 min, total idle time = 4 min

Student 2 arrived at 08:05 AM and started service at 08:05 AM in counter 1
Student 2 departed at 08:09 AM

Counters were idle for 2 min, total idle time = 6 min

Student 3 arrived at 08:11 AM and started service at 08:11 AM in counter 1
Student 3 departed at 08:15 AM

Counters were idle for 7 min, total idle time = 13 min

Student 4 arrived at 08:22 AM and started service at 08:22 AM in counter 1
Student 4 departed at 08:27 AM

Counters were idle for 1 min, total idle time = 14 min

Student 5 arrived at 08:28 AM and started service at 08:28 AM in counter 1
Student 5 departed at 08:29 AM

Counters were idle for 2 min, total idle time = 16 min

Student 6 arrived at 08:31 AM and started service at 08:31 AM in counter 1
Student 6 departed at 08:34 AM

Counters were idle for 16 min, total idle time = 32 min

Student 7 arrived at 08:50 AM and started service at 08:50 AM in counter 1
Student 7 departed at 08:51 AM

Counters were idle for 3 min, total idle time = 35 min

Student 8 arrived at 08:54 AM and started service at 08:54 AM in counter 1
Student 8 departed at 08:56 AM

Counters were idle for 1 min, total idle time = 36 min

Student 9 arrived at 08:57 AM and started service at 08:57 AM in counter 1
Student 10 arrived at 08:58 AM and started service at 08:58 AM in counter 2
Student 9 departed at 08:59 AM
Student 10 departed at 08:59 AM

Counters were idle for 5 min, total idle time = 41 min

Student 11 arrived at 09:04 AM and started service at 09:04 AM in counter 1
Student 11 departed at 09:05 AM

Counters were idle for 10 min, total idle time = 51 min

Student 12 arrived at 09:15 AM and started service at 09:15 AM in counter 1
Student 12 departed at 09:16 AM

Counters were idle for 21 min, total idle time = 72 min

Student 13 arrived at 09:37 AM and started service at 09:37 AM in counter 1
Student 13 departed at 09:41 AM

Counters were idle for 6 min, total idle time = 78 min

Student 14 arrived at 09:47 AM and started service at 09:47 AM in counter 1
Student 14 departed at 09:48 AM

Counters were idle for 6 min, total idle time = 84 min

Student 15 arrived at 09:54 AM and started service at 09:54 AM in counter 1
Student 15 departed at 09:56 AM

Counters were idle for 3 min, total idle time = 87 min

Student 16 arrived at 09:59 AM and started service at 09:59 AM in counter 1
Student 16 departed at 10:02 AM

Counters were idle for 14 min, total idle time = 101 min

Student 17 arrived at 10:16 AM and started service at 10:16 AM in counter 1
Student 18 arrived at 10:18 AM and started service at 10:18 AM in counter 2
Student 17 departed at 10:20 AM
Student 19 arrived at 10:19 AM and started service at 10:20 AM in counter 2
Student 18 departed at 10:21 AM

Counters were idle for 1 min, total idle time = 102 min

Student 20 arrived at 10:22 AM and started service at 10:22 AM in counter 2
Student 19 departed at 10:23 AM
Student 21 arrived at 10:23 AM and started service at 10:23 AM in counter 2
Student 21 departed at 10:24 AM

Counters were idle for 3 min, total idle time = 105 min

Student 20 departed at 10:27 AM
Student 22 arrived at 10:27 AM and started service at 10:27 AM in counter 1

Counters were idle for 4 min, total idle time = 109 min

Student 23 arrived at 10:31 AM and started service at 10:31 AM in counter 2
Student 22 departed at 10:32 AM
Student 23 departed at 10:34 AM

Counters were idle for 1 min, total idle time = 110 min

Student 24 arrived at 10:35 AM and started service at 10:35 AM in counter 1
Student 24 departed at 10:37 AM

Counters were idle for 2 min, total idle time = 112 min

Student 25 arrived at 10:39 AM and started service at 10:39 AM in counter 1
Student 25 departed at 10:41 AM

Counters were idle for 2 min, total idle time = 114 min

Student 26 arrived at 10:43 AM and started service at 10:43 AM in counter 1
Student 26 departed at 10:47 AM

Counters were idle for 8 min, total idle time = 122 min

Student 27 arrived at 10:55 AM and started service at 10:55 AM in counter 1
Student 28 arrived at 10:56 AM and started service at 10:56 AM in counter 2
Student 27 departed at 10:59 AM
Student 28 departed at 11:00 AM

Counters were idle for 1 min, total idle time = 123 min

Student 29 arrived at 11:01 AM and started service at 11:01 AM in counter 1
Student 30 arrived at 11:03 AM and started service at 11:03 AM in counter 2
Student 29 departed at 11:03 AM

Counters were idle for 1 min, total idle time = 124 min

Student 31 arrived at 11:04 AM and started service at 11:04 AM in counter 2
Student 30 departed at 11:07 AM
Student 31 departed at 11:09 AM

Counters were idle for 10 min, total idle time = 134 min

Student 32 arrived at 11:19 AM and started service at 11:19 AM in counter 1
Student 33 arrived at 11:23 AM and started service at 11:23 AM in counter 2
Student 32 departed at 11:24 AM
Student 34 arrived at 11:24 AM and started service at 11:24 AM in counter 2

Counters were idle for 3 min, total idle time = 137 min

Student 33 departed at 11:28 AM
Student 35 arrived at 11:27 AM and started service at 11:28 AM in counter 2

Counters were idle for 1 min, total idle time = 138 min

Student 34 departed at 11:29 AM
Student 35 departed at 11:29 AM
Student 36 arrived at 11:28 AM and started service at 11:29 AM in counter 2
Student 37 arrived at 11:29 AM and started service at 11:29 AM in counter 2

Counters were idle for 1 min, total idle time = 139 min

Student 36 departed at 11:31 AM
Student 38 arrived at 11:30 AM and started service at 11:31 AM in counter 2

Counters were idle for 1 min, total idle time = 140 min

Student 38 departed at 11:32 AM
Student 39 arrived at 11:32 AM and started service at 11:32 AM in counter 2
Student 37 departed at 11:33 AM

Counters were idle for 3 min, total idle time = 143 min

Student 40 arrived at 11:36 AM and started service at 11:36 AM in counter 2
Student 39 departed at 11:37 AM
Student 41 arrived at 11:37 AM and started service at 11:37 AM in counter 2
Student 41 departed at 11:38 AM

Counters were idle for 2 min, total idle time = 145 min

Student 40 departed at 11:40 AM
Student 42 arrived at 11:40 AM and started service at 11:40 AM in counter 1
Student 42 departed at 11:42 AM

Counters were idle for 2 min, total idle time = 147 min

Student 43 arrived at 11:44 AM and started service at 11:44 AM in counter 1
Student 44 arrived at 11:45 AM and started service at 11:45 AM in counter 2
Student 43 departed at 11:47 AM
Student 45 arrived at 11:47 AM and started service at 11:47 AM in counter 2
Student 44 departed at 11:48 AM

Counters were idle for 1 min, total idle time = 148 min

Student 46 arrived at 11:49 AM and started service at 11:49 AM in counter 2
Student 45 departed at 11:51 AM
Student 47 arrived at 11:50 AM and started service at 11:51 AM in counter 2
Student 46 departed at 11:52 AM
Student 47 departed at 11:55 AM

Counters were idle for 3 min, total idle time = 151 min

Student 48 arrived at 11:58 AM and started service at 11:58 AM in counter 1
Student 49 arrived at 11:59 AM and started service at 11:59 AM in counter 2
Student 48 departed at 12:02 PM
Student 49 departed at 12:02 PM

Counters were idle for 4 min, total idle time = 155 min

Student 50 arrived at 12:06 PM and started service at 12:06 PM in counter 1
Student 51 arrived at 12:08 PM and started service at 12:08 PM in counter 2
Student 50 departed at 12:08 PM

Counters were idle for 5 min, total idle time = 160 min

Student 52 arrived at 12:13 PM and started service at 12:13 PM in counter 2
Student 51 departed at 12:13 PM
Student 52 departed at 12:17 PM

Counters were idle for 1 min, total idle time = 161 min

Student 53 arrived at 12:18 PM and started service at 12:18 PM in counter 1
Student 54 arrived at 12:19 PM and started service at 12:19 PM in counter 2
Student 54 departed at 12:20 PM
Student 55 arrived at 12:20 PM and started service at 12:20 PM in counter 2
Student 53 departed at 12:21 PM

Counters were idle for 3 min, total idle time = 164 min

Student 56 arrived at 12:24 PM and started service at 12:24 PM in counter 2
Student 55 departed at 12:24 PM

Counters were idle for 1 min, total idle time = 165 min

Student 57 arrived at 12:25 PM and started service at 12:25 PM in counter 2
Student 57 departed at 12:26 PM
Student 58 arrived at 12:26 PM and started service at 12:26 PM in counter 2

Counters were idle for 1 min, total idle time = 166 min

Student 58 departed at 12:27 PM
Student 59 arrived at 12:27 PM and started service at 12:27 PM in counter 2
Student 56 departed at 12:28 PM

Counters were idle for 2 min, total idle time = 168 min

Student 60 arrived at 12:30 PM and started service at 12:30 PM in counter 2
Student 59 departed at 12:31 PM

Counters were idle for 2 min, total idle time = 170 min

Student 61 arrived at 12:33 PM and started service at 12:33 PM in counter 2
Student 60 departed at 12:34 PM
Student 61 departed at 12:34 PM

Counters were idle for 5 min, total idle time = 175 min

Student 62 arrived at 12:39 PM and started service at 12:39 PM in counter 1
Student 62 departed at 12:40 PM

Counters were idle for 2 min, total idle time = 177 min

Student 63 arrived at 12:42 PM and started service at 12:42 PM in counter 1
Student 63 departed at 12:43 PM

Counters were idle for 4 min, total idle time = 181 min

Student 64 arrived at 12:47 PM and started service at 12:47 PM in counter 1
Student 65 arrived at 12:48 PM and started service at 12:48 PM in counter 2
Student 65 departed at 12:49 PM

Counters were idle for 2 min, total idle time = 183 min

Student 66 arrived at 12:51 PM and started service at 12:51 PM in counter 2
Student 64 departed at 12:52 PM

Counters were idle for 3 min, total idle time = 186 min

Student 67 arrived at 12:55 PM and started service at 12:55 PM in counter 2
Student 66 departed at 12:55 PM

Counters were idle for 1 min, total idle time = 187 min

Student 68 arrived at 12:56 PM and started service at 12:56 PM in counter 2
Student 67 departed at 12:57 PM
Student 68 departed at 12:57 PM
Student 69 arrived at 12:57 PM and started service at 12:57 PM in counter 1

Counters were idle for 1 min, total idle time = 188 min

Student 70 arrived at 12:58 PM and started service at 12:58 PM in counter 2
Student 69 departed at 12:59 PM

Counters were idle for 1 min, total idle time = 189 min

Student 71 arrived at 01:00 PM and started service at 01:00 PM in counter 2
Student 70 departed at 01:00 PM

Counters were idle for 2 min, total idle time = 191 min

Student 72 arrived at 01:02 PM and started service at 01:02 PM in counter 2
Student 72 departed at 01:03 PM

Counters were idle for 1 min, total idle time = 192 min

Student 71 departed at 01:04 PM
Student 73 arrived at 01:04 PM and started service at 01:04 PM in counter 1

Counters were idle for 2 min, total idle time = 194 min

Student 74 arrived at 01:06 PM and started service at 01:06 PM in counter 2
Student 74 departed at 01:07 PM
Student 75 arrived at 01:07 PM and started service at 01:07 PM in counter 2

Counters were idle for 1 min, total idle time = 195 min

Student 73 departed at 01:08 PM
Student 76 arrived at 01:08 PM and started service at 01:08 PM in counter 2
Student 75 departed at 01:09 PM

Counters were idle for 1 min, total idle time = 196 min

Student 77 arrived at 01:10 PM and started service at 01:10 PM in counter 2
Student 76 departed at 01:12 PM
Student 77 departed at 01:12 PM
Student 78 arrived at 01:11 PM and started service at 01:12 PM in counter 1

Counters were idle for 1 min, total idle time = 197 min

Student 79 arrived at 01:13 PM and started service at 01:13 PM in counter 2
Student 79 departed at 01:14 PM
Student 78 departed at 01:17 PM

Counters were idle for 3 min, total idle time = 200 min

Student 80 arrived at 01:20 PM and started service at 01:20 PM in counter 1
Student 81 arrived at 01:22 PM and started service at 01:22 PM in counter 2
Student 80 departed at 01:24 PM
Student 82 arrived at 01:23 PM and started service at 01:24 PM in counter 2
Student 81 departed at 01:26 PM

Counters were idle for 2 min, total idle time = 202 min

Student 83 arrived at 01:28 PM and started service at 01:28 PM in counter 2
Student 82 departed at 01:28 PM

Counters were idle for 1 min, total idle time = 203 min

Student 84 arrived at 01:29 PM and started service at 01:29 PM in counter 2
Student 83 departed at 01:29 PM

Counters were idle for 1 min, total idle time = 204 min

Student 85 arrived at 01:30 PM and started service at 01:30 PM in counter 2
Student 84 departed at 01:33 PM

Counters were idle for 1 min, total idle time = 205 min

Student 86 arrived at 01:34 PM and started service at 01:34 PM in counter 2
Student 85 departed at 01:35 PM
Student 86 departed at 01:37 PM

Counters were idle for 1 min, total idle time = 206 min

Student 87 arrived at 01:38 PM and started service at 01:38 PM in counter 1
Student 88 arrived at 01:40 PM and started service at 01:40 PM in counter 2
Student 87 departed at 01:40 PM

Counters were idle for 1 min, total idle time = 207 min

Student 89 arrived at 01:41 PM and started service at 01:41 PM in counter 2
Student 88 departed at 01:44 PM

Counters were idle for 1 min, total idle time = 208 min

Student 90 arrived at 01:45 PM and started service at 01:45 PM in counter 2
Student 89 departed at 01:45 PM

Counters were idle for 1 min, total idle time = 209 min

Student 91 arrived at 01:46 PM and started service at 01:46 PM in counter 2
Student 90 departed at 01:47 PM
Student 91 departed at 01:50 PM

Counters were idle for 4 min, total idle time = 213 min

Student 92 arrived at 01:54 PM and started service at 01:54 PM in counter 1
Student 93 arrived at 01:55 PM and started service at 01:55 PM in counter 2
Student 92 departed at 01:57 PM
Student 93 departed at 01:57 PM

Counters were idle for 2 min, total idle time = 215 min

Student 94 arrived at 01:59 PM and started service at 01:59 PM in counter 1
Student 94 departed at 02:01 PM

Counters were idle for 2 min, total idle time = 217 min

Student 95 arrived at 02:03 PM and started service at 02:03 PM in counter 1
Student 96 arrived at 02:04 PM and started service at 02:04 PM in counter 2
Student 96 departed at 02:05 PM

Counters were idle for 1 min, total idle time = 218 min

Student 95 departed at 02:06 PM
Student 97 arrived at 02:06 PM and started service at 02:06 PM in counter 1

Counters were idle for 1 min, total idle time = 219 min

Student 98 arrived at 02:07 PM and started service at 02:07 PM in counter 2
Student 97 departed at 02:07 PM
Student 98 departed at 02:08 PM

Counters were idle for 3 min, total idle time = 222 min

Student 99 arrived at 02:11 PM and started service at 02:11 PM in counter 1
Student 99 departed at 02:13 PM

Counters were idle for 1 min, total idle time = 223 min

Student 100 arrived at 02:14 PM and started service at 02:14 PM in counter 1
Student 101 arrived at 02:18 PM and started service at 02:18 PM in counter 2
Student 100 departed at 02:18 PM
Student 101 departed at 02:19 PM

Counters were idle for 2 min, total idle time = 225 min

Student 102 arrived at 02:21 PM and started service at 02:21 PM in counter 1
Student 102 departed at 02:22 PM

Counters were idle for 3 min, total idle time = 228 min

Student 103 arrived at 02:25 PM and started service at 02:25 PM in counter 1
Student 103 departed at 02:30 PM

Counters were idle for 2 min, total idle time = 230 min

Student 104 arrived at 02:32 PM and started service at 02:32 PM in counter 1
Student 105 arrived at 02:34 PM and started service at 02:34 PM in counter 2
Student 104 departed at 02:34 PM
Student 105 departed at 02:36 PM

Counters were idle for 7 min, total idle time = 237 min

Student 106 arrived at 02:43 PM and started service at 02:43 PM in counter 1
Student 107 arrived at 02:45 PM and started service at 02:45 PM in counter 2
Student 106 departed at 02:46 PM
Student 108 arrived at 02:46 PM and started service at 02:46 PM in counter 2

Counters were idle for 3 min, total idle time = 240 min

Student 108 departed at 02:49 PM
Student 109 arrived at 02:49 PM and started service at 02:49 PM in counter 2
Student 107 departed at 02:50 PM
Student 109 departed at 02:53 PM

Counters were idle for 5 min, total idle time = 245 min

Student 110 arrived at 02:58 PM and started service at 02:58 PM in counter 1
Student 111 arrived at 02:59 PM and started service at 02:59 PM in counter 2
Student 110 departed at 03:00 PM
Student 112 arrived at 03:00 PM and started service at 03:00 PM in counter 2
Student 111 departed at 03:02 PM
Student 112 departed at 03:04 PM

Counters were idle for 6 min, total idle time = 251 min

Student 113 arrived at 03:10 PM and started service at 03:10 PM in counter 1
Student 114 arrived at 03:11 PM and started service at 03:11 PM in counter 2
Student 113 departed at 03:12 PM
Student 114 departed at 03:12 PM

Counters were idle for 2 min, total idle time = 253 min

Student 115 arrived at 03:14 PM and started service at 03:14 PM in counter 1
Student 116 arrived at 03:17 PM and started service at 03:17 PM in counter 2
Student 115 departed at 03:19 PM
Student 116 departed at 03:19 PM

Counters were idle for 4 min, total idle time = 257 min

Student 117 arrived at 03:23 PM and started service at 03:23 PM in counter 1
Student 117 departed at 03:24 PM

Counters were idle for 1 min, total idle time = 258 min

Student 118 arrived at 03:25 PM and started service at 03:25 PM in counter 1
Student 119 arrived at 03:26 PM and started service at 03:26 PM in counter 2
Student 118 departed at 03:26 PM

Counters were idle for 4 min, total idle time = 262 min

Student 120 arrived at 03:30 PM and started service at 03:30 PM in counter 2
Student 119 departed at 03:30 PM
Student 120 departed at 03:31 PM

Counters were idle for 5 min, total idle time = 267 min

Student 121 arrived at 03:36 PM and started service at 03:36 PM in counter 1
Student 122 arrived at 03:39 PM and started service at 03:39 PM in counter 2
Student 121 departed at 03:40 PM
Student 122 departed at 03:40 PM

Counters were idle for 1 min, total idle time = 268 min

Student 123 arrived at 03:41 PM and started service at 03:41 PM in counter 1
Student 123 departed at 03:44 PM

Counters were idle for 3 min, total idle time = 271 min

Student 124 arrived at 03:47 PM and started service at 03:47 PM in counter 1
Student 125 arrived at 03:48 PM and started service at 03:48 PM in counter 2
Student 124 departed at 03:52 PM
Student 125 departed at 03:52 PM
Student 126 arrived at 03:50 PM and started service at 03:52 PM in counter 2
Student 127 arrived at 03:51 PM and started service at 03:52 PM in counter 2
Student 126 departed at 03:55 PM
Student 127 departed at 03:57 PM

Counters were idle for 2 min, total idle time = 273 min

Student 128 arrived at 03:59 PM and started service at 03:59 PM in counter 1
Student 129 arrived at 04:00 PM and started service at 04:00 PM in counter 2
Student 129 departed at 04:03 PM

Counters were idle for 1 min, total idle time = 274 min

Student 128 departed at 04:04 PM
Student 130 arrived at 04:04 PM and started service at 04:04 PM in counter 1
Student 130 departed at 04:05 PM

Counters were idle for 1 min, total idle time = 275 min

Student 131 arrived at 04:06 PM and started service at 04:06 PM in counter 1
Student 131 departed at 04:07 PM

Counters were idle for 6 min, total idle time = 281 min

Student 132 arrived at 04:13 PM and started service at 04:13 PM in counter 1
Student 133 arrived at 04:15 PM and started service at 04:15 PM in counter 2
Student 132 departed at 04:17 PM
Student 133 departed at 04:20 PM

Counters were idle for 5 min, total idle time = 286 min

Student 134 arrived at 04:25 PM and started service at 04:25 PM in counter 1
Student 134 departed at 04:28 PM

Counters were idle for 3 min, total idle time = 289 min

Student 135 arrived at 04:31 PM and started service at 04:31 PM in counter 1
Student 136 arrived at 04:32 PM and started service at 04:32 PM in counter 2
Student 135 departed at 04:33 PM
Student 136 departed at 04:36 PM

Counters were idle for 2 min, total idle time = 291 min

Student 137 arrived at 04:38 PM and started service at 04:38 PM in counter 1
Student 137 departed at 04:41 PM

Counters were idle for 2 min, total idle time = 293 min

Student 138 arrived at 04:43 PM and started service at 04:43 PM in counter 1
Student 139 arrived at 04:44 PM and started service at 04:44 PM in counter 2
Student 138 departed at 04:46 PM

Counters were idle for 1 min, total idle time = 294 min

Student 140 arrived at 04:47 PM and started service at 04:47 PM in counter 2
Student 139 departed at 04:49 PM
Student 140 departed at 04:49 PM
Student 141 arrived at 04:48 PM and started service at 04:49 PM in counter 1
Student 141 departed at 04:50 PM

Counters were idle for 10 min, total idle time = 304 min

Student 142 arrived at 05:00 PM and started service at 05:00 PM in counter 1
Student 142 departed at 05:01 PM

Counters were idle for 3 min, total idle time = 307 min

Student 143 arrived at 05:04 PM and started service at 05:04 PM in counter 1
Student 144 arrived at 05:05 PM and started service at 05:05 PM in counter 2
Student 143 departed at 05:08 PM
Student 144 departed at 05:08 PM
Student 145 arrived at 05:07 PM and started service at 05:08 PM in counter 1
Student 145 departed at 05:10 PM

Counters were idle for 3 min, total idle time = 310 min

Student 146 arrived at 05:13 PM and started service at 05:13 PM in counter 1
Student 146 departed at 05:14 PM

Counters were idle for 3 min, total idle time = 313 min

Student 147 arrived at 05:17 PM and started service at 05:17 PM in counter 1
Student 147 departed at 05:18 PM

Counters were idle for 8 min, total idle time = 321 min

Student 148 arrived at 05:26 PM and started service at 05:26 PM in counter 1
Student 148 departed at 05:27 PM

Counters were idle for 5 min, total idle time = 326 min

Student 149 arrived at 05:32 PM and started service at 05:32 PM in counter 1
Student 150 arrived at 05:33 PM and started service at 05:33 PM in counter 2
Student 149 departed at 05:33 PM
Student 150 departed at 05:35 PM

Counters were idle for 3 min, total idle time = 329 min

Student 151 arrived at 05:38 PM and started service at 05:38 PM in counter 1
Student 151 departed at 05:40 PM

Counters were idle for 9 min, total idle time = 338 min

Student 152 arrived at 05:49 PM and started service at 05:49 PM in counter 1
Student 152 departed at 05:50 PM

Counters were idle for 1 min, total idle time = 339 min

Student 153 arrived at 05:51 PM and started service at 05:51 PM in counter 1
Student 153 departed at 05:52 PM

Counters were idle for 1 min, total idle time = 340 min

Student 154 arrived at 05:53 PM and started service at 05:53 PM in counter 1
Student 154 departed at 05:58 PM

Counters were idle for 2 min, total idle time = 342 min

Student 155 arrived at 06:00 PM and started service at 06:00 PM in counter 1
Student 155 departed at 06:02 PM

Counters were idle for 5 min, total idle time = 347 min

Student 156 arrived at 06:07 PM and started service at 06:07 PM in counter 1
Student 156 departed at 06:09 PM

Counters were idle for 10 min, total idle time = 357 min

Student 157 arrived at 06:19 PM and started service at 06:19 PM in counter 1
Student 157 departed at 06:21 PM

Counters were idle for 8 min, total idle time = 365 min

Student 158 arrived at 06:29 PM and started service at 06:29 PM in counter 1
Student 158 departed at 06:33 PM

Counters were idle for 9 min, total idle time = 374 min

Student 159 arrived at 06:42 PM and started service at 06:42 PM in counter 1
Student 159 departed at 06:44 PM

Counters were idle for 25 min, total idle time = 399 min

Student 160 arrived at 07:09 PM and started service at 07:09 PM in counter 1
Student 161 arrived at 07:10 PM and started service at 07:10 PM in counter 2
Student 160 departed at 07:10 PM

Counters were idle for 4 min, total idle time = 403 min

Student 162 arrived at 07:14 PM and started service at 07:14 PM in counter 2
Student 161 departed at 07:15 PM
Student 162 departed at 07:15 PM

Counters were idle for 10 min, total idle time = 413 min

Student 163 arrived at 07:25 PM and started service at 07:25 PM in counter 1
Student 163 departed at 07:28 PM

Counters were idle for 2 min, total idle time = 415 min

Student 164 arrived at 07:30 PM and started service at 07:30 PM in counter 1
Student 164 departed at 07:35 PM

Counters were idle for 20 min, total idle time = 435 min

Student 165 arrived at 07:55 PM and started service at 07:55 PM in counter 1
Student 165 departed at 07:56 PM

Counters were idle for 12 min, total idle time = 447 min

Student 166 arrived at 08:08 PM and started service at 08:08 PM in counter 1
Student 166 departed at 08:09 PM

Counters were idle for 4 min, total idle time = 451 min

Student 167 arrived at 08:13 PM and started service at 08:13 PM in counter 1
Student 167 departed at 08:17 PM

Counters were idle for 2 min, total idle time = 453 min

Student 168 arrived at 08:19 PM and started service at 08:19 PM in counter 1
Student 169 arrived at 08:24 PM and started service at 08:24 PM in counter 2
Student 168 departed at 08:24 PM

Counters were idle for 4 min, total idle time = 457 min

Student 170 arrived at 08:28 PM and started service at 08:28 PM in counter 2
Student 169 departed at 08:29 PM

Counters were idle for 2 min, total idle time = 459 min

Student 171 arrived at 08:31 PM and started service at 08:31 PM in counter 2
Student 170 departed at 08:32 PM
Student 171 departed at 08:34 PM

Counters were idle for 2 min, total idle time = 461 min

Student 172 arrived at 08:36 PM and started service at 08:36 PM in counter 1
Student 172 departed at 08:39 PM

Counters were idle for 11 min, total idle time = 472 min

Student 173 arrived at 08:50 PM and started service at 08:50 PM in counter 1
Student 173 departed at 08:54 PM

Counters were idle for 5 min, total idle time = 477 min

Student 174 arrived at 08:59 PM and started service at 08:59 PM in counter 1
Student 175 arrived at 09:01 PM and started service at 09:01 PM in counter 2
Student 174 departed at 09:02 PM
Student 175 departed at 09:02 PM

Counters were idle for 3 min, total idle time = 480 min

Student 176 arrived at 09:05 PM and started service at 09:05 PM in counter 1
Student 176 departed at 09:08 PM

Counters were idle for 9 min, total idle time = 489 min

Student 177 arrived at 09:17 PM and started service at 09:17 PM in counter 1
Student 177 departed at 09:21 PM

Counters were idle for 3 min, total idle time = 492 min

Student 178 arrived at 09:24 PM and started service at 09:24 PM in counter 1
Student 178 departed at 09:25 PM

Counters were idle for 21 min, total idle time = 513 min

Student 179 arrived at 09:46 PM and started service at 09:46 PM in counter 1
Student 180 arrived at 09:48 PM and started service at 09:48 PM in counter 2
Student 180 departed at 09:49 PM

Counters were idle for 1 min, total idle time = 514 min

Student 181 arrived at 09:50 PM and started service at 09:50 PM in counter 2
Student 179 departed at 09:51 PM
Student 181 departed at 09:54 PM

Counters were idle for 3 min, total idle time = 517 min

Student 182 arrived at 09:57 PM and started service at 09:57 PM in counter 1
Student 182 departed at 09:59 PM
