Student 1 arrived at 08:00 AM and started service at 08:00 AM in counter 1

Counters were idle for 2 min, total idle time = 2 min

Student 2 arrived at 08:02 AM and started service at 08:02 AM in counter 2
Student 1 departed at 08:04 AM
Student 3 arrived at 08:04 AM and started service at 08:04 AM in counter 2

Counters were idle for 3 min, total idle time = 5 min

Student 2 departed at 08:07 AM
Student 3 departed at 08:07 AM
Student 4 arrived at 08:07 AM and started service at 08:07 AM in counter 1

Counters were idle for 1 min, total idle time = 6 min

Student 5 arrived at 08:08 AM and started service at 08:08 AM in counter 2
Student 4 departed at 08:08 AM
Student 5 departed at 08:13 AM

Counters were idle for 9 min, total idle time = 15 min

Student 6 arrived at 08:22 AM and started service at 08:22 AM in counter 1
Student 7 arrived at 08:24 AM and started service at 08:24 AM in counter 2
Student 6 departed at 08:24 AM

Counters were idle for 2 min, total idle time = 17 min

Student 8 arrived at 08:26 AM and started service at 08:26 AM in counter 2
Student 7 departed at 08:28 AM

Counters were idle for 1 min, total idle time = 18 min

Student 9 arrived at 08:29 AM and started service at 08:29 AM in counter 2
Student 8 departed at 08:30 AM
Student 10 arrived at 08:30 AM and started service at 08:30 AM in counter 2
Student 9 departed at 08:32 AM
Student 10 departed at 08:34 AM

Counters were idle for 1 min, total idle time = 19 min

Student 11 arrived at 08:35 AM and started service at 08:35 AM in counter 1
Student 12 arrived at 08:37 AM and started service at 08:37 AM in counter 2
Student 11 departed at 08:37 AM
Student 12 departed at 08:42 AM

Counters were idle for 6 min, total idle time = 25 min

Student 13 arrived at 08:48 AM and started service at 08:48 AM in counter 1
Student 13 departed at 08:49 AM

Counters were idle for 14 min, total idle time = 39 min

Student 14 arrived at 09:03 AM and started service at 09:03 AM in counter 1
Student 14 departed at 09:07 AM

Counters were idle for 5 min, total idle time = 44 min

Student 15 arrived at 09:12 AM and started service at 09:12 AM in counter 1
Student 16 arrived at 09:14 AM and started service at 09:14 AM in counter 2
Student 16 departed at 09:15 AM
Student 17 arrived at 09:15 AM and started service at 09:15 AM in counter 2
Student 15 departed at 09:16 AM
Student 17 departed at 09:19 AM

Counters were idle for 4 min, total idle time = 48 min

Student 18 arrived at 09:23 AM and started service at 09:23 AM in counter 1
Student 18 departed at 09:27 AM

Counters were idle for 5 min, total idle time = 53 min

Student 19 arrived at 09:32 AM and started service at 09:32 AM in counter 1
Student 19 departed at 09:34 AM

Counters were idle for 16 min, total idle time = 69 min

Student 20 arrived at 09:50 AM and started service at 09:50 AM in counter 1
Student 21 arrived at 09:53 AM and started service at 09:53 AM in counter 2
Student 20 departed at 09:55 AM
Student 21 departed at 09:58 AM

Counters were idle for 4 min, total idle time = 73 min

Student 22 arrived at 10:02 AM and started service at 10:02 AM in counter 1
Student 22 departed at 10:06 AM

Counters were idle for 7 min, total idle time = 80 min

Student 23 arrived at 10:13 AM and started service at 10:13 AM in counter 1
Student 24 arrived at 10:16 AM and started service at 10:16 AM in counter 2
Student 23 departed at 10:18 AM
Student 24 departed at 10:19 AM

Counters were idle for 3 min, total idle time = 83 min

Student 25 arrived at 10:22 AM and started service at 10:22 AM in counter 1
Student 26 arrived at 10:23 AM and started service at 10:23 AM in counter 2
Student 25 departed at 10:23 AM
Student 26 departed at 10:27 AM

Counters were idle for 11 min, total idle time = 94 min

Student 27 arrived at 10:38 AM and started service at 10:38 AM in counter 1
Student 28 arrived at 10:40 AM and started service at 10:40 AM in counter 2
Student 27 departed at 10:42 AM
Student 29 arrived at 10:41 AM and started service at 10:42 AM in counter 2
Student 28 departed at 10:44 AM

Counters were idle for 1 min, total idle time = 95 min

Student 30 arrived at 10:45 AM and started service at 10:45 AM in counter 2
Student 29 departed at 10:46 AM

Counters were idle for 1 min, total idle time = 96 min

Student 31 arrived at 10:47 AM and started service at 10:47 AM in counter 2
Student 30 departed at 10:50 AM
Student 32 arrived at 10:48 AM and started service at 10:50 AM in counter 2

Counters were idle for 1 min, total idle time = 97 min

Student 31 departed at 10:52 AM
Student 33 arrived at 10:51 AM and started service at 10:52 AM in counter 2

Counters were idle for 1 min, total idle time = 98 min

Student 32 departed at 10:55 AM
Student 34 arrived at 10:53 AM and started service at 10:55 AM in counter 2

Counters were idle for 1 min, total idle time = 99 min

Student 33 departed at 10:56 AM
Student 35 arrived at 10:54 AM and started service at 10:56 AM in counter 2
Student 34 departed at 10:57 AM
Student 35 departed at 10:57 AM
Student 36 arrived at 10:56 AM and started service at 10:57 AM in counter 1

Counters were idle for 2 min, total idle time = 101 min

Student 37 arrived at 10:59 AM and started service at 10:59 AM in counter 2
Student 37 departed at 11:00 AM
Student 38 arrived at 11:00 AM and started service at 11:00 AM in counter 2
Student 36 departed at 11:01 AM

Counters were idle for 1 min, total idle time = 102 min

Student 39 arrived at 11:02 AM and started service at 11:02 AM in counter 2
Student 38 departed at 11:02 AM
Student 39 departed at 11:06 AM

Counters were idle for 2 min, total idle time = 104 min

Student 40 arrived at 11:08 AM and started service at 11:08 AM in counter 1
Student 41 arrived at 11:09 AM and started service at 11:09 AM in counter 2
Student 40 departed at 11:12 AM
Student 41 departed at 11:12 AM
Student 42 arrived at 11:10 AM and started service at 11:12 AM in counter 2
Student 43 arrived at 11:11 AM and started service at 11:12 AM in counter 2

Counters were idle for 2 min, total idle time = 106 min

Student 42 departed at 11:14 AM
Student 44 arrived at 11:14 AM and started service at 11:14 AM in counter 2
Student 43 departed at 11:15 AM
Student 44 departed at 11:15 AM

Counters were idle for 1 min, total idle time = 107 min

Student 45 arrived at 11:16 AM and started service at 11:16 AM in counter 1
Student 46 arrived at 11:18 AM and started service at 11:18 AM in counter 2
Student 45 departed at 11:18 AM
Student 46 departed at 11:23 AM

Counters were idle for 3 min, total idle time = 110 min

Student 47 arrived at 11:26 AM and started service at 11:26 AM in counter 1
Student 47 departed at 11:27 AM

Counters were idle for 3 min, total idle time = 113 min

Student 48 arrived at 11:30 AM and started service at 11:30 AM in counter 1
Student 49 arrived at 11:31 AM and started service at 11:31 AM in counter 2
Student 49 departed at 11:34 AM
Student 50 arrived at 11:32 AM and started service at 11:34 AM in counter 2
Student 48 departed at 11:35 AM

Counters were idle for 1 min, total idle time = 114 min

Student 51 arrived at 11:36 AM and started service at 11:36 AM in counter 2
Student 50 departed at 11:36 AM
Student 51 departed at 11:37 AM

Counters were idle for 1 min, total idle time = 115 min

Student 52 arrived at 11:38 AM and started service at 11:38 AM in counter 1
Student 52 departed at 11:39 AM

Counters were idle for 4 min, total idle time = 119 min

Student 53 arrived at 11:43 AM and started service at 11:43 AM in counter 1
Student 54 arrived at 11:44 AM and started service at 11:44 AM in counter 2
Student 53 departed at 11:45 AM
Student 55 arrived at 11:45 AM and started service at 11:45 AM in counter 2

Counters were idle for 2 min, total idle time = 121 min

Student 55 departed at 11:47 AM
Student 56 arrived at 11:47 AM and started service at 11:47 AM in counter 2

Counters were idle for 1 min, total idle time = 122 min

Student 54 departed at 11:48 AM
Student 57 arrived at 11:48 AM and started service at 11:48 AM in counter 2

Counters were idle for 1 min, total idle time = 123 min

Student 57 departed at 11:50 AM
Student 58 arrived at 11:49 AM and started service at 11:50 AM in counter 2
Student 56 departed at 11:52 AM
Student 58 departed at 11:53 AM

Counters were idle for 1 min, total idle time = 124 min

Student 59 arrived at 11:54 AM and started service at 11:54 AM in counter 1
Student 59 departed at 11:56 AM

Counters were idle for 14 min, total idle time = 138 min

Student 60 arrived at 12:10 PM and started service at 12:10 PM in counter 1
Student 61 arrived at 12:11 PM and started service at 12:11 PM in counter 2
Student 61 departed at 12:12 PM

Counters were idle for 3 min, total idle time = 141 min

Student 60 departed at 12:15 PM
Student 62 arrived at 12:15 PM and started service at 12:15 PM in counter 1

Counters were idle for 1 min, total idle time = 142 min

Student 63 arrived at 12:16 PM and started service at 12:16 PM in counter 2
Student 62 departed at 12:16 PM

Counters were idle for 1 min, total idle time = 143 min

Student 64 arrived at 12:17 PM and started service at 12:17 PM in counter 2
Student 63 departed at 12:17 PM

Counters were idle for 1 min, total idle time = 144 min

Student 65 arrived at 12:18 PM and started service at 12:18 PM in counter 2
Student 64 departed at 12:20 PM
Student 65 departed at 12:22 PM

Counters were idle for 5 min, total idle time = 149 min

Student 66 arrived at 12:27 PM and started service at 12:27 PM in counter 1
Student 67 arrived at 12:28 PM and started service at 12:28 PM in counter 2
Student 66 departed at 12:28 PM

Counters were idle for 1 min, total idle time = 150 min

Student 68 arrived at 12:29 PM and started service at 12:29 PM in counter 2
Student 68 departed at 12:30 PM
Student 69 arrived at 12:30 PM and started service at 12:30 PM in counter 2

Counters were idle for 1 min, total idle time = 151 min

Student 67 departed at 12:33 PM
Student 70 arrived at 12:31 PM and started service at 12:33 PM in counter 2

Counters were idle for 1 min, total idle time = 152 min

Student 69 departed at 12:34 PM
Student 71 arrived at 12:32 PM and started service at 12:34 PM in counter 2

Counters were idle for 1 min, total idle time = 153 min

Student 71 departed at 12:35 PM
Student 72 arrived at 12:34 PM and started service at 12:35 PM in counter 2
Student 70 departed at 12:36 PM
Student 73 arrived at 12:35 PM and started service at 12:36 PM in counter 2

Counters were idle for 1 min, total idle time = 154 min

Student 73 departed at 12:39 PM
Student 74 arrived at 12:37 PM and started service at 12:39 PM in counter 2

Counters were idle for 1 min, total idle time = 155 min

Student 72 departed at 12:40 PM
Student 74 departed at 12:40 PM
Student 75 arrived at 12:38 PM and started service at 12:40 PM in counter 2
Student 76 arrived at 12:40 PM and started service at 12:40 PM in counter 2

Counters were idle for 1 min, total idle time = 156 min

Student 75 departed at 12:41 PM
Student 76 departed at 12:41 PM
Student 77 arrived at 12:41 PM and started service at 12:41 PM in counter 1

Counters were idle for 1 min, total idle time = 157 min

Student 78 arrived at 12:42 PM and started service at 12:42 PM in counter 2
Student 77 departed at 12:44 PM

Counters were idle for 2 min, total idle time = 159 min

Student 79 arrived at 12:46 PM and started service at 12:46 PM in counter 2
Student 78 departed at 12:46 PM

Counters were idle for 2 min, total idle time = 161 min

Student 80 arrived at 12:48 PM and started service at 12:48 PM in counter 2
Student 79 departed at 12:49 PM
Student 81 arrived at 12:49 PM and started service at 12:49 PM in counter 2
Student 81 departed at 12:50 PM
Student 80 departed at 12:53 PM

Counters were idle for 1 min, total idle time = 162 min

Student 82 arrived at 12:54 PM and started service at 12:54 PM in counter 1
Student 83 arrived at 12:56 PM and started service at 12:56 PM in counter 2
Student 82 departed at 12:57 PM
Student 83 departed at 12:57 PM

Counters were idle for 1 min, total idle time = 163 min

Student 84 arrived at 12:58 PM and started service at 12:58 PM in counter 1
Student 84 departed at 12:59 PM

Counters were idle for 2 min, total idle time = 165 min

Student 85 arrived at 01:01 PM and started service at 01:01 PM in counter 1
Student 86 arrived at 01:03 PM and started service at 01:03 PM in counter 2
Student 85 departed at 01:05 PM
Student 87 arrived at 01:05 PM and started service at 01:05 PM in counter 2
Student 86 departed at 01:06 PM

Counters were idle for 1 min, total idle time = 166 min

Student 88 arrived at 01:07 PM and started service at 01:07 PM in counter 2
Student 88 departed at 01:09 PM
Student 89 arrived at 01:08 PM and started service at 01:09 PM in counter 2

Counters were idle for 1 min, total idle time = 167 min

Student 87 departed at 01:10 PM
Student 90 arrived at 01:09 PM and started service at 01:10 PM in counter 2
Student 89 departed at 01:11 PM
Student 91 arrived at 01:10 PM and started service at 01:11 PM in counter 2
Student 90 departed at 01:12 PM
Student 91 departed at 01:13 PM

Counters were idle for 5 min, total idle time = 172 min

Student 92 arrived at 01:18 PM and started service at 01:18 PM in counter 1
Student 93 arrived at 01:20 PM and started service at 01:20 PM in counter 2
Student 92 departed at 01:20 PM

Counters were idle for 3 min, total idle time = 175 min

Student 94 arrived at 01:23 PM and started service at 01:23 PM in counter 2
Student 93 departed at 01:25 PM

Counters were idle for 1 min, total idle time = 176 min

Student 95 arrived at 01:26 PM and started service at 01:26 PM in counter 2
Student 94 departed at 01:26 PM

Counters were idle for 3 min, total idle time = 179 min

Student 96 arrived at 01:29 PM and started service at 01:29 PM in counter 2
Student 96 departed at 01:30 PM

Counters were idle for 1 min, total idle time = 180 min

Student 95 departed at 01:31 PM
Student 97 arrived at 01:31 PM and started service at 01:31 PM in counter 1

Counters were idle for 1 min, total idle time = 181 min

Student 98 arrived at 01:32 PM and started service at 01:32 PM in counter 2
Student 97 departed at 01:33 PM
Student 99 arrived at 01:33 PM and started service at 01:33 PM in counter 2

Counters were idle for 2 min, total idle time = 183 min

Student 99 departed at 01:35 PM
Student 100 arrived at 01:35 PM and started service at 01:35 PM in counter 2

Counters were idle for 1 min, total idle time = 184 min

Student 98 departed at 01:36 PM
Student 101 arrived at 01:36 PM and started service at 01:36 PM in counter 2

Counters were idle for 1 min, total idle time = 185 min

Student 100 departed at 01:37 PM
Student 102 arrived at 01:37 PM and started service at 01:37 PM in counter 2
Student 102 departed at 01:39 PM
Student 101 departed at 01:40 PM

Counters were idle for 1 min, total idle time = 186 min

Student 103 arrived at 01:41 PM and started service at 01:41 PM in counter 1
Student 104 arrived at 01:42 PM and started service at 01:42 PM in counter 2
Student 103 departed at 01:44 PM

Counters were idle for 1 min, total idle time = 187 min

Student 105 arrived at 01:45 PM and started service at 01:45 PM in counter 2
Student 104 departed at 01:47 PM
Student 106 arrived at 01:46 PM and started service at 01:47 PM in counter 2

Counters were idle for 2 min, total idle time = 189 min

Student 105 departed at 01:50 PM
Student 107 arrived at 01:49 PM and started service at 01:50 PM in counter 2
Student 106 departed at 01:52 PM
Student 107 departed at 01:52 PM
Student 108 arrived at 01:50 PM and started service at 01:52 PM in counter 1

Counters were idle for 2 min, total idle time = 191 min

Student 109 arrived at 01:54 PM and started service at 01:54 PM in counter 2
Student 108 departed at 01:54 PM

Counters were idle for 2 min, total idle time = 193 min

Student 110 arrived at 01:56 PM and started service at 01:56 PM in counter 2
Student 109 departed at 01:57 PM
Student 111 arrived at 01:57 PM and started service at 01:57 PM in counter 2

Counters were idle for 1 min, total idle time = 194 min

Student 110 departed at 02:00 PM
Student 112 arrived at 01:58 PM and started service at 02:00 PM in counter 2
Student 111 departed at 02:01 PM
Student 113 arrived at 01:59 PM and started service at 02:01 PM in counter 2

Counters were idle for 1 min, total idle time = 195 min

Student 112 departed at 02:03 PM
Student 113 departed at 02:03 PM
Student 114 arrived at 02:02 PM and started service at 02:03 PM in counter 1

Counters were idle for 3 min, total idle time = 198 min

Student 115 arrived at 02:06 PM and started service at 02:06 PM in counter 2
Student 114 departed at 02:08 PM
Student 115 departed at 02:08 PM

Counters were idle for 2 min, total idle time = 200 min

Student 116 arrived at 02:10 PM and started service at 02:10 PM in counter 1
Student 116 departed at 02:11 PM

Counters were idle for 1 min, total idle time = 201 min

Student 117 arrived at 02:12 PM and started service at 02:12 PM in counter 1
Student 117 departed at 02:14 PM

Counters were idle for 1 min, total idle time = 202 min

Student 118 arrived at 02:15 PM and started service at 02:15 PM in counter 1
Student 119 arrived at 02:18 PM and started service at 02:18 PM in counter 2
Student 118 departed at 02:19 PM
Student 120 arrived at 02:19 PM and started service at 02:19 PM in counter 2
Student 119 departed at 02:21 PM

Counters were idle for 1 min, total idle time = 203 min

Student 121 arrived at 02:22 PM and started service at 02:22 PM in counter 2
Student 120 departed at 02:23 PM
Student 121 departed at 02:23 PM

Counters were idle for 7 min, total idle time = 210 min

Student 122 arrived at 02:30 PM and started service at 02:30 PM in counter 1
Student 123 arrived at 02:33 PM and started service at 02:33 PM in counter 2
Student 122 departed at 02:34 PM

Counters were idle for 1 min, total idle time = 211 min

Student 124 arrived at 02:35 PM and started service at 02:35 PM in counter 2
Student 123 departed at 02:35 PM

Counters were idle for 3 min, total idle time = 214 min

Student 125 arrived at 02:38 PM and started service at 02:38 PM in counter 2
Student 124 departed at 02:38 PM
Student 125 departed at 02:39 PM

Counters were idle for 2 min, total idle time = 216 min

Student 126 arrived at 02:41 PM and started service at 02:41 PM in counter 1
Student 127 arrived at 02:43 PM and started service at 02:43 PM in counter 2
Student 126 departed at 02:43 PM
Student 127 departed at 02:45 PM

Counters were idle for 6 min, total idle time = 222 min

Student 128 arrived at 02:51 PM and started service at 02:51 PM in counter 1
Student 128 departed at 02:56 PM

Counters were idle for 1 min, total idle time = 223 min

Student 129 arrived at 02:57 PM and started service at 02:57 PM in counter 1
Student 130 arrived at 02:58 PM and started service at 02:58 PM in counter 2
Student 129 departed at 02:59 PM
Student 131 arrived at 02:59 PM and started service at 02:59 PM in counter 2

Counters were idle for 1 min, total idle time = 224 min

Student 130 departed at 03:02 PM
Student 132 arrived at 03:00 PM and started service at 03:02 PM in counter 2
Student 131 departed at 03:03 PM
Student 133 arrived at 03:01 PM and started service at 03:03 PM in counter 2
Student 133 departed at 03:04 PM
Student 134 arrived at 03:02 PM and started service at 03:04 PM in counter 2
Student 132 departed at 03:06 PM
Student 134 departed at 03:07 PM

Counters were idle for 3 min, total idle time = 227 min

Student 135 arrived at 03:10 PM and started service at 03:10 PM in counter 1
Student 136 arrived at 03:12 PM and started service at 03:12 PM in counter 2
Student 135 departed at 03:12 PM
Student 136 departed at 03:13 PM

Counters were idle for 9 min, total idle time = 236 min

Student 137 arrived at 03:22 PM and started service at 03:22 PM in counter 1
Student 138 arrived at 03:24 PM and started service at 03:24 PM in counter 2
Student 137 departed at 03:25 PM

Counters were idle for 2 min, total idle time = 238 min

Student 139 arrived at 03:27 PM and started service at 03:27 PM in counter 2
Student 138 departed at 03:29 PM
Student 140 arrived at 03:28 PM and started service at 03:29 PM in counter 2
Student 139 departed at 03:30 PM

Counters were idle for 2 min, total idle time = 240 min

Student 141 arrived at 03:32 PM and started service at 03:32 PM in counter 2
Student 140 departed at 03:33 PM

Counters were idle for 2 min, total idle time = 242 min

Student 142 arrived at 03:35 PM and started service at 03:35 PM in counter 2
Student 141 departed at 03:36 PM
Student 143 arrived at 03:36 PM and started service at 03:36 PM in counter 2

Counters were idle for 1 min, total idle time = 243 min

Student 143 departed at 03:39 PM
Student 144 arrived at 03:37 PM and started service at 03:39 PM in counter 2
Student 142 departed at 03:40 PM
Student 144 departed at 03:44 PM

Counters were idle for 3 min, total idle time = 246 min

Student 145 arrived at 03:47 PM and started service at 03:47 PM in counter 1
Student 146 arrived at 03:50 PM and started service at 03:50 PM in counter 2
Student 145 departed at 03:52 PM
Student 147 arrived at 03:51 PM and started service at 03:52 PM in counter 2

Counters were idle for 1 min, total idle time = 247 min

Student 146 departed at 03:53 PM
Student 147 departed at 03:53 PM
Student 148 arrived at 03:53 PM and started service at 03:53 PM in counter 1

Counters were idle for 2 min, total idle time = 249 min

Student 149 arrived at 03:55 PM and started service at 03:55 PM in counter 2
Student 148 departed at 03:55 PM

Counters were idle for 2 min, total idle time = 251 min

Student 150 arrived at 03:57 PM and started service at 03:57 PM in counter 2
Student 149 departed at 03:57 PM
Student 150 departed at 03:58 PM

Counters were idle for 1 min, total idle time = 252 min

Student 151 arrived at 03:59 PM and started service at 03:59 PM in counter 1
Student 152 arrived at 04:00 PM and started service at 04:00 PM in counter 2
Student 151 departed at 04:03 PM

Counters were idle for 1 min, total idle time = 253 min

Student 153 arrived at 04:04 PM and started service at 04:04 PM in counter 2
Student 152 departed at 04:05 PM
Student 153 departed at 04:05 PM
Student 154 arrived at 04:05 PM and started service at 04:05 PM in counter 1
Student 154 departed at 04:10 PM

Counters were idle for 4 min, total idle time = 257 min

Student 155 arrived at 04:14 PM and started service at 04:14 PM in counter 1
Student 156 arrived at 04:15 PM and started service at 04:15 PM in counter 2
Student 155 departed at 04:15 PM
Student 156 departed at 04:20 PM

Counters were idle for 2 min, total idle time = 259 min

Student 157 arrived at 04:22 PM and started service at 04:22 PM in counter 1
Student 158 arrived at 04:23 PM and started service at 04:23 PM in counter 2
Student 157 departed at 04:24 PM

Counters were idle for 1 min, total idle time = 260 min

Student 159 arrived at 04:25 PM and started service at 04:25 PM in counter 2
Student 159 departed at 04:27 PM
Student 160 arrived at 04:26 PM and started service at 04:27 PM in counter 2
Student 158 departed at 04:28 PM
Student 160 departed at 04:29 PM

Counters were idle for 4 min, total idle time = 264 min

Student 161 arrived at 04:33 PM and started service at 04:33 PM in counter 1
Student 161 departed at 04:35 PM

Counters were idle for 10 min, total idle time = 274 min

Student 162 arrived at 04:45 PM and started service at 04:45 PM in counter 1
Student 162 departed at 04:46 PM

Counters were idle for 8 min, total idle time = 282 min

Student 163 arrived at 04:54 PM and started service at 04:54 PM in counter 1
Student 163 departed at 04:57 PM

Counters were idle for 1 min, total idle time = 283 min

Student 164 arrived at 04:58 PM and started service at 04:58 PM in counter 1
Student 165 arrived at 05:02 PM and started service at 05:02 PM in counter 2
Student 164 departed at 05:03 PM
Student 165 departed at 05:06 PM

Counters were idle for 1 min, total idle time = 284 min

Student 166 arrived at 05:07 PM and started service at 05:07 PM in counter 1
Student 167 arrived at 05:10 PM and started service at 05:10 PM in counter 2
Student 166 departed at 05:11 PM
Student 167 departed at 05:14 PM

Counters were idle for 5 min, total idle time = 289 min

Student 168 arrived at 05:19 PM and started service at 05:19 PM in counter 1
Student 168 departed at 05:21 PM

Counters were idle for 3 min, total idle time = 292 min

Student 169 arrived at 05:24 PM and started service at 05:24 PM in counter 1
Student 169 departed at 05:26 PM

Counters were idle for 1 min, total idle time = 293 min

Student 170 arrived at 05:27 PM and started service at 05:27 PM in counter 1
Student 170 departed at 05:32 PM

Counters were idle for 8 min, total idle time = 301 min

Student 171 arrived at 05:40 PM and started service at 05:40 PM in counter 1
Student 172 arrived at 05:41 PM and started service at 05:41 PM in counter 2
Student 171 departed at 05:45 PM
Student 172 departed at 05:45 PM

Counters were idle for 11 min, total idle time = 312 min

Student 173 arrived at 05:56 PM and started service at 05:56 PM in counter 1
Student 173 departed at 06:00 PM

Counters were idle for 2 min, total idle time = 314 min

Student 174 arrived at 06:02 PM and started service at 06:02 PM in counter 1
Student 174 departed at 06:05 PM

Counters were idle for 18 min, total idle time = 332 min

Student 175 arrived at 06:23 PM and started service at 06:23 PM in counter 1
Student 175 departed at 06:27 PM

Counters were idle for 27 min, total idle time = 359 min

Student 176 arrived at 06:54 PM and started service at 06:54 PM in counter 1
Student 176 departed at 06:58 PM

Counters were idle for 3 min, total idle time = 362 min

Student 177 arrived at 07:01 PM and started service at 07:01 PM in counter 1
Student 178 arrived at 07:02 PM and started service at 07:02 PM in counter 2
Student 178 departed at 07:04 PM
Student 179 arrived at 07:03 PM and started service at 07:04 PM in counter 2
Student 177 departed at 07:06 PM
Student 179 departed at 07:08 PM

Counters were idle for 8 min, total idle time = 370 min

Student 180 arrived at 07:16 PM and started service at 07:16 PM in counter 1
Student 180 departed at 07:17 PM

Counters were idle for 11 min, total idle time = 381 min

Student 181 arrived at 07:28 PM and started service at 07:28 PM in counter 1
Student 181 departed at 07:33 PM

Counters were idle for 8 min, total idle time = 389 min

Student 182 arrived at 07:41 PM and started service at 07:41 PM in counter 1
Student 183 arrived at 07:43 PM and started service at 07:43 PM in counter 2
Student 182 departed at 07:46 PM
Student 184 arrived at 07:44 PM and started service at 07:46 PM in counter 2
Student 183 departed at 07:47 PM

Counters were idle for 1 min, total idle time = 390 min

Student 185 arrived at 07:48 PM and started service at 07:48 PM in counter 2
Student 185 departed at 07:49 PM

Counters were idle for 1 min, total idle time = 391 min

Student 184 departed at 07:50 PM
Student 186 arrived at 07:50 PM and started service at 07:50 PM in counter 1

Counters were idle for 1 min, total idle time = 392 min

Student 187 arrived at 07:51 PM and started service at 07:51 PM in counter 2
Student 187 departed at 07:53 PM
Student 188 arrived at 07:52 PM and started service at 07:53 PM in counter 2
Student 186 departed at 07:54 PM

Counters were idle for 1 min, total idle time = 393 min

Student 189 arrived at 07:55 PM and started service at 07:55 PM in counter 2
Student 188 departed at 07:56 PM
Student 189 departed at 07:56 PM
Student 190 arrived at 07:56 PM and started service at 07:56 PM in counter 1

Counters were idle for 1 min, total idle time = 394 min

Student 191 arrived at 07:57 PM and started service at 07:57 PM in counter 2
Student 190 departed at 08:01 PM
Student 191 departed at 08:02 PM

Counters were idle for 25 min, total idle time = 419 min

Student 192 arrived at 08:27 PM and started service at 08:27 PM in counter 1
Student 193 arrived at 08:30 PM and started service at 08:30 PM in counter 2
Student 192 departed at 08:32 PM
Student 193 departed at 08:34 PM

Counters were idle for 2 min, total idle time = 421 min

Student 194 arrived at 08:36 PM and started service at 08:36 PM in counter 1
Student 194 departed at 08:39 PM

Counters were idle for 4 min, total idle time = 425 min

Student 195 arrived at 08:43 PM and started service at 08:43 PM in counter 1
Student 195 departed at 08:47 PM

Counters were idle for 17 min, total idle time = 442 min

Student 196 arrived at 09:04 PM and started service at 09:04 PM in counter 1
Student 196 departed at 09:05 PM

Counters were idle for 2 min, total idle time = 444 min

Student 197 arrived at 09:07 PM and started service at 09:07 PM in counter 1
Student 198 arrived at 09:08 PM and started service at 09:08 PM in counter 2
Student 197 departed at 09:08 PM
Student 198 departed at 09:12 PM

Counters were idle for 11 min, total idle time = 455 min

Student 199 arrived at 09:23 PM and started service at 09:23 PM in counter 1
Student 199 departed at 09:26 PM

Counters were idle for 14 min, total idle time = 469 min

Student 200 arrived at 09:40 PM and started service at 09:40 PM in counter 1
Student 200 departed at 09:45 PM

Counters were idle for 11 min, total idle time = 480 min

Student 201 arrived at 09:56 PM and started service at 09:56 PM in counter 1
Student 201 departed at 09:57 PM
