Student 1 arrived at 08:00 AM and started service at 08:00 AM in counter 1
Student 1 departed at 08:01 AM

Counters were idle for 6 min, total idle time = 6 min

Student 2 arrived at 08:07 AM and started service at 08:07 AM in counter 1
Student 3 arrived at 08:09 AM and started service at 08:09 AM in counter 2
Student 2 departed at 08:11 AM
Student 4 arrived at 08:11 AM and started service at 08:11 AM in counter 2

Counters were idle for 1 min, total idle time = 7 min

Student 3 departed at 08:14 AM
Student 5 arrived at 08:12 AM and started service at 08:14 AM in counter 2
Student 5 departed at 08:15 AM
Student 4 departed at 08:16 AM

Counters were idle for 3 min, total idle time = 10 min

Student 6 arrived at 08:19 AM and started service at 08:19 AM in counter 1
Student 6 departed at 08:23 AM

Counters were idle for 5 min, total idle time = 15 min

Student 7 arrived at 08:28 AM and started service at 08:28 AM in counter 1
Student 8 arrived at 08:30 AM and started service at 08:30 AM in counter 2
Student 7 departed at 08:32 AM
Student 8 departed at 08:35 AM

Counters were idle for 1 min, total idle time = 16 min

Student 9 arrived at 08:36 AM and started service at 08:36 AM in counter 1
Student 9 departed at 08:37 AM

Counters were idle for 2 min, total idle time = 18 min

Student 10 arrived at 08:39 AM and started service at 08:39 AM in counter 1
Student 10 departed at 08:41 AM

Counters were idle for 2 min, total idle time = 20 min

Student 11 arrived at 08:43 AM and started service at 08:43 AM in counter 1
Student 11 departed at 08:46 AM

Counters were idle for 7 min, total idle time = 27 min

Student 12 arrived at 08:53 AM and started service at 08:53 AM in counter 1
Student 12 departed at 08:54 AM

Counters were idle for 3 min, total idle time = 30 min

Student 13 arrived at 08:57 AM and started service at 08:57 AM in counter 1
Student 13 departed at 08:58 AM

Counters were idle for 2 min, total idle time = 32 min

Student 14 arrived at 09:00 AM and started service at 09:00 AM in counter 1
Student 14 departed at 09:02 AM

Counters were idle for 17 min, total idle time = 49 min

Student 15 arrived at 09:19 AM and started service at 09:19 AM in counter 1
Student 15 departed at 09:21 AM

Counters were idle for 2 min, total idle time = 51 min

Student 16 arrived at 09:23 AM and started service at 09:23 AM in counter 1
Student 16 departed at 09:25 AM

Counters were idle for 2 min, total idle time = 53 min

Student 17 arrived at 09:27 AM and started service at 09:27 AM in counter 1
Student 18 arrived at 09:28 AM and started service at 09:28 AM in counter 2
Student 17 departed at 09:31 AM
Student 18 departed at 09:31 AM

Counters were idle for 3 min, total idle time = 56 min

Student 19 arrived at 09:34 AM and started service at 09:34 AM in counter 1
Student 20 arrived at 09:35 AM and started service at 09:35 AM in counter 2
Student 19 departed at 09:36 AM
Student 21 arrived at 09:36 AM and started service at 09:36 AM in counter 2

Counters were idle for 2 min, total idle time = 58 min

Student 20 departed at 09:40 AM
Student 22 arrived at 09:38 AM and started service at 09:40 AM in counter 2
Student 21 departed at 09:41 AM

Counters were idle for 2 min, total idle time = 60 min

Student 23 arrived at 09:43 AM and started service at 09:43 AM in counter 2
Student 22 departed at 09:43 AM
Student 23 departed at 09:46 AM

Counters were idle for 1 min, total idle time = 61 min

Student 24 arrived at 09:47 AM and started service at 09:47 AM in counter 1
Student 24 departed at 09:52 AM

Counters were idle for 7 min, total idle time = 68 min

Student 25 arrived at 09:59 AM and started service at 09:59 AM in counter 1
Student 25 departed at 10:02 AM

Counters were idle for 4 min, total idle time = 72 min

Student 26 arrived at 10:06 AM and started service at 10:06 AM in counter 1
Student 26 departed at 10:07 AM

Counters were idle for 2 min, total idle time = 74 min

Student 27 arrived at 10:09 AM and started service at 10:09 AM in counter 1
Student 28 arrived at 10:10 AM and started service at 10:10 AM in counter 2
Student 27 departed at 10:12 AM
Student 28 departed at 10:13 AM

Counters were idle for 2 min, total idle time = 76 min

Student 29 arrived at 10:15 AM and started service at 10:15 AM in counter 1
Student 29 departed at 10:17 AM

Counters were idle for 4 min, total idle time = 80 min

Student 30 arrived at 10:21 AM and started service at 10:21 AM in counter 1
Student 31 arrived at 10:24 AM and started service at 10:24 AM in counter 2
Student 30 departed at 10:25 AM

Counters were idle for 3 min, total idle time = 83 min

Student 32 arrived at 10:28 AM and started service at 10:28 AM in counter 2
Student 31 departed at 10:29 AM
Student 32 departed at 10:31 AM

Counters were idle for 3 min, total idle time = 86 min

Student 33 arrived at 10:34 AM and started service at 10:34 AM in counter 1
Student 33 departed at 10:38 AM

Counters were idle for 13 min, total idle time = 99 min

Student 34 arrived at 10:51 AM and started service at 10:51 AM in counter 1
Student 34 departed at 10:54 AM

Counters were idle for 1 min, total idle time = 100 min

Student 35 arrived at 10:55 AM and started service at 10:55 AM in counter 1
Student 35 departed at 10:58 AM

Counters were idle for 7 min, total idle time = 107 min

Student 36 arrived at 11:05 AM and started service at 11:05 AM in counter 1
Student 36 departed at 11:06 AM

Counters were idle for 4 min, total idle time = 111 min

Student 37 arrived at 11:10 AM and started service at 11:10 AM in counter 1
Student 38 arrived at 11:11 AM and started service at 11:11 AM in counter 2
Student 37 departed at 11:13 AM
Student 39 arrived at 11:12 AM and started service at 11:13 AM in counter 2

Counters were idle for 1 min, total idle time = 112 min

Student 38 departed at 11:14 AM
Student 40 arrived at 11:14 AM and started service at 11:14 AM in counter 2

Counters were idle for 1 min, total idle time = 113 min

Student 40 departed at 11:16 AM
Student 41 arrived at 11:15 AM and started service at 11:16 AM in counter 2
Student 39 departed at 11:17 AM
Student 41 departed at 11:17 AM

Counters were idle for 1 min, total idle time = 114 min

Student 42 arrived at 11:18 AM and started service at 11:18 AM in counter 1
Student 43 arrived at 11:19 AM and started service at 11:19 AM in counter 2
Student 42 departed at 11:22 AM
Student 44 arrived at 11:20 AM and started service at 11:22 AM in counter 2

Counters were idle for 1 min, total idle time = 115 min

Student 43 departed at 11:23 AM
Student 45 arrived at 11:21 AM and started service at 11:23 AM in counter 2

Counters were idle for 1 min, total idle time = 116 min

Student 44 departed at 11:26 AM
Student 46 arrived at 11:22 AM and started service at 11:26 AM in counter 2

Counters were idle for 1 min, total idle time = 117 min

Student 45 departed at 11:28 AM
Student 47 arrived at 11:23 AM and started service at 11:28 AM in counter 2

Counters were idle for 2 min, total idle time = 119 min

Student 46 departed at 11:30 AM
Student 47 departed at 11:30 AM
Student 48 arrived at 11:24 AM and started service at 11:30 AM in counter 2
Student 49 arrived at 11:27 AM and started service at 11:30 AM in counter 2

Counters were idle for 1 min, total idle time = 120 min

Student 49 departed at 11:32 AM
Student 50 arrived at 11:30 AM and started service at 11:32 AM in counter 2

Counters were idle for 2 min, total idle time = 122 min

Student 48 departed at 11:34 AM
Student 51 arrived at 11:31 AM and started service at 11:34 AM in counter 2
Student 50 departed at 11:36 AM
Student 51 departed at 11:36 AM
Student 52 arrived at 11:34 AM and started service at 11:36 AM in counter 1
Student 52 departed at 11:37 AM

Counters were idle for 1 min, total idle time = 123 min

Student 53 arrived at 11:38 AM and started service at 11:38 AM in counter 1
Student 53 departed at 11:40 AM

Counters were idle for 4 min, total idle time = 127 min

Student 54 arrived at 11:44 AM and started service at 11:44 AM in counter 1
Student 55 arrived at 11:46 AM and started service at 11:46 AM in counter 2
Student 54 departed at 11:49 AM
Student 55 departed at 11:50 AM

Counters were idle for 2 min, total idle time = 129 min

Student 56 arrived at 11:52 AM and started service at 11:52 AM in counter 1
Student 57 arrived at 11:53 AM and started service at 11:53 AM in counter 2
Student 56 departed at 11:53 AM

Counters were idle for 2 min, total idle time = 131 min

Student 58 arrived at 11:55 AM and started service at 11:55 AM in counter 2
Student 57 departed at 11:57 AM

Counters were idle for 1 min, total idle time = 132 min

Student 59 arrived at 11:58 AM and started service at 11:58 AM in counter 2
Student 58 departed at 11:58 AM

Counters were idle for 3 min, total idle time = 135 min

Student 60 arrived at 12:01 PM and started service at 12:01 PM in counter 2
Student 59 departed at 12:02 PM
Student 61 arrived at 12:02 PM and started service at 12:02 PM in counter 2

Counters were idle for 2 min, total idle time = 137 min

Student 60 departed at 12:04 PM
Student 62 arrived at 12:04 PM and started service at 12:04 PM in counter 2
Student 62 departed at 12:05 PM
Student 61 departed at 12:07 PM

Counters were idle for 1 min, total idle time = 138 min

Student 63 arrived at 12:08 PM and started service at 12:08 PM in counter 1
Student 63 departed at 12:09 PM

Counters were idle for 2 min, total idle time = 140 min

Student 64 arrived at 12:11 PM and started service at 12:11 PM in counter 1
Student 65 arrived at 12:12 PM and started service at 12:12 PM in counter 2
Student 64 departed at 12:13 PM
Student 66 arrived at 12:13 PM and started service at 12:13 PM in counter 2
Student 65 departed at 12:14 PM
Student 66 departed at 12:15 PM

Counters were idle for 5 min, total idle time = 145 min

Student 67 arrived at 12:20 PM and started service at 12:20 PM in counter 1
Student 68 arrived at 12:21 PM and started service at 12:21 PM in counter 2
Student 67 departed at 12:24 PM
Student 69 arrived at 12:22 PM and started service at 12:24 PM in counter 2
Student 68 departed at 12:26 PM
Student 70 arrived at 12:23 PM and started service at 12:26 PM in counter 2
Student 70 departed at 12:27 PM

Counters were idle for 2 min, total idle time = 147 min

Student 71 arrived at 12:29 PM and started service at 12:29 PM in counter 2
Student 69 departed at 12:29 PM

Counters were idle for 5 min, total idle time = 152 min

Student 72 arrived at 12:34 PM and started service at 12:34 PM in counter 2
Student 71 departed at 12:34 PM

Counters were idle for 2 min, total idle time = 154 min

Student 73 arrived at 12:36 PM and started service at 12:36 PM in counter 2
Student 72 departed at 12:37 PM
Student 74 arrived at 12:37 PM and started service at 12:37 PM in counter 2

Counters were idle for 1 min, total idle time = 155 min

Student 73 departed at 12:38 PM
Student 75 arrived at 12:38 PM and started service at 12:38 PM in counter 2

Counters were idle for 1 min, total idle time = 156 min

Student 75 departed at 12:41 PM
Student 76 arrived at 12:39 PM and started service at 12:41 PM in counter 2

Counters were idle for 1 min, total idle time = 157 min

Student 74 departed at 12:42 PM
Student 77 arrived at 12:41 PM and started service at 12:42 PM in counter 2
Student 77 departed at 12:43 PM
Student 78 arrived at 12:42 PM and started service at 12:43 PM in counter 2

Counters were idle for 3 min, total idle time = 160 min

Student 76 departed at 12:46 PM
Student 78 departed at 12:46 PM
Student 79 arrived at 12:46 PM and started service at 12:46 PM in counter 1
Student 79 departed at 12:49 PM

Counters were idle for 3 min, total idle time = 163 min

Student 80 arrived at 12:52 PM and started service at 12:52 PM in counter 1
Student 81 arrived at 12:56 PM and started service at 12:56 PM in counter 2
Student 80 departed at 12:56 PM

Counters were idle for 3 min, total idle time = 166 min

Student 82 arrived at 12:59 PM and started service at 12:59 PM in counter 2
Student 81 departed at 12:59 PM

Counters were idle for 1 min, total idle time = 167 min

Student 83 arrived at 01:00 PM and started service at 01:00 PM in counter 2
Student 83 departed at 01:03 PM
Student 82 departed at 01:04 PM

Counters were idle for 6 min, total idle time = 173 min

Student 84 arrived at 01:10 PM and started service at 01:10 PM in counter 1
Student 85 arrived at 01:13 PM and started service at 01:13 PM in counter 2
Student 84 departed at 01:15 PM
Student 85 departed at 01:15 PM

Counters were idle for 1 min, total idle time = 174 min

Student 86 arrived at 01:16 PM and started service at 01:16 PM in counter 1
Student 87 arrived at 01:19 PM and started service at 01:19 PM in counter 2
Student 86 departed at 01:21 PM
Student 88 arrived at 01:21 PM and started service at 01:21 PM in counter 2
Student 87 departed at 01:24 PM
Student 88 departed at 01:24 PM

Counters were idle for 3 min, total idle time = 177 min

Student 89 arrived at 01:27 PM and started service at 01:27 PM in counter 1
Student 89 departed at 01:30 PM

Counters were idle for 4 min, total idle time = 181 min

Student 90 arrived at 01:34 PM and started service at 01:34 PM in counter 1
Student 90 departed at 01:36 PM

Counters were idle for 6 min, total idle time = 187 min

Student 91 arrived at 01:42 PM and started service at 01:42 PM in counter 1
Student 91 departed at 01:43 PM

Counters were idle for 1 min, total idle time = 188 min

Student 92 arrived at 01:44 PM and started service at 01:44 PM in counter 1
Student 93 arrived at 01:45 PM and started service at 01:45 PM in counter 2
Student 92 departed at 01:47 PM
Student 94 arrived at 01:47 PM and started service at 01:47 PM in counter 2

Counters were idle for 1 min, total idle time = 189 min

Student 93 departed at 01:48 PM
Student 95 arrived at 01:48 PM and started service at 01:48 PM in counter 2

Counters were idle for 1 min, total idle time = 190 min

Student 95 departed at 01:49 PM
Student 96 arrived at 01:49 PM and started service at 01:49 PM in counter 2
Student 96 departed at 01:50 PM
Student 94 departed at 01:52 PM

Counters were idle for 1 min, total idle time = 191 min

Student 97 arrived at 01:53 PM and started service at 01:53 PM in counter 1
Student 98 arrived at 01:54 PM and started service at 01:54 PM in counter 2
Student 97 departed at 01:57 PM
Student 98 departed at 01:57 PM

Counters were idle for 2 min, total idle time = 193 min

Student 99 arrived at 01:59 PM and started service at 01:59 PM in counter 1
Student 100 arrived at 02:02 PM and started service at 02:02 PM in counter 2
Student 99 departed at 02:03 PM
Student 100 departed at 02:03 PM
Student 101 arrived at 02:03 PM and started service at 02:03 PM in counter 1
Student 101 departed at 02:07 PM

Counters were idle for 1 min, total idle time = 194 min

Student 102 arrived at 02:08 PM and started service at 02:08 PM in counter 1
Student 103 arrived at 02:09 PM and started service at 02:09 PM in counter 2
Student 102 departed at 02:12 PM
Student 103 departed at 02:12 PM
Student 104 arrived at 02:10 PM and started service at 02:12 PM in counter 2
Student 105 arrived at 02:12 PM and started service at 02:12 PM in counter 2
Student 104 departed at 02:13 PM

Counters were idle for 1 min, total idle time = 195 min

Student 106 arrived at 02:14 PM and started service at 02:14 PM in counter 2
Student 105 departed at 02:17 PM
Student 106 departed at 02:17 PM

Counters were idle for 5 min, total idle time = 200 min

Student 107 arrived at 02:22 PM and started service at 02:22 PM in counter 1
Student 108 arrived at 02:23 PM and started service at 02:23 PM in counter 2
Student 107 departed at 02:24 PM

Counters were idle for 1 min, total idle time = 201 min

Student 109 arrived at 02:25 PM and started service at 02:25 PM in counter 2
Student 108 departed at 02:25 PM

Counters were idle for 1 min, total idle time = 202 min

Student 110 arrived at 02:26 PM and started service at 02:26 PM in counter 2
Student 109 departed at 02:29 PM
Student 110 departed at 02:29 PM
Student 111 arrived at 02:28 PM and started service at 02:29 PM in counter 1

Counters were idle for 2 min, total idle time = 204 min

Student 112 arrived at 02:31 PM and started service at 02:31 PM in counter 2
Student 111 departed at 02:32 PM
Student 113 arrived at 02:32 PM and started service at 02:32 PM in counter 2

Counters were idle for 1 min, total idle time = 205 min

Student 112 departed at 02:33 PM
Student 114 arrived at 02:33 PM and started service at 02:33 PM in counter 2
Student 114 departed at 02:35 PM
Student 113 departed at 02:37 PM

Counters were idle for 2 min, total idle time = 207 min

Student 115 arrived at 02:39 PM and started service at 02:39 PM in counter 1
Student 116 arrived at 02:40 PM and started service at 02:40 PM in counter 2
Student 116 departed at 02:41 PM
Student 117 arrived at 02:41 PM and started service at 02:41 PM in counter 2

Counters were idle for 3 min, total idle time = 210 min

Student 115 departed at 02:44 PM
Student 118 arrived at 02:44 PM and started service at 02:44 PM in counter 2

Counters were idle for 2 min, total idle time = 212 min

Student 117 departed at 02:46 PM
Student 119 arrived at 02:46 PM and started service at 02:46 PM in counter 2

Counters were idle for 3 min, total idle time = 215 min

Student 118 departed at 02:49 PM
Student 119 departed at 02:49 PM
Student 120 arrived at 02:49 PM and started service at 02:49 PM in counter 1
Student 120 departed at 02:53 PM

Counters were idle for 1 min, total idle time = 216 min

Student 121 arrived at 02:54 PM and started service at 02:54 PM in counter 1
Student 121 departed at 02:55 PM

Counters were idle for 4 min, total idle time = 220 min

Student 122 arrived at 02:59 PM and started service at 02:59 PM in counter 1
Student 122 departed at 03:00 PM

Counters were idle for 2 min, total idle time = 222 min

Student 123 arrived at 03:02 PM and started service at 03:02 PM in counter 1
Student 124 arrived at 03:06 PM and started service at 03:06 PM in counter 2
Student 123 departed at 03:07 PM

Counters were idle for 1 min, total idle time = 223 min

Student 125 arrived at 03:08 PM and started service at 03:08 PM in counter 2
Student 124 departed at 03:09 PM

Counters were idle for 1 min, total idle time = 224 min

Student 126 arrived at 03:10 PM and started service at 03:10 PM in counter 2
Student 125 departed at 03:12 PM
Student 127 arrived at 03:11 PM and started service at 03:12 PM in counter 2
Student 126 departed at 03:14 PM

Counters were idle for 2 min, total idle time = 226 min

Student 128 arrived at 03:16 PM and started service at 03:16 PM in counter 2
Student 127 departed at 03:17 PM
Student 128 departed at 03:18 PM

Counters were idle for 4 min, total idle time = 230 min

Student 129 arrived at 03:22 PM and started service at 03:22 PM in counter 1
Student 130 arrived at 03:25 PM and started service at 03:25 PM in counter 2
Student 130 departed at 03:26 PM

Counters were idle for 1 min, total idle time = 231 min

Student 129 departed at 03:27 PM
Student 131 arrived at 03:27 PM and started service at 03:27 PM in counter 1

Counters were idle for 2 min, total idle time = 233 min

Student 132 arrived at 03:29 PM and started service at 03:29 PM in counter 2
Student 131 departed at 03:30 PM

Counters were idle for 1 min, total idle time = 234 min

Student 133 arrived at 03:31 PM and started service at 03:31 PM in counter 2
Student 132 departed at 03:33 PM
Student 133 departed at 03:33 PM

Counters were idle for 1 min, total idle time = 235 min

Student 134 arrived at 03:34 PM and started service at 03:34 PM in counter 1
Student 134 departed at 03:35 PM

Counters were idle for 8 min, total idle time = 243 min

Student 135 arrived at 03:43 PM and started service at 03:43 PM in counter 1
Student 136 arrived at 03:44 PM and started service at 03:44 PM in counter 2
Student 135 departed at 03:44 PM

Counters were idle for 2 min, total idle time = 245 min

Student 137 arrived at 03:46 PM and started service at 03:46 PM in counter 2
Student 136 departed at 03:46 PM
Student 137 departed at 03:48 PM

Counters were idle for 1 min, total idle time = 246 min

Student 138 arrived at 03:49 PM and started service at 03:49 PM in counter 1
Student 139 arrived at 03:51 PM and started service at 03:51 PM in counter 2
Student 138 departed at 03:54 PM
Student 140 arrived at 03:54 PM and started service at 03:54 PM in counter 2
Student 139 departed at 03:55 PM

Counters were idle for 1 min, total idle time = 247 min

Student 141 arrived at 03:56 PM and started service at 03:56 PM in counter 2
Student 140 departed at 03:57 PM
Student 141 departed at 03:57 PM

Counters were idle for 2 min, total idle time = 249 min

Student 142 arrived at 03:59 PM and started service at 03:59 PM in counter 1
Student 142 departed at 04:02 PM

Counters were idle for 3 min, total idle time = 252 min

Student 143 arrived at 04:05 PM and started service at 04:05 PM in counter 1
Student 143 departed at 04:08 PM

Counters were idle for 1 min, total idle time = 253 min

Student 144 arrived at 04:09 PM and started service at 04:09 PM in counter 1
Student 144 departed at 04:11 PM

Counters were idle for 1 min, total idle time = 254 min

Student 145 arrived at 04:12 PM and started service at 04:12 PM in counter 1
Student 145 departed at 04:16 PM

Counters were idle for 2 min, total idle time = 256 min

Student 146 arrived at 04:18 PM and started service at 04:18 PM in counter 1
Student 147 arrived at 04:20 PM and started service at 04:20 PM in counter 2
Student 146 departed at 04:23 PM
Student 148 arrived at 04:21 PM and started service at 04:23 PM in counter 2
Student 147 departed at 04:24 PM
Student 148 departed at 04:24 PM

Counters were idle for 3 min, total idle time = 259 min

Student 149 arrived at 04:27 PM and started service at 04:27 PM in counter 1
Student 149 departed at 04:32 PM

Counters were idle for 14 min, total idle time = 273 min

Student 150 arrived at 04:46 PM and started service at 04:46 PM in counter 1
Student 150 departed at 04:47 PM

Counters were idle for 5 min, total idle time = 278 min

Student 151 arrived at 04:52 PM and started service at 04:52 PM in counter 1
Student 151 departed at 04:53 PM

Counters were idle for 12 min, total idle time = 290 min

Student 152 arrived at 05:05 PM and started service at 05:05 PM in counter 1
Student 153 arrived at 05:09 PM and started service at 05:09 PM in counter 2
Student 152 departed at 05:09 PM

Counters were idle for 2 min, total idle time = 292 min

Student 154 arrived at 05:11 PM and started service at 05:11 PM in counter 2
Student 153 departed at 05:12 PM

Counters were idle for 2 min, total idle time = 294 min

Student 155 arrived at 05:14 PM and started service at 05:14 PM in counter 2
Student 154 departed at 05:15 PM

Counters were idle for 2 min, total idle time = 296 min

Student 156 arrived at 05:17 PM and started service at 05:17 PM in counter 2
Student 155 departed at 05:17 PM
Student 156 departed at 05:18 PM

Counters were idle for 16 min, total idle time = 312 min

Student 157 arrived at 05:34 PM and started service at 05:34 PM in counter 1
Student 158 arrived at 05:37 PM and started service at 05:37 PM in counter 2
Student 157 departed at 05:38 PM

Counters were idle for 2 min, total idle time = 314 min

Student 159 arrived at 05:40 PM and started service at 05:40 PM in counter 2
Student 158 departed at 05:40 PM
Student 159 departed at 05:42 PM

Counters were idle for 7 min, total idle time = 321 min

Student 160 arrived at 05:49 PM and started service at 05:49 PM in counter 1
Student 160 departed at 05:50 PM

Counters were idle for 2 min, total idle time = 323 min

Student 161 arrived at 05:52 PM and started service at 05:52 PM in counter 1
Student 162 arrived at 05:55 PM and started service at 05:55 PM in counter 2
Student 162 departed at 05:56 PM
Student 161 departed at 05:57 PM

Counters were idle for 7 min, total idle time = 330 min

Student 163 arrived at 06:04 PM and started service at 06:04 PM in counter 1
Student 163 departed at 06:07 PM

Counters were idle for 3 min, total idle time = 333 min

Student 164 arrived at 06:10 PM and started service at 06:10 PM in counter 1
Student 164 departed at 06:11 PM

Counters were idle for 1 min, total idle time = 334 min

Student 165 arrived at 06:12 PM and started service at 06:12 PM in counter 1
Student 165 departed at 06:14 PM

Counters were idle for 7 min, total idle time = 341 min

Student 166 arrived at 06:21 PM and started service at 06:21 PM in counter 1
Student 167 arrived at 06:22 PM and started service at 06:22 PM in counter 2
Student 166 departed at 06:22 PM
Student 167 departed at 06:26 PM

Counters were idle for 1 min, total idle time = 342 min

Student 168 arrived at 06:27 PM and started service at 06:27 PM in counter 1
Student 169 arrived at 06:31 PM and started service at 06:31 PM in counter 2
Student 168 departed at 06:31 PM
Student 169 departed at 06:34 PM

Counters were idle for 3 min, total idle time = 345 min

Student 170 arrived at 06:37 PM and started service at 06:37 PM in counter 1
Student 170 departed at 06:38 PM

Counters were idle for 11 min, total idle time = 356 min

Student 171 arrived at 06:49 PM and started service at 06:49 PM in counter 1
Student 171 departed at 06:52 PM

Counters were idle for 11 min, total idle time = 367 min

Student 172 arrived at 07:03 PM and started service at 07:03 PM in counter 1
Student 172 departed at 07:08 PM

Counters were idle for 4 min, total idle time = 371 min

Student 173 arrived at 07:12 PM and started service at 07:12 PM in counter 1
Student 174 arrived at 07:13 PM and started service at 07:13 PM in counter 2
Student 173 departed at 07:16 PM
Student 174 departed at 07:17 PM

Counters were idle for 1 min, total idle time = 372 min

Student 175 arrived at 07:18 PM and started service at 07:18 PM in counter 1
Student 176 arrived at 07:19 PM and started service at 07:19 PM in counter 2
Student 175 departed at 07:23 PM
Student 176 departed at 07:24 PM

Counters were idle for 10 min, total idle time = 382 min

Student 177 arrived at 07:34 PM and started service at 07:34 PM in counter 1
Student 177 departed at 07:37 PM

Counters were idle for 1 min, total idle time = 383 min

Student 178 arrived at 07:38 PM and started service at 07:38 PM in counter 1
Student 178 departed at 07:42 PM

Counters were idle for 1 min, total idle time = 384 min

Student 179 arrived at 07:43 PM and started service at 07:43 PM in counter 1
Student 180 arrived at 07:44 PM and started service at 07:44 PM in counter 2
Student 179 departed at 07:45 PM
Student 181 arrived at 07:45 PM and started service at 07:45 PM in counter 2
Student 180 departed at 07:47 PM
Student 181 departed at 07:48 PM

Counters were idle for 1 min, total idle time = 385 min

Student 182 arrived at 07:49 PM and started service at 07:49 PM in counter 1
Student 183 arrived at 07:50 PM and started service at 07:50 PM in counter 2
Student 182 departed at 07:51 PM

Counters were idle for 2 min, total idle time = 387 min

Student 184 arrived at 07:53 PM and started service at 07:53 PM in counter 2
Student 183 departed at 07:55 PM

Counters were idle for 2 min, total idle time = 389 min

Student 185 arrived at 07:57 PM and started service at 07:57 PM in counter 2
Student 184 departed at 07:58 PM
Student 185 departed at 08:00 PM

Counters were idle for 1 min, total idle time = 390 min

Student 186 arrived at 08:01 PM and started service at 08:01 PM in counter 1
Student 186 departed at 08:03 PM

Counters were idle for 4 min, total idle time = 394 min

Student 187 arrived at 08:07 PM and started service at 08:07 PM in counter 1
Student 188 arrived at 08:08 PM and started service at 08:08 PM in counter 2
Student 187 departed at 08:08 PM
Student 188 departed at 08:10 PM

Counters were idle for 25 min, total idle time = 419 min

Student 189 arrived at 08:35 PM and started service at 08:35 PM in counter 1
Student 189 departed at 08:37 PM

Counters were idle for 12 min, total idle time = 431 min

Student 190 arrived at 08:49 PM and started service at 08:49 PM in counter 1
Student 190 departed at 08:53 PM

Counters were idle for 16 min, total idle time = 447 min

Student 191 arrived at 09:09 PM and started service at 09:09 PM in counter 1
Student 191 departed at 09:12 PM

Counters were idle for 1 min, total idle time = 448 min

Student 192 arrived at 09:13 PM and started service at 09:13 PM in counter 1
Student 193 arrived at 09:14 PM and started service at 09:14 PM in counter 2
Student 192 departed at 09:16 PM
Student 193 departed at 09:16 PM
Student 194 arrived at 09:16 PM and started service at 09:16 PM in counter 1
Student 194 departed at 09:20 PM

Counters were idle for 9 min, total idle time = 457 min

Student 195 arrived at 09:29 PM and started service at 09:29 PM in counter 1
Student 195 departed at 09:33 PM
